-- The C compiler identification is GNU 7.5.0
-- The CXX compiler identification is GNU 7.5.0
-- Check for working C compiler: /usr/bin/cc
-- Check for working C compiler: /usr/bin/cc -- works
-- Detecting C compiler ABI info
-- Detecting C compiler ABI info - done
-- Detecting C compile features
-- Detecting C compile features - done
-- Check for working CXX compiler: /usr/bin/c++
-- Check for working CXX compiler: /usr/bin/c++ -- works
-- Detecting CXX compiler ABI info
-- Detecting CXX compiler ABI info - done
-- Detecting CXX compile features
-- Detecting CXX compile features - done
-- Using CATKIN_DEVEL_PREFIX: /home/hypark/git/Autoware_On_Embedded/build/autoware_config_msgs/devel
-- Using CMAKE_PREFIX_PATH: /home/hypark/rubis_ws/devel;/home/hypark/autoware.ai/install/ymc;/home/hypark/autoware.ai/install/xsens_driver;/home/hypark/autoware.ai/install/wf_simulator;/home/hypark/autoware.ai/install/lattice_planner;/home/hypark/autoware.ai/install/waypoint_planner;/home/hypark/autoware.ai/install/waypoint_maker;/home/hypark/autoware.ai/install/way_planner;/home/hypark/autoware.ai/install/vlg22c_cam;/home/hypark/autoware.ai/install/vision_ssd_detect;/home/hypark/autoware.ai/install/vision_segment_enet_detect;/home/hypark/autoware.ai/install/vision_lane_detect;/home/hypark/autoware.ai/install/vision_darknet_detect;/home/hypark/autoware.ai/install/vision_beyond_track;/home/hypark/autoware.ai/install/vel_pose_diff_checker;/home/hypark/autoware.ai/install/vehicle_socket;/home/hypark/autoware.ai/install/vehicle_sim_model;/home/hypark/autoware.ai/install/vehicle_model;/home/hypark/autoware.ai/install/vehicle_gazebo_simulation_launcher;/home/hypark/autoware.ai/install/vehicle_gazebo_simulation_interface;/home/hypark/autoware.ai/install/vehicle_engage_panel;/home/hypark/autoware.ai/install/vehicle_description;/home/hypark/autoware.ai/install/trafficlight_recognizer;/home/hypark/autoware.ai/install/op_utilities;/home/hypark/autoware.ai/install/op_simulation_package;/home/hypark/autoware.ai/install/op_local_planner;/home/hypark/autoware.ai/install/op_global_planner;/home/hypark/autoware.ai/install/lidar_kf_contour_track;/home/hypark/autoware.ai/install/op_ros_helpers;/home/hypark/autoware.ai/install/ff_waypoint_follower;/home/hypark/autoware.ai/install/dp_planner;/home/hypark/autoware.ai/install/op_simu;/home/hypark/autoware.ai/install/op_planner;/home/hypark/autoware.ai/install/op_utility;/home/hypark/autoware.ai/install/lidar_euclidean_cluster_detect;/home/hypark/autoware.ai/install/vector_map_server;/home/hypark/autoware.ai/install/road_occupancy_processor;/home/hypark/autoware.ai/install/costmap_generator;/home/hypark/autoware.ai/install/object_map;/home/hypark/autoware.ai/install/naive_motion_predict;/home/hypark/autoware.ai/install/lanelet_aisan_converter;/home/hypark/autoware.ai/install/map_file;/home/hypark/autoware.ai/install/libvectormap;/home/hypark/autoware.ai/install/lane_planner;/home/hypark/autoware.ai/install/imm_ukf_pda_track;/home/hypark/autoware.ai/install/decision_maker;/home/hypark/autoware.ai/install/vector_map;/home/hypark/autoware.ai/install/vector_map_msgs;/home/hypark/autoware.ai/install/vectacam;/home/hypark/autoware.ai/install/udon_socket;/home/hypark/autoware.ai/install/twist_generator;/home/hypark/autoware.ai/install/twist_gate;/home/hypark/autoware.ai/install/twist_filter;/home/hypark/autoware.ai/install/twist2odom;/home/hypark/autoware.ai/install/tablet_socket;/home/hypark/autoware.ai/install/runtime_manager;/home/hypark/autoware.ai/install/mqtt_socket;/home/hypark/autoware.ai/install/tablet_socket_msgs;/home/hypark/autoware.ai/install/state_machine_lib;/home/hypark/autoware.ai/install/sound_player;/home/hypark/autoware.ai/install/sick_lms5xx;/home/hypark/autoware.ai/install/sick_ldmrs_tools;/home/hypark/autoware.ai/install/sick_ldmrs_driver;/home/hypark/autoware.ai/install/sick_ldmrs_msgs;/home/hypark/autoware.ai/install/sick_ldmrs_description;/home/hypark/autoware.ai/install/points2image;/home/hypark/autoware.ai/install/rosinterface;/home/hypark/autoware.ai/install/rosbag_controller;/home/hypark/autoware.ai/install/pure_pursuit;/home/hypark/autoware.ai/install/points_preprocessor;/home/hypark/autoware.ai/install/mpc_follower;/home/hypark/autoware.ai/install/lidar_localizer;/home/hypark/autoware.ai/install/emergency_handler;/home/hypark/autoware.ai/install/autoware_health_checker;/home/hypark/autoware.ai/install/as;/home/hypark/autoware.ai/install/ros_observer;/home/hypark/autoware.ai/install/roi_object_filter;/home/hypark/autoware.ai/install/range_vision_fusion;/home/hypark/autoware.ai/install/pos_db;/home/hypark/autoware.ai/install/points_downsampler;/home/hypark/autoware.ai/install/pixel_cloud_fusion;/home/hypark/autoware.ai/install/pcl_omp_registration;/home/hypark/autoware.ai/install/pc2_downsampler;/home/hypark/autoware.ai/install/oculus_socket;/home/hypark/autoware.ai/install/obj_db;/home/hypark/autoware.ai/install/nmea_navsat;/home/hypark/autoware.ai/install/ndt_tku;/home/hypark/autoware.ai/install/ndt_gpu;/home/hypark/autoware.ai/install/ndt_cpu;/home/hypark/autoware.ai/install/multi_vlp_driver;/home/hypark/autoware.ai/install/multi_vlp_converter;/home/hypark/autoware.ai/install/multi_vlp_combiner;/home/hypark/autoware.ai/install/multi_lidar_calibrator;/home/hypark/autoware.ai/install/mrt_cmake_modules;/home/hypark/autoware.ai/install/microstrain_driver;/home/hypark/autoware.ai/install/memsic_imu;/home/hypark/autoware.ai/install/marker_downsampler;/home/hypark/autoware.ai/install/map_tools;/home/hypark/autoware.ai/install/map_tf_generator;/home/hypark/autoware.ai/install/log_tools;/home/hypark/autoware.ai/install/lidar_shape_estimation;/home/hypark/autoware.ai/install/lidar_point_pillars;/home/hypark/autoware.ai/install/lidar_naive_l_shape_detect;/home/hypark/autoware.ai/install/lidar_fake_perception;/home/hypark/autoware.ai/install/lidar_apollo_cnn_seg_detect;/home/hypark/autoware.ai/install/libwaypoint_follower;/home/hypark/autoware.ai/install/lgsvl_simulator_bridge;/home/hypark/autoware.ai/install/lanelet2_extension;/home/hypark/autoware.ai/install/lanelet2_validation;/home/hypark/autoware.ai/install/lanelet2_examples;/home/hypark/autoware.ai/install/lanelet2_python;/home/hypark/autoware.ai/install/lanelet2_routing;/home/hypark/autoware.ai/install/lanelet2_traffic_rules;/home/hypark/autoware.ai/install/lanelet2_projection;/home/hypark/autoware.ai/install/lanelet2_maps;/home/hypark/autoware.ai/install/lanelet2_io;/home/hypark/autoware.ai/install/lanelet2_core;/home/hypark/autoware.ai/install/kvaser;/home/hypark/autoware.ai/install/kitti_launch;/home/hypark/autoware.ai/install/kitti_player;/home/hypark/autoware.ai/install/kitti_box_publisher;/home/hypark/autoware.ai/install/javad_navsat_driver;/home/hypark/autoware.ai/install/integrated_viewer;/home/hypark/autoware.ai/install/image_processor;/home/hypark/autoware.ai/install/hokuyo;/home/hypark/autoware.ai/install/graph_tools;/home/hypark/autoware.ai/install/gnss_localizer;/home/hypark/autoware.ai/install/gnss;/home/hypark/autoware.ai/install/glviewer;/home/hypark/autoware.ai/install/gazebo_world_description;/home/hypark/autoware.ai/install/gazebo_imu_description;/home/hypark/autoware.ai/install/gazebo_camera_description;/home/hypark/autoware.ai/install/garmin;/home/hypark/autoware.ai/install/freespace_planner;/home/hypark/autoware.ai/install/fastvirtualscan;/home/hypark/autoware.ai/install/ekf_localizer;/home/hypark/autoware.ai/install/ds4_msgs;/home/hypark/autoware.ai/install/ds4_driver;/home/hypark/autoware.ai/install/detected_objects_visualizer;/home/hypark/autoware.ai/install/decision_maker_panel;/home/hypark/autoware.ai/install/data_preprocessor;/home/hypark/autoware.ai/install/custom_msgs;/home/hypark/autoware.ai/install/carla_autoware_bridge;/home/hypark/autoware.ai/install/calibration_publisher;/home/hypark/autoware.ai/install/autoware_system_msgs;/home/hypark/autoware.ai/install/autoware_rviz_plugins;/home/hypark/autoware.ai/install/autoware_quickstart_examples;/home/hypark/autoware.ai/install/autoware_pointgrey_drivers;/home/hypark/autoware.ai/install/autoware_driveworks_interface;/home/hypark/autoware.ai/install/autoware_connector;/home/hypark/autoware.ai/install/autoware_camera_lidar_calibrator;/home/hypark/autoware.ai/install/astar_search;/home/hypark/autoware.ai/install/amathutils_lib;/home/hypark/autoware.ai/install/autoware_msgs;/home/hypark/autoware.ai/install/autoware_map_msgs;/home/hypark/autoware.ai/install/autoware_launcher_rviz;/home/hypark/autoware.ai/install/autoware_launcher;/home/hypark/autoware.ai/install/autoware_lanelet2_msgs;/home/hypark/autoware.ai/install/autoware_external_msgs;/home/hypark/autoware.ai/install/autoware_driveworks_gmsl_interface;/home/hypark/autoware.ai/install/autoware_config_msgs;/home/hypark/autoware.ai/install/autoware_can_msgs;/home/hypark/autoware.ai/install/autoware_build_flags;/home/hypark/autoware.ai/install/autoware_bag_tools;/home/hypark/autoware.ai/install/adi_driver;/opt/ros/melodic
-- This workspace overlays: /home/hypark/rubis_ws/devel;/home/hypark/autoware.ai/install/ymc;/home/hypark/autoware.ai/install/xsens_driver;/home/hypark/autoware.ai/install/wf_simulator;/home/hypark/autoware.ai/install/lattice_planner;/home/hypark/autoware.ai/install/waypoint_planner;/home/hypark/autoware.ai/install/waypoint_maker;/home/hypark/autoware.ai/install/way_planner;/home/hypark/autoware.ai/install/vlg22c_cam;/home/hypark/autoware.ai/install/vision_ssd_detect;/home/hypark/autoware.ai/install/vision_segment_enet_detect;/home/hypark/autoware.ai/install/vision_lane_detect;/home/hypark/autoware.ai/install/vision_darknet_detect;/home/hypark/autoware.ai/install/vision_beyond_track;/home/hypark/autoware.ai/install/vel_pose_diff_checker;/home/hypark/autoware.ai/install/vehicle_socket;/home/hypark/autoware.ai/install/vehicle_sim_model;/home/hypark/autoware.ai/install/vehicle_model;/home/hypark/autoware.ai/install/vehicle_gazebo_simulation_launcher;/home/hypark/autoware.ai/install/vehicle_gazebo_simulation_interface;/home/hypark/autoware.ai/install/vehicle_engage_panel;/home/hypark/autoware.ai/install/vehicle_description;/home/hypark/autoware.ai/install/trafficlight_recognizer;/home/hypark/autoware.ai/install/op_utilities;/home/hypark/autoware.ai/install/op_simulation_package;/home/hypark/autoware.ai/install/op_local_planner;/home/hypark/autoware.ai/install/op_global_planner;/home/hypark/autoware.ai/install/lidar_kf_contour_track;/home/hypark/autoware.ai/install/op_ros_helpers;/home/hypark/autoware.ai/install/ff_waypoint_follower;/home/hypark/autoware.ai/install/dp_planner;/home/hypark/autoware.ai/install/op_simu;/home/hypark/autoware.ai/install/op_planner;/home/hypark/autoware.ai/install/op_utility;/home/hypark/autoware.ai/install/lidar_euclidean_cluster_detect;/home/hypark/autoware.ai/install/vector_map_server;/home/hypark/autoware.ai/install/road_occupancy_processor;/home/hypark/autoware.ai/install/costmap_generator;/home/hypark/autoware.ai/install/object_map;/home/hypark/autoware.ai/install/naive_motion_predict;/home/hypark/autoware.ai/install/lanelet_aisan_converter;/home/hypark/autoware.ai/install/map_file;/home/hypark/autoware.ai/install/libvectormap;/home/hypark/autoware.ai/install/lane_planner;/home/hypark/autoware.ai/install/imm_ukf_pda_track;/home/hypark/autoware.ai/install/decision_maker;/home/hypark/autoware.ai/install/vector_map;/home/hypark/autoware.ai/install/vector_map_msgs;/home/hypark/autoware.ai/install/vectacam;/home/hypark/autoware.ai/install/udon_socket;/home/hypark/autoware.ai/install/twist_generator;/home/hypark/autoware.ai/install/twist_gate;/home/hypark/autoware.ai/install/twist_filter;/home/hypark/autoware.ai/install/twist2odom;/home/hypark/autoware.ai/install/tablet_socket;/home/hypark/autoware.ai/install/runtime_manager;/home/hypark/autoware.ai/install/mqtt_socket;/home/hypark/autoware.ai/install/tablet_socket_msgs;/home/hypark/autoware.ai/install/state_machine_lib;/home/hypark/autoware.ai/install/sound_player;/home/hypark/autoware.ai/install/sick_lms5xx;/home/hypark/autoware.ai/install/sick_ldmrs_tools;/home/hypark/autoware.ai/install/sick_ldmrs_driver;/home/hypark/autoware.ai/install/sick_ldmrs_msgs;/home/hypark/autoware.ai/install/sick_ldmrs_description;/home/hypark/autoware.ai/install/points2image;/home/hypark/autoware.ai/install/rosinterface;/home/hypark/autoware.ai/install/rosbag_controller;/home/hypark/autoware.ai/install/pure_pursuit;/home/hypark/autoware.ai/install/points_preprocessor;/home/hypark/autoware.ai/install/mpc_follower;/home/hypark/autoware.ai/install/lidar_localizer;/home/hypark/autoware.ai/install/emergency_handler;/home/hypark/autoware.ai/install/autoware_health_checker;/home/hypark/autoware.ai/install/as;/home/hypark/autoware.ai/install/ros_observer;/home/hypark/autoware.ai/install/roi_object_filter;/home/hypark/autoware.ai/install/range_vision_fusion;/home/hypark/autoware.ai/install/pos_db;/home/hypark/autoware.ai/install/points_downsampler;/home/hypark/autoware.ai/install/pixel_cloud_fusion;/home/hypark/autoware.ai/install/pcl_omp_registration;/home/hypark/autoware.ai/install/pc2_downsampler;/home/hypark/autoware.ai/install/oculus_socket;/home/hypark/autoware.ai/install/obj_db;/home/hypark/autoware.ai/install/nmea_navsat;/home/hypark/autoware.ai/install/ndt_tku;/home/hypark/autoware.ai/install/ndt_gpu;/home/hypark/autoware.ai/install/ndt_cpu;/home/hypark/autoware.ai/install/multi_vlp_driver;/home/hypark/autoware.ai/install/multi_vlp_converter;/home/hypark/autoware.ai/install/multi_vlp_combiner;/home/hypark/autoware.ai/install/multi_lidar_calibrator;/home/hypark/autoware.ai/install/mrt_cmake_modules;/home/hypark/autoware.ai/install/microstrain_driver;/home/hypark/autoware.ai/install/memsic_imu;/home/hypark/autoware.ai/install/marker_downsampler;/home/hypark/autoware.ai/install/map_tools;/home/hypark/autoware.ai/install/map_tf_generator;/home/hypark/autoware.ai/install/log_tools;/home/hypark/autoware.ai/install/lidar_shape_estimation;/home/hypark/autoware.ai/install/lidar_point_pillars;/home/hypark/autoware.ai/install/lidar_naive_l_shape_detect;/home/hypark/autoware.ai/install/lidar_fake_perception;/home/hypark/autoware.ai/install/lidar_apollo_cnn_seg_detect;/home/hypark/autoware.ai/install/libwaypoint_follower;/home/hypark/autoware.ai/install/lgsvl_simulator_bridge;/home/hypark/autoware.ai/install/lanelet2_extension;/home/hypark/autoware.ai/install/lanelet2_validation;/home/hypark/autoware.ai/install/lanelet2_examples;/home/hypark/autoware.ai/install/lanelet2_python;/home/hypark/autoware.ai/install/lanelet2_routing;/home/hypark/autoware.ai/install/lanelet2_traffic_rules;/home/hypark/autoware.ai/install/lanelet2_projection;/home/hypark/autoware.ai/install/lanelet2_maps;/home/hypark/autoware.ai/install/lanelet2_io;/home/hypark/autoware.ai/install/lanelet2_core;/home/hypark/autoware.ai/install/kvaser;/home/hypark/autoware.ai/install/kitti_launch;/home/hypark/autoware.ai/install/kitti_player;/home/hypark/autoware.ai/install/kitti_box_publisher;/home/hypark/autoware.ai/install/javad_navsat_driver;/home/hypark/autoware.ai/install/integrated_viewer;/home/hypark/autoware.ai/install/image_processor;/home/hypark/autoware.ai/install/hokuyo;/home/hypark/autoware.ai/install/graph_tools;/home/hypark/autoware.ai/install/gnss_localizer;/home/hypark/autoware.ai/install/gnss;/home/hypark/autoware.ai/install/glviewer;/home/hypark/autoware.ai/install/gazebo_world_description;/home/hypark/autoware.ai/install/gazebo_imu_description;/home/hypark/autoware.ai/install/gazebo_camera_description;/home/hypark/autoware.ai/install/garmin;/home/hypark/autoware.ai/install/freespace_planner;/home/hypark/autoware.ai/install/fastvirtualscan;/home/hypark/autoware.ai/install/ekf_localizer;/home/hypark/autoware.ai/install/ds4_msgs;/home/hypark/autoware.ai/install/ds4_driver;/home/hypark/autoware.ai/install/detected_objects_visualizer;/home/hypark/autoware.ai/install/decision_maker_panel;/home/hypark/autoware.ai/install/data_preprocessor;/home/hypark/autoware.ai/install/custom_msgs;/home/hypark/autoware.ai/install/carla_autoware_bridge;/home/hypark/autoware.ai/install/calibration_publisher;/home/hypark/autoware.ai/install/autoware_system_msgs;/home/hypark/autoware.ai/install/autoware_rviz_plugins;/home/hypark/autoware.ai/install/autoware_quickstart_examples;/home/hypark/autoware.ai/install/autoware_pointgrey_drivers;/home/hypark/autoware.ai/install/autoware_driveworks_interface;/home/hypark/autoware.ai/install/autoware_connector;/home/hypark/autoware.ai/install/autoware_camera_lidar_calibrator;/home/hypark/autoware.ai/install/astar_search;/home/hypark/autoware.ai/install/amathutils_lib;/home/hypark/autoware.ai/install/autoware_msgs;/home/hypark/autoware.ai/install/autoware_map_msgs;/home/hypark/autoware.ai/install/autoware_launcher_rviz;/home/hypark/autoware.ai/install/autoware_launcher;/home/hypark/autoware.ai/install/autoware_lanelet2_msgs;/home/hypark/autoware.ai/install/autoware_external_msgs;/home/hypark/autoware.ai/install/autoware_driveworks_gmsl_interface;/home/hypark/autoware.ai/install/autoware_config_msgs;/home/hypark/autoware.ai/install/autoware_can_msgs;/home/hypark/autoware.ai/install/autoware_build_flags;/home/hypark/autoware.ai/install/autoware_bag_tools;/home/hypark/autoware.ai/install/adi_driver;/opt/ros/melodic
-- Found PythonInterp: /usr/bin/python2 (found suitable version "2.7.17", minimum required is "2") 
-- Using PYTHON_EXECUTABLE: /usr/bin/python2
-- Using Debian Python package layout
-- Using empy: /usr/bin/empy
-- Using CATKIN_ENABLE_TESTING: ON
-- Call enable_testing()
-- Using CATKIN_TEST_RESULTS_DIR: /home/hypark/git/Autoware_On_Embedded/build/autoware_config_msgs/test_results
-- Found gtest sources under '/usr/src/googletest': gtests will be built
-- Found gmock sources under '/usr/src/googletest': gmock will be built
-- Found PythonInterp: /usr/bin/python2 (found version "2.7.17") 
-- Looking for pthread.h
-- Looking for pthread.h - found
-- Looking for pthread_create
-- Looking for pthread_create - not found
-- Looking for pthread_create in pthreads
-- Looking for pthread_create in pthreads - not found
-- Looking for pthread_create in pthread
-- Looking for pthread_create in pthread - found
-- Found Threads: TRUE  
-- Using Python nosetests: /usr/bin/nosetests-2.7
-- catkin 0.7.29
-- BUILD_SHARED_LIBS is on
-- Using these message generators: gencpp;geneus;genlisp;gennodejs;genpy
-- autoware_config_msgs: 31 messages, 0 services
-- Configuring done
-- Generating done
-- Build files have been written to: /home/hypark/git/Autoware_On_Embedded/build/autoware_config_msgs
[35m[1mScanning dependencies of target _autoware_config_msgs_generate_messages_check_deps_ConfigRayGroundFilter[0m
[35m[1mScanning dependencies of target _autoware_config_msgs_generate_messages_check_deps_ConfigVoxelGridFilter[0m
[35m[1mScanning dependencies of target _autoware_config_msgs_generate_messages_check_deps_ConfigSSD[0m
[35m[1mScanning dependencies of target _autoware_config_msgs_generate_messages_check_deps_ConfigLaneStop[0m
[35m[1mScanning dependencies of target _autoware_config_msgs_generate_messages_check_deps_ConfigCompareMapFilter[0m
[35m[1mScanning dependencies of target _autoware_config_msgs_generate_messages_check_deps_ConfigCarKF[0m
[35m[1mScanning dependencies of target _autoware_config_msgs_generate_messages_check_deps_ConfigRingGroundFilter[0m
[35m[1mScanning dependencies of target _autoware_config_msgs_generate_messages_check_deps_ConfigLatticeVelocitySet[0m
[35m[1mScanning dependencies of target _autoware_config_msgs_generate_messages_check_deps_ConfigApproximateNDTMapping[0m
[35m[1mScanning dependencies of target _autoware_config_msgs_generate_messages_check_deps_ConfigPedestrianDPM[0m
[35m[1mScanning dependencies of target _autoware_config_msgs_generate_messages_check_deps_ConfigLaneSelect[0m
[35m[1mScanning dependencies of target _autoware_config_msgs_generate_messages_check_deps_ConfigDistanceFilter[0m
[  0%] Built target _autoware_config_msgs_generate_messages_check_deps_ConfigCarKF
[  0%] Built target _autoware_config_msgs_generate_messages_check_deps_ConfigLaneStop
[  0%] Built target _autoware_config_msgs_generate_messages_check_deps_ConfigCompareMapFilter
[  0%] Built target _autoware_config_msgs_generate_messages_check_deps_ConfigRayGroundFilter
[  0%] Built target _autoware_config_msgs_generate_messages_check_deps_ConfigLatticeVelocitySet
[  0%] Built target _autoware_config_msgs_generate_messages_check_deps_ConfigSSD
[  0%] Built target _autoware_config_msgs_generate_messages_check_deps_ConfigVoxelGridFilter
[  0%] Built target _autoware_config_msgs_generate_messages_check_deps_ConfigApproximateNDTMapping
[35m[1mScanning dependencies of target _autoware_config_msgs_generate_messages_check_deps_ConfigNDTMapping[0m
[35m[1mScanning dependencies of target _autoware_config_msgs_generate_messages_check_deps_ConfigDecisionMaker[0m
[  0%] Built target _autoware_config_msgs_generate_messages_check_deps_ConfigLaneSelect
[  0%] Built target _autoware_config_msgs_generate_messages_check_deps_ConfigPedestrianDPM
[  0%] Built target _autoware_config_msgs_generate_messages_check_deps_ConfigRingGroundFilter
[35m[1mScanning dependencies of target _autoware_config_msgs_generate_messages_check_deps_ConfigNDT[0m
[35m[1mScanning dependencies of target _autoware_config_msgs_generate_messages_check_deps_ConfigRingFilter[0m
[35m[1mScanning dependencies of target _autoware_config_msgs_generate_messages_check_deps_ConfigCarDPM[0m
[  0%] Built target _autoware_config_msgs_generate_messages_check_deps_ConfigDistanceFilter
[35m[1mScanning dependencies of target _autoware_config_msgs_generate_messages_check_deps_ConfigTwistFilter[0m
[35m[1mScanning dependencies of target _autoware_config_msgs_generate_messages_check_deps_ConfigWaypointReplanner[0m
[35m[1mScanning dependencies of target std_msgs_generate_messages_py[0m
[35m[1mScanning dependencies of target _autoware_config_msgs_generate_messages_check_deps_ConfigCarFusion[0m
[35m[1mScanning dependencies of target _autoware_config_msgs_generate_messages_check_deps_ConfigPedestrianKF[0m
[35m[1mScanning dependencies of target _autoware_config_msgs_generate_messages_check_deps_ConfigPoints2Polygon[0m
[35m[1mScanning dependencies of target _autoware_config_msgs_generate_messages_check_deps_ConfigVelocitySet[0m
[  0%] Built target std_msgs_generate_messages_py
[  0%] Built target _autoware_config_msgs_generate_messages_check_deps_ConfigDecisionMaker
[  0%] Built target _autoware_config_msgs_generate_messages_check_deps_ConfigNDT
[  0%] Built target _autoware_config_msgs_generate_messages_check_deps_ConfigTwistFilter
[35m[1mScanning dependencies of target _autoware_config_msgs_generate_messages_check_deps_ConfigRandomFilter[0m
[  0%] Built target _autoware_config_msgs_generate_messages_check_deps_ConfigNDTMapping
[  0%] Built target _autoware_config_msgs_generate_messages_check_deps_ConfigRingFilter
[  0%] Built target _autoware_config_msgs_generate_messages_check_deps_ConfigCarDPM
[  0%] Built target _autoware_config_msgs_generate_messages_check_deps_ConfigWaypointReplanner
[35m[1mScanning dependencies of target _autoware_config_msgs_generate_messages_check_deps_ConfigPlannerSelector[0m
[35m[1mScanning dependencies of target _autoware_config_msgs_generate_messages_check_deps_ConfigWaypointFollower[0m
[  0%] Built target _autoware_config_msgs_generate_messages_check_deps_ConfigVelocitySet
[  0%] Built target _autoware_config_msgs_generate_messages_check_deps_ConfigPedestrianKF
[  0%] Built target _autoware_config_msgs_generate_messages_check_deps_ConfigPoints2Polygon
[  0%] Built target _autoware_config_msgs_generate_messages_check_deps_ConfigCarFusion
[35m[1mScanning dependencies of target _autoware_config_msgs_generate_messages_check_deps_ConfigLaneRule[0m
[35m[1mScanning dependencies of target _autoware_config_msgs_generate_messages_check_deps_ConfigNDTMappingOutput[0m
[35m[1mScanning dependencies of target _autoware_config_msgs_generate_messages_check_deps_ConfigPedestrianFusion[0m
[35m[1mScanning dependencies of target _autoware_config_msgs_generate_messages_check_deps_ConfigRcnn[0m
[35m[1mScanning dependencies of target _autoware_config_msgs_generate_messages_check_deps_ConfigICP[0m
[35m[1mScanning dependencies of target std_msgs_generate_messages_lisp[0m
[35m[1mScanning dependencies of target std_msgs_generate_messages_eus[0m
[35m[1mScanning dependencies of target std_msgs_generate_messages_nodejs[0m
[35m[1mScanning dependencies of target std_msgs_generate_messages_cpp[0m
[  0%] Built target _autoware_config_msgs_generate_messages_check_deps_ConfigRandomFilter
[  0%] Built target std_msgs_generate_messages_cpp
[  0%] Built target std_msgs_generate_messages_nodejs
[  0%] Built target std_msgs_generate_messages_lisp
[  0%] Built target _autoware_config_msgs_generate_messages_check_deps_ConfigPlannerSelector
[  0%] Built target std_msgs_generate_messages_eus
[  0%] Built target _autoware_config_msgs_generate_messages_check_deps_ConfigPedestrianFusion
[  0%] Built target _autoware_config_msgs_generate_messages_check_deps_ConfigWaypointFollower
[  0%] Built target _autoware_config_msgs_generate_messages_check_deps_ConfigNDTMappingOutput
[  0%] Built target _autoware_config_msgs_generate_messages_check_deps_ConfigLaneRule
[  0%] Built target _autoware_config_msgs_generate_messages_check_deps_ConfigRcnn
[  0%] Built target _autoware_config_msgs_generate_messages_check_deps_ConfigICP
[35m[1mScanning dependencies of target autoware_config_msgs_generate_messages_py[0m
[35m[1mScanning dependencies of target autoware_config_msgs_generate_messages_eus[0m
[35m[1mScanning dependencies of target autoware_config_msgs_generate_messages_lisp[0m
[35m[1mScanning dependencies of target autoware_config_msgs_generate_messages_cpp[0m
[35m[1mScanning dependencies of target autoware_config_msgs_generate_messages_nodejs[0m
[  1%] [34m[1mGenerating EusLisp code from autoware_config_msgs/ConfigRingGroundFilter.msg[0m
[  2%] [34m[1mGenerating Lisp code from autoware_config_msgs/ConfigWaypointReplanner.msg[0m
[  2%] [34m[1mGenerating EusLisp code from autoware_config_msgs/ConfigPedestrianKF.msg[0m
[  2%] [34m[1mGenerating EusLisp code from autoware_config_msgs/ConfigWaypointReplanner.msg[0m
[  3%] [34m[1mGenerating EusLisp code from autoware_config_msgs/ConfigRcnn.msg[0m
[  4%] [34m[1mGenerating Lisp code from autoware_config_msgs/ConfigRingGroundFilter.msg[0m
[  5%] [34m[1mGenerating Lisp code from autoware_config_msgs/ConfigPoints2Polygon.msg[0m
[  6%] [34m[1mGenerating EusLisp code from autoware_config_msgs/ConfigPoints2Polygon.msg[0m
[  6%] [34m[1mGenerating EusLisp code from autoware_config_msgs/ConfigSSD.msg[0m
[  7%] [34m[1mGenerating Python from MSG autoware_config_msgs/ConfigPoints2Polygon[0m
[  7%] [34m[1mGenerating C++ code from autoware_config_msgs/ConfigPoints2Polygon.msg[0m
[  8%] [34m[1mGenerating Javascript code from autoware_config_msgs/ConfigPoints2Polygon.msg[0m
[  9%] [34m[1mGenerating Javascript code from autoware_config_msgs/ConfigWaypointReplanner.msg[0m
[ 10%] [34m[1mGenerating C++ code from autoware_config_msgs/ConfigWaypointReplanner.msg[0m
[ 10%] [34m[1mGenerating Lisp code from autoware_config_msgs/ConfigSSD.msg[0m
[ 10%] [34m[1mGenerating C++ code from autoware_config_msgs/ConfigRingGroundFilter.msg[0m
[ 10%] [34m[1mGenerating EusLisp code from autoware_config_msgs/ConfigVoxelGridFilter.msg[0m
[ 10%] [34m[1mGenerating C++ code from autoware_config_msgs/ConfigRcnn.msg[0m
[ 11%] [34m[1mGenerating EusLisp code from autoware_config_msgs/ConfigCarDPM.msg[0m
[ 12%] [34m[1mGenerating C++ code from autoware_config_msgs/ConfigSSD.msg[0m
[ 12%] [34m[1mGenerating EusLisp code from autoware_config_msgs/ConfigTwistFilter.msg[0m
[ 13%] [34m[1mGenerating Python from MSG autoware_config_msgs/ConfigWaypointReplanner[0m
[ 13%] [34m[1mGenerating Lisp code from autoware_config_msgs/ConfigRcnn.msg[0m
[ 13%] [34m[1mGenerating Javascript code from autoware_config_msgs/ConfigRingGroundFilter.msg[0m
[ 15%] [34m[1mGenerating C++ code from autoware_config_msgs/ConfigPedestrianKF.msg[0m
[ 16%] [34m[1mGenerating Python from MSG autoware_config_msgs/ConfigRingGroundFilter[0m
[ 16%] [34m[1mGenerating Lisp code from autoware_config_msgs/ConfigVoxelGridFilter.msg[0m
[ 17%] [34m[1mGenerating Lisp code from autoware_config_msgs/ConfigCarDPM.msg[0m
[ 18%] [34m[1mGenerating Lisp code from autoware_config_msgs/ConfigPedestrianKF.msg[0m
[ 19%] [34m[1mGenerating EusLisp code from autoware_config_msgs/ConfigPlannerSelector.msg[0m
[ 20%] [34m[1mGenerating EusLisp code from autoware_config_msgs/ConfigWaypointFollower.msg[0m
[ 21%] [34m[1mGenerating Javascript code from autoware_config_msgs/ConfigSSD.msg[0m
[ 21%] [34m[1mGenerating EusLisp code from autoware_config_msgs/ConfigApproximateNDTMapping.msg[0m
[ 22%] [34m[1mGenerating EusLisp code from autoware_config_msgs/ConfigLaneSelect.msg[0m
[ 23%] [34m[1mGenerating Javascript code from autoware_config_msgs/ConfigPedestrianKF.msg[0m
[ 24%] [34m[1mGenerating Javascript code from autoware_config_msgs/ConfigVoxelGridFilter.msg[0m
[ 24%] [34m[1mGenerating Javascript code from autoware_config_msgs/ConfigRcnn.msg[0m
[ 25%] [34m[1mGenerating C++ code from autoware_config_msgs/ConfigVoxelGridFilter.msg[0m
[ 25%] [34m[1mGenerating Lisp code from autoware_config_msgs/ConfigTwistFilter.msg[0m
[ 25%] [34m[1mGenerating Python from MSG autoware_config_msgs/ConfigSSD[0m
[ 26%] [34m[1mGenerating C++ code from autoware_config_msgs/ConfigTwistFilter.msg[0m
[ 26%] [34m[1mGenerating C++ code from autoware_config_msgs/ConfigCarDPM.msg[0m
[ 27%] [34m[1mGenerating Lisp code from autoware_config_msgs/ConfigWaypointFollower.msg[0m
[ 29%] [34m[1mGenerating Python from MSG autoware_config_msgs/ConfigRcnn[0m
[ 29%] [34m[1mGenerating Python from MSG autoware_config_msgs/ConfigPedestrianKF[0m
[ 29%] [34m[1mGenerating C++ code from autoware_config_msgs/ConfigWaypointFollower.msg[0m
[ 29%] [34m[1mGenerating Javascript code from autoware_config_msgs/ConfigCarDPM.msg[0m
[ 29%] [34m[1mGenerating EusLisp code from autoware_config_msgs/ConfigRandomFilter.msg[0m
[ 30%] [34m[1mGenerating Python from MSG autoware_config_msgs/ConfigVoxelGridFilter[0m
[ 30%] [34m[1mGenerating Lisp code from autoware_config_msgs/ConfigApproximateNDTMapping.msg[0m
[ 31%] [34m[1mGenerating Lisp code from autoware_config_msgs/ConfigPlannerSelector.msg[0m
[ 32%] [34m[1mGenerating Python from MSG autoware_config_msgs/ConfigCarDPM[0m
[ 33%] [34m[1mGenerating C++ code from autoware_config_msgs/ConfigPlannerSelector.msg[0m
[ 34%] [34m[1mGenerating Javascript code from autoware_config_msgs/ConfigTwistFilter.msg[0m
[ 35%] [34m[1mGenerating Lisp code from autoware_config_msgs/ConfigLaneSelect.msg[0m
[ 36%] [34m[1mGenerating EusLisp code from autoware_config_msgs/ConfigPedestrianFusion.msg[0m
[ 36%] [34m[1mGenerating EusLisp code from autoware_config_msgs/ConfigLaneRule.msg[0m
[ 36%] [34m[1mGenerating Python from MSG autoware_config_msgs/ConfigTwistFilter[0m
[ 37%] [34m[1mGenerating Python from MSG autoware_config_msgs/ConfigWaypointFollower[0m
[ 37%] [34m[1mGenerating Python from MSG autoware_config_msgs/ConfigPlannerSelector[0m
[ 38%] [34m[1mGenerating Python from MSG autoware_config_msgs/ConfigApproximateNDTMapping[0m
[ 39%] [34m[1mGenerating C++ code from autoware_config_msgs/ConfigApproximateNDTMapping.msg[0m
[ 40%] [34m[1mGenerating Python from MSG autoware_config_msgs/ConfigLaneSelect[0m
[ 40%] [34m[1mGenerating Javascript code from autoware_config_msgs/ConfigWaypointFollower.msg[0m
[ 40%] [34m[1mGenerating Lisp code from autoware_config_msgs/ConfigRandomFilter.msg[0m
[ 40%] [34m[1mGenerating Python from MSG autoware_config_msgs/ConfigRandomFilter[0m
[ 41%] [34m[1mGenerating EusLisp code from autoware_config_msgs/ConfigICP.msg[0m
[ 43%] [34m[1mGenerating EusLisp code from autoware_config_msgs/ConfigRayGroundFilter.msg[0m
[ 44%] [34m[1mGenerating Lisp code from autoware_config_msgs/ConfigPedestrianFusion.msg[0m
[ 45%] [34m[1mGenerating Lisp code from autoware_config_msgs/ConfigLaneRule.msg[0m
[ 46%] [34m[1mGenerating Javascript code from autoware_config_msgs/ConfigPlannerSelector.msg[0m
[ 46%] [34m[1mGenerating C++ code from autoware_config_msgs/ConfigLaneSelect.msg[0m
[ 47%] [34m[1mGenerating C++ code from autoware_config_msgs/ConfigRandomFilter.msg[0m
[ 47%] [34m[1mGenerating Lisp code from autoware_config_msgs/ConfigICP.msg[0m
[ 47%] [34m[1mGenerating C++ code from autoware_config_msgs/ConfigPedestrianFusion.msg[0m
[ 48%] [34m[1mGenerating Python from MSG autoware_config_msgs/ConfigPedestrianFusion[0m
[ 49%] [34m[1mGenerating C++ code from autoware_config_msgs/ConfigICP.msg[0m
[ 50%] [34m[1mGenerating Lisp code from autoware_config_msgs/ConfigRayGroundFilter.msg[0m
[ 51%] [34m[1mGenerating Javascript code from autoware_config_msgs/ConfigApproximateNDTMapping.msg[0m
[ 52%] [34m[1mGenerating C++ code from autoware_config_msgs/ConfigLaneRule.msg[0m
[ 52%] [34m[1mGenerating Python from MSG autoware_config_msgs/ConfigLaneRule[0m
[ 52%] [34m[1mGenerating Javascript code from autoware_config_msgs/ConfigLaneSelect.msg[0m
[ 52%] [34m[1mGenerating EusLisp code from autoware_config_msgs/ConfigCompareMapFilter.msg[0m
[ 52%] [34m[1mGenerating C++ code from autoware_config_msgs/ConfigRayGroundFilter.msg[0m
[ 53%] [34m[1mGenerating Lisp code from autoware_config_msgs/ConfigCarFusion.msg[0m
[ 53%] [34m[1mGenerating Lisp code from autoware_config_msgs/ConfigCompareMapFilter.msg[0m
[ 54%] [34m[1mGenerating Javascript code from autoware_config_msgs/ConfigRandomFilter.msg[0m
[ 55%] [34m[1mGenerating C++ code from autoware_config_msgs/ConfigCompareMapFilter.msg[0m
[ 56%] [34m[1mGenerating Lisp code from autoware_config_msgs/ConfigVelocitySet.msg[0m
[ 56%] [34m[1mGenerating C++ code from autoware_config_msgs/ConfigCarFusion.msg[0m
[ 59%] [34m[1mGenerating Python from MSG autoware_config_msgs/ConfigICP[0m
[ 59%] [34m[1mGenerating EusLisp code from autoware_config_msgs/ConfigCarFusion.msg[0m
[ 59%] [34m[1mGenerating Javascript code from autoware_config_msgs/ConfigPedestrianFusion.msg[0m
[ 59%] [34m[1mGenerating EusLisp code from autoware_config_msgs/ConfigVelocitySet.msg[0m
[ 60%] [34m[1mGenerating Javascript code from autoware_config_msgs/ConfigLaneRule.msg[0m
[ 61%] [34m[1mGenerating Javascript code from autoware_config_msgs/ConfigICP.msg[0m
[ 61%] [34m[1mGenerating Javascript code from autoware_config_msgs/ConfigRayGroundFilter.msg[0m
[ 62%] [34m[1mGenerating EusLisp code from autoware_config_msgs/ConfigNDTMappingOutput.msg[0m
[ 62%] [34m[1mGenerating Lisp code from autoware_config_msgs/ConfigNDTMappingOutput.msg[0m
[ 63%] [34m[1mGenerating Lisp code from autoware_config_msgs/ConfigDistanceFilter.msg[0m
[ 64%] [34m[1mGenerating EusLisp code from autoware_config_msgs/ConfigDistanceFilter.msg[0m
[ 65%] [34m[1mGenerating C++ code from autoware_config_msgs/ConfigVelocitySet.msg[0m
[ 66%] [34m[1mGenerating Javascript code from autoware_config_msgs/ConfigCompareMapFilter.msg[0m
[ 66%] [34m[1mGenerating Javascript code from autoware_config_msgs/ConfigCarFusion.msg[0m
[ 67%] [34m[1mGenerating Python from MSG autoware_config_msgs/ConfigRayGroundFilter[0m
[ 67%] [34m[1mGenerating Python from MSG autoware_config_msgs/ConfigCompareMapFilter[0m
[ 67%] [34m[1mGenerating EusLisp code from autoware_config_msgs/ConfigNDTMapping.msg[0m
[ 68%] [34m[1mGenerating C++ code from autoware_config_msgs/ConfigNDTMappingOutput.msg[0m
[ 68%] [34m[1mGenerating C++ code from autoware_config_msgs/ConfigDistanceFilter.msg[0m
[ 69%] [34m[1mGenerating EusLisp code from autoware_config_msgs/ConfigRingFilter.msg[0m
[ 70%] [34m[1mGenerating C++ code from autoware_config_msgs/ConfigNDTMapping.msg[0m
[ 70%] [34m[1mGenerating EusLisp code from autoware_config_msgs/ConfigLatticeVelocitySet.msg[0m
[ 70%] [34m[1mGenerating Lisp code from autoware_config_msgs/ConfigNDTMapping.msg[0m
[ 70%] [34m[1mGenerating C++ code from autoware_config_msgs/ConfigRingFilter.msg[0m
[ 72%] [34m[1mGenerating Javascript code from autoware_config_msgs/ConfigVelocitySet.msg[0m
[ 73%] [34m[1mGenerating Javascript code from autoware_config_msgs/ConfigNDTMappingOutput.msg[0m
[ 74%] [34m[1mGenerating EusLisp code from autoware_config_msgs/ConfigLaneStop.msg[0m
[ 75%] [34m[1mGenerating Python from MSG autoware_config_msgs/ConfigCarFusion[0m
[ 75%] [34m[1mGenerating Javascript code from autoware_config_msgs/ConfigDistanceFilter.msg[0m
[ 76%] [34m[1mGenerating EusLisp code from autoware_config_msgs/ConfigNDT.msg[0m
[ 77%] [34m[1mGenerating Lisp code from autoware_config_msgs/ConfigRingFilter.msg[0m
[ 77%] [34m[1mGenerating EusLisp code from autoware_config_msgs/ConfigDecisionMaker.msg[0m
[ 77%] [34m[1mGenerating Lisp code from autoware_config_msgs/ConfigLatticeVelocitySet.msg[0m
[ 78%] [34m[1mGenerating Javascript code from autoware_config_msgs/ConfigNDTMapping.msg[0m
[ 79%] [34m[1mGenerating EusLisp code from autoware_config_msgs/ConfigCarKF.msg[0m
[ 80%] [34m[1mGenerating Lisp code from autoware_config_msgs/ConfigLaneStop.msg[0m
[ 81%] [34m[1mGenerating C++ code from autoware_config_msgs/ConfigLaneStop.msg[0m
[ 82%] [34m[1mGenerating C++ code from autoware_config_msgs/ConfigLatticeVelocitySet.msg[0m
[ 82%] [34m[1mGenerating Javascript code from autoware_config_msgs/ConfigRingFilter.msg[0m
[ 83%] [34m[1mGenerating C++ code from autoware_config_msgs/ConfigDecisionMaker.msg[0m
[ 83%] [34m[1mGenerating Python from MSG autoware_config_msgs/ConfigVelocitySet[0m
[ 84%] [34m[1mGenerating Lisp code from autoware_config_msgs/ConfigNDT.msg[0m
[ 84%] [34m[1mGenerating C++ code from autoware_config_msgs/ConfigNDT.msg[0m
[ 84%] [34m[1mGenerating C++ code from autoware_config_msgs/ConfigCarKF.msg[0m
[ 86%] [34m[1mGenerating C++ code from autoware_config_msgs/ConfigPedestrianDPM.msg[0m
[ 86%] [34m[1mGenerating EusLisp code from autoware_config_msgs/ConfigPedestrianDPM.msg[0m
[ 87%] [34m[1mGenerating EusLisp manifest code for autoware_config_msgs[0m
[ 88%] [34m[1mGenerating Python from MSG autoware_config_msgs/ConfigNDTMappingOutput[0m
[ 89%] [34m[1mGenerating Javascript code from autoware_config_msgs/ConfigLatticeVelocitySet.msg[0m
[ 89%] [34m[1mGenerating Lisp code from autoware_config_msgs/ConfigDecisionMaker.msg[0m
[ 90%] [34m[1mGenerating Javascript code from autoware_config_msgs/ConfigLaneStop.msg[0m
[ 91%] [34m[1mGenerating Python from MSG autoware_config_msgs/ConfigDistanceFilter[0m
[ 91%] [34m[1mGenerating Python from MSG autoware_config_msgs/ConfigNDTMapping[0m
[ 91%] [34m[1mGenerating Lisp code from autoware_config_msgs/ConfigPedestrianDPM.msg[0m
[ 92%] [34m[1mGenerating Lisp code from autoware_config_msgs/ConfigCarKF.msg[0m
[ 92%] [34m[1mGenerating Javascript code from autoware_config_msgs/ConfigNDT.msg[0m
[ 93%] [34m[1mGenerating Javascript code from autoware_config_msgs/ConfigDecisionMaker.msg[0m
[ 93%] Built target autoware_config_msgs_generate_messages_cpp
[ 94%] [34m[1mGenerating Python from MSG autoware_config_msgs/ConfigRingFilter[0m
[ 94%] [34m[1mGenerating Javascript code from autoware_config_msgs/ConfigCarKF.msg[0m
[ 94%] [34m[1mGenerating Python from MSG autoware_config_msgs/ConfigLatticeVelocitySet[0m
[ 95%] [34m[1mGenerating Javascript code from autoware_config_msgs/ConfigPedestrianDPM.msg[0m
[ 96%] [34m[1mGenerating Python from MSG autoware_config_msgs/ConfigLaneStop[0m
[ 97%] [34m[1mGenerating Python from MSG autoware_config_msgs/ConfigNDT[0m
[ 97%] [34m[1mGenerating Python from MSG autoware_config_msgs/ConfigDecisionMaker[0m
[ 97%] Built target autoware_config_msgs_generate_messages_lisp
[ 97%] [34m[1mGenerating Python from MSG autoware_config_msgs/ConfigPedestrianDPM[0m
[ 98%] [34m[1mGenerating Python from MSG autoware_config_msgs/ConfigCarKF[0m
[ 98%] Built target autoware_config_msgs_generate_messages_nodejs
[100%] [34m[1mGenerating Python msg __init__.py for autoware_config_msgs[0m
[100%] Built target autoware_config_msgs_generate_messages_py
[100%] Built target autoware_config_msgs_generate_messages_eus
[35m[1mScanning dependencies of target autoware_config_msgs_generate_messages[0m
[100%] Built target autoware_config_msgs_generate_messages
[35m[1mScanning dependencies of target tests[0m
Built target tests
[  0%] Built target _autoware_config_msgs_generate_messages_check_deps_ConfigDistanceFilter
[  0%] Built target _autoware_config_msgs_generate_messages_check_deps_ConfigPedestrianDPM
[  0%] Built target _autoware_config_msgs_generate_messages_check_deps_ConfigLaneStop
[  0%] Built target _autoware_config_msgs_generate_messages_check_deps_ConfigCompareMapFilter
[  0%] Built target _autoware_config_msgs_generate_messages_check_deps_ConfigSSD
[  0%] Built target _autoware_config_msgs_generate_messages_check_deps_ConfigLaneSelect
[  0%] Built target _autoware_config_msgs_generate_messages_check_deps_ConfigRayGroundFilter
[  0%] Built target _autoware_config_msgs_generate_messages_check_deps_ConfigCarKF
[  0%] Built target _autoware_config_msgs_generate_messages_check_deps_ConfigApproximateNDTMapping
[  0%] Built target _autoware_config_msgs_generate_messages_check_deps_ConfigVoxelGridFilter
[  0%] Built target _autoware_config_msgs_generate_messages_check_deps_ConfigLatticeVelocitySet
[  0%] Built target _autoware_config_msgs_generate_messages_check_deps_ConfigRingGroundFilter
[  0%] Built target std_msgs_generate_messages_py
[  0%] Built target _autoware_config_msgs_generate_messages_check_deps_ConfigNDTMapping
[  0%] Built target _autoware_config_msgs_generate_messages_check_deps_ConfigDecisionMaker
[  0%] Built target _autoware_config_msgs_generate_messages_check_deps_ConfigCarDPM
[  0%] Built target _autoware_config_msgs_generate_messages_check_deps_ConfigNDT
[  0%] Built target _autoware_config_msgs_generate_messages_check_deps_ConfigRingFilter
[  0%] Built target _autoware_config_msgs_generate_messages_check_deps_ConfigWaypointReplanner
[  0%] Built target _autoware_config_msgs_generate_messages_check_deps_ConfigTwistFilter
[  0%] Built target _autoware_config_msgs_generate_messages_check_deps_ConfigVelocitySet
[  0%] Built target _autoware_config_msgs_generate_messages_check_deps_ConfigCarFusion
[  0%] Built target _autoware_config_msgs_generate_messages_check_deps_ConfigPoints2Polygon
[  0%] Built target _autoware_config_msgs_generate_messages_check_deps_ConfigPedestrianKF
[  0%] Built target _autoware_config_msgs_generate_messages_check_deps_ConfigRandomFilter
[  0%] Built target std_msgs_generate_messages_nodejs
[  0%] Built target std_msgs_generate_messages_lisp
[  0%] Built target _autoware_config_msgs_generate_messages_check_deps_ConfigPlannerSelector
[  0%] Built target _autoware_config_msgs_generate_messages_check_deps_ConfigWaypointFollower
[  0%] Built target _autoware_config_msgs_generate_messages_check_deps_ConfigPedestrianFusion
[  0%] Built target std_msgs_generate_messages_eus
[  0%] Built target std_msgs_generate_messages_cpp
[  0%] Built target _autoware_config_msgs_generate_messages_check_deps_ConfigLaneRule
[  0%] Built target _autoware_config_msgs_generate_messages_check_deps_ConfigNDTMappingOutput
[  0%] Built target _autoware_config_msgs_generate_messages_check_deps_ConfigRcnn
[  0%] Built target _autoware_config_msgs_generate_messages_check_deps_ConfigICP
[ 37%] Built target autoware_config_msgs_generate_messages_eus
[ 40%] Built target autoware_config_msgs_generate_messages_py
[ 60%] Built target autoware_config_msgs_generate_messages_cpp
[ 80%] Built target autoware_config_msgs_generate_messages_nodejs
[100%] Built target autoware_config_msgs_generate_messages_lisp
[100%] Built target autoware_config_msgs_generate_messages
[36mInstall the project...[0m
-- Install configuration: "Release"
-- Installing: /home/hypark/git/Autoware_On_Embedded/install/autoware_config_msgs/share/autoware_config_msgs/msg/ConfigApproximateNDTMapping.msg
-- Installing: /home/hypark/git/Autoware_On_Embedded/install/autoware_config_msgs/share/autoware_config_msgs/msg/ConfigCarDPM.msg
-- Installing: /home/hypark/git/Autoware_On_Embedded/install/autoware_config_msgs/share/autoware_config_msgs/msg/ConfigCarFusion.msg
-- Installing: /home/hypark/git/Autoware_On_Embedded/install/autoware_config_msgs/share/autoware_config_msgs/msg/ConfigCarKF.msg
-- Installing: /home/hypark/git/Autoware_On_Embedded/install/autoware_config_msgs/share/autoware_config_msgs/msg/ConfigCompareMapFilter.msg
-- Installing: /home/hypark/git/Autoware_On_Embedded/install/autoware_config_msgs/share/autoware_config_msgs/msg/ConfigDecisionMaker.msg
-- Installing: /home/hypark/git/Autoware_On_Embedded/install/autoware_config_msgs/share/autoware_config_msgs/msg/ConfigDistanceFilter.msg
-- Installing: /home/hypark/git/Autoware_On_Embedded/install/autoware_config_msgs/share/autoware_config_msgs/msg/ConfigICP.msg
-- Installing: /home/hypark/git/Autoware_On_Embedded/install/autoware_config_msgs/share/autoware_config_msgs/msg/ConfigLaneRule.msg
-- Installing: /home/hypark/git/Autoware_On_Embedded/install/autoware_config_msgs/share/autoware_config_msgs/msg/ConfigLaneSelect.msg
-- Installing: /home/hypark/git/Autoware_On_Embedded/install/autoware_config_msgs/share/autoware_config_msgs/msg/ConfigLaneStop.msg
-- Installing: /home/hypark/git/Autoware_On_Embedded/install/autoware_config_msgs/share/autoware_config_msgs/msg/ConfigLatticeVelocitySet.msg
-- Installing: /home/hypark/git/Autoware_On_Embedded/install/autoware_config_msgs/share/autoware_config_msgs/msg/ConfigNDT.msg
-- Installing: /home/hypark/git/Autoware_On_Embedded/install/autoware_config_msgs/share/autoware_config_msgs/msg/ConfigNDTMapping.msg
-- Installing: /home/hypark/git/Autoware_On_Embedded/install/autoware_config_msgs/share/autoware_config_msgs/msg/ConfigNDTMappingOutput.msg
-- Installing: /home/hypark/git/Autoware_On_Embedded/install/autoware_config_msgs/share/autoware_config_msgs/msg/ConfigPedestrianDPM.msg
-- Installing: /home/hypark/git/Autoware_On_Embedded/install/autoware_config_msgs/share/autoware_config_msgs/msg/ConfigPedestrianFusion.msg
-- Installing: /home/hypark/git/Autoware_On_Embedded/install/autoware_config_msgs/share/autoware_config_msgs/msg/ConfigPedestrianKF.msg
-- Installing: /home/hypark/git/Autoware_On_Embedded/install/autoware_config_msgs/share/autoware_config_msgs/msg/ConfigPlannerSelector.msg
-- Installing: /home/hypark/git/Autoware_On_Embedded/install/autoware_config_msgs/share/autoware_config_msgs/msg/ConfigPoints2Polygon.msg
-- Installing: /home/hypark/git/Autoware_On_Embedded/install/autoware_config_msgs/share/autoware_config_msgs/msg/ConfigRandomFilter.msg
-- Installing: /home/hypark/git/Autoware_On_Embedded/install/autoware_config_msgs/share/autoware_config_msgs/msg/ConfigRayGroundFilter.msg
-- Installing: /home/hypark/git/Autoware_On_Embedded/install/autoware_config_msgs/share/autoware_config_msgs/msg/ConfigRcnn.msg
-- Installing: /home/hypark/git/Autoware_On_Embedded/install/autoware_config_msgs/share/autoware_config_msgs/msg/ConfigRingFilter.msg
-- Installing: /home/hypark/git/Autoware_On_Embedded/install/autoware_config_msgs/share/autoware_config_msgs/msg/ConfigRingGroundFilter.msg
-- Installing: /home/hypark/git/Autoware_On_Embedded/install/autoware_config_msgs/share/autoware_config_msgs/msg/ConfigSSD.msg
-- Installing: /home/hypark/git/Autoware_On_Embedded/install/autoware_config_msgs/share/autoware_config_msgs/msg/ConfigTwistFilter.msg
-- Installing: /home/hypark/git/Autoware_On_Embedded/install/autoware_config_msgs/share/autoware_config_msgs/msg/ConfigVelocitySet.msg
-- Installing: /home/hypark/git/Autoware_On_Embedded/install/autoware_config_msgs/share/autoware_config_msgs/msg/ConfigVoxelGridFilter.msg
-- Installing: /home/hypark/git/Autoware_On_Embedded/install/autoware_config_msgs/share/autoware_config_msgs/msg/ConfigWaypointFollower.msg
-- Installing: /home/hypark/git/Autoware_On_Embedded/install/autoware_config_msgs/share/autoware_config_msgs/msg/ConfigWaypointReplanner.msg
-- Installing: /home/hypark/git/Autoware_On_Embedded/install/autoware_config_msgs/share/autoware_config_msgs/cmake/autoware_config_msgs-msg-paths.cmake
-- Installing: /home/hypark/git/Autoware_On_Embedded/install/autoware_config_msgs/include/autoware_config_msgs
-- Installing: /home/hypark/git/Autoware_On_Embedded/install/autoware_config_msgs/include/autoware_config_msgs/ConfigRingFilter.h
-- Installing: /home/hypark/git/Autoware_On_Embedded/install/autoware_config_msgs/include/autoware_config_msgs/ConfigNDTMappingOutput.h
-- Installing: /home/hypark/git/Autoware_On_Embedded/install/autoware_config_msgs/include/autoware_config_msgs/ConfigICP.h
-- Installing: /home/hypark/git/Autoware_On_Embedded/install/autoware_config_msgs/include/autoware_config_msgs/ConfigLaneRule.h
-- Installing: /home/hypark/git/Autoware_On_Embedded/install/autoware_config_msgs/include/autoware_config_msgs/ConfigCompareMapFilter.h
-- Installing: /home/hypark/git/Autoware_On_Embedded/install/autoware_config_msgs/include/autoware_config_msgs/ConfigCarFusion.h
-- Installing: /home/hypark/git/Autoware_On_Embedded/install/autoware_config_msgs/include/autoware_config_msgs/ConfigRcnn.h
-- Installing: /home/hypark/git/Autoware_On_Embedded/install/autoware_config_msgs/include/autoware_config_msgs/ConfigLatticeVelocitySet.h
-- Installing: /home/hypark/git/Autoware_On_Embedded/install/autoware_config_msgs/include/autoware_config_msgs/ConfigLaneSelect.h
-- Installing: /home/hypark/git/Autoware_On_Embedded/install/autoware_config_msgs/include/autoware_config_msgs/ConfigWaypointFollower.h
-- Installing: /home/hypark/git/Autoware_On_Embedded/install/autoware_config_msgs/include/autoware_config_msgs/ConfigCarKF.h
-- Installing: /home/hypark/git/Autoware_On_Embedded/install/autoware_config_msgs/include/autoware_config_msgs/ConfigTwistFilter.h
-- Installing: /home/hypark/git/Autoware_On_Embedded/install/autoware_config_msgs/include/autoware_config_msgs/ConfigVoxelGridFilter.h
-- Installing: /home/hypark/git/Autoware_On_Embedded/install/autoware_config_msgs/include/autoware_config_msgs/ConfigNDT.h
-- Installing: /home/hypark/git/Autoware_On_Embedded/install/autoware_config_msgs/include/autoware_config_msgs/ConfigCarDPM.h
-- Installing: /home/hypark/git/Autoware_On_Embedded/install/autoware_config_msgs/include/autoware_config_msgs/ConfigRayGroundFilter.h
-- Installing: /home/hypark/git/Autoware_On_Embedded/install/autoware_config_msgs/include/autoware_config_msgs/ConfigRingGroundFilter.h
-- Installing: /home/hypark/git/Autoware_On_Embedded/install/autoware_config_msgs/include/autoware_config_msgs/ConfigPedestrianDPM.h
-- Installing: /home/hypark/git/Autoware_On_Embedded/install/autoware_config_msgs/include/autoware_config_msgs/ConfigRandomFilter.h
-- Installing: /home/hypark/git/Autoware_On_Embedded/install/autoware_config_msgs/include/autoware_config_msgs/ConfigWaypointReplanner.h
-- Installing: /home/hypark/git/Autoware_On_Embedded/install/autoware_config_msgs/include/autoware_config_msgs/ConfigPedestrianKF.h
-- Installing: /home/hypark/git/Autoware_On_Embedded/install/autoware_config_msgs/include/autoware_config_msgs/ConfigPlannerSelector.h
-- Installing: /home/hypark/git/Autoware_On_Embedded/install/autoware_config_msgs/include/autoware_config_msgs/ConfigPedestrianFusion.h
-- Installing: /home/hypark/git/Autoware_On_Embedded/install/autoware_config_msgs/include/autoware_config_msgs/ConfigNDTMapping.h
-- Installing: /home/hypark/git/Autoware_On_Embedded/install/autoware_config_msgs/include/autoware_config_msgs/ConfigDistanceFilter.h
-- Installing: /home/hypark/git/Autoware_On_Embedded/install/autoware_config_msgs/include/autoware_config_msgs/ConfigSSD.h
-- Installing: /home/hypark/git/Autoware_On_Embedded/install/autoware_config_msgs/include/autoware_config_msgs/ConfigDecisionMaker.h
-- Installing: /home/hypark/git/Autoware_On_Embedded/install/autoware_config_msgs/include/autoware_config_msgs/ConfigApproximateNDTMapping.h
-- Installing: /home/hypark/git/Autoware_On_Embedded/install/autoware_config_msgs/include/autoware_config_msgs/ConfigVelocitySet.h
-- Installing: /home/hypark/git/Autoware_On_Embedded/install/autoware_config_msgs/include/autoware_config_msgs/ConfigPoints2Polygon.h
-- Installing: /home/hypark/git/Autoware_On_Embedded/install/autoware_config_msgs/include/autoware_config_msgs/ConfigLaneStop.h
-- Installing: /home/hypark/git/Autoware_On_Embedded/install/autoware_config_msgs/share/roseus/ros/autoware_config_msgs
-- Installing: /home/hypark/git/Autoware_On_Embedded/install/autoware_config_msgs/share/roseus/ros/autoware_config_msgs/msg
-- Installing: /home/hypark/git/Autoware_On_Embedded/install/autoware_config_msgs/share/roseus/ros/autoware_config_msgs/msg/ConfigRingFilter.l
-- Installing: /home/hypark/git/Autoware_On_Embedded/install/autoware_config_msgs/share/roseus/ros/autoware_config_msgs/msg/ConfigNDTMapping.l
-- Installing: /home/hypark/git/Autoware_On_Embedded/install/autoware_config_msgs/share/roseus/ros/autoware_config_msgs/msg/ConfigCarDPM.l
-- Installing: /home/hypark/git/Autoware_On_Embedded/install/autoware_config_msgs/share/roseus/ros/autoware_config_msgs/msg/ConfigLatticeVelocitySet.l
-- Installing: /home/hypark/git/Autoware_On_Embedded/install/autoware_config_msgs/share/roseus/ros/autoware_config_msgs/msg/ConfigLaneRule.l
-- Installing: /home/hypark/git/Autoware_On_Embedded/install/autoware_config_msgs/share/roseus/ros/autoware_config_msgs/msg/ConfigApproximateNDTMapping.l
-- Installing: /home/hypark/git/Autoware_On_Embedded/install/autoware_config_msgs/share/roseus/ros/autoware_config_msgs/msg/ConfigDecisionMaker.l
-- Installing: /home/hypark/git/Autoware_On_Embedded/install/autoware_config_msgs/share/roseus/ros/autoware_config_msgs/msg/ConfigNDTMappingOutput.l
-- Installing: /home/hypark/git/Autoware_On_Embedded/install/autoware_config_msgs/share/roseus/ros/autoware_config_msgs/msg/ConfigVelocitySet.l
-- Installing: /home/hypark/git/Autoware_On_Embedded/install/autoware_config_msgs/share/roseus/ros/autoware_config_msgs/msg/ConfigPlannerSelector.l
-- Installing: /home/hypark/git/Autoware_On_Embedded/install/autoware_config_msgs/share/roseus/ros/autoware_config_msgs/msg/ConfigDistanceFilter.l
-- Installing: /home/hypark/git/Autoware_On_Embedded/install/autoware_config_msgs/share/roseus/ros/autoware_config_msgs/msg/ConfigRayGroundFilter.l
-- Installing: /home/hypark/git/Autoware_On_Embedded/install/autoware_config_msgs/share/roseus/ros/autoware_config_msgs/msg/ConfigRandomFilter.l
-- Installing: /home/hypark/git/Autoware_On_Embedded/install/autoware_config_msgs/share/roseus/ros/autoware_config_msgs/msg/ConfigPoints2Polygon.l
-- Installing: /home/hypark/git/Autoware_On_Embedded/install/autoware_config_msgs/share/roseus/ros/autoware_config_msgs/msg/ConfigLaneSelect.l
-- Installing: /home/hypark/git/Autoware_On_Embedded/install/autoware_config_msgs/share/roseus/ros/autoware_config_msgs/msg/ConfigSSD.l
-- Installing: /home/hypark/git/Autoware_On_Embedded/install/autoware_config_msgs/share/roseus/ros/autoware_config_msgs/msg/ConfigPedestrianDPM.l
-- Installing: /home/hypark/git/Autoware_On_Embedded/install/autoware_config_msgs/share/roseus/ros/autoware_config_msgs/msg/ConfigTwistFilter.l
-- Installing: /home/hypark/git/Autoware_On_Embedded/install/autoware_config_msgs/share/roseus/ros/autoware_config_msgs/msg/ConfigPedestrianKF.l
-- Installing: /home/hypark/git/Autoware_On_Embedded/install/autoware_config_msgs/share/roseus/ros/autoware_config_msgs/msg/ConfigWaypointFollower.l
-- Installing: /home/hypark/git/Autoware_On_Embedded/install/autoware_config_msgs/share/roseus/ros/autoware_config_msgs/msg/ConfigPedestrianFusion.l
-- Installing: /home/hypark/git/Autoware_On_Embedded/install/autoware_config_msgs/share/roseus/ros/autoware_config_msgs/msg/ConfigNDT.l
-- Installing: /home/hypark/git/Autoware_On_Embedded/install/autoware_config_msgs/share/roseus/ros/autoware_config_msgs/msg/ConfigVoxelGridFilter.l
-- Installing: /home/hypark/git/Autoware_On_Embedded/install/autoware_config_msgs/share/roseus/ros/autoware_config_msgs/msg/ConfigICP.l
-- Installing: /home/hypark/git/Autoware_On_Embedded/install/autoware_config_msgs/share/roseus/ros/autoware_config_msgs/msg/ConfigWaypointReplanner.l
-- Installing: /home/hypark/git/Autoware_On_Embedded/install/autoware_config_msgs/share/roseus/ros/autoware_config_msgs/msg/ConfigRingGroundFilter.l
-- Installing: /home/hypark/git/Autoware_On_Embedded/install/autoware_config_msgs/share/roseus/ros/autoware_config_msgs/msg/ConfigCarKF.l
-- Installing: /home/hypark/git/Autoware_On_Embedded/install/autoware_config_msgs/share/roseus/ros/autoware_config_msgs/msg/ConfigRcnn.l
-- Installing: /home/hypark/git/Autoware_On_Embedded/install/autoware_config_msgs/share/roseus/ros/autoware_config_msgs/msg/ConfigLaneStop.l
-- Installing: /home/hypark/git/Autoware_On_Embedded/install/autoware_config_msgs/share/roseus/ros/autoware_config_msgs/msg/ConfigCompareMapFilter.l
-- Installing: /home/hypark/git/Autoware_On_Embedded/install/autoware_config_msgs/share/roseus/ros/autoware_config_msgs/msg/ConfigCarFusion.l
-- Installing: /home/hypark/git/Autoware_On_Embedded/install/autoware_config_msgs/share/roseus/ros/autoware_config_msgs/manifest.l
-- Installing: /home/hypark/git/Autoware_On_Embedded/install/autoware_config_msgs/share/common-lisp/ros/autoware_config_msgs
-- Installing: /home/hypark/git/Autoware_On_Embedded/install/autoware_config_msgs/share/common-lisp/ros/autoware_config_msgs/msg
-- Installing: /home/hypark/git/Autoware_On_Embedded/install/autoware_config_msgs/share/common-lisp/ros/autoware_config_msgs/msg/_package_ConfigPlannerSelector.lisp
-- Installing: /home/hypark/git/Autoware_On_Embedded/install/autoware_config_msgs/share/common-lisp/ros/autoware_config_msgs/msg/ConfigRandomFilter.lisp
-- Installing: /home/hypark/git/Autoware_On_Embedded/install/autoware_config_msgs/share/common-lisp/ros/autoware_config_msgs/msg/_package_ConfigWaypointFollower.lisp
-- Installing: /home/hypark/git/Autoware_On_Embedded/install/autoware_config_msgs/share/common-lisp/ros/autoware_config_msgs/msg/_package_ConfigTwistFilter.lisp
-- Installing: /home/hypark/git/Autoware_On_Embedded/install/autoware_config_msgs/share/common-lisp/ros/autoware_config_msgs/msg/ConfigPedestrianKF.lisp
-- Installing: /home/hypark/git/Autoware_On_Embedded/install/autoware_config_msgs/share/common-lisp/ros/autoware_config_msgs/msg/_package_ConfigLaneStop.lisp
-- Installing: /home/hypark/git/Autoware_On_Embedded/install/autoware_config_msgs/share/common-lisp/ros/autoware_config_msgs/msg/_package_ConfigRingFilter.lisp
-- Installing: /home/hypark/git/Autoware_On_Embedded/install/autoware_config_msgs/share/common-lisp/ros/autoware_config_msgs/msg/_package_ConfigVelocitySet.lisp
-- Installing: /home/hypark/git/Autoware_On_Embedded/install/autoware_config_msgs/share/common-lisp/ros/autoware_config_msgs/msg/ConfigNDTMapping.lisp
-- Installing: /home/hypark/git/Autoware_On_Embedded/install/autoware_config_msgs/share/common-lisp/ros/autoware_config_msgs/msg/ConfigVelocitySet.lisp
-- Installing: /home/hypark/git/Autoware_On_Embedded/install/autoware_config_msgs/share/common-lisp/ros/autoware_config_msgs/msg/ConfigDistanceFilter.lisp
-- Installing: /home/hypark/git/Autoware_On_Embedded/install/autoware_config_msgs/share/common-lisp/ros/autoware_config_msgs/msg/_package_ConfigCarDPM.lisp
-- Installing: /home/hypark/git/Autoware_On_Embedded/install/autoware_config_msgs/share/common-lisp/ros/autoware_config_msgs/msg/_package.lisp
-- Installing: /home/hypark/git/Autoware_On_Embedded/install/autoware_config_msgs/share/common-lisp/ros/autoware_config_msgs/msg/_package_ConfigRayGroundFilter.lisp
-- Installing: /home/hypark/git/Autoware_On_Embedded/install/autoware_config_msgs/share/common-lisp/ros/autoware_config_msgs/msg/ConfigLaneSelect.lisp
-- Installing: /home/hypark/git/Autoware_On_Embedded/install/autoware_config_msgs/share/common-lisp/ros/autoware_config_msgs/msg/_package_ConfigPoints2Polygon.lisp
-- Installing: /home/hypark/git/Autoware_On_Embedded/install/autoware_config_msgs/share/common-lisp/ros/autoware_config_msgs/msg/_package_ConfigDistanceFilter.lisp
-- Installing: /home/hypark/git/Autoware_On_Embedded/install/autoware_config_msgs/share/common-lisp/ros/autoware_config_msgs/msg/ConfigRcnn.lisp
-- Installing: /home/hypark/git/Autoware_On_Embedded/install/autoware_config_msgs/share/common-lisp/ros/autoware_config_msgs/msg/_package_ConfigNDTMappingOutput.lisp
-- Installing: /home/hypark/git/Autoware_On_Embedded/install/autoware_config_msgs/share/common-lisp/ros/autoware_config_msgs/msg/_package_ConfigPedestrianFusion.lisp
-- Installing: /home/hypark/git/Autoware_On_Embedded/install/autoware_config_msgs/share/common-lisp/ros/autoware_config_msgs/msg/_package_ConfigICP.lisp
-- Installing: /home/hypark/git/Autoware_On_Embedded/install/autoware_config_msgs/share/common-lisp/ros/autoware_config_msgs/msg/_package_ConfigLaneSelect.lisp
-- Installing: /home/hypark/git/Autoware_On_Embedded/install/autoware_config_msgs/share/common-lisp/ros/autoware_config_msgs/msg/_package_ConfigDecisionMaker.lisp
-- Installing: /home/hypark/git/Autoware_On_Embedded/install/autoware_config_msgs/share/common-lisp/ros/autoware_config_msgs/msg/ConfigCarFusion.lisp
-- Installing: /home/hypark/git/Autoware_On_Embedded/install/autoware_config_msgs/share/common-lisp/ros/autoware_config_msgs/msg/ConfigPedestrianFusion.lisp
-- Installing: /home/hypark/git/Autoware_On_Embedded/install/autoware_config_msgs/share/common-lisp/ros/autoware_config_msgs/msg/ConfigICP.lisp
-- Installing: /home/hypark/git/Autoware_On_Embedded/install/autoware_config_msgs/share/common-lisp/ros/autoware_config_msgs/msg/_package_ConfigLatticeVelocitySet.lisp
-- Installing: /home/hypark/git/Autoware_On_Embedded/install/autoware_config_msgs/share/common-lisp/ros/autoware_config_msgs/msg/ConfigLaneStop.lisp
-- Installing: /home/hypark/git/Autoware_On_Embedded/install/autoware_config_msgs/share/common-lisp/ros/autoware_config_msgs/msg/ConfigRayGroundFilter.lisp
-- Installing: /home/hypark/git/Autoware_On_Embedded/install/autoware_config_msgs/share/common-lisp/ros/autoware_config_msgs/msg/ConfigWaypointFollower.lisp
-- Installing: /home/hypark/git/Autoware_On_Embedded/install/autoware_config_msgs/share/common-lisp/ros/autoware_config_msgs/msg/ConfigTwistFilter.lisp
-- Installing: /home/hypark/git/Autoware_On_Embedded/install/autoware_config_msgs/share/common-lisp/ros/autoware_config_msgs/msg/_package_ConfigRingGroundFilter.lisp
-- Installing: /home/hypark/git/Autoware_On_Embedded/install/autoware_config_msgs/share/common-lisp/ros/autoware_config_msgs/msg/_package_ConfigCompareMapFilter.lisp
-- Installing: /home/hypark/git/Autoware_On_Embedded/install/autoware_config_msgs/share/common-lisp/ros/autoware_config_msgs/msg/ConfigNDT.lisp
-- Installing: /home/hypark/git/Autoware_On_Embedded/install/autoware_config_msgs/share/common-lisp/ros/autoware_config_msgs/msg/_package_ConfigRcnn.lisp
-- Installing: /home/hypark/git/Autoware_On_Embedded/install/autoware_config_msgs/share/common-lisp/ros/autoware_config_msgs/msg/_package_ConfigRandomFilter.lisp
-- Installing: /home/hypark/git/Autoware_On_Embedded/install/autoware_config_msgs/share/common-lisp/ros/autoware_config_msgs/msg/ConfigPedestrianDPM.lisp
-- Installing: /home/hypark/git/Autoware_On_Embedded/install/autoware_config_msgs/share/common-lisp/ros/autoware_config_msgs/msg/_package_ConfigCarFusion.lisp
-- Installing: /home/hypark/git/Autoware_On_Embedded/install/autoware_config_msgs/share/common-lisp/ros/autoware_config_msgs/msg/_package_ConfigNDTMapping.lisp
-- Installing: /home/hypark/git/Autoware_On_Embedded/install/autoware_config_msgs/share/common-lisp/ros/autoware_config_msgs/msg/_package_ConfigPedestrianKF.lisp
-- Installing: /home/hypark/git/Autoware_On_Embedded/install/autoware_config_msgs/share/common-lisp/ros/autoware_config_msgs/msg/ConfigWaypointReplanner.lisp
-- Installing: /home/hypark/git/Autoware_On_Embedded/install/autoware_config_msgs/share/common-lisp/ros/autoware_config_msgs/msg/_package_ConfigPedestrianDPM.lisp
-- Installing: /home/hypark/git/Autoware_On_Embedded/install/autoware_config_msgs/share/common-lisp/ros/autoware_config_msgs/msg/ConfigPlannerSelector.lisp
-- Installing: /home/hypark/git/Autoware_On_Embedded/install/autoware_config_msgs/share/common-lisp/ros/autoware_config_msgs/msg/ConfigPoints2Polygon.lisp
-- Installing: /home/hypark/git/Autoware_On_Embedded/install/autoware_config_msgs/share/common-lisp/ros/autoware_config_msgs/msg/_package_ConfigVoxelGridFilter.lisp
-- Installing: /home/hypark/git/Autoware_On_Embedded/install/autoware_config_msgs/share/common-lisp/ros/autoware_config_msgs/msg/_package_ConfigNDT.lisp
-- Installing: /home/hypark/git/Autoware_On_Embedded/install/autoware_config_msgs/share/common-lisp/ros/autoware_config_msgs/msg/_package_ConfigApproximateNDTMapping.lisp
-- Installing: /home/hypark/git/Autoware_On_Embedded/install/autoware_config_msgs/share/common-lisp/ros/autoware_config_msgs/msg/_package_ConfigLaneRule.lisp
-- Installing: /home/hypark/git/Autoware_On_Embedded/install/autoware_config_msgs/share/common-lisp/ros/autoware_config_msgs/msg/ConfigLaneRule.lisp
-- Installing: /home/hypark/git/Autoware_On_Embedded/install/autoware_config_msgs/share/common-lisp/ros/autoware_config_msgs/msg/ConfigRingGroundFilter.lisp
-- Installing: /home/hypark/git/Autoware_On_Embedded/install/autoware_config_msgs/share/common-lisp/ros/autoware_config_msgs/msg/ConfigRingFilter.lisp
-- Installing: /home/hypark/git/Autoware_On_Embedded/install/autoware_config_msgs/share/common-lisp/ros/autoware_config_msgs/msg/ConfigLatticeVelocitySet.lisp
-- Installing: /home/hypark/git/Autoware_On_Embedded/install/autoware_config_msgs/share/common-lisp/ros/autoware_config_msgs/msg/ConfigNDTMappingOutput.lisp
-- Installing: /home/hypark/git/Autoware_On_Embedded/install/autoware_config_msgs/share/common-lisp/ros/autoware_config_msgs/msg/_package_ConfigSSD.lisp
-- Installing: /home/hypark/git/Autoware_On_Embedded/install/autoware_config_msgs/share/common-lisp/ros/autoware_config_msgs/msg/autoware_config_msgs-msg.asd
-- Installing: /home/hypark/git/Autoware_On_Embedded/install/autoware_config_msgs/share/common-lisp/ros/autoware_config_msgs/msg/ConfigSSD.lisp
-- Installing: /home/hypark/git/Autoware_On_Embedded/install/autoware_config_msgs/share/common-lisp/ros/autoware_config_msgs/msg/ConfigDecisionMaker.lisp
-- Installing: /home/hypark/git/Autoware_On_Embedded/install/autoware_config_msgs/share/common-lisp/ros/autoware_config_msgs/msg/ConfigCompareMapFilter.lisp
-- Installing: /home/hypark/git/Autoware_On_Embedded/install/autoware_config_msgs/share/common-lisp/ros/autoware_config_msgs/msg/ConfigVoxelGridFilter.lisp
-- Installing: /home/hypark/git/Autoware_On_Embedded/install/autoware_config_msgs/share/common-lisp/ros/autoware_config_msgs/msg/ConfigCarKF.lisp
-- Installing: /home/hypark/git/Autoware_On_Embedded/install/autoware_config_msgs/share/common-lisp/ros/autoware_config_msgs/msg/ConfigApproximateNDTMapping.lisp
-- Installing: /home/hypark/git/Autoware_On_Embedded/install/autoware_config_msgs/share/common-lisp/ros/autoware_config_msgs/msg/_package_ConfigWaypointReplanner.lisp
-- Installing: /home/hypark/git/Autoware_On_Embedded/install/autoware_config_msgs/share/common-lisp/ros/autoware_config_msgs/msg/ConfigCarDPM.lisp
-- Installing: /home/hypark/git/Autoware_On_Embedded/install/autoware_config_msgs/share/common-lisp/ros/autoware_config_msgs/msg/_package_ConfigCarKF.lisp
-- Installing: /home/hypark/git/Autoware_On_Embedded/install/autoware_config_msgs/share/gennodejs/ros/autoware_config_msgs
-- Installing: /home/hypark/git/Autoware_On_Embedded/install/autoware_config_msgs/share/gennodejs/ros/autoware_config_msgs/msg
-- Installing: /home/hypark/git/Autoware_On_Embedded/install/autoware_config_msgs/share/gennodejs/ros/autoware_config_msgs/msg/ConfigPedestrianFusion.js
-- Installing: /home/hypark/git/Autoware_On_Embedded/install/autoware_config_msgs/share/gennodejs/ros/autoware_config_msgs/msg/ConfigLaneRule.js
-- Installing: /home/hypark/git/Autoware_On_Embedded/install/autoware_config_msgs/share/gennodejs/ros/autoware_config_msgs/msg/ConfigCarDPM.js
-- Installing: /home/hypark/git/Autoware_On_Embedded/install/autoware_config_msgs/share/gennodejs/ros/autoware_config_msgs/msg/ConfigPedestrianKF.js
-- Installing: /home/hypark/git/Autoware_On_Embedded/install/autoware_config_msgs/share/gennodejs/ros/autoware_config_msgs/msg/_index.js
-- Installing: /home/hypark/git/Autoware_On_Embedded/install/autoware_config_msgs/share/gennodejs/ros/autoware_config_msgs/msg/ConfigCompareMapFilter.js
-- Installing: /home/hypark/git/Autoware_On_Embedded/install/autoware_config_msgs/share/gennodejs/ros/autoware_config_msgs/msg/ConfigNDT.js
-- Installing: /home/hypark/git/Autoware_On_Embedded/install/autoware_config_msgs/share/gennodejs/ros/autoware_config_msgs/msg/ConfigVelocitySet.js
-- Installing: /home/hypark/git/Autoware_On_Embedded/install/autoware_config_msgs/share/gennodejs/ros/autoware_config_msgs/msg/ConfigDistanceFilter.js
-- Installing: /home/hypark/git/Autoware_On_Embedded/install/autoware_config_msgs/share/gennodejs/ros/autoware_config_msgs/msg/ConfigSSD.js
-- Installing: /home/hypark/git/Autoware_On_Embedded/install/autoware_config_msgs/share/gennodejs/ros/autoware_config_msgs/msg/ConfigWaypointReplanner.js
-- Installing: /home/hypark/git/Autoware_On_Embedded/install/autoware_config_msgs/share/gennodejs/ros/autoware_config_msgs/msg/ConfigRandomFilter.js
-- Installing: /home/hypark/git/Autoware_On_Embedded/install/autoware_config_msgs/share/gennodejs/ros/autoware_config_msgs/msg/ConfigICP.js
-- Installing: /home/hypark/git/Autoware_On_Embedded/install/autoware_config_msgs/share/gennodejs/ros/autoware_config_msgs/msg/ConfigTwistFilter.js
-- Installing: /home/hypark/git/Autoware_On_Embedded/install/autoware_config_msgs/share/gennodejs/ros/autoware_config_msgs/msg/ConfigNDTMappingOutput.js
-- Installing: /home/hypark/git/Autoware_On_Embedded/install/autoware_config_msgs/share/gennodejs/ros/autoware_config_msgs/msg/ConfigRingGroundFilter.js
-- Installing: /home/hypark/git/Autoware_On_Embedded/install/autoware_config_msgs/share/gennodejs/ros/autoware_config_msgs/msg/ConfigRingFilter.js
-- Installing: /home/hypark/git/Autoware_On_Embedded/install/autoware_config_msgs/share/gennodejs/ros/autoware_config_msgs/msg/ConfigRcnn.js
-- Installing: /home/hypark/git/Autoware_On_Embedded/install/autoware_config_msgs/share/gennodejs/ros/autoware_config_msgs/msg/ConfigCarKF.js
-- Installing: /home/hypark/git/Autoware_On_Embedded/install/autoware_config_msgs/share/gennodejs/ros/autoware_config_msgs/msg/ConfigLaneStop.js
-- Installing: /home/hypark/git/Autoware_On_Embedded/install/autoware_config_msgs/share/gennodejs/ros/autoware_config_msgs/msg/ConfigCarFusion.js
-- Installing: /home/hypark/git/Autoware_On_Embedded/install/autoware_config_msgs/share/gennodejs/ros/autoware_config_msgs/msg/ConfigPedestrianDPM.js
-- Installing: /home/hypark/git/Autoware_On_Embedded/install/autoware_config_msgs/share/gennodejs/ros/autoware_config_msgs/msg/ConfigPlannerSelector.js
-- Installing: /home/hypark/git/Autoware_On_Embedded/install/autoware_config_msgs/share/gennodejs/ros/autoware_config_msgs/msg/ConfigPoints2Polygon.js
-- Installing: /home/hypark/git/Autoware_On_Embedded/install/autoware_config_msgs/share/gennodejs/ros/autoware_config_msgs/msg/ConfigDecisionMaker.js
-- Installing: /home/hypark/git/Autoware_On_Embedded/install/autoware_config_msgs/share/gennodejs/ros/autoware_config_msgs/msg/ConfigNDTMapping.js
-- Installing: /home/hypark/git/Autoware_On_Embedded/install/autoware_config_msgs/share/gennodejs/ros/autoware_config_msgs/msg/ConfigApproximateNDTMapping.js
-- Installing: /home/hypark/git/Autoware_On_Embedded/install/autoware_config_msgs/share/gennodejs/ros/autoware_config_msgs/msg/ConfigLatticeVelocitySet.js
-- Installing: /home/hypark/git/Autoware_On_Embedded/install/autoware_config_msgs/share/gennodejs/ros/autoware_config_msgs/msg/ConfigWaypointFollower.js
-- Installing: /home/hypark/git/Autoware_On_Embedded/install/autoware_config_msgs/share/gennodejs/ros/autoware_config_msgs/msg/ConfigRayGroundFilter.js
-- Installing: /home/hypark/git/Autoware_On_Embedded/install/autoware_config_msgs/share/gennodejs/ros/autoware_config_msgs/msg/ConfigLaneSelect.js
-- Installing: /home/hypark/git/Autoware_On_Embedded/install/autoware_config_msgs/share/gennodejs/ros/autoware_config_msgs/msg/ConfigVoxelGridFilter.js
-- Installing: /home/hypark/git/Autoware_On_Embedded/install/autoware_config_msgs/share/gennodejs/ros/autoware_config_msgs/_index.js
Listing /home/hypark/git/Autoware_On_Embedded/build/autoware_config_msgs/devel/lib/python2.7/dist-packages/autoware_config_msgs ...
Compiling /home/hypark/git/Autoware_On_Embedded/build/autoware_config_msgs/devel/lib/python2.7/dist-packages/autoware_config_msgs/__init__.py ...
Listing /home/hypark/git/Autoware_On_Embedded/build/autoware_config_msgs/devel/lib/python2.7/dist-packages/autoware_config_msgs/msg ...
Compiling /home/hypark/git/Autoware_On_Embedded/build/autoware_config_msgs/devel/lib/python2.7/dist-packages/autoware_config_msgs/msg/_ConfigApproximateNDTMapping.py ...
Compiling /home/hypark/git/Autoware_On_Embedded/build/autoware_config_msgs/devel/lib/python2.7/dist-packages/autoware_config_msgs/msg/_ConfigCarDPM.py ...
Compiling /home/hypark/git/Autoware_On_Embedded/build/autoware_config_msgs/devel/lib/python2.7/dist-packages/autoware_config_msgs/msg/_ConfigCarFusion.py ...
Compiling /home/hypark/git/Autoware_On_Embedded/build/autoware_config_msgs/devel/lib/python2.7/dist-packages/autoware_config_msgs/msg/_ConfigCarKF.py ...
Compiling /home/hypark/git/Autoware_On_Embedded/build/autoware_config_msgs/devel/lib/python2.7/dist-packages/autoware_config_msgs/msg/_ConfigCompareMapFilter.py ...
Compiling /home/hypark/git/Autoware_On_Embedded/build/autoware_config_msgs/devel/lib/python2.7/dist-packages/autoware_config_msgs/msg/_ConfigDecisionMaker.py ...
Compiling /home/hypark/git/Autoware_On_Embedded/build/autoware_config_msgs/devel/lib/python2.7/dist-packages/autoware_config_msgs/msg/_ConfigDistanceFilter.py ...
Compiling /home/hypark/git/Autoware_On_Embedded/build/autoware_config_msgs/devel/lib/python2.7/dist-packages/autoware_config_msgs/msg/_ConfigICP.py ...
Compiling /home/hypark/git/Autoware_On_Embedded/build/autoware_config_msgs/devel/lib/python2.7/dist-packages/autoware_config_msgs/msg/_ConfigLaneRule.py ...
Compiling /home/hypark/git/Autoware_On_Embedded/build/autoware_config_msgs/devel/lib/python2.7/dist-packages/autoware_config_msgs/msg/_ConfigLaneSelect.py ...
Compiling /home/hypark/git/Autoware_On_Embedded/build/autoware_config_msgs/devel/lib/python2.7/dist-packages/autoware_config_msgs/msg/_ConfigLaneStop.py ...
Compiling /home/hypark/git/Autoware_On_Embedded/build/autoware_config_msgs/devel/lib/python2.7/dist-packages/autoware_config_msgs/msg/_ConfigLatticeVelocitySet.py ...
Compiling /home/hypark/git/Autoware_On_Embedded/build/autoware_config_msgs/devel/lib/python2.7/dist-packages/autoware_config_msgs/msg/_ConfigNDT.py ...
Compiling /home/hypark/git/Autoware_On_Embedded/build/autoware_config_msgs/devel/lib/python2.7/dist-packages/autoware_config_msgs/msg/_ConfigNDTMapping.py ...
Compiling /home/hypark/git/Autoware_On_Embedded/build/autoware_config_msgs/devel/lib/python2.7/dist-packages/autoware_config_msgs/msg/_ConfigNDTMappingOutput.py ...
Compiling /home/hypark/git/Autoware_On_Embedded/build/autoware_config_msgs/devel/lib/python2.7/dist-packages/autoware_config_msgs/msg/_ConfigPedestrianDPM.py ...
Compiling /home/hypark/git/Autoware_On_Embedded/build/autoware_config_msgs/devel/lib/python2.7/dist-packages/autoware_config_msgs/msg/_ConfigPedestrianFusion.py ...
Compiling /home/hypark/git/Autoware_On_Embedded/build/autoware_config_msgs/devel/lib/python2.7/dist-packages/autoware_config_msgs/msg/_ConfigPedestrianKF.py ...
Compiling /home/hypark/git/Autoware_On_Embedded/build/autoware_config_msgs/devel/lib/python2.7/dist-packages/autoware_config_msgs/msg/_ConfigPlannerSelector.py ...
Compiling /home/hypark/git/Autoware_On_Embedded/build/autoware_config_msgs/devel/lib/python2.7/dist-packages/autoware_config_msgs/msg/_ConfigPoints2Polygon.py ...
Compiling /home/hypark/git/Autoware_On_Embedded/build/autoware_config_msgs/devel/lib/python2.7/dist-packages/autoware_config_msgs/msg/_ConfigRandomFilter.py ...
Compiling /home/hypark/git/Autoware_On_Embedded/build/autoware_config_msgs/devel/lib/python2.7/dist-packages/autoware_config_msgs/msg/_ConfigRayGroundFilter.py ...
Compiling /home/hypark/git/Autoware_On_Embedded/build/autoware_config_msgs/devel/lib/python2.7/dist-packages/autoware_config_msgs/msg/_ConfigRcnn.py ...
Compiling /home/hypark/git/Autoware_On_Embedded/build/autoware_config_msgs/devel/lib/python2.7/dist-packages/autoware_config_msgs/msg/_ConfigRingFilter.py ...
Compiling /home/hypark/git/Autoware_On_Embedded/build/autoware_config_msgs/devel/lib/python2.7/dist-packages/autoware_config_msgs/msg/_ConfigRingGroundFilter.py ...
Compiling /home/hypark/git/Autoware_On_Embedded/build/autoware_config_msgs/devel/lib/python2.7/dist-packages/autoware_config_msgs/msg/_ConfigSSD.py ...
Compiling /home/hypark/git/Autoware_On_Embedded/build/autoware_config_msgs/devel/lib/python2.7/dist-packages/autoware_config_msgs/msg/_ConfigTwistFilter.py ...
Compiling /home/hypark/git/Autoware_On_Embedded/build/autoware_config_msgs/devel/lib/python2.7/dist-packages/autoware_config_msgs/msg/_ConfigVelocitySet.py ...
Compiling /home/hypark/git/Autoware_On_Embedded/build/autoware_config_msgs/devel/lib/python2.7/dist-packages/autoware_config_msgs/msg/_ConfigVoxelGridFilter.py ...
Compiling /home/hypark/git/Autoware_On_Embedded/build/autoware_config_msgs/devel/lib/python2.7/dist-packages/autoware_config_msgs/msg/_ConfigWaypointFollower.py ...
Compiling /home/hypark/git/Autoware_On_Embedded/build/autoware_config_msgs/devel/lib/python2.7/dist-packages/autoware_config_msgs/msg/_ConfigWaypointReplanner.py ...
Compiling /home/hypark/git/Autoware_On_Embedded/build/autoware_config_msgs/devel/lib/python2.7/dist-packages/autoware_config_msgs/msg/__init__.py ...
-- Installing: /home/hypark/git/Autoware_On_Embedded/install/autoware_config_msgs/lib/python2.7/dist-packages/autoware_config_msgs
-- Installing: /home/hypark/git/Autoware_On_Embedded/install/autoware_config_msgs/lib/python2.7/dist-packages/autoware_config_msgs/msg
-- Installing: /home/hypark/git/Autoware_On_Embedded/install/autoware_config_msgs/lib/python2.7/dist-packages/autoware_config_msgs/msg/_ConfigCarDPM.pyc
-- Installing: /home/hypark/git/Autoware_On_Embedded/install/autoware_config_msgs/lib/python2.7/dist-packages/autoware_config_msgs/msg/_ConfigVelocitySet.pyc
-- Installing: /home/hypark/git/Autoware_On_Embedded/install/autoware_config_msgs/lib/python2.7/dist-packages/autoware_config_msgs/msg/_ConfigLatticeVelocitySet.py
-- Installing: /home/hypark/git/Autoware_On_Embedded/install/autoware_config_msgs/lib/python2.7/dist-packages/autoware_config_msgs/msg/_ConfigNDT.py
-- Installing: /home/hypark/git/Autoware_On_Embedded/install/autoware_config_msgs/lib/python2.7/dist-packages/autoware_config_msgs/msg/_ConfigICP.py
-- Installing: /home/hypark/git/Autoware_On_Embedded/install/autoware_config_msgs/lib/python2.7/dist-packages/autoware_config_msgs/msg/_ConfigSSD.pyc
-- Installing: /home/hypark/git/Autoware_On_Embedded/install/autoware_config_msgs/lib/python2.7/dist-packages/autoware_config_msgs/msg/_ConfigCompareMapFilter.pyc
-- Installing: /home/hypark/git/Autoware_On_Embedded/install/autoware_config_msgs/lib/python2.7/dist-packages/autoware_config_msgs/msg/_ConfigPedestrianDPM.py
-- Installing: /home/hypark/git/Autoware_On_Embedded/install/autoware_config_msgs/lib/python2.7/dist-packages/autoware_config_msgs/msg/_ConfigLaneSelect.pyc
-- Installing: /home/hypark/git/Autoware_On_Embedded/install/autoware_config_msgs/lib/python2.7/dist-packages/autoware_config_msgs/msg/_ConfigDistanceFilter.pyc
-- Installing: /home/hypark/git/Autoware_On_Embedded/install/autoware_config_msgs/lib/python2.7/dist-packages/autoware_config_msgs/msg/_ConfigPedestrianFusion.pyc
-- Installing: /home/hypark/git/Autoware_On_Embedded/install/autoware_config_msgs/lib/python2.7/dist-packages/autoware_config_msgs/msg/_ConfigCarKF.py
-- Installing: /home/hypark/git/Autoware_On_Embedded/install/autoware_config_msgs/lib/python2.7/dist-packages/autoware_config_msgs/msg/_ConfigNDTMappingOutput.py
-- Installing: /home/hypark/git/Autoware_On_Embedded/install/autoware_config_msgs/lib/python2.7/dist-packages/autoware_config_msgs/msg/_ConfigDecisionMaker.py
-- Installing: /home/hypark/git/Autoware_On_Embedded/install/autoware_config_msgs/lib/python2.7/dist-packages/autoware_config_msgs/msg/_ConfigPlannerSelector.pyc
-- Installing: /home/hypark/git/Autoware_On_Embedded/install/autoware_config_msgs/lib/python2.7/dist-packages/autoware_config_msgs/msg/_ConfigApproximateNDTMapping.py
-- Installing: /home/hypark/git/Autoware_On_Embedded/install/autoware_config_msgs/lib/python2.7/dist-packages/autoware_config_msgs/msg/_ConfigWaypointFollower.pyc
-- Installing: /home/hypark/git/Autoware_On_Embedded/install/autoware_config_msgs/lib/python2.7/dist-packages/autoware_config_msgs/msg/_ConfigRandomFilter.py
-- Installing: /home/hypark/git/Autoware_On_Embedded/install/autoware_config_msgs/lib/python2.7/dist-packages/autoware_config_msgs/msg/_ConfigRingFilter.pyc
-- Installing: /home/hypark/git/Autoware_On_Embedded/install/autoware_config_msgs/lib/python2.7/dist-packages/autoware_config_msgs/msg/_ConfigRandomFilter.pyc
-- Installing: /home/hypark/git/Autoware_On_Embedded/install/autoware_config_msgs/lib/python2.7/dist-packages/autoware_config_msgs/msg/_ConfigPedestrianKF.py
-- Installing: /home/hypark/git/Autoware_On_Embedded/install/autoware_config_msgs/lib/python2.7/dist-packages/autoware_config_msgs/msg/_ConfigVoxelGridFilter.pyc
-- Installing: /home/hypark/git/Autoware_On_Embedded/install/autoware_config_msgs/lib/python2.7/dist-packages/autoware_config_msgs/msg/_ConfigNDTMapping.pyc
-- Installing: /home/hypark/git/Autoware_On_Embedded/install/autoware_config_msgs/lib/python2.7/dist-packages/autoware_config_msgs/msg/_ConfigLaneStop.pyc
-- Installing: /home/hypark/git/Autoware_On_Embedded/install/autoware_config_msgs/lib/python2.7/dist-packages/autoware_config_msgs/msg/__init__.py
-- Installing: /home/hypark/git/Autoware_On_Embedded/install/autoware_config_msgs/lib/python2.7/dist-packages/autoware_config_msgs/msg/_ConfigRingGroundFilter.pyc
-- Installing: /home/hypark/git/Autoware_On_Embedded/install/autoware_config_msgs/lib/python2.7/dist-packages/autoware_config_msgs/msg/_ConfigDistanceFilter.py
-- Installing: /home/hypark/git/Autoware_On_Embedded/install/autoware_config_msgs/lib/python2.7/dist-packages/autoware_config_msgs/msg/_ConfigTwistFilter.py
-- Installing: /home/hypark/git/Autoware_On_Embedded/install/autoware_config_msgs/lib/python2.7/dist-packages/autoware_config_msgs/msg/_ConfigCompareMapFilter.py
-- Installing: /home/hypark/git/Autoware_On_Embedded/install/autoware_config_msgs/lib/python2.7/dist-packages/autoware_config_msgs/msg/_ConfigPedestrianFusion.py
-- Installing: /home/hypark/git/Autoware_On_Embedded/install/autoware_config_msgs/lib/python2.7/dist-packages/autoware_config_msgs/msg/_ConfigWaypointFollower.py
-- Installing: /home/hypark/git/Autoware_On_Embedded/install/autoware_config_msgs/lib/python2.7/dist-packages/autoware_config_msgs/msg/_ConfigRingFilter.py
-- Installing: /home/hypark/git/Autoware_On_Embedded/install/autoware_config_msgs/lib/python2.7/dist-packages/autoware_config_msgs/msg/_ConfigLaneRule.py
-- Installing: /home/hypark/git/Autoware_On_Embedded/install/autoware_config_msgs/lib/python2.7/dist-packages/autoware_config_msgs/msg/_ConfigRcnn.pyc
-- Installing: /home/hypark/git/Autoware_On_Embedded/install/autoware_config_msgs/lib/python2.7/dist-packages/autoware_config_msgs/msg/_ConfigCarFusion.py
-- Installing: /home/hypark/git/Autoware_On_Embedded/install/autoware_config_msgs/lib/python2.7/dist-packages/autoware_config_msgs/msg/_ConfigPoints2Polygon.py
-- Installing: /home/hypark/git/Autoware_On_Embedded/install/autoware_config_msgs/lib/python2.7/dist-packages/autoware_config_msgs/msg/_ConfigWaypointReplanner.py
-- Installing: /home/hypark/git/Autoware_On_Embedded/install/autoware_config_msgs/lib/python2.7/dist-packages/autoware_config_msgs/msg/_ConfigPlannerSelector.py
-- Installing: /home/hypark/git/Autoware_On_Embedded/install/autoware_config_msgs/lib/python2.7/dist-packages/autoware_config_msgs/msg/_ConfigICP.pyc
-- Installing: /home/hypark/git/Autoware_On_Embedded/install/autoware_config_msgs/lib/python2.7/dist-packages/autoware_config_msgs/msg/_ConfigTwistFilter.pyc
-- Installing: /home/hypark/git/Autoware_On_Embedded/install/autoware_config_msgs/lib/python2.7/dist-packages/autoware_config_msgs/msg/_ConfigPedestrianDPM.pyc
-- Installing: /home/hypark/git/Autoware_On_Embedded/install/autoware_config_msgs/lib/python2.7/dist-packages/autoware_config_msgs/msg/__init__.pyc
-- Installing: /home/hypark/git/Autoware_On_Embedded/install/autoware_config_msgs/lib/python2.7/dist-packages/autoware_config_msgs/msg/_ConfigRayGroundFilter.pyc
-- Installing: /home/hypark/git/Autoware_On_Embedded/install/autoware_config_msgs/lib/python2.7/dist-packages/autoware_config_msgs/msg/_ConfigWaypointReplanner.pyc
-- Installing: /home/hypark/git/Autoware_On_Embedded/install/autoware_config_msgs/lib/python2.7/dist-packages/autoware_config_msgs/msg/_ConfigVelocitySet.py
-- Installing: /home/hypark/git/Autoware_On_Embedded/install/autoware_config_msgs/lib/python2.7/dist-packages/autoware_config_msgs/msg/_ConfigPoints2Polygon.pyc
-- Installing: /home/hypark/git/Autoware_On_Embedded/install/autoware_config_msgs/lib/python2.7/dist-packages/autoware_config_msgs/msg/_ConfigRingGroundFilter.py
-- Installing: /home/hypark/git/Autoware_On_Embedded/install/autoware_config_msgs/lib/python2.7/dist-packages/autoware_config_msgs/msg/_ConfigLaneStop.py
-- Installing: /home/hypark/git/Autoware_On_Embedded/install/autoware_config_msgs/lib/python2.7/dist-packages/autoware_config_msgs/msg/_ConfigLatticeVelocitySet.pyc
-- Installing: /home/hypark/git/Autoware_On_Embedded/install/autoware_config_msgs/lib/python2.7/dist-packages/autoware_config_msgs/msg/_ConfigRcnn.py
-- Installing: /home/hypark/git/Autoware_On_Embedded/install/autoware_config_msgs/lib/python2.7/dist-packages/autoware_config_msgs/msg/_ConfigCarDPM.py
-- Installing: /home/hypark/git/Autoware_On_Embedded/install/autoware_config_msgs/lib/python2.7/dist-packages/autoware_config_msgs/msg/_ConfigCarKF.pyc
-- Installing: /home/hypark/git/Autoware_On_Embedded/install/autoware_config_msgs/lib/python2.7/dist-packages/autoware_config_msgs/msg/_ConfigVoxelGridFilter.py
-- Installing: /home/hypark/git/Autoware_On_Embedded/install/autoware_config_msgs/lib/python2.7/dist-packages/autoware_config_msgs/msg/_ConfigSSD.py
-- Installing: /home/hypark/git/Autoware_On_Embedded/install/autoware_config_msgs/lib/python2.7/dist-packages/autoware_config_msgs/msg/_ConfigRayGroundFilter.py
-- Installing: /home/hypark/git/Autoware_On_Embedded/install/autoware_config_msgs/lib/python2.7/dist-packages/autoware_config_msgs/msg/_ConfigCarFusion.pyc
-- Installing: /home/hypark/git/Autoware_On_Embedded/install/autoware_config_msgs/lib/python2.7/dist-packages/autoware_config_msgs/msg/_ConfigDecisionMaker.pyc
-- Installing: /home/hypark/git/Autoware_On_Embedded/install/autoware_config_msgs/lib/python2.7/dist-packages/autoware_config_msgs/msg/_ConfigPedestrianKF.pyc
-- Installing: /home/hypark/git/Autoware_On_Embedded/install/autoware_config_msgs/lib/python2.7/dist-packages/autoware_config_msgs/msg/_ConfigNDTMappingOutput.pyc
-- Installing: /home/hypark/git/Autoware_On_Embedded/install/autoware_config_msgs/lib/python2.7/dist-packages/autoware_config_msgs/msg/_ConfigApproximateNDTMapping.pyc
-- Installing: /home/hypark/git/Autoware_On_Embedded/install/autoware_config_msgs/lib/python2.7/dist-packages/autoware_config_msgs/msg/_ConfigLaneRule.pyc
-- Installing: /home/hypark/git/Autoware_On_Embedded/install/autoware_config_msgs/lib/python2.7/dist-packages/autoware_config_msgs/msg/_ConfigNDT.pyc
-- Installing: /home/hypark/git/Autoware_On_Embedded/install/autoware_config_msgs/lib/python2.7/dist-packages/autoware_config_msgs/msg/_ConfigLaneSelect.py
-- Installing: /home/hypark/git/Autoware_On_Embedded/install/autoware_config_msgs/lib/python2.7/dist-packages/autoware_config_msgs/msg/_ConfigNDTMapping.py
-- Installing: /home/hypark/git/Autoware_On_Embedded/install/autoware_config_msgs/lib/python2.7/dist-packages/autoware_config_msgs/__init__.py
-- Installing: /home/hypark/git/Autoware_On_Embedded/install/autoware_config_msgs/lib/python2.7/dist-packages/autoware_config_msgs/__init__.pyc
-- Installing: /home/hypark/git/Autoware_On_Embedded/install/autoware_config_msgs/lib/pkgconfig/autoware_config_msgs.pc
-- Installing: /home/hypark/git/Autoware_On_Embedded/install/autoware_config_msgs/share/autoware_config_msgs/cmake/autoware_config_msgs-msg-extras.cmake
-- Installing: /home/hypark/git/Autoware_On_Embedded/install/autoware_config_msgs/share/autoware_config_msgs/cmake/autoware_config_msgsConfig.cmake
-- Installing: /home/hypark/git/Autoware_On_Embedded/install/autoware_config_msgs/share/autoware_config_msgs/cmake/autoware_config_msgsConfig-version.cmake
-- Installing: /home/hypark/git/Autoware_On_Embedded/install/autoware_config_msgs/share/autoware_config_msgs/package.xml
