[0.023s] Invoking command in '/home/hypark/git/Autoware_On_Embedded/build/autoware_config_msgs': /usr/bin/cmake /home/hypark/git/Autoware_On_Embedded/autoware.ai/src/autoware/messages/autoware_config_msgs -DCMAKE_BUILD_TYPE=Release -DCATKIN_INSTALL_INTO_PREFIX_ROOT=0 -DCMAKE_INSTALL_PREFIX=/home/hypark/git/Autoware_On_Embedded/install/autoware_config_msgs
[0.113s] -- The C compiler identification is GNU 7.5.0
[0.195s] -- The CXX compiler identification is GNU 7.5.0
[0.202s] -- Check for working C compiler: /usr/bin/cc
[0.324s] -- Check for working C compiler: /usr/bin/cc -- works
[0.325s] -- Detecting C compiler ABI info
[0.449s] -- Detecting C compiler ABI info - done
[0.456s] -- Detecting C compile features
[0.850s] -- Detecting C compile features - done
[0.853s] -- Check for working CXX compiler: /usr/bin/c++
[0.999s] -- Check for working CXX compiler: /usr/bin/c++ -- works
[0.999s] -- Detecting CXX compiler ABI info
[1.129s] -- Detecting CXX compiler ABI info - done
[1.136s] -- Detecting CXX compile features
[1.733s] -- Detecting CXX compile features - done
[1.746s] -- Using CATKIN_DEVEL_PREFIX: /home/hypark/git/Autoware_On_Embedded/build/autoware_config_msgs/devel
[1.747s] -- Using CMAKE_PREFIX_PATH: /home/hypark/rubis_ws/devel;/home/hypark/autoware.ai/install/ymc;/home/hypark/autoware.ai/install/xsens_driver;/home/hypark/autoware.ai/install/wf_simulator;/home/hypark/autoware.ai/install/lattice_planner;/home/hypark/autoware.ai/install/waypoint_planner;/home/hypark/autoware.ai/install/waypoint_maker;/home/hypark/autoware.ai/install/way_planner;/home/hypark/autoware.ai/install/vlg22c_cam;/home/hypark/autoware.ai/install/vision_ssd_detect;/home/hypark/autoware.ai/install/vision_segment_enet_detect;/home/hypark/autoware.ai/install/vision_lane_detect;/home/hypark/autoware.ai/install/vision_darknet_detect;/home/hypark/autoware.ai/install/vision_beyond_track;/home/hypark/autoware.ai/install/vel_pose_diff_checker;/home/hypark/autoware.ai/install/vehicle_socket;/home/hypark/autoware.ai/install/vehicle_sim_model;/home/hypark/autoware.ai/install/vehicle_model;/home/hypark/autoware.ai/install/vehicle_gazebo_simulation_launcher;/home/hypark/autoware.ai/install/vehicle_gazebo_simulation_interface;/home/hypark/autoware.ai/install/vehicle_engage_panel;/home/hypark/autoware.ai/install/vehicle_description;/home/hypark/autoware.ai/install/trafficlight_recognizer;/home/hypark/autoware.ai/install/op_utilities;/home/hypark/autoware.ai/install/op_simulation_package;/home/hypark/autoware.ai/install/op_local_planner;/home/hypark/autoware.ai/install/op_global_planner;/home/hypark/autoware.ai/install/lidar_kf_contour_track;/home/hypark/autoware.ai/install/op_ros_helpers;/home/hypark/autoware.ai/install/ff_waypoint_follower;/home/hypark/autoware.ai/install/dp_planner;/home/hypark/autoware.ai/install/op_simu;/home/hypark/autoware.ai/install/op_planner;/home/hypark/autoware.ai/install/op_utility;/home/hypark/autoware.ai/install/lidar_euclidean_cluster_detect;/home/hypark/autoware.ai/install/vector_map_server;/home/hypark/autoware.ai/install/road_occupancy_processor;/home/hypark/autoware.ai/install/costmap_generator;/home/hypark/autoware.ai/install/object_map;/home/hypark/autoware.ai/install/naive_motion_predict;/home/hypark/autoware.ai/install/lanelet_aisan_converter;/home/hypark/autoware.ai/install/map_file;/home/hypark/autoware.ai/install/libvectormap;/home/hypark/autoware.ai/install/lane_planner;/home/hypark/autoware.ai/install/imm_ukf_pda_track;/home/hypark/autoware.ai/install/decision_maker;/home/hypark/autoware.ai/install/vector_map;/home/hypark/autoware.ai/install/vector_map_msgs;/home/hypark/autoware.ai/install/vectacam;/home/hypark/autoware.ai/install/udon_socket;/home/hypark/autoware.ai/install/twist_generator;/home/hypark/autoware.ai/install/twist_gate;/home/hypark/autoware.ai/install/twist_filter;/home/hypark/autoware.ai/install/twist2odom;/home/hypark/autoware.ai/install/tablet_socket;/home/hypark/autoware.ai/install/runtime_manager;/home/hypark/autoware.ai/install/mqtt_socket;/home/hypark/autoware.ai/install/tablet_socket_msgs;/home/hypark/autoware.ai/install/state_machine_lib;/home/hypark/autoware.ai/install/sound_player;/home/hypark/autoware.ai/install/sick_lms5xx;/home/hypark/autoware.ai/install/sick_ldmrs_tools;/home/hypark/autoware.ai/install/sick_ldmrs_driver;/home/hypark/autoware.ai/install/sick_ldmrs_msgs;/home/hypark/autoware.ai/install/sick_ldmrs_description;/home/hypark/autoware.ai/install/points2image;/home/hypark/autoware.ai/install/rosinterface;/home/hypark/autoware.ai/install/rosbag_controller;/home/hypark/autoware.ai/install/pure_pursuit;/home/hypark/autoware.ai/install/points_preprocessor;/home/hypark/autoware.ai/install/mpc_follower;/home/hypark/autoware.ai/install/lidar_localizer;/home/hypark/autoware.ai/install/emergency_handler;/home/hypark/autoware.ai/install/autoware_health_checker;/home/hypark/autoware.ai/install/as;/home/hypark/autoware.ai/install/ros_observer;/home/hypark/autoware.ai/install/roi_object_filter;/home/hypark/autoware.ai/install/range_vision_fusion;/home/hypark/autoware.ai/install/pos_db;/home/hypark/autoware.ai/install/points_downsampler;/home/hypark/autoware.ai/install/pixel_cloud_fusion;/home/hypark/autoware.ai/install/pcl_omp_registration;/home/hypark/autoware.ai/install/pc2_downsampler;/home/hypark/autoware.ai/install/oculus_socket;/home/hypark/autoware.ai/install/obj_db;/home/hypark/autoware.ai/install/nmea_navsat;/home/hypark/autoware.ai/install/ndt_tku;/home/hypark/autoware.ai/install/ndt_gpu;/home/hypark/autoware.ai/install/ndt_cpu;/home/hypark/autoware.ai/install/multi_vlp_driver;/home/hypark/autoware.ai/install/multi_vlp_converter;/home/hypark/autoware.ai/install/multi_vlp_combiner;/home/hypark/autoware.ai/install/multi_lidar_calibrator;/home/hypark/autoware.ai/install/mrt_cmake_modules;/home/hypark/autoware.ai/install/microstrain_driver;/home/hypark/autoware.ai/install/memsic_imu;/home/hypark/autoware.ai/install/marker_downsampler;/home/hypark/autoware.ai/install/map_tools;/home/hypark/autoware.ai/install/map_tf_generator;/home/hypark/autoware.ai/install/log_tools;/home/hypark/autoware.ai/install/lidar_shape_estimation;/home/hypark/autoware.ai/install/lidar_point_pillars;/home/hypark/autoware.ai/install/lidar_naive_l_shape_detect;/home/hypark/autoware.ai/install/lidar_fake_perception;/home/hypark/autoware.ai/install/lidar_apollo_cnn_seg_detect;/home/hypark/autoware.ai/install/libwaypoint_follower;/home/hypark/autoware.ai/install/lgsvl_simulator_bridge;/home/hypark/autoware.ai/install/lanelet2_extension;/home/hypark/autoware.ai/install/lanelet2_validation;/home/hypark/autoware.ai/install/lanelet2_examples;/home/hypark/autoware.ai/install/lanelet2_python;/home/hypark/autoware.ai/install/lanelet2_routing;/home/hypark/autoware.ai/install/lanelet2_traffic_rules;/home/hypark/autoware.ai/install/lanelet2_projection;/home/hypark/autoware.ai/install/lanelet2_maps;/home/hypark/autoware.ai/install/lanelet2_io;/home/hypark/autoware.ai/install/lanelet2_core;/home/hypark/autoware.ai/install/kvaser;/home/hypark/autoware.ai/install/kitti_launch;/home/hypark/autoware.ai/install/kitti_player;/home/hypark/autoware.ai/install/kitti_box_publisher;/home/hypark/autoware.ai/install/javad_navsat_driver;/home/hypark/autoware.ai/install/integrated_viewer;/home/hypark/autoware.ai/install/image_processor;/home/hypark/autoware.ai/install/hokuyo;/home/hypark/autoware.ai/install/graph_tools;/home/hypark/autoware.ai/install/gnss_localizer;/home/hypark/autoware.ai/install/gnss;/home/hypark/autoware.ai/install/glviewer;/home/hypark/autoware.ai/install/gazebo_world_description;/home/hypark/autoware.ai/install/gazebo_imu_description;/home/hypark/autoware.ai/install/gazebo_camera_description;/home/hypark/autoware.ai/install/garmin;/home/hypark/autoware.ai/install/freespace_planner;/home/hypark/autoware.ai/install/fastvirtualscan;/home/hypark/autoware.ai/install/ekf_localizer;/home/hypark/autoware.ai/install/ds4_msgs;/home/hypark/autoware.ai/install/ds4_driver;/home/hypark/autoware.ai/install/detected_objects_visualizer;/home/hypark/autoware.ai/install/decision_maker_panel;/home/hypark/autoware.ai/install/data_preprocessor;/home/hypark/autoware.ai/install/custom_msgs;/home/hypark/autoware.ai/install/carla_autoware_bridge;/home/hypark/autoware.ai/install/calibration_publisher;/home/hypark/autoware.ai/install/autoware_system_msgs;/home/hypark/autoware.ai/install/autoware_rviz_plugins;/home/hypark/autoware.ai/install/autoware_quickstart_examples;/home/hypark/autoware.ai/install/autoware_pointgrey_drivers;/home/hypark/autoware.ai/install/autoware_driveworks_interface;/home/hypark/autoware.ai/install/autoware_connector;/home/hypark/autoware.ai/install/autoware_camera_lidar_calibrator;/home/hypark/autoware.ai/install/astar_search;/home/hypark/autoware.ai/install/amathutils_lib;/home/hypark/autoware.ai/install/autoware_msgs;/home/hypark/autoware.ai/install/autoware_map_msgs;/home/hypark/autoware.ai/install/autoware_launcher_rviz;/home/hypark/autoware.ai/install/autoware_launcher;/home/hypark/autoware.ai/install/autoware_lanelet2_msgs;/home/hypark/autoware.ai/install/autoware_external_msgs;/home/hypark/autoware.ai/install/autoware_driveworks_gmsl_interface;/home/hypark/autoware.ai/install/autoware_config_msgs;/home/hypark/autoware.ai/install/autoware_can_msgs;/home/hypark/autoware.ai/install/autoware_build_flags;/home/hypark/autoware.ai/install/autoware_bag_tools;/home/hypark/autoware.ai/install/adi_driver;/opt/ros/melodic
[1.752s] -- This workspace overlays: /home/hypark/rubis_ws/devel;/home/hypark/autoware.ai/install/ymc;/home/hypark/autoware.ai/install/xsens_driver;/home/hypark/autoware.ai/install/wf_simulator;/home/hypark/autoware.ai/install/lattice_planner;/home/hypark/autoware.ai/install/waypoint_planner;/home/hypark/autoware.ai/install/waypoint_maker;/home/hypark/autoware.ai/install/way_planner;/home/hypark/autoware.ai/install/vlg22c_cam;/home/hypark/autoware.ai/install/vision_ssd_detect;/home/hypark/autoware.ai/install/vision_segment_enet_detect;/home/hypark/autoware.ai/install/vision_lane_detect;/home/hypark/autoware.ai/install/vision_darknet_detect;/home/hypark/autoware.ai/install/vision_beyond_track;/home/hypark/autoware.ai/install/vel_pose_diff_checker;/home/hypark/autoware.ai/install/vehicle_socket;/home/hypark/autoware.ai/install/vehicle_sim_model;/home/hypark/autoware.ai/install/vehicle_model;/home/hypark/autoware.ai/install/vehicle_gazebo_simulation_launcher;/home/hypark/autoware.ai/install/vehicle_gazebo_simulation_interface;/home/hypark/autoware.ai/install/vehicle_engage_panel;/home/hypark/autoware.ai/install/vehicle_description;/home/hypark/autoware.ai/install/trafficlight_recognizer;/home/hypark/autoware.ai/install/op_utilities;/home/hypark/autoware.ai/install/op_simulation_package;/home/hypark/autoware.ai/install/op_local_planner;/home/hypark/autoware.ai/install/op_global_planner;/home/hypark/autoware.ai/install/lidar_kf_contour_track;/home/hypark/autoware.ai/install/op_ros_helpers;/home/hypark/autoware.ai/install/ff_waypoint_follower;/home/hypark/autoware.ai/install/dp_planner;/home/hypark/autoware.ai/install/op_simu;/home/hypark/autoware.ai/install/op_planner;/home/hypark/autoware.ai/install/op_utility;/home/hypark/autoware.ai/install/lidar_euclidean_cluster_detect;/home/hypark/autoware.ai/install/vector_map_server;/home/hypark/autoware.ai/install/road_occupancy_processor;/home/hypark/autoware.ai/install/costmap_generator;/home/hypark/autoware.ai/install/object_map;/home/hypark/autoware.ai/install/naive_motion_predict;/home/hypark/autoware.ai/install/lanelet_aisan_converter;/home/hypark/autoware.ai/install/map_file;/home/hypark/autoware.ai/install/libvectormap;/home/hypark/autoware.ai/install/lane_planner;/home/hypark/autoware.ai/install/imm_ukf_pda_track;/home/hypark/autoware.ai/install/decision_maker;/home/hypark/autoware.ai/install/vector_map;/home/hypark/autoware.ai/install/vector_map_msgs;/home/hypark/autoware.ai/install/vectacam;/home/hypark/autoware.ai/install/udon_socket;/home/hypark/autoware.ai/install/twist_generator;/home/hypark/autoware.ai/install/twist_gate;/home/hypark/autoware.ai/install/twist_filter;/home/hypark/autoware.ai/install/twist2odom;/home/hypark/autoware.ai/install/tablet_socket;/home/hypark/autoware.ai/install/runtime_manager;/home/hypark/autoware.ai/install/mqtt_socket;/home/hypark/autoware.ai/install/tablet_socket_msgs;/home/hypark/autoware.ai/install/state_machine_lib;/home/hypark/autoware.ai/install/sound_player;/home/hypark/autoware.ai/install/sick_lms5xx;/home/hypark/autoware.ai/install/sick_ldmrs_tools;/home/hypark/autoware.ai/install/sick_ldmrs_driver;/home/hypark/autoware.ai/install/sick_ldmrs_msgs;/home/hypark/autoware.ai/install/sick_ldmrs_description;/home/hypark/autoware.ai/install/points2image;/home/hypark/autoware.ai/install/rosinterface;/home/hypark/autoware.ai/install/rosbag_controller;/home/hypark/autoware.ai/install/pure_pursuit;/home/hypark/autoware.ai/install/points_preprocessor;/home/hypark/autoware.ai/install/mpc_follower;/home/hypark/autoware.ai/install/lidar_localizer;/home/hypark/autoware.ai/install/emergency_handler;/home/hypark/autoware.ai/install/autoware_health_checker;/home/hypark/autoware.ai/install/as;/home/hypark/autoware.ai/install/ros_observer;/home/hypark/autoware.ai/install/roi_object_filter;/home/hypark/autoware.ai/install/range_vision_fusion;/home/hypark/autoware.ai/install/pos_db;/home/hypark/autoware.ai/install/points_downsampler;/home/hypark/autoware.ai/install/pixel_cloud_fusion;/home/hypark/autoware.ai/install/pcl_omp_registration;/home/hypark/autoware.ai/install/pc2_downsampler;/home/hypark/autoware.ai/install/oculus_socket;/home/hypark/autoware.ai/install/obj_db;/home/hypark/autoware.ai/install/nmea_navsat;/home/hypark/autoware.ai/install/ndt_tku;/home/hypark/autoware.ai/install/ndt_gpu;/home/hypark/autoware.ai/install/ndt_cpu;/home/hypark/autoware.ai/install/multi_vlp_driver;/home/hypark/autoware.ai/install/multi_vlp_converter;/home/hypark/autoware.ai/install/multi_vlp_combiner;/home/hypark/autoware.ai/install/multi_lidar_calibrator;/home/hypark/autoware.ai/install/mrt_cmake_modules;/home/hypark/autoware.ai/install/microstrain_driver;/home/hypark/autoware.ai/install/memsic_imu;/home/hypark/autoware.ai/install/marker_downsampler;/home/hypark/autoware.ai/install/map_tools;/home/hypark/autoware.ai/install/map_tf_generator;/home/hypark/autoware.ai/install/log_tools;/home/hypark/autoware.ai/install/lidar_shape_estimation;/home/hypark/autoware.ai/install/lidar_point_pillars;/home/hypark/autoware.ai/install/lidar_naive_l_shape_detect;/home/hypark/autoware.ai/install/lidar_fake_perception;/home/hypark/autoware.ai/install/lidar_apollo_cnn_seg_detect;/home/hypark/autoware.ai/install/libwaypoint_follower;/home/hypark/autoware.ai/install/lgsvl_simulator_bridge;/home/hypark/autoware.ai/install/lanelet2_extension;/home/hypark/autoware.ai/install/lanelet2_validation;/home/hypark/autoware.ai/install/lanelet2_examples;/home/hypark/autoware.ai/install/lanelet2_python;/home/hypark/autoware.ai/install/lanelet2_routing;/home/hypark/autoware.ai/install/lanelet2_traffic_rules;/home/hypark/autoware.ai/install/lanelet2_projection;/home/hypark/autoware.ai/install/lanelet2_maps;/home/hypark/autoware.ai/install/lanelet2_io;/home/hypark/autoware.ai/install/lanelet2_core;/home/hypark/autoware.ai/install/kvaser;/home/hypark/autoware.ai/install/kitti_launch;/home/hypark/autoware.ai/install/kitti_player;/home/hypark/autoware.ai/install/kitti_box_publisher;/home/hypark/autoware.ai/install/javad_navsat_driver;/home/hypark/autoware.ai/install/integrated_viewer;/home/hypark/autoware.ai/install/image_processor;/home/hypark/autoware.ai/install/hokuyo;/home/hypark/autoware.ai/install/graph_tools;/home/hypark/autoware.ai/install/gnss_localizer;/home/hypark/autoware.ai/install/gnss;/home/hypark/autoware.ai/install/glviewer;/home/hypark/autoware.ai/install/gazebo_world_description;/home/hypark/autoware.ai/install/gazebo_imu_description;/home/hypark/autoware.ai/install/gazebo_camera_description;/home/hypark/autoware.ai/install/garmin;/home/hypark/autoware.ai/install/freespace_planner;/home/hypark/autoware.ai/install/fastvirtualscan;/home/hypark/autoware.ai/install/ekf_localizer;/home/hypark/autoware.ai/install/ds4_msgs;/home/hypark/autoware.ai/install/ds4_driver;/home/hypark/autoware.ai/install/detected_objects_visualizer;/home/hypark/autoware.ai/install/decision_maker_panel;/home/hypark/autoware.ai/install/data_preprocessor;/home/hypark/autoware.ai/install/custom_msgs;/home/hypark/autoware.ai/install/carla_autoware_bridge;/home/hypark/autoware.ai/install/calibration_publisher;/home/hypark/autoware.ai/install/autoware_system_msgs;/home/hypark/autoware.ai/install/autoware_rviz_plugins;/home/hypark/autoware.ai/install/autoware_quickstart_examples;/home/hypark/autoware.ai/install/autoware_pointgrey_drivers;/home/hypark/autoware.ai/install/autoware_driveworks_interface;/home/hypark/autoware.ai/install/autoware_connector;/home/hypark/autoware.ai/install/autoware_camera_lidar_calibrator;/home/hypark/autoware.ai/install/astar_search;/home/hypark/autoware.ai/install/amathutils_lib;/home/hypark/autoware.ai/install/autoware_msgs;/home/hypark/autoware.ai/install/autoware_map_msgs;/home/hypark/autoware.ai/install/autoware_launcher_rviz;/home/hypark/autoware.ai/install/autoware_launcher;/home/hypark/autoware.ai/install/autoware_lanelet2_msgs;/home/hypark/autoware.ai/install/autoware_external_msgs;/home/hypark/autoware.ai/install/autoware_driveworks_gmsl_interface;/home/hypark/autoware.ai/install/autoware_config_msgs;/home/hypark/autoware.ai/install/autoware_can_msgs;/home/hypark/autoware.ai/install/autoware_build_flags;/home/hypark/autoware.ai/install/autoware_bag_tools;/home/hypark/autoware.ai/install/adi_driver;/opt/ros/melodic
[1.776s] -- Found PythonInterp: /usr/bin/python2 (found suitable version "2.7.17", minimum required is "2") 
[1.776s] -- Using PYTHON_EXECUTABLE: /usr/bin/python2
[1.776s] -- Using Debian Python package layout
[1.778s] -- Using empy: /usr/bin/empy
[1.911s] -- Using CATKIN_ENABLE_TESTING: ON
[1.911s] -- Call enable_testing()
[1.915s] -- Using CATKIN_TEST_RESULTS_DIR: /home/hypark/git/Autoware_On_Embedded/build/autoware_config_msgs/test_results
[1.952s] -- Found gtest sources under '/usr/src/googletest': gtests will be built
[1.952s] -- Found gmock sources under '/usr/src/googletest': gmock will be built
[1.972s] -- Found PythonInterp: /usr/bin/python2 (found version "2.7.17") 
[1.973s] -- Looking for pthread.h
[2.110s] -- Looking for pthread.h - found
[2.110s] -- Looking for pthread_create
[2.241s] -- Looking for pthread_create - not found
[2.241s] -- Looking for pthread_create in pthreads
[2.369s] -- Looking for pthread_create in pthreads - not found
[2.369s] -- Looking for pthread_create in pthread
[2.503s] -- Looking for pthread_create in pthread - found
[2.504s] -- Found Threads: TRUE  
[2.511s] -- Using Python nosetests: /usr/bin/nosetests-2.7
[2.558s] -- catkin 0.7.29
[2.558s] -- BUILD_SHARED_LIBS is on
[2.779s] -- Using these message generators: gencpp;geneus;genlisp;gennodejs;genpy
[3.128s] -- autoware_config_msgs: 31 messages, 0 services
[3.333s] -- Configuring done
[3.370s] -- Generating done
[3.379s] -- Build files have been written to: /home/hypark/git/Autoware_On_Embedded/build/autoware_config_msgs
[3.384s] Invoked command in '/home/hypark/git/Autoware_On_Embedded/build/autoware_config_msgs' returned '0': /usr/bin/cmake /home/hypark/git/Autoware_On_Embedded/autoware.ai/src/autoware/messages/autoware_config_msgs -DCMAKE_BUILD_TYPE=Release -DCATKIN_INSTALL_INTO_PREFIX_ROOT=0 -DCMAKE_INSTALL_PREFIX=/home/hypark/git/Autoware_On_Embedded/install/autoware_config_msgs
[3.385s] Invoking command in '/home/hypark/git/Autoware_On_Embedded/build/autoware_config_msgs': /usr/bin/cmake --build /home/hypark/git/Autoware_On_Embedded/build/autoware_config_msgs -- -j12 -l12
[3.503s] [35m[1mScanning dependencies of target _autoware_config_msgs_generate_messages_check_deps_ConfigRayGroundFilter[0m
[3.503s] [35m[1mScanning dependencies of target _autoware_config_msgs_generate_messages_check_deps_ConfigVoxelGridFilter[0m
[3.504s] [35m[1mScanning dependencies of target _autoware_config_msgs_generate_messages_check_deps_ConfigSSD[0m
[3.504s] [35m[1mScanning dependencies of target _autoware_config_msgs_generate_messages_check_deps_ConfigLaneStop[0m
[3.506s] [35m[1mScanning dependencies of target _autoware_config_msgs_generate_messages_check_deps_ConfigCompareMapFilter[0m
[3.507s] [35m[1mScanning dependencies of target _autoware_config_msgs_generate_messages_check_deps_ConfigCarKF[0m
[3.509s] [35m[1mScanning dependencies of target _autoware_config_msgs_generate_messages_check_deps_ConfigRingGroundFilter[0m
[3.509s] [35m[1mScanning dependencies of target _autoware_config_msgs_generate_messages_check_deps_ConfigLatticeVelocitySet[0m
[3.512s] [35m[1mScanning dependencies of target _autoware_config_msgs_generate_messages_check_deps_ConfigApproximateNDTMapping[0m
[3.518s] [35m[1mScanning dependencies of target _autoware_config_msgs_generate_messages_check_deps_ConfigPedestrianDPM[0m
[3.528s] [35m[1mScanning dependencies of target _autoware_config_msgs_generate_messages_check_deps_ConfigLaneSelect[0m
[3.549s] [35m[1mScanning dependencies of target _autoware_config_msgs_generate_messages_check_deps_ConfigDistanceFilter[0m
[3.622s] [  0%] Built target _autoware_config_msgs_generate_messages_check_deps_ConfigCarKF
[3.626s] [  0%] Built target _autoware_config_msgs_generate_messages_check_deps_ConfigLaneStop
[3.631s] [  0%] Built target _autoware_config_msgs_generate_messages_check_deps_ConfigCompareMapFilter
[3.632s] [  0%] Built target _autoware_config_msgs_generate_messages_check_deps_ConfigRayGroundFilter
[3.640s] [  0%] Built target _autoware_config_msgs_generate_messages_check_deps_ConfigLatticeVelocitySet
[3.647s] [  0%] Built target _autoware_config_msgs_generate_messages_check_deps_ConfigSSD
[3.654s] [  0%] Built target _autoware_config_msgs_generate_messages_check_deps_ConfigVoxelGridFilter
[3.677s] [  0%] Built target _autoware_config_msgs_generate_messages_check_deps_ConfigApproximateNDTMapping
[3.678s] [35m[1mScanning dependencies of target _autoware_config_msgs_generate_messages_check_deps_ConfigNDTMapping[0m
[3.682s] [35m[1mScanning dependencies of target _autoware_config_msgs_generate_messages_check_deps_ConfigDecisionMaker[0m
[3.683s] [  0%] Built target _autoware_config_msgs_generate_messages_check_deps_ConfigLaneSelect
[3.684s] [  0%] Built target _autoware_config_msgs_generate_messages_check_deps_ConfigPedestrianDPM
[3.690s] [  0%] Built target _autoware_config_msgs_generate_messages_check_deps_ConfigRingGroundFilter
[3.693s] [35m[1mScanning dependencies of target _autoware_config_msgs_generate_messages_check_deps_ConfigNDT[0m
[3.699s] [35m[1mScanning dependencies of target _autoware_config_msgs_generate_messages_check_deps_ConfigRingFilter[0m
[3.708s] [35m[1mScanning dependencies of target _autoware_config_msgs_generate_messages_check_deps_ConfigCarDPM[0m
[3.711s] [  0%] Built target _autoware_config_msgs_generate_messages_check_deps_ConfigDistanceFilter
[3.715s] [35m[1mScanning dependencies of target _autoware_config_msgs_generate_messages_check_deps_ConfigTwistFilter[0m
[3.722s] [35m[1mScanning dependencies of target _autoware_config_msgs_generate_messages_check_deps_ConfigWaypointReplanner[0m
[3.729s] [35m[1mScanning dependencies of target std_msgs_generate_messages_py[0m
[3.743s] [35m[1mScanning dependencies of target _autoware_config_msgs_generate_messages_check_deps_ConfigCarFusion[0m
[3.755s] [35m[1mScanning dependencies of target _autoware_config_msgs_generate_messages_check_deps_ConfigPedestrianKF[0m
[3.768s] [35m[1mScanning dependencies of target _autoware_config_msgs_generate_messages_check_deps_ConfigPoints2Polygon[0m
[3.768s] [35m[1mScanning dependencies of target _autoware_config_msgs_generate_messages_check_deps_ConfigVelocitySet[0m
[3.791s] [  0%] Built target std_msgs_generate_messages_py
[3.812s] [  0%] Built target _autoware_config_msgs_generate_messages_check_deps_ConfigDecisionMaker
[3.821s] [  0%] Built target _autoware_config_msgs_generate_messages_check_deps_ConfigNDT
[3.844s] [  0%] Built target _autoware_config_msgs_generate_messages_check_deps_ConfigTwistFilter
[3.847s] [35m[1mScanning dependencies of target _autoware_config_msgs_generate_messages_check_deps_ConfigRandomFilter[0m
[3.854s] [  0%] Built target _autoware_config_msgs_generate_messages_check_deps_ConfigNDTMapping
[3.861s] [  0%] Built target _autoware_config_msgs_generate_messages_check_deps_ConfigRingFilter
[3.862s] [  0%] Built target _autoware_config_msgs_generate_messages_check_deps_ConfigCarDPM
[3.863s] [  0%] Built target _autoware_config_msgs_generate_messages_check_deps_ConfigWaypointReplanner
[3.880s] [35m[1mScanning dependencies of target _autoware_config_msgs_generate_messages_check_deps_ConfigPlannerSelector[0m
[3.882s] [35m[1mScanning dependencies of target _autoware_config_msgs_generate_messages_check_deps_ConfigWaypointFollower[0m
[3.884s] [  0%] Built target _autoware_config_msgs_generate_messages_check_deps_ConfigVelocitySet
[3.895s] [  0%] Built target _autoware_config_msgs_generate_messages_check_deps_ConfigPedestrianKF
[3.900s] [  0%] Built target _autoware_config_msgs_generate_messages_check_deps_ConfigPoints2Polygon
[3.907s] [  0%] Built target _autoware_config_msgs_generate_messages_check_deps_ConfigCarFusion
[3.915s] [35m[1mScanning dependencies of target _autoware_config_msgs_generate_messages_check_deps_ConfigLaneRule[0m
[3.915s] [35m[1mScanning dependencies of target _autoware_config_msgs_generate_messages_check_deps_ConfigNDTMappingOutput[0m
[3.915s] [35m[1mScanning dependencies of target _autoware_config_msgs_generate_messages_check_deps_ConfigPedestrianFusion[0m
[3.924s] [35m[1mScanning dependencies of target _autoware_config_msgs_generate_messages_check_deps_ConfigRcnn[0m
[3.936s] [35m[1mScanning dependencies of target _autoware_config_msgs_generate_messages_check_deps_ConfigICP[0m
[3.945s] [35m[1mScanning dependencies of target std_msgs_generate_messages_lisp[0m
[3.950s] [35m[1mScanning dependencies of target std_msgs_generate_messages_eus[0m
[3.951s] [35m[1mScanning dependencies of target std_msgs_generate_messages_nodejs[0m
[3.969s] [35m[1mScanning dependencies of target std_msgs_generate_messages_cpp[0m
[3.975s] [  0%] Built target _autoware_config_msgs_generate_messages_check_deps_ConfigRandomFilter
[4.002s] [  0%] Built target std_msgs_generate_messages_cpp
[4.007s] [  0%] Built target std_msgs_generate_messages_nodejs
[4.007s] [  0%] Built target std_msgs_generate_messages_lisp
[4.011s] [  0%] Built target _autoware_config_msgs_generate_messages_check_deps_ConfigPlannerSelector
[4.020s] [  0%] Built target std_msgs_generate_messages_eus
[4.024s] [  0%] Built target _autoware_config_msgs_generate_messages_check_deps_ConfigPedestrianFusion
[4.028s] [  0%] Built target _autoware_config_msgs_generate_messages_check_deps_ConfigWaypointFollower
[4.041s] [  0%] Built target _autoware_config_msgs_generate_messages_check_deps_ConfigNDTMappingOutput
[4.041s] [  0%] Built target _autoware_config_msgs_generate_messages_check_deps_ConfigLaneRule
[4.049s] [  0%] Built target _autoware_config_msgs_generate_messages_check_deps_ConfigRcnn
[4.060s] [  0%] Built target _autoware_config_msgs_generate_messages_check_deps_ConfigICP
[4.094s] [35m[1mScanning dependencies of target autoware_config_msgs_generate_messages_py[0m
[4.094s] [35m[1mScanning dependencies of target autoware_config_msgs_generate_messages_eus[0m
[4.095s] [35m[1mScanning dependencies of target autoware_config_msgs_generate_messages_lisp[0m
[4.102s] [35m[1mScanning dependencies of target autoware_config_msgs_generate_messages_cpp[0m
[4.103s] [35m[1mScanning dependencies of target autoware_config_msgs_generate_messages_nodejs[0m
[4.128s] [  1%] [34m[1mGenerating EusLisp code from autoware_config_msgs/ConfigRingGroundFilter.msg[0m
[4.137s] [  2%] [34m[1mGenerating Lisp code from autoware_config_msgs/ConfigWaypointReplanner.msg[0m
[4.137s] [  2%] [34m[1mGenerating EusLisp code from autoware_config_msgs/ConfigPedestrianKF.msg[0m
[4.137s] [  2%] [34m[1mGenerating EusLisp code from autoware_config_msgs/ConfigWaypointReplanner.msg[0m
[4.138s] [  3%] [34m[1mGenerating EusLisp code from autoware_config_msgs/ConfigRcnn.msg[0m
[4.138s] [  4%] [34m[1mGenerating Lisp code from autoware_config_msgs/ConfigRingGroundFilter.msg[0m
[4.141s] [  5%] [34m[1mGenerating Lisp code from autoware_config_msgs/ConfigPoints2Polygon.msg[0m
[4.142s] [  6%] [34m[1mGenerating EusLisp code from autoware_config_msgs/ConfigPoints2Polygon.msg[0m
[4.142s] [  6%] [34m[1mGenerating EusLisp code from autoware_config_msgs/ConfigSSD.msg[0m
[4.146s] [  7%] [34m[1mGenerating Python from MSG autoware_config_msgs/ConfigPoints2Polygon[0m
[4.158s] [  7%] [34m[1mGenerating C++ code from autoware_config_msgs/ConfigPoints2Polygon.msg[0m
[4.185s] [  8%] [34m[1mGenerating Javascript code from autoware_config_msgs/ConfigPoints2Polygon.msg[0m
[4.280s] [  9%] [34m[1mGenerating Javascript code from autoware_config_msgs/ConfigWaypointReplanner.msg[0m
[4.283s] [ 10%] [34m[1mGenerating C++ code from autoware_config_msgs/ConfigWaypointReplanner.msg[0m
[4.295s] [ 10%] [34m[1mGenerating Lisp code from autoware_config_msgs/ConfigSSD.msg[0m
[4.304s] [ 10%] [34m[1mGenerating C++ code from autoware_config_msgs/ConfigRingGroundFilter.msg[0m
[4.310s] [ 10%] [34m[1mGenerating EusLisp code from autoware_config_msgs/ConfigVoxelGridFilter.msg[0m
[4.311s] [ 10%] [34m[1mGenerating C++ code from autoware_config_msgs/ConfigRcnn.msg[0m
[4.312s] [ 11%] [34m[1mGenerating EusLisp code from autoware_config_msgs/ConfigCarDPM.msg[0m
[4.319s] [ 12%] [34m[1mGenerating C++ code from autoware_config_msgs/ConfigSSD.msg[0m
[4.322s] [ 12%] [34m[1mGenerating EusLisp code from autoware_config_msgs/ConfigTwistFilter.msg[0m
[4.346s] [ 13%] [34m[1mGenerating Python from MSG autoware_config_msgs/ConfigWaypointReplanner[0m
[4.346s] [ 13%] [34m[1mGenerating Lisp code from autoware_config_msgs/ConfigRcnn.msg[0m
[4.407s] [ 13%] [34m[1mGenerating Javascript code from autoware_config_msgs/ConfigRingGroundFilter.msg[0m
[4.439s] [ 15%] [34m[1mGenerating C++ code from autoware_config_msgs/ConfigPedestrianKF.msg[0m
[4.460s] [ 16%] [34m[1mGenerating Python from MSG autoware_config_msgs/ConfigRingGroundFilter[0m
[4.469s] [ 16%] [34m[1mGenerating Lisp code from autoware_config_msgs/ConfigVoxelGridFilter.msg[0m
[4.475s] [ 17%] [34m[1mGenerating Lisp code from autoware_config_msgs/ConfigCarDPM.msg[0m
[4.490s] [ 18%] [34m[1mGenerating Lisp code from autoware_config_msgs/ConfigPedestrianKF.msg[0m
[4.507s] [ 19%] [34m[1mGenerating EusLisp code from autoware_config_msgs/ConfigPlannerSelector.msg[0m
[4.513s] [ 20%] [34m[1mGenerating EusLisp code from autoware_config_msgs/ConfigWaypointFollower.msg[0m
[4.541s] [ 21%] [34m[1mGenerating Javascript code from autoware_config_msgs/ConfigSSD.msg[0m
[4.568s] [ 21%] [34m[1mGenerating EusLisp code from autoware_config_msgs/ConfigApproximateNDTMapping.msg[0m
[4.591s] [ 22%] [34m[1mGenerating EusLisp code from autoware_config_msgs/ConfigLaneSelect.msg[0m
[4.596s] [ 23%] [34m[1mGenerating Javascript code from autoware_config_msgs/ConfigPedestrianKF.msg[0m
[4.600s] [ 24%] [34m[1mGenerating Javascript code from autoware_config_msgs/ConfigVoxelGridFilter.msg[0m
[4.602s] [ 24%] [34m[1mGenerating Javascript code from autoware_config_msgs/ConfigRcnn.msg[0m
[4.626s] [ 25%] [34m[1mGenerating C++ code from autoware_config_msgs/ConfigVoxelGridFilter.msg[0m
[4.647s] [ 25%] [34m[1mGenerating Lisp code from autoware_config_msgs/ConfigTwistFilter.msg[0m
[4.663s] [ 25%] [34m[1mGenerating Python from MSG autoware_config_msgs/ConfigSSD[0m
[4.684s] [ 26%] [34m[1mGenerating C++ code from autoware_config_msgs/ConfigTwistFilter.msg[0m
[4.688s] [ 26%] [34m[1mGenerating C++ code from autoware_config_msgs/ConfigCarDPM.msg[0m
[4.710s] [ 27%] [34m[1mGenerating Lisp code from autoware_config_msgs/ConfigWaypointFollower.msg[0m
[4.724s] [ 29%] [34m[1mGenerating Python from MSG autoware_config_msgs/ConfigRcnn[0m
[4.737s] [ 29%] [34m[1mGenerating Python from MSG autoware_config_msgs/ConfigPedestrianKF[0m
[4.744s] [ 29%] [34m[1mGenerating C++ code from autoware_config_msgs/ConfigWaypointFollower.msg[0m
[4.751s] [ 29%] [34m[1mGenerating Javascript code from autoware_config_msgs/ConfigCarDPM.msg[0m
[4.752s] [ 29%] [34m[1mGenerating EusLisp code from autoware_config_msgs/ConfigRandomFilter.msg[0m
[4.764s] [ 30%] [34m[1mGenerating Python from MSG autoware_config_msgs/ConfigVoxelGridFilter[0m
[4.843s] [ 30%] [34m[1mGenerating Lisp code from autoware_config_msgs/ConfigApproximateNDTMapping.msg[0m
[4.857s] [ 31%] [34m[1mGenerating Lisp code from autoware_config_msgs/ConfigPlannerSelector.msg[0m
[4.876s] [ 32%] [34m[1mGenerating Python from MSG autoware_config_msgs/ConfigCarDPM[0m
[4.892s] [ 33%] [34m[1mGenerating C++ code from autoware_config_msgs/ConfigPlannerSelector.msg[0m
[4.902s] [ 34%] [34m[1mGenerating Javascript code from autoware_config_msgs/ConfigTwistFilter.msg[0m
[4.933s] [ 35%] [34m[1mGenerating Lisp code from autoware_config_msgs/ConfigLaneSelect.msg[0m
[4.940s] [ 36%] [34m[1mGenerating EusLisp code from autoware_config_msgs/ConfigPedestrianFusion.msg[0m
[4.944s] [ 36%] [34m[1mGenerating EusLisp code from autoware_config_msgs/ConfigLaneRule.msg[0m
[4.947s] [ 36%] [34m[1mGenerating Python from MSG autoware_config_msgs/ConfigTwistFilter[0m
[4.979s] [ 37%] [34m[1mGenerating Python from MSG autoware_config_msgs/ConfigWaypointFollower[0m
[4.992s] [ 37%] [34m[1mGenerating Python from MSG autoware_config_msgs/ConfigPlannerSelector[0m
[5.015s] [ 38%] [34m[1mGenerating Python from MSG autoware_config_msgs/ConfigApproximateNDTMapping[0m
[5.029s] [ 39%] [34m[1mGenerating C++ code from autoware_config_msgs/ConfigApproximateNDTMapping.msg[0m
[5.045s] [ 40%] [34m[1mGenerating Python from MSG autoware_config_msgs/ConfigLaneSelect[0m
[5.057s] [ 40%] [34m[1mGenerating Javascript code from autoware_config_msgs/ConfigWaypointFollower.msg[0m
[5.097s] [ 40%] [34m[1mGenerating Lisp code from autoware_config_msgs/ConfigRandomFilter.msg[0m
[5.112s] [ 40%] [34m[1mGenerating Python from MSG autoware_config_msgs/ConfigRandomFilter[0m
[5.132s] [ 41%] [34m[1mGenerating EusLisp code from autoware_config_msgs/ConfigICP.msg[0m
[5.152s] [ 43%] [34m[1mGenerating EusLisp code from autoware_config_msgs/ConfigRayGroundFilter.msg[0m
[5.170s] [ 44%] [34m[1mGenerating Lisp code from autoware_config_msgs/ConfigPedestrianFusion.msg[0m
[5.185s] [ 45%] [34m[1mGenerating Lisp code from autoware_config_msgs/ConfigLaneRule.msg[0m
[5.192s] [ 46%] [34m[1mGenerating Javascript code from autoware_config_msgs/ConfigPlannerSelector.msg[0m
[5.204s] [ 46%] [34m[1mGenerating C++ code from autoware_config_msgs/ConfigLaneSelect.msg[0m
[5.206s] [ 47%] [34m[1mGenerating C++ code from autoware_config_msgs/ConfigRandomFilter.msg[0m
[5.235s] [ 47%] [34m[1mGenerating Lisp code from autoware_config_msgs/ConfigICP.msg[0m
[5.248s] [ 47%] [34m[1mGenerating C++ code from autoware_config_msgs/ConfigPedestrianFusion.msg[0m
[5.278s] [ 48%] [34m[1mGenerating Python from MSG autoware_config_msgs/ConfigPedestrianFusion[0m
[5.316s] [ 49%] [34m[1mGenerating C++ code from autoware_config_msgs/ConfigICP.msg[0m
[5.316s] [ 50%] [34m[1mGenerating Lisp code from autoware_config_msgs/ConfigRayGroundFilter.msg[0m
[5.320s] [ 51%] [34m[1mGenerating Javascript code from autoware_config_msgs/ConfigApproximateNDTMapping.msg[0m
[5.328s] [ 52%] [34m[1mGenerating C++ code from autoware_config_msgs/ConfigLaneRule.msg[0m
[5.337s] [ 52%] [34m[1mGenerating Python from MSG autoware_config_msgs/ConfigLaneRule[0m
[5.342s] [ 52%] [34m[1mGenerating Javascript code from autoware_config_msgs/ConfigLaneSelect.msg[0m
[5.346s] [ 52%] [34m[1mGenerating EusLisp code from autoware_config_msgs/ConfigCompareMapFilter.msg[0m
[5.363s] [ 52%] [34m[1mGenerating C++ code from autoware_config_msgs/ConfigRayGroundFilter.msg[0m
[5.455s] [ 53%] [34m[1mGenerating Lisp code from autoware_config_msgs/ConfigCarFusion.msg[0m
[5.481s] [ 53%] [34m[1mGenerating Lisp code from autoware_config_msgs/ConfigCompareMapFilter.msg[0m
[5.487s] [ 54%] [34m[1mGenerating Javascript code from autoware_config_msgs/ConfigRandomFilter.msg[0m
[5.493s] [ 55%] [34m[1mGenerating C++ code from autoware_config_msgs/ConfigCompareMapFilter.msg[0m
[5.503s] [ 56%] [34m[1mGenerating Lisp code from autoware_config_msgs/ConfigVelocitySet.msg[0m
[5.515s] [ 56%] [34m[1mGenerating C++ code from autoware_config_msgs/ConfigCarFusion.msg[0m
[5.540s] [ 59%] [34m[1mGenerating Python from MSG autoware_config_msgs/ConfigICP[0m
[5.540s] [ 59%] [34m[1mGenerating EusLisp code from autoware_config_msgs/ConfigCarFusion.msg[0m
[5.572s] [ 59%] [34m[1mGenerating Javascript code from autoware_config_msgs/ConfigPedestrianFusion.msg[0m
[5.583s] [ 59%] [34m[1mGenerating EusLisp code from autoware_config_msgs/ConfigVelocitySet.msg[0m
[5.598s] [ 60%] [34m[1mGenerating Javascript code from autoware_config_msgs/ConfigLaneRule.msg[0m
[5.603s] [ 61%] [34m[1mGenerating Javascript code from autoware_config_msgs/ConfigICP.msg[0m
[5.616s] [ 61%] [34m[1mGenerating Javascript code from autoware_config_msgs/ConfigRayGroundFilter.msg[0m
[5.649s] [ 62%] [34m[1mGenerating EusLisp code from autoware_config_msgs/ConfigNDTMappingOutput.msg[0m
[5.688s] [ 62%] [34m[1mGenerating Lisp code from autoware_config_msgs/ConfigNDTMappingOutput.msg[0m
[5.702s] [ 63%] [34m[1mGenerating Lisp code from autoware_config_msgs/ConfigDistanceFilter.msg[0m
[5.710s] [ 64%] [34m[1mGenerating EusLisp code from autoware_config_msgs/ConfigDistanceFilter.msg[0m
[5.722s] [ 65%] [34m[1mGenerating C++ code from autoware_config_msgs/ConfigVelocitySet.msg[0m
[5.731s] [ 66%] [34m[1mGenerating Javascript code from autoware_config_msgs/ConfigCompareMapFilter.msg[0m
[5.737s] [ 66%] [34m[1mGenerating Javascript code from autoware_config_msgs/ConfigCarFusion.msg[0m
[5.755s] [ 67%] [34m[1mGenerating Python from MSG autoware_config_msgs/ConfigRayGroundFilter[0m
[5.764s] [ 67%] [34m[1mGenerating Python from MSG autoware_config_msgs/ConfigCompareMapFilter[0m
[5.765s] [ 67%] [34m[1mGenerating EusLisp code from autoware_config_msgs/ConfigNDTMapping.msg[0m
[5.803s] [ 68%] [34m[1mGenerating C++ code from autoware_config_msgs/ConfigNDTMappingOutput.msg[0m
[5.826s] [ 68%] [34m[1mGenerating C++ code from autoware_config_msgs/ConfigDistanceFilter.msg[0m
[5.840s] [ 69%] [34m[1mGenerating EusLisp code from autoware_config_msgs/ConfigRingFilter.msg[0m
[5.852s] [ 70%] [34m[1mGenerating C++ code from autoware_config_msgs/ConfigNDTMapping.msg[0m
[5.880s] [ 70%] [34m[1mGenerating EusLisp code from autoware_config_msgs/ConfigLatticeVelocitySet.msg[0m
[5.890s] [ 70%] [34m[1mGenerating Lisp code from autoware_config_msgs/ConfigNDTMapping.msg[0m
[5.892s] [ 70%] [34m[1mGenerating C++ code from autoware_config_msgs/ConfigRingFilter.msg[0m
[5.919s] [ 72%] [34m[1mGenerating Javascript code from autoware_config_msgs/ConfigVelocitySet.msg[0m
[5.941s] [ 73%] [34m[1mGenerating Javascript code from autoware_config_msgs/ConfigNDTMappingOutput.msg[0m
[5.971s] [ 74%] [34m[1mGenerating EusLisp code from autoware_config_msgs/ConfigLaneStop.msg[0m
[5.976s] [ 75%] [34m[1mGenerating Python from MSG autoware_config_msgs/ConfigCarFusion[0m
[6.017s] [ 75%] [34m[1mGenerating Javascript code from autoware_config_msgs/ConfigDistanceFilter.msg[0m
[6.017s] [ 76%] [34m[1mGenerating EusLisp code from autoware_config_msgs/ConfigNDT.msg[0m
[6.044s] [ 77%] [34m[1mGenerating Lisp code from autoware_config_msgs/ConfigRingFilter.msg[0m
[6.069s] [ 77%] [34m[1mGenerating EusLisp code from autoware_config_msgs/ConfigDecisionMaker.msg[0m
[6.077s] [ 77%] [34m[1mGenerating Lisp code from autoware_config_msgs/ConfigLatticeVelocitySet.msg[0m
[6.085s] [ 78%] [34m[1mGenerating Javascript code from autoware_config_msgs/ConfigNDTMapping.msg[0m
[6.095s] [ 79%] [34m[1mGenerating EusLisp code from autoware_config_msgs/ConfigCarKF.msg[0m
[6.115s] [ 80%] [34m[1mGenerating Lisp code from autoware_config_msgs/ConfigLaneStop.msg[0m
[6.133s] [ 81%] [34m[1mGenerating C++ code from autoware_config_msgs/ConfigLaneStop.msg[0m
[6.134s] [ 82%] [34m[1mGenerating C++ code from autoware_config_msgs/ConfigLatticeVelocitySet.msg[0m
[6.156s] [ 82%] [34m[1mGenerating Javascript code from autoware_config_msgs/ConfigRingFilter.msg[0m
[6.180s] [ 83%] [34m[1mGenerating C++ code from autoware_config_msgs/ConfigDecisionMaker.msg[0m
[6.195s] [ 83%] [34m[1mGenerating Python from MSG autoware_config_msgs/ConfigVelocitySet[0m
[6.197s] [ 84%] [34m[1mGenerating Lisp code from autoware_config_msgs/ConfigNDT.msg[0m
[6.204s] [ 84%] [34m[1mGenerating C++ code from autoware_config_msgs/ConfigNDT.msg[0m
[6.214s] [ 84%] [34m[1mGenerating C++ code from autoware_config_msgs/ConfigCarKF.msg[0m
[6.237s] [ 86%] [34m[1mGenerating C++ code from autoware_config_msgs/ConfigPedestrianDPM.msg[0m
[6.237s] [ 86%] [34m[1mGenerating EusLisp code from autoware_config_msgs/ConfigPedestrianDPM.msg[0m
[6.253s] [ 87%] [34m[1mGenerating EusLisp manifest code for autoware_config_msgs[0m
[6.268s] [ 88%] [34m[1mGenerating Python from MSG autoware_config_msgs/ConfigNDTMappingOutput[0m
[6.328s] [ 89%] [34m[1mGenerating Javascript code from autoware_config_msgs/ConfigLatticeVelocitySet.msg[0m
[6.336s] [ 89%] [34m[1mGenerating Lisp code from autoware_config_msgs/ConfigDecisionMaker.msg[0m
[6.429s] [ 90%] [34m[1mGenerating Javascript code from autoware_config_msgs/ConfigLaneStop.msg[0m
[6.444s] [ 91%] [34m[1mGenerating Python from MSG autoware_config_msgs/ConfigDistanceFilter[0m
[6.449s] [ 91%] [34m[1mGenerating Python from MSG autoware_config_msgs/ConfigNDTMapping[0m
[6.464s] [ 91%] [34m[1mGenerating Lisp code from autoware_config_msgs/ConfigPedestrianDPM.msg[0m
[6.464s] [ 92%] [34m[1mGenerating Lisp code from autoware_config_msgs/ConfigCarKF.msg[0m
[6.465s] [ 92%] [34m[1mGenerating Javascript code from autoware_config_msgs/ConfigNDT.msg[0m
[6.489s] [ 93%] [34m[1mGenerating Javascript code from autoware_config_msgs/ConfigDecisionMaker.msg[0m
[6.493s] [ 93%] Built target autoware_config_msgs_generate_messages_cpp
[6.499s] [ 94%] [34m[1mGenerating Python from MSG autoware_config_msgs/ConfigRingFilter[0m
[6.513s] [ 94%] [34m[1mGenerating Javascript code from autoware_config_msgs/ConfigCarKF.msg[0m
[6.540s] [ 94%] [34m[1mGenerating Python from MSG autoware_config_msgs/ConfigLatticeVelocitySet[0m
[6.553s] [ 95%] [34m[1mGenerating Javascript code from autoware_config_msgs/ConfigPedestrianDPM.msg[0m
[6.609s] [ 96%] [34m[1mGenerating Python from MSG autoware_config_msgs/ConfigLaneStop[0m
[6.616s] [ 97%] [34m[1mGenerating Python from MSG autoware_config_msgs/ConfigNDT[0m
[6.621s] [ 97%] [34m[1mGenerating Python from MSG autoware_config_msgs/ConfigDecisionMaker[0m
[6.637s] [ 97%] Built target autoware_config_msgs_generate_messages_lisp
[6.648s] [ 97%] [34m[1mGenerating Python from MSG autoware_config_msgs/ConfigPedestrianDPM[0m
[6.650s] [ 98%] [34m[1mGenerating Python from MSG autoware_config_msgs/ConfigCarKF[0m
[6.692s] [ 98%] Built target autoware_config_msgs_generate_messages_nodejs
[6.850s] [100%] [34m[1mGenerating Python msg __init__.py for autoware_config_msgs[0m
[6.989s] [100%] Built target autoware_config_msgs_generate_messages_py
[7.384s] [100%] Built target autoware_config_msgs_generate_messages_eus
[7.415s] [35m[1mScanning dependencies of target autoware_config_msgs_generate_messages[0m
[7.444s] [100%] Built target autoware_config_msgs_generate_messages
[7.467s] Invoked command in '/home/hypark/git/Autoware_On_Embedded/build/autoware_config_msgs' returned '0': /usr/bin/cmake --build /home/hypark/git/Autoware_On_Embedded/build/autoware_config_msgs -- -j12 -l12
[7.707s] Invoking command in '/home/hypark/git/Autoware_On_Embedded/build/autoware_config_msgs': /usr/bin/cmake --build /home/hypark/git/Autoware_On_Embedded/build/autoware_config_msgs --target tests -- -j12 -l12
[7.832s] [35m[1mScanning dependencies of target tests[0m
[7.859s] Built target tests
[7.882s] Invoked command in '/home/hypark/git/Autoware_On_Embedded/build/autoware_config_msgs' returned '0': /usr/bin/cmake --build /home/hypark/git/Autoware_On_Embedded/build/autoware_config_msgs --target tests -- -j12 -l12
[8.119s] Invoking command in '/home/hypark/git/Autoware_On_Embedded/build/autoware_config_msgs': /usr/bin/cmake --build /home/hypark/git/Autoware_On_Embedded/build/autoware_config_msgs --target install -- -j12 -l12
[8.346s] [  0%] Built target _autoware_config_msgs_generate_messages_check_deps_ConfigDistanceFilter
[8.350s] [  0%] Built target _autoware_config_msgs_generate_messages_check_deps_ConfigPedestrianDPM
[8.351s] [  0%] Built target _autoware_config_msgs_generate_messages_check_deps_ConfigLaneStop
[8.353s] [  0%] Built target _autoware_config_msgs_generate_messages_check_deps_ConfigCompareMapFilter
[8.357s] [  0%] Built target _autoware_config_msgs_generate_messages_check_deps_ConfigSSD
[8.357s] [  0%] Built target _autoware_config_msgs_generate_messages_check_deps_ConfigLaneSelect
[8.362s] [  0%] Built target _autoware_config_msgs_generate_messages_check_deps_ConfigRayGroundFilter
[8.369s] [  0%] Built target _autoware_config_msgs_generate_messages_check_deps_ConfigCarKF
[8.376s] [  0%] Built target _autoware_config_msgs_generate_messages_check_deps_ConfigApproximateNDTMapping
[8.382s] [  0%] Built target _autoware_config_msgs_generate_messages_check_deps_ConfigVoxelGridFilter
[8.404s] [  0%] Built target _autoware_config_msgs_generate_messages_check_deps_ConfigLatticeVelocitySet
[8.421s] [  0%] Built target _autoware_config_msgs_generate_messages_check_deps_ConfigRingGroundFilter
[8.466s] [  0%] Built target std_msgs_generate_messages_py
[8.516s] [  0%] Built target _autoware_config_msgs_generate_messages_check_deps_ConfigNDTMapping
[8.522s] [  0%] Built target _autoware_config_msgs_generate_messages_check_deps_ConfigDecisionMaker
[8.537s] [  0%] Built target _autoware_config_msgs_generate_messages_check_deps_ConfigCarDPM
[8.537s] [  0%] Built target _autoware_config_msgs_generate_messages_check_deps_ConfigNDT
[8.546s] [  0%] Built target _autoware_config_msgs_generate_messages_check_deps_ConfigRingFilter
[8.547s] [  0%] Built target _autoware_config_msgs_generate_messages_check_deps_ConfigWaypointReplanner
[8.553s] [  0%] Built target _autoware_config_msgs_generate_messages_check_deps_ConfigTwistFilter
[8.553s] [  0%] Built target _autoware_config_msgs_generate_messages_check_deps_ConfigVelocitySet
[8.568s] [  0%] Built target _autoware_config_msgs_generate_messages_check_deps_ConfigCarFusion
[8.589s] [  0%] Built target _autoware_config_msgs_generate_messages_check_deps_ConfigPoints2Polygon
[8.599s] [  0%] Built target _autoware_config_msgs_generate_messages_check_deps_ConfigPedestrianKF
[8.652s] [  0%] Built target _autoware_config_msgs_generate_messages_check_deps_ConfigRandomFilter
[8.663s] [  0%] Built target std_msgs_generate_messages_nodejs
[8.691s] [  0%] Built target std_msgs_generate_messages_lisp
[8.697s] [  0%] Built target _autoware_config_msgs_generate_messages_check_deps_ConfigPlannerSelector
[8.704s] [  0%] Built target _autoware_config_msgs_generate_messages_check_deps_ConfigWaypointFollower
[8.708s] [  0%] Built target _autoware_config_msgs_generate_messages_check_deps_ConfigPedestrianFusion
[8.715s] [  0%] Built target std_msgs_generate_messages_eus
[8.721s] [  0%] Built target std_msgs_generate_messages_cpp
[8.723s] [  0%] Built target _autoware_config_msgs_generate_messages_check_deps_ConfigLaneRule
[8.726s] [  0%] Built target _autoware_config_msgs_generate_messages_check_deps_ConfigNDTMappingOutput
[8.729s] [  0%] Built target _autoware_config_msgs_generate_messages_check_deps_ConfigRcnn
[8.738s] [  0%] Built target _autoware_config_msgs_generate_messages_check_deps_ConfigICP
[8.802s] [ 37%] Built target autoware_config_msgs_generate_messages_eus
[8.802s] [ 40%] Built target autoware_config_msgs_generate_messages_py
[8.803s] [ 60%] Built target autoware_config_msgs_generate_messages_cpp
[8.808s] [ 80%] Built target autoware_config_msgs_generate_messages_nodejs
[8.813s] [100%] Built target autoware_config_msgs_generate_messages_lisp
[8.869s] [100%] Built target autoware_config_msgs_generate_messages
[8.919s] [36mInstall the project...[0m
[8.941s] -- Install configuration: "Release"
[8.942s] -- Installing: /home/hypark/git/Autoware_On_Embedded/install/autoware_config_msgs/share/autoware_config_msgs/msg/ConfigApproximateNDTMapping.msg
[8.942s] -- Installing: /home/hypark/git/Autoware_On_Embedded/install/autoware_config_msgs/share/autoware_config_msgs/msg/ConfigCarDPM.msg
[8.942s] -- Installing: /home/hypark/git/Autoware_On_Embedded/install/autoware_config_msgs/share/autoware_config_msgs/msg/ConfigCarFusion.msg
[8.942s] -- Installing: /home/hypark/git/Autoware_On_Embedded/install/autoware_config_msgs/share/autoware_config_msgs/msg/ConfigCarKF.msg
[8.942s] -- Installing: /home/hypark/git/Autoware_On_Embedded/install/autoware_config_msgs/share/autoware_config_msgs/msg/ConfigCompareMapFilter.msg
[8.942s] -- Installing: /home/hypark/git/Autoware_On_Embedded/install/autoware_config_msgs/share/autoware_config_msgs/msg/ConfigDecisionMaker.msg
[8.942s] -- Installing: /home/hypark/git/Autoware_On_Embedded/install/autoware_config_msgs/share/autoware_config_msgs/msg/ConfigDistanceFilter.msg
[8.942s] -- Installing: /home/hypark/git/Autoware_On_Embedded/install/autoware_config_msgs/share/autoware_config_msgs/msg/ConfigICP.msg
[8.942s] -- Installing: /home/hypark/git/Autoware_On_Embedded/install/autoware_config_msgs/share/autoware_config_msgs/msg/ConfigLaneRule.msg
[8.942s] -- Installing: /home/hypark/git/Autoware_On_Embedded/install/autoware_config_msgs/share/autoware_config_msgs/msg/ConfigLaneSelect.msg
[8.942s] -- Installing: /home/hypark/git/Autoware_On_Embedded/install/autoware_config_msgs/share/autoware_config_msgs/msg/ConfigLaneStop.msg
[8.942s] -- Installing: /home/hypark/git/Autoware_On_Embedded/install/autoware_config_msgs/share/autoware_config_msgs/msg/ConfigLatticeVelocitySet.msg
[8.942s] -- Installing: /home/hypark/git/Autoware_On_Embedded/install/autoware_config_msgs/share/autoware_config_msgs/msg/ConfigNDT.msg
[8.943s] -- Installing: /home/hypark/git/Autoware_On_Embedded/install/autoware_config_msgs/share/autoware_config_msgs/msg/ConfigNDTMapping.msg
[8.943s] -- Installing: /home/hypark/git/Autoware_On_Embedded/install/autoware_config_msgs/share/autoware_config_msgs/msg/ConfigNDTMappingOutput.msg
[8.943s] -- Installing: /home/hypark/git/Autoware_On_Embedded/install/autoware_config_msgs/share/autoware_config_msgs/msg/ConfigPedestrianDPM.msg
[8.943s] -- Installing: /home/hypark/git/Autoware_On_Embedded/install/autoware_config_msgs/share/autoware_config_msgs/msg/ConfigPedestrianFusion.msg
[8.943s] -- Installing: /home/hypark/git/Autoware_On_Embedded/install/autoware_config_msgs/share/autoware_config_msgs/msg/ConfigPedestrianKF.msg
[8.943s] -- Installing: /home/hypark/git/Autoware_On_Embedded/install/autoware_config_msgs/share/autoware_config_msgs/msg/ConfigPlannerSelector.msg
[8.943s] -- Installing: /home/hypark/git/Autoware_On_Embedded/install/autoware_config_msgs/share/autoware_config_msgs/msg/ConfigPoints2Polygon.msg
[8.943s] -- Installing: /home/hypark/git/Autoware_On_Embedded/install/autoware_config_msgs/share/autoware_config_msgs/msg/ConfigRandomFilter.msg
[8.943s] -- Installing: /home/hypark/git/Autoware_On_Embedded/install/autoware_config_msgs/share/autoware_config_msgs/msg/ConfigRayGroundFilter.msg
[8.943s] -- Installing: /home/hypark/git/Autoware_On_Embedded/install/autoware_config_msgs/share/autoware_config_msgs/msg/ConfigRcnn.msg
[8.943s] -- Installing: /home/hypark/git/Autoware_On_Embedded/install/autoware_config_msgs/share/autoware_config_msgs/msg/ConfigRingFilter.msg
[8.943s] -- Installing: /home/hypark/git/Autoware_On_Embedded/install/autoware_config_msgs/share/autoware_config_msgs/msg/ConfigRingGroundFilter.msg
[8.943s] -- Installing: /home/hypark/git/Autoware_On_Embedded/install/autoware_config_msgs/share/autoware_config_msgs/msg/ConfigSSD.msg
[8.943s] -- Installing: /home/hypark/git/Autoware_On_Embedded/install/autoware_config_msgs/share/autoware_config_msgs/msg/ConfigTwistFilter.msg
[8.943s] -- Installing: /home/hypark/git/Autoware_On_Embedded/install/autoware_config_msgs/share/autoware_config_msgs/msg/ConfigVelocitySet.msg
[8.943s] -- Installing: /home/hypark/git/Autoware_On_Embedded/install/autoware_config_msgs/share/autoware_config_msgs/msg/ConfigVoxelGridFilter.msg
[8.944s] -- Installing: /home/hypark/git/Autoware_On_Embedded/install/autoware_config_msgs/share/autoware_config_msgs/msg/ConfigWaypointFollower.msg
[8.944s] -- Installing: /home/hypark/git/Autoware_On_Embedded/install/autoware_config_msgs/share/autoware_config_msgs/msg/ConfigWaypointReplanner.msg
[8.944s] -- Installing: /home/hypark/git/Autoware_On_Embedded/install/autoware_config_msgs/share/autoware_config_msgs/cmake/autoware_config_msgs-msg-paths.cmake
[8.944s] -- Installing: /home/hypark/git/Autoware_On_Embedded/install/autoware_config_msgs/include/autoware_config_msgs
[8.944s] -- Installing: /home/hypark/git/Autoware_On_Embedded/install/autoware_config_msgs/include/autoware_config_msgs/ConfigRingFilter.h
[8.944s] -- Installing: /home/hypark/git/Autoware_On_Embedded/install/autoware_config_msgs/include/autoware_config_msgs/ConfigNDTMappingOutput.h
[8.944s] -- Installing: /home/hypark/git/Autoware_On_Embedded/install/autoware_config_msgs/include/autoware_config_msgs/ConfigICP.h
[8.944s] -- Installing: /home/hypark/git/Autoware_On_Embedded/install/autoware_config_msgs/include/autoware_config_msgs/ConfigLaneRule.h
[8.944s] -- Installing: /home/hypark/git/Autoware_On_Embedded/install/autoware_config_msgs/include/autoware_config_msgs/ConfigCompareMapFilter.h
[8.944s] -- Installing: /home/hypark/git/Autoware_On_Embedded/install/autoware_config_msgs/include/autoware_config_msgs/ConfigCarFusion.h
[8.944s] -- Installing: /home/hypark/git/Autoware_On_Embedded/install/autoware_config_msgs/include/autoware_config_msgs/ConfigRcnn.h
[8.944s] -- Installing: /home/hypark/git/Autoware_On_Embedded/install/autoware_config_msgs/include/autoware_config_msgs/ConfigLatticeVelocitySet.h
[8.944s] -- Installing: /home/hypark/git/Autoware_On_Embedded/install/autoware_config_msgs/include/autoware_config_msgs/ConfigLaneSelect.h
[8.944s] -- Installing: /home/hypark/git/Autoware_On_Embedded/install/autoware_config_msgs/include/autoware_config_msgs/ConfigWaypointFollower.h
[8.944s] -- Installing: /home/hypark/git/Autoware_On_Embedded/install/autoware_config_msgs/include/autoware_config_msgs/ConfigCarKF.h
[8.945s] -- Installing: /home/hypark/git/Autoware_On_Embedded/install/autoware_config_msgs/include/autoware_config_msgs/ConfigTwistFilter.h
[8.945s] -- Installing: /home/hypark/git/Autoware_On_Embedded/install/autoware_config_msgs/include/autoware_config_msgs/ConfigVoxelGridFilter.h
[8.945s] -- Installing: /home/hypark/git/Autoware_On_Embedded/install/autoware_config_msgs/include/autoware_config_msgs/ConfigNDT.h
[8.945s] -- Installing: /home/hypark/git/Autoware_On_Embedded/install/autoware_config_msgs/include/autoware_config_msgs/ConfigCarDPM.h
[8.945s] -- Installing: /home/hypark/git/Autoware_On_Embedded/install/autoware_config_msgs/include/autoware_config_msgs/ConfigRayGroundFilter.h
[8.945s] -- Installing: /home/hypark/git/Autoware_On_Embedded/install/autoware_config_msgs/include/autoware_config_msgs/ConfigRingGroundFilter.h
[8.945s] -- Installing: /home/hypark/git/Autoware_On_Embedded/install/autoware_config_msgs/include/autoware_config_msgs/ConfigPedestrianDPM.h
[8.945s] -- Installing: /home/hypark/git/Autoware_On_Embedded/install/autoware_config_msgs/include/autoware_config_msgs/ConfigRandomFilter.h
[8.945s] -- Installing: /home/hypark/git/Autoware_On_Embedded/install/autoware_config_msgs/include/autoware_config_msgs/ConfigWaypointReplanner.h
[8.945s] -- Installing: /home/hypark/git/Autoware_On_Embedded/install/autoware_config_msgs/include/autoware_config_msgs/ConfigPedestrianKF.h
[8.945s] -- Installing: /home/hypark/git/Autoware_On_Embedded/install/autoware_config_msgs/include/autoware_config_msgs/ConfigPlannerSelector.h
[8.945s] -- Installing: /home/hypark/git/Autoware_On_Embedded/install/autoware_config_msgs/include/autoware_config_msgs/ConfigPedestrianFusion.h
[8.945s] -- Installing: /home/hypark/git/Autoware_On_Embedded/install/autoware_config_msgs/include/autoware_config_msgs/ConfigNDTMapping.h
[8.945s] -- Installing: /home/hypark/git/Autoware_On_Embedded/install/autoware_config_msgs/include/autoware_config_msgs/ConfigDistanceFilter.h
[8.946s] -- Installing: /home/hypark/git/Autoware_On_Embedded/install/autoware_config_msgs/include/autoware_config_msgs/ConfigSSD.h
[8.946s] -- Installing: /home/hypark/git/Autoware_On_Embedded/install/autoware_config_msgs/include/autoware_config_msgs/ConfigDecisionMaker.h
[8.946s] -- Installing: /home/hypark/git/Autoware_On_Embedded/install/autoware_config_msgs/include/autoware_config_msgs/ConfigApproximateNDTMapping.h
[8.946s] -- Installing: /home/hypark/git/Autoware_On_Embedded/install/autoware_config_msgs/include/autoware_config_msgs/ConfigVelocitySet.h
[8.946s] -- Installing: /home/hypark/git/Autoware_On_Embedded/install/autoware_config_msgs/include/autoware_config_msgs/ConfigPoints2Polygon.h
[8.946s] -- Installing: /home/hypark/git/Autoware_On_Embedded/install/autoware_config_msgs/include/autoware_config_msgs/ConfigLaneStop.h
[8.946s] -- Installing: /home/hypark/git/Autoware_On_Embedded/install/autoware_config_msgs/share/roseus/ros/autoware_config_msgs
[8.946s] -- Installing: /home/hypark/git/Autoware_On_Embedded/install/autoware_config_msgs/share/roseus/ros/autoware_config_msgs/msg
[8.946s] -- Installing: /home/hypark/git/Autoware_On_Embedded/install/autoware_config_msgs/share/roseus/ros/autoware_config_msgs/msg/ConfigRingFilter.l
[8.946s] -- Installing: /home/hypark/git/Autoware_On_Embedded/install/autoware_config_msgs/share/roseus/ros/autoware_config_msgs/msg/ConfigNDTMapping.l
[8.946s] -- Installing: /home/hypark/git/Autoware_On_Embedded/install/autoware_config_msgs/share/roseus/ros/autoware_config_msgs/msg/ConfigCarDPM.l
[8.946s] -- Installing: /home/hypark/git/Autoware_On_Embedded/install/autoware_config_msgs/share/roseus/ros/autoware_config_msgs/msg/ConfigLatticeVelocitySet.l
[8.946s] -- Installing: /home/hypark/git/Autoware_On_Embedded/install/autoware_config_msgs/share/roseus/ros/autoware_config_msgs/msg/ConfigLaneRule.l
[8.947s] -- Installing: /home/hypark/git/Autoware_On_Embedded/install/autoware_config_msgs/share/roseus/ros/autoware_config_msgs/msg/ConfigApproximateNDTMapping.l
[8.947s] -- Installing: /home/hypark/git/Autoware_On_Embedded/install/autoware_config_msgs/share/roseus/ros/autoware_config_msgs/msg/ConfigDecisionMaker.l
[8.947s] -- Installing: /home/hypark/git/Autoware_On_Embedded/install/autoware_config_msgs/share/roseus/ros/autoware_config_msgs/msg/ConfigNDTMappingOutput.l
[8.947s] -- Installing: /home/hypark/git/Autoware_On_Embedded/install/autoware_config_msgs/share/roseus/ros/autoware_config_msgs/msg/ConfigVelocitySet.l
[8.947s] -- Installing: /home/hypark/git/Autoware_On_Embedded/install/autoware_config_msgs/share/roseus/ros/autoware_config_msgs/msg/ConfigPlannerSelector.l
[8.947s] -- Installing: /home/hypark/git/Autoware_On_Embedded/install/autoware_config_msgs/share/roseus/ros/autoware_config_msgs/msg/ConfigDistanceFilter.l
[8.947s] -- Installing: /home/hypark/git/Autoware_On_Embedded/install/autoware_config_msgs/share/roseus/ros/autoware_config_msgs/msg/ConfigRayGroundFilter.l
[8.947s] -- Installing: /home/hypark/git/Autoware_On_Embedded/install/autoware_config_msgs/share/roseus/ros/autoware_config_msgs/msg/ConfigRandomFilter.l
[8.947s] -- Installing: /home/hypark/git/Autoware_On_Embedded/install/autoware_config_msgs/share/roseus/ros/autoware_config_msgs/msg/ConfigPoints2Polygon.l
[8.947s] -- Installing: /home/hypark/git/Autoware_On_Embedded/install/autoware_config_msgs/share/roseus/ros/autoware_config_msgs/msg/ConfigLaneSelect.l
[8.947s] -- Installing: /home/hypark/git/Autoware_On_Embedded/install/autoware_config_msgs/share/roseus/ros/autoware_config_msgs/msg/ConfigSSD.l
[8.947s] -- Installing: /home/hypark/git/Autoware_On_Embedded/install/autoware_config_msgs/share/roseus/ros/autoware_config_msgs/msg/ConfigPedestrianDPM.l
[8.948s] -- Installing: /home/hypark/git/Autoware_On_Embedded/install/autoware_config_msgs/share/roseus/ros/autoware_config_msgs/msg/ConfigTwistFilter.l
[8.948s] -- Installing: /home/hypark/git/Autoware_On_Embedded/install/autoware_config_msgs/share/roseus/ros/autoware_config_msgs/msg/ConfigPedestrianKF.l
[8.948s] -- Installing: /home/hypark/git/Autoware_On_Embedded/install/autoware_config_msgs/share/roseus/ros/autoware_config_msgs/msg/ConfigWaypointFollower.l
[8.948s] -- Installing: /home/hypark/git/Autoware_On_Embedded/install/autoware_config_msgs/share/roseus/ros/autoware_config_msgs/msg/ConfigPedestrianFusion.l
[8.948s] -- Installing: /home/hypark/git/Autoware_On_Embedded/install/autoware_config_msgs/share/roseus/ros/autoware_config_msgs/msg/ConfigNDT.l
[8.948s] -- Installing: /home/hypark/git/Autoware_On_Embedded/install/autoware_config_msgs/share/roseus/ros/autoware_config_msgs/msg/ConfigVoxelGridFilter.l
[8.948s] -- Installing: /home/hypark/git/Autoware_On_Embedded/install/autoware_config_msgs/share/roseus/ros/autoware_config_msgs/msg/ConfigICP.l
[8.948s] -- Installing: /home/hypark/git/Autoware_On_Embedded/install/autoware_config_msgs/share/roseus/ros/autoware_config_msgs/msg/ConfigWaypointReplanner.l
[8.948s] -- Installing: /home/hypark/git/Autoware_On_Embedded/install/autoware_config_msgs/share/roseus/ros/autoware_config_msgs/msg/ConfigRingGroundFilter.l
[8.948s] -- Installing: /home/hypark/git/Autoware_On_Embedded/install/autoware_config_msgs/share/roseus/ros/autoware_config_msgs/msg/ConfigCarKF.l
[8.948s] -- Installing: /home/hypark/git/Autoware_On_Embedded/install/autoware_config_msgs/share/roseus/ros/autoware_config_msgs/msg/ConfigRcnn.l
[8.948s] -- Installing: /home/hypark/git/Autoware_On_Embedded/install/autoware_config_msgs/share/roseus/ros/autoware_config_msgs/msg/ConfigLaneStop.l
[8.948s] -- Installing: /home/hypark/git/Autoware_On_Embedded/install/autoware_config_msgs/share/roseus/ros/autoware_config_msgs/msg/ConfigCompareMapFilter.l
[8.948s] -- Installing: /home/hypark/git/Autoware_On_Embedded/install/autoware_config_msgs/share/roseus/ros/autoware_config_msgs/msg/ConfigCarFusion.l
[8.949s] -- Installing: /home/hypark/git/Autoware_On_Embedded/install/autoware_config_msgs/share/roseus/ros/autoware_config_msgs/manifest.l
[8.950s] -- Installing: /home/hypark/git/Autoware_On_Embedded/install/autoware_config_msgs/share/common-lisp/ros/autoware_config_msgs
[8.950s] -- Installing: /home/hypark/git/Autoware_On_Embedded/install/autoware_config_msgs/share/common-lisp/ros/autoware_config_msgs/msg
[8.950s] -- Installing: /home/hypark/git/Autoware_On_Embedded/install/autoware_config_msgs/share/common-lisp/ros/autoware_config_msgs/msg/_package_ConfigPlannerSelector.lisp
[8.950s] -- Installing: /home/hypark/git/Autoware_On_Embedded/install/autoware_config_msgs/share/common-lisp/ros/autoware_config_msgs/msg/ConfigRandomFilter.lisp
[8.950s] -- Installing: /home/hypark/git/Autoware_On_Embedded/install/autoware_config_msgs/share/common-lisp/ros/autoware_config_msgs/msg/_package_ConfigWaypointFollower.lisp
[8.950s] -- Installing: /home/hypark/git/Autoware_On_Embedded/install/autoware_config_msgs/share/common-lisp/ros/autoware_config_msgs/msg/_package_ConfigTwistFilter.lisp
[8.950s] -- Installing: /home/hypark/git/Autoware_On_Embedded/install/autoware_config_msgs/share/common-lisp/ros/autoware_config_msgs/msg/ConfigPedestrianKF.lisp
[8.950s] -- Installing: /home/hypark/git/Autoware_On_Embedded/install/autoware_config_msgs/share/common-lisp/ros/autoware_config_msgs/msg/_package_ConfigLaneStop.lisp
[8.950s] -- Installing: /home/hypark/git/Autoware_On_Embedded/install/autoware_config_msgs/share/common-lisp/ros/autoware_config_msgs/msg/_package_ConfigRingFilter.lisp
[8.950s] -- Installing: /home/hypark/git/Autoware_On_Embedded/install/autoware_config_msgs/share/common-lisp/ros/autoware_config_msgs/msg/_package_ConfigVelocitySet.lisp
[8.951s] -- Installing: /home/hypark/git/Autoware_On_Embedded/install/autoware_config_msgs/share/common-lisp/ros/autoware_config_msgs/msg/ConfigNDTMapping.lisp
[8.951s] -- Installing: /home/hypark/git/Autoware_On_Embedded/install/autoware_config_msgs/share/common-lisp/ros/autoware_config_msgs/msg/ConfigVelocitySet.lisp
[8.951s] -- Installing: /home/hypark/git/Autoware_On_Embedded/install/autoware_config_msgs/share/common-lisp/ros/autoware_config_msgs/msg/ConfigDistanceFilter.lisp
[8.951s] -- Installing: /home/hypark/git/Autoware_On_Embedded/install/autoware_config_msgs/share/common-lisp/ros/autoware_config_msgs/msg/_package_ConfigCarDPM.lisp
[8.951s] -- Installing: /home/hypark/git/Autoware_On_Embedded/install/autoware_config_msgs/share/common-lisp/ros/autoware_config_msgs/msg/_package.lisp
[8.951s] -- Installing: /home/hypark/git/Autoware_On_Embedded/install/autoware_config_msgs/share/common-lisp/ros/autoware_config_msgs/msg/_package_ConfigRayGroundFilter.lisp
[8.951s] -- Installing: /home/hypark/git/Autoware_On_Embedded/install/autoware_config_msgs/share/common-lisp/ros/autoware_config_msgs/msg/ConfigLaneSelect.lisp
[8.951s] -- Installing: /home/hypark/git/Autoware_On_Embedded/install/autoware_config_msgs/share/common-lisp/ros/autoware_config_msgs/msg/_package_ConfigPoints2Polygon.lisp
[8.951s] -- Installing: /home/hypark/git/Autoware_On_Embedded/install/autoware_config_msgs/share/common-lisp/ros/autoware_config_msgs/msg/_package_ConfigDistanceFilter.lisp
[8.951s] -- Installing: /home/hypark/git/Autoware_On_Embedded/install/autoware_config_msgs/share/common-lisp/ros/autoware_config_msgs/msg/ConfigRcnn.lisp
[8.951s] -- Installing: /home/hypark/git/Autoware_On_Embedded/install/autoware_config_msgs/share/common-lisp/ros/autoware_config_msgs/msg/_package_ConfigNDTMappingOutput.lisp
[8.951s] -- Installing: /home/hypark/git/Autoware_On_Embedded/install/autoware_config_msgs/share/common-lisp/ros/autoware_config_msgs/msg/_package_ConfigPedestrianFusion.lisp
[8.952s] -- Installing: /home/hypark/git/Autoware_On_Embedded/install/autoware_config_msgs/share/common-lisp/ros/autoware_config_msgs/msg/_package_ConfigICP.lisp
[8.952s] -- Installing: /home/hypark/git/Autoware_On_Embedded/install/autoware_config_msgs/share/common-lisp/ros/autoware_config_msgs/msg/_package_ConfigLaneSelect.lisp
[8.952s] -- Installing: /home/hypark/git/Autoware_On_Embedded/install/autoware_config_msgs/share/common-lisp/ros/autoware_config_msgs/msg/_package_ConfigDecisionMaker.lisp
[8.952s] -- Installing: /home/hypark/git/Autoware_On_Embedded/install/autoware_config_msgs/share/common-lisp/ros/autoware_config_msgs/msg/ConfigCarFusion.lisp
[8.952s] -- Installing: /home/hypark/git/Autoware_On_Embedded/install/autoware_config_msgs/share/common-lisp/ros/autoware_config_msgs/msg/ConfigPedestrianFusion.lisp
[8.952s] -- Installing: /home/hypark/git/Autoware_On_Embedded/install/autoware_config_msgs/share/common-lisp/ros/autoware_config_msgs/msg/ConfigICP.lisp
[8.952s] -- Installing: /home/hypark/git/Autoware_On_Embedded/install/autoware_config_msgs/share/common-lisp/ros/autoware_config_msgs/msg/_package_ConfigLatticeVelocitySet.lisp
[8.952s] -- Installing: /home/hypark/git/Autoware_On_Embedded/install/autoware_config_msgs/share/common-lisp/ros/autoware_config_msgs/msg/ConfigLaneStop.lisp
[8.952s] -- Installing: /home/hypark/git/Autoware_On_Embedded/install/autoware_config_msgs/share/common-lisp/ros/autoware_config_msgs/msg/ConfigRayGroundFilter.lisp
[8.952s] -- Installing: /home/hypark/git/Autoware_On_Embedded/install/autoware_config_msgs/share/common-lisp/ros/autoware_config_msgs/msg/ConfigWaypointFollower.lisp
[8.952s] -- Installing: /home/hypark/git/Autoware_On_Embedded/install/autoware_config_msgs/share/common-lisp/ros/autoware_config_msgs/msg/ConfigTwistFilter.lisp
[8.952s] -- Installing: /home/hypark/git/Autoware_On_Embedded/install/autoware_config_msgs/share/common-lisp/ros/autoware_config_msgs/msg/_package_ConfigRingGroundFilter.lisp
[8.952s] -- Installing: /home/hypark/git/Autoware_On_Embedded/install/autoware_config_msgs/share/common-lisp/ros/autoware_config_msgs/msg/_package_ConfigCompareMapFilter.lisp
[8.953s] -- Installing: /home/hypark/git/Autoware_On_Embedded/install/autoware_config_msgs/share/common-lisp/ros/autoware_config_msgs/msg/ConfigNDT.lisp
[8.953s] -- Installing: /home/hypark/git/Autoware_On_Embedded/install/autoware_config_msgs/share/common-lisp/ros/autoware_config_msgs/msg/_package_ConfigRcnn.lisp
[8.953s] -- Installing: /home/hypark/git/Autoware_On_Embedded/install/autoware_config_msgs/share/common-lisp/ros/autoware_config_msgs/msg/_package_ConfigRandomFilter.lisp
[8.953s] -- Installing: /home/hypark/git/Autoware_On_Embedded/install/autoware_config_msgs/share/common-lisp/ros/autoware_config_msgs/msg/ConfigPedestrianDPM.lisp
[8.953s] -- Installing: /home/hypark/git/Autoware_On_Embedded/install/autoware_config_msgs/share/common-lisp/ros/autoware_config_msgs/msg/_package_ConfigCarFusion.lisp
[8.953s] -- Installing: /home/hypark/git/Autoware_On_Embedded/install/autoware_config_msgs/share/common-lisp/ros/autoware_config_msgs/msg/_package_ConfigNDTMapping.lisp
[8.953s] -- Installing: /home/hypark/git/Autoware_On_Embedded/install/autoware_config_msgs/share/common-lisp/ros/autoware_config_msgs/msg/_package_ConfigPedestrianKF.lisp
[8.953s] -- Installing: /home/hypark/git/Autoware_On_Embedded/install/autoware_config_msgs/share/common-lisp/ros/autoware_config_msgs/msg/ConfigWaypointReplanner.lisp
[8.953s] -- Installing: /home/hypark/git/Autoware_On_Embedded/install/autoware_config_msgs/share/common-lisp/ros/autoware_config_msgs/msg/_package_ConfigPedestrianDPM.lisp
[8.953s] -- Installing: /home/hypark/git/Autoware_On_Embedded/install/autoware_config_msgs/share/common-lisp/ros/autoware_config_msgs/msg/ConfigPlannerSelector.lisp
[8.953s] -- Installing: /home/hypark/git/Autoware_On_Embedded/install/autoware_config_msgs/share/common-lisp/ros/autoware_config_msgs/msg/ConfigPoints2Polygon.lisp
[8.953s] -- Installing: /home/hypark/git/Autoware_On_Embedded/install/autoware_config_msgs/share/common-lisp/ros/autoware_config_msgs/msg/_package_ConfigVoxelGridFilter.lisp
[8.953s] -- Installing: /home/hypark/git/Autoware_On_Embedded/install/autoware_config_msgs/share/common-lisp/ros/autoware_config_msgs/msg/_package_ConfigNDT.lisp
[8.954s] -- Installing: /home/hypark/git/Autoware_On_Embedded/install/autoware_config_msgs/share/common-lisp/ros/autoware_config_msgs/msg/_package_ConfigApproximateNDTMapping.lisp
[8.954s] -- Installing: /home/hypark/git/Autoware_On_Embedded/install/autoware_config_msgs/share/common-lisp/ros/autoware_config_msgs/msg/_package_ConfigLaneRule.lisp
[8.954s] -- Installing: /home/hypark/git/Autoware_On_Embedded/install/autoware_config_msgs/share/common-lisp/ros/autoware_config_msgs/msg/ConfigLaneRule.lisp
[8.954s] -- Installing: /home/hypark/git/Autoware_On_Embedded/install/autoware_config_msgs/share/common-lisp/ros/autoware_config_msgs/msg/ConfigRingGroundFilter.lisp
[8.954s] -- Installing: /home/hypark/git/Autoware_On_Embedded/install/autoware_config_msgs/share/common-lisp/ros/autoware_config_msgs/msg/ConfigRingFilter.lisp
[8.954s] -- Installing: /home/hypark/git/Autoware_On_Embedded/install/autoware_config_msgs/share/common-lisp/ros/autoware_config_msgs/msg/ConfigLatticeVelocitySet.lisp
[8.954s] -- Installing: /home/hypark/git/Autoware_On_Embedded/install/autoware_config_msgs/share/common-lisp/ros/autoware_config_msgs/msg/ConfigNDTMappingOutput.lisp
[8.954s] -- Installing: /home/hypark/git/Autoware_On_Embedded/install/autoware_config_msgs/share/common-lisp/ros/autoware_config_msgs/msg/_package_ConfigSSD.lisp
[8.954s] -- Installing: /home/hypark/git/Autoware_On_Embedded/install/autoware_config_msgs/share/common-lisp/ros/autoware_config_msgs/msg/autoware_config_msgs-msg.asd
[8.954s] -- Installing: /home/hypark/git/Autoware_On_Embedded/install/autoware_config_msgs/share/common-lisp/ros/autoware_config_msgs/msg/ConfigSSD.lisp
[8.954s] -- Installing: /home/hypark/git/Autoware_On_Embedded/install/autoware_config_msgs/share/common-lisp/ros/autoware_config_msgs/msg/ConfigDecisionMaker.lisp
[8.954s] -- Installing: /home/hypark/git/Autoware_On_Embedded/install/autoware_config_msgs/share/common-lisp/ros/autoware_config_msgs/msg/ConfigCompareMapFilter.lisp
[8.954s] -- Installing: /home/hypark/git/Autoware_On_Embedded/install/autoware_config_msgs/share/common-lisp/ros/autoware_config_msgs/msg/ConfigVoxelGridFilter.lisp
[8.954s] -- Installing: /home/hypark/git/Autoware_On_Embedded/install/autoware_config_msgs/share/common-lisp/ros/autoware_config_msgs/msg/ConfigCarKF.lisp
[8.954s] -- Installing: /home/hypark/git/Autoware_On_Embedded/install/autoware_config_msgs/share/common-lisp/ros/autoware_config_msgs/msg/ConfigApproximateNDTMapping.lisp
[8.955s] -- Installing: /home/hypark/git/Autoware_On_Embedded/install/autoware_config_msgs/share/common-lisp/ros/autoware_config_msgs/msg/_package_ConfigWaypointReplanner.lisp
[8.955s] -- Installing: /home/hypark/git/Autoware_On_Embedded/install/autoware_config_msgs/share/common-lisp/ros/autoware_config_msgs/msg/ConfigCarDPM.lisp
[8.955s] -- Installing: /home/hypark/git/Autoware_On_Embedded/install/autoware_config_msgs/share/common-lisp/ros/autoware_config_msgs/msg/_package_ConfigCarKF.lisp
[8.955s] -- Installing: /home/hypark/git/Autoware_On_Embedded/install/autoware_config_msgs/share/gennodejs/ros/autoware_config_msgs
[8.956s] -- Installing: /home/hypark/git/Autoware_On_Embedded/install/autoware_config_msgs/share/gennodejs/ros/autoware_config_msgs/msg
[8.956s] -- Installing: /home/hypark/git/Autoware_On_Embedded/install/autoware_config_msgs/share/gennodejs/ros/autoware_config_msgs/msg/ConfigPedestrianFusion.js
[8.957s] -- Installing: /home/hypark/git/Autoware_On_Embedded/install/autoware_config_msgs/share/gennodejs/ros/autoware_config_msgs/msg/ConfigLaneRule.js
[8.957s] -- Installing: /home/hypark/git/Autoware_On_Embedded/install/autoware_config_msgs/share/gennodejs/ros/autoware_config_msgs/msg/ConfigCarDPM.js
[8.957s] -- Installing: /home/hypark/git/Autoware_On_Embedded/install/autoware_config_msgs/share/gennodejs/ros/autoware_config_msgs/msg/ConfigPedestrianKF.js
[8.957s] -- Installing: /home/hypark/git/Autoware_On_Embedded/install/autoware_config_msgs/share/gennodejs/ros/autoware_config_msgs/msg/_index.js
[8.957s] -- Installing: /home/hypark/git/Autoware_On_Embedded/install/autoware_config_msgs/share/gennodejs/ros/autoware_config_msgs/msg/ConfigCompareMapFilter.js
[8.957s] -- Installing: /home/hypark/git/Autoware_On_Embedded/install/autoware_config_msgs/share/gennodejs/ros/autoware_config_msgs/msg/ConfigNDT.js
[8.957s] -- Installing: /home/hypark/git/Autoware_On_Embedded/install/autoware_config_msgs/share/gennodejs/ros/autoware_config_msgs/msg/ConfigVelocitySet.js
[8.957s] -- Installing: /home/hypark/git/Autoware_On_Embedded/install/autoware_config_msgs/share/gennodejs/ros/autoware_config_msgs/msg/ConfigDistanceFilter.js
[8.957s] -- Installing: /home/hypark/git/Autoware_On_Embedded/install/autoware_config_msgs/share/gennodejs/ros/autoware_config_msgs/msg/ConfigSSD.js
[8.958s] -- Installing: /home/hypark/git/Autoware_On_Embedded/install/autoware_config_msgs/share/gennodejs/ros/autoware_config_msgs/msg/ConfigWaypointReplanner.js
[8.958s] -- Installing: /home/hypark/git/Autoware_On_Embedded/install/autoware_config_msgs/share/gennodejs/ros/autoware_config_msgs/msg/ConfigRandomFilter.js
[8.958s] -- Installing: /home/hypark/git/Autoware_On_Embedded/install/autoware_config_msgs/share/gennodejs/ros/autoware_config_msgs/msg/ConfigICP.js
[8.958s] -- Installing: /home/hypark/git/Autoware_On_Embedded/install/autoware_config_msgs/share/gennodejs/ros/autoware_config_msgs/msg/ConfigTwistFilter.js
[8.958s] -- Installing: /home/hypark/git/Autoware_On_Embedded/install/autoware_config_msgs/share/gennodejs/ros/autoware_config_msgs/msg/ConfigNDTMappingOutput.js
[8.958s] -- Installing: /home/hypark/git/Autoware_On_Embedded/install/autoware_config_msgs/share/gennodejs/ros/autoware_config_msgs/msg/ConfigRingGroundFilter.js
[8.958s] -- Installing: /home/hypark/git/Autoware_On_Embedded/install/autoware_config_msgs/share/gennodejs/ros/autoware_config_msgs/msg/ConfigRingFilter.js
[8.958s] -- Installing: /home/hypark/git/Autoware_On_Embedded/install/autoware_config_msgs/share/gennodejs/ros/autoware_config_msgs/msg/ConfigRcnn.js
[8.958s] -- Installing: /home/hypark/git/Autoware_On_Embedded/install/autoware_config_msgs/share/gennodejs/ros/autoware_config_msgs/msg/ConfigCarKF.js
[8.958s] -- Installing: /home/hypark/git/Autoware_On_Embedded/install/autoware_config_msgs/share/gennodejs/ros/autoware_config_msgs/msg/ConfigLaneStop.js
[8.958s] -- Installing: /home/hypark/git/Autoware_On_Embedded/install/autoware_config_msgs/share/gennodejs/ros/autoware_config_msgs/msg/ConfigCarFusion.js
[8.958s] -- Installing: /home/hypark/git/Autoware_On_Embedded/install/autoware_config_msgs/share/gennodejs/ros/autoware_config_msgs/msg/ConfigPedestrianDPM.js
[8.958s] -- Installing: /home/hypark/git/Autoware_On_Embedded/install/autoware_config_msgs/share/gennodejs/ros/autoware_config_msgs/msg/ConfigPlannerSelector.js
[8.959s] -- Installing: /home/hypark/git/Autoware_On_Embedded/install/autoware_config_msgs/share/gennodejs/ros/autoware_config_msgs/msg/ConfigPoints2Polygon.js
[8.959s] -- Installing: /home/hypark/git/Autoware_On_Embedded/install/autoware_config_msgs/share/gennodejs/ros/autoware_config_msgs/msg/ConfigDecisionMaker.js
[8.959s] -- Installing: /home/hypark/git/Autoware_On_Embedded/install/autoware_config_msgs/share/gennodejs/ros/autoware_config_msgs/msg/ConfigNDTMapping.js
[8.959s] -- Installing: /home/hypark/git/Autoware_On_Embedded/install/autoware_config_msgs/share/gennodejs/ros/autoware_config_msgs/msg/ConfigApproximateNDTMapping.js
[8.959s] -- Installing: /home/hypark/git/Autoware_On_Embedded/install/autoware_config_msgs/share/gennodejs/ros/autoware_config_msgs/msg/ConfigLatticeVelocitySet.js
[8.959s] -- Installing: /home/hypark/git/Autoware_On_Embedded/install/autoware_config_msgs/share/gennodejs/ros/autoware_config_msgs/msg/ConfigWaypointFollower.js
[8.959s] -- Installing: /home/hypark/git/Autoware_On_Embedded/install/autoware_config_msgs/share/gennodejs/ros/autoware_config_msgs/msg/ConfigRayGroundFilter.js
[8.959s] -- Installing: /home/hypark/git/Autoware_On_Embedded/install/autoware_config_msgs/share/gennodejs/ros/autoware_config_msgs/msg/ConfigLaneSelect.js
[8.959s] -- Installing: /home/hypark/git/Autoware_On_Embedded/install/autoware_config_msgs/share/gennodejs/ros/autoware_config_msgs/msg/ConfigVoxelGridFilter.js
[8.959s] -- Installing: /home/hypark/git/Autoware_On_Embedded/install/autoware_config_msgs/share/gennodejs/ros/autoware_config_msgs/_index.js
[8.994s] Listing /home/hypark/git/Autoware_On_Embedded/build/autoware_config_msgs/devel/lib/python2.7/dist-packages/autoware_config_msgs ...
[8.994s] Compiling /home/hypark/git/Autoware_On_Embedded/build/autoware_config_msgs/devel/lib/python2.7/dist-packages/autoware_config_msgs/__init__.py ...
[8.994s] Listing /home/hypark/git/Autoware_On_Embedded/build/autoware_config_msgs/devel/lib/python2.7/dist-packages/autoware_config_msgs/msg ...
[8.994s] Compiling /home/hypark/git/Autoware_On_Embedded/build/autoware_config_msgs/devel/lib/python2.7/dist-packages/autoware_config_msgs/msg/_ConfigApproximateNDTMapping.py ...
[8.994s] Compiling /home/hypark/git/Autoware_On_Embedded/build/autoware_config_msgs/devel/lib/python2.7/dist-packages/autoware_config_msgs/msg/_ConfigCarDPM.py ...
[8.994s] Compiling /home/hypark/git/Autoware_On_Embedded/build/autoware_config_msgs/devel/lib/python2.7/dist-packages/autoware_config_msgs/msg/_ConfigCarFusion.py ...
[8.994s] Compiling /home/hypark/git/Autoware_On_Embedded/build/autoware_config_msgs/devel/lib/python2.7/dist-packages/autoware_config_msgs/msg/_ConfigCarKF.py ...
[8.994s] Compiling /home/hypark/git/Autoware_On_Embedded/build/autoware_config_msgs/devel/lib/python2.7/dist-packages/autoware_config_msgs/msg/_ConfigCompareMapFilter.py ...
[8.994s] Compiling /home/hypark/git/Autoware_On_Embedded/build/autoware_config_msgs/devel/lib/python2.7/dist-packages/autoware_config_msgs/msg/_ConfigDecisionMaker.py ...
[8.994s] Compiling /home/hypark/git/Autoware_On_Embedded/build/autoware_config_msgs/devel/lib/python2.7/dist-packages/autoware_config_msgs/msg/_ConfigDistanceFilter.py ...
[8.994s] Compiling /home/hypark/git/Autoware_On_Embedded/build/autoware_config_msgs/devel/lib/python2.7/dist-packages/autoware_config_msgs/msg/_ConfigICP.py ...
[8.994s] Compiling /home/hypark/git/Autoware_On_Embedded/build/autoware_config_msgs/devel/lib/python2.7/dist-packages/autoware_config_msgs/msg/_ConfigLaneRule.py ...
[8.994s] Compiling /home/hypark/git/Autoware_On_Embedded/build/autoware_config_msgs/devel/lib/python2.7/dist-packages/autoware_config_msgs/msg/_ConfigLaneSelect.py ...
[8.994s] Compiling /home/hypark/git/Autoware_On_Embedded/build/autoware_config_msgs/devel/lib/python2.7/dist-packages/autoware_config_msgs/msg/_ConfigLaneStop.py ...
[8.994s] Compiling /home/hypark/git/Autoware_On_Embedded/build/autoware_config_msgs/devel/lib/python2.7/dist-packages/autoware_config_msgs/msg/_ConfigLatticeVelocitySet.py ...
[8.995s] Compiling /home/hypark/git/Autoware_On_Embedded/build/autoware_config_msgs/devel/lib/python2.7/dist-packages/autoware_config_msgs/msg/_ConfigNDT.py ...
[8.995s] Compiling /home/hypark/git/Autoware_On_Embedded/build/autoware_config_msgs/devel/lib/python2.7/dist-packages/autoware_config_msgs/msg/_ConfigNDTMapping.py ...
[8.995s] Compiling /home/hypark/git/Autoware_On_Embedded/build/autoware_config_msgs/devel/lib/python2.7/dist-packages/autoware_config_msgs/msg/_ConfigNDTMappingOutput.py ...
[8.995s] Compiling /home/hypark/git/Autoware_On_Embedded/build/autoware_config_msgs/devel/lib/python2.7/dist-packages/autoware_config_msgs/msg/_ConfigPedestrianDPM.py ...
[8.995s] Compiling /home/hypark/git/Autoware_On_Embedded/build/autoware_config_msgs/devel/lib/python2.7/dist-packages/autoware_config_msgs/msg/_ConfigPedestrianFusion.py ...
[8.995s] Compiling /home/hypark/git/Autoware_On_Embedded/build/autoware_config_msgs/devel/lib/python2.7/dist-packages/autoware_config_msgs/msg/_ConfigPedestrianKF.py ...
[8.995s] Compiling /home/hypark/git/Autoware_On_Embedded/build/autoware_config_msgs/devel/lib/python2.7/dist-packages/autoware_config_msgs/msg/_ConfigPlannerSelector.py ...
[8.995s] Compiling /home/hypark/git/Autoware_On_Embedded/build/autoware_config_msgs/devel/lib/python2.7/dist-packages/autoware_config_msgs/msg/_ConfigPoints2Polygon.py ...
[8.995s] Compiling /home/hypark/git/Autoware_On_Embedded/build/autoware_config_msgs/devel/lib/python2.7/dist-packages/autoware_config_msgs/msg/_ConfigRandomFilter.py ...
[8.995s] Compiling /home/hypark/git/Autoware_On_Embedded/build/autoware_config_msgs/devel/lib/python2.7/dist-packages/autoware_config_msgs/msg/_ConfigRayGroundFilter.py ...
[8.999s] Compiling /home/hypark/git/Autoware_On_Embedded/build/autoware_config_msgs/devel/lib/python2.7/dist-packages/autoware_config_msgs/msg/_ConfigRcnn.py ...
[9.000s] Compiling /home/hypark/git/Autoware_On_Embedded/build/autoware_config_msgs/devel/lib/python2.7/dist-packages/autoware_config_msgs/msg/_ConfigRingFilter.py ...
[9.000s] Compiling /home/hypark/git/Autoware_On_Embedded/build/autoware_config_msgs/devel/lib/python2.7/dist-packages/autoware_config_msgs/msg/_ConfigRingGroundFilter.py ...
[9.000s] Compiling /home/hypark/git/Autoware_On_Embedded/build/autoware_config_msgs/devel/lib/python2.7/dist-packages/autoware_config_msgs/msg/_ConfigSSD.py ...
[9.000s] Compiling /home/hypark/git/Autoware_On_Embedded/build/autoware_config_msgs/devel/lib/python2.7/dist-packages/autoware_config_msgs/msg/_ConfigTwistFilter.py ...
[9.000s] Compiling /home/hypark/git/Autoware_On_Embedded/build/autoware_config_msgs/devel/lib/python2.7/dist-packages/autoware_config_msgs/msg/_ConfigVelocitySet.py ...
[9.000s] Compiling /home/hypark/git/Autoware_On_Embedded/build/autoware_config_msgs/devel/lib/python2.7/dist-packages/autoware_config_msgs/msg/_ConfigVoxelGridFilter.py ...
[9.000s] Compiling /home/hypark/git/Autoware_On_Embedded/build/autoware_config_msgs/devel/lib/python2.7/dist-packages/autoware_config_msgs/msg/_ConfigWaypointFollower.py ...
[9.000s] Compiling /home/hypark/git/Autoware_On_Embedded/build/autoware_config_msgs/devel/lib/python2.7/dist-packages/autoware_config_msgs/msg/_ConfigWaypointReplanner.py ...
[9.000s] Compiling /home/hypark/git/Autoware_On_Embedded/build/autoware_config_msgs/devel/lib/python2.7/dist-packages/autoware_config_msgs/msg/__init__.py ...
[9.001s] -- Installing: /home/hypark/git/Autoware_On_Embedded/install/autoware_config_msgs/lib/python2.7/dist-packages/autoware_config_msgs
[9.001s] -- Installing: /home/hypark/git/Autoware_On_Embedded/install/autoware_config_msgs/lib/python2.7/dist-packages/autoware_config_msgs/msg
[9.001s] -- Installing: /home/hypark/git/Autoware_On_Embedded/install/autoware_config_msgs/lib/python2.7/dist-packages/autoware_config_msgs/msg/_ConfigCarDPM.pyc
[9.001s] -- Installing: /home/hypark/git/Autoware_On_Embedded/install/autoware_config_msgs/lib/python2.7/dist-packages/autoware_config_msgs/msg/_ConfigVelocitySet.pyc
[9.001s] -- Installing: /home/hypark/git/Autoware_On_Embedded/install/autoware_config_msgs/lib/python2.7/dist-packages/autoware_config_msgs/msg/_ConfigLatticeVelocitySet.py
[9.001s] -- Installing: /home/hypark/git/Autoware_On_Embedded/install/autoware_config_msgs/lib/python2.7/dist-packages/autoware_config_msgs/msg/_ConfigNDT.py
[9.001s] -- Installing: /home/hypark/git/Autoware_On_Embedded/install/autoware_config_msgs/lib/python2.7/dist-packages/autoware_config_msgs/msg/_ConfigICP.py
[9.001s] -- Installing: /home/hypark/git/Autoware_On_Embedded/install/autoware_config_msgs/lib/python2.7/dist-packages/autoware_config_msgs/msg/_ConfigSSD.pyc
[9.002s] -- Installing: /home/hypark/git/Autoware_On_Embedded/install/autoware_config_msgs/lib/python2.7/dist-packages/autoware_config_msgs/msg/_ConfigCompareMapFilter.pyc
[9.002s] -- Installing: /home/hypark/git/Autoware_On_Embedded/install/autoware_config_msgs/lib/python2.7/dist-packages/autoware_config_msgs/msg/_ConfigPedestrianDPM.py
[9.002s] -- Installing: /home/hypark/git/Autoware_On_Embedded/install/autoware_config_msgs/lib/python2.7/dist-packages/autoware_config_msgs/msg/_ConfigLaneSelect.pyc
[9.002s] -- Installing: /home/hypark/git/Autoware_On_Embedded/install/autoware_config_msgs/lib/python2.7/dist-packages/autoware_config_msgs/msg/_ConfigDistanceFilter.pyc
[9.002s] -- Installing: /home/hypark/git/Autoware_On_Embedded/install/autoware_config_msgs/lib/python2.7/dist-packages/autoware_config_msgs/msg/_ConfigPedestrianFusion.pyc
[9.002s] -- Installing: /home/hypark/git/Autoware_On_Embedded/install/autoware_config_msgs/lib/python2.7/dist-packages/autoware_config_msgs/msg/_ConfigCarKF.py
[9.002s] -- Installing: /home/hypark/git/Autoware_On_Embedded/install/autoware_config_msgs/lib/python2.7/dist-packages/autoware_config_msgs/msg/_ConfigNDTMappingOutput.py
[9.002s] -- Installing: /home/hypark/git/Autoware_On_Embedded/install/autoware_config_msgs/lib/python2.7/dist-packages/autoware_config_msgs/msg/_ConfigDecisionMaker.py
[9.002s] -- Installing: /home/hypark/git/Autoware_On_Embedded/install/autoware_config_msgs/lib/python2.7/dist-packages/autoware_config_msgs/msg/_ConfigPlannerSelector.pyc
[9.002s] -- Installing: /home/hypark/git/Autoware_On_Embedded/install/autoware_config_msgs/lib/python2.7/dist-packages/autoware_config_msgs/msg/_ConfigApproximateNDTMapping.py
[9.002s] -- Installing: /home/hypark/git/Autoware_On_Embedded/install/autoware_config_msgs/lib/python2.7/dist-packages/autoware_config_msgs/msg/_ConfigWaypointFollower.pyc
[9.003s] -- Installing: /home/hypark/git/Autoware_On_Embedded/install/autoware_config_msgs/lib/python2.7/dist-packages/autoware_config_msgs/msg/_ConfigRandomFilter.py
[9.003s] -- Installing: /home/hypark/git/Autoware_On_Embedded/install/autoware_config_msgs/lib/python2.7/dist-packages/autoware_config_msgs/msg/_ConfigRingFilter.pyc
[9.003s] -- Installing: /home/hypark/git/Autoware_On_Embedded/install/autoware_config_msgs/lib/python2.7/dist-packages/autoware_config_msgs/msg/_ConfigRandomFilter.pyc
[9.003s] -- Installing: /home/hypark/git/Autoware_On_Embedded/install/autoware_config_msgs/lib/python2.7/dist-packages/autoware_config_msgs/msg/_ConfigPedestrianKF.py
[9.003s] -- Installing: /home/hypark/git/Autoware_On_Embedded/install/autoware_config_msgs/lib/python2.7/dist-packages/autoware_config_msgs/msg/_ConfigVoxelGridFilter.pyc
[9.003s] -- Installing: /home/hypark/git/Autoware_On_Embedded/install/autoware_config_msgs/lib/python2.7/dist-packages/autoware_config_msgs/msg/_ConfigNDTMapping.pyc
[9.003s] -- Installing: /home/hypark/git/Autoware_On_Embedded/install/autoware_config_msgs/lib/python2.7/dist-packages/autoware_config_msgs/msg/_ConfigLaneStop.pyc
[9.003s] -- Installing: /home/hypark/git/Autoware_On_Embedded/install/autoware_config_msgs/lib/python2.7/dist-packages/autoware_config_msgs/msg/__init__.py
[9.003s] -- Installing: /home/hypark/git/Autoware_On_Embedded/install/autoware_config_msgs/lib/python2.7/dist-packages/autoware_config_msgs/msg/_ConfigRingGroundFilter.pyc
[9.003s] -- Installing: /home/hypark/git/Autoware_On_Embedded/install/autoware_config_msgs/lib/python2.7/dist-packages/autoware_config_msgs/msg/_ConfigDistanceFilter.py
[9.003s] -- Installing: /home/hypark/git/Autoware_On_Embedded/install/autoware_config_msgs/lib/python2.7/dist-packages/autoware_config_msgs/msg/_ConfigTwistFilter.py
[9.003s] -- Installing: /home/hypark/git/Autoware_On_Embedded/install/autoware_config_msgs/lib/python2.7/dist-packages/autoware_config_msgs/msg/_ConfigCompareMapFilter.py
[9.004s] -- Installing: /home/hypark/git/Autoware_On_Embedded/install/autoware_config_msgs/lib/python2.7/dist-packages/autoware_config_msgs/msg/_ConfigPedestrianFusion.py
[9.004s] -- Installing: /home/hypark/git/Autoware_On_Embedded/install/autoware_config_msgs/lib/python2.7/dist-packages/autoware_config_msgs/msg/_ConfigWaypointFollower.py
[9.004s] -- Installing: /home/hypark/git/Autoware_On_Embedded/install/autoware_config_msgs/lib/python2.7/dist-packages/autoware_config_msgs/msg/_ConfigRingFilter.py
[9.004s] -- Installing: /home/hypark/git/Autoware_On_Embedded/install/autoware_config_msgs/lib/python2.7/dist-packages/autoware_config_msgs/msg/_ConfigLaneRule.py
[9.004s] -- Installing: /home/hypark/git/Autoware_On_Embedded/install/autoware_config_msgs/lib/python2.7/dist-packages/autoware_config_msgs/msg/_ConfigRcnn.pyc
[9.004s] -- Installing: /home/hypark/git/Autoware_On_Embedded/install/autoware_config_msgs/lib/python2.7/dist-packages/autoware_config_msgs/msg/_ConfigCarFusion.py
[9.004s] -- Installing: /home/hypark/git/Autoware_On_Embedded/install/autoware_config_msgs/lib/python2.7/dist-packages/autoware_config_msgs/msg/_ConfigPoints2Polygon.py
[9.004s] -- Installing: /home/hypark/git/Autoware_On_Embedded/install/autoware_config_msgs/lib/python2.7/dist-packages/autoware_config_msgs/msg/_ConfigWaypointReplanner.py
[9.004s] -- Installing: /home/hypark/git/Autoware_On_Embedded/install/autoware_config_msgs/lib/python2.7/dist-packages/autoware_config_msgs/msg/_ConfigPlannerSelector.py
[9.004s] -- Installing: /home/hypark/git/Autoware_On_Embedded/install/autoware_config_msgs/lib/python2.7/dist-packages/autoware_config_msgs/msg/_ConfigICP.pyc
[9.004s] -- Installing: /home/hypark/git/Autoware_On_Embedded/install/autoware_config_msgs/lib/python2.7/dist-packages/autoware_config_msgs/msg/_ConfigTwistFilter.pyc
[9.004s] -- Installing: /home/hypark/git/Autoware_On_Embedded/install/autoware_config_msgs/lib/python2.7/dist-packages/autoware_config_msgs/msg/_ConfigPedestrianDPM.pyc
[9.005s] -- Installing: /home/hypark/git/Autoware_On_Embedded/install/autoware_config_msgs/lib/python2.7/dist-packages/autoware_config_msgs/msg/__init__.pyc
[9.005s] -- Installing: /home/hypark/git/Autoware_On_Embedded/install/autoware_config_msgs/lib/python2.7/dist-packages/autoware_config_msgs/msg/_ConfigRayGroundFilter.pyc
[9.005s] -- Installing: /home/hypark/git/Autoware_On_Embedded/install/autoware_config_msgs/lib/python2.7/dist-packages/autoware_config_msgs/msg/_ConfigWaypointReplanner.pyc
[9.005s] -- Installing: /home/hypark/git/Autoware_On_Embedded/install/autoware_config_msgs/lib/python2.7/dist-packages/autoware_config_msgs/msg/_ConfigVelocitySet.py
[9.005s] -- Installing: /home/hypark/git/Autoware_On_Embedded/install/autoware_config_msgs/lib/python2.7/dist-packages/autoware_config_msgs/msg/_ConfigPoints2Polygon.pyc
[9.005s] -- Installing: /home/hypark/git/Autoware_On_Embedded/install/autoware_config_msgs/lib/python2.7/dist-packages/autoware_config_msgs/msg/_ConfigRingGroundFilter.py
[9.005s] -- Installing: /home/hypark/git/Autoware_On_Embedded/install/autoware_config_msgs/lib/python2.7/dist-packages/autoware_config_msgs/msg/_ConfigLaneStop.py
[9.005s] -- Installing: /home/hypark/git/Autoware_On_Embedded/install/autoware_config_msgs/lib/python2.7/dist-packages/autoware_config_msgs/msg/_ConfigLatticeVelocitySet.pyc
[9.005s] -- Installing: /home/hypark/git/Autoware_On_Embedded/install/autoware_config_msgs/lib/python2.7/dist-packages/autoware_config_msgs/msg/_ConfigRcnn.py
[9.005s] -- Installing: /home/hypark/git/Autoware_On_Embedded/install/autoware_config_msgs/lib/python2.7/dist-packages/autoware_config_msgs/msg/_ConfigCarDPM.py
[9.005s] -- Installing: /home/hypark/git/Autoware_On_Embedded/install/autoware_config_msgs/lib/python2.7/dist-packages/autoware_config_msgs/msg/_ConfigCarKF.pyc
[9.005s] -- Installing: /home/hypark/git/Autoware_On_Embedded/install/autoware_config_msgs/lib/python2.7/dist-packages/autoware_config_msgs/msg/_ConfigVoxelGridFilter.py
[9.005s] -- Installing: /home/hypark/git/Autoware_On_Embedded/install/autoware_config_msgs/lib/python2.7/dist-packages/autoware_config_msgs/msg/_ConfigSSD.py
[9.005s] -- Installing: /home/hypark/git/Autoware_On_Embedded/install/autoware_config_msgs/lib/python2.7/dist-packages/autoware_config_msgs/msg/_ConfigRayGroundFilter.py
[9.005s] -- Installing: /home/hypark/git/Autoware_On_Embedded/install/autoware_config_msgs/lib/python2.7/dist-packages/autoware_config_msgs/msg/_ConfigCarFusion.pyc
[9.005s] -- Installing: /home/hypark/git/Autoware_On_Embedded/install/autoware_config_msgs/lib/python2.7/dist-packages/autoware_config_msgs/msg/_ConfigDecisionMaker.pyc
[9.005s] -- Installing: /home/hypark/git/Autoware_On_Embedded/install/autoware_config_msgs/lib/python2.7/dist-packages/autoware_config_msgs/msg/_ConfigPedestrianKF.pyc
[9.006s] -- Installing: /home/hypark/git/Autoware_On_Embedded/install/autoware_config_msgs/lib/python2.7/dist-packages/autoware_config_msgs/msg/_ConfigNDTMappingOutput.pyc
[9.006s] -- Installing: /home/hypark/git/Autoware_On_Embedded/install/autoware_config_msgs/lib/python2.7/dist-packages/autoware_config_msgs/msg/_ConfigApproximateNDTMapping.pyc
[9.006s] -- Installing: /home/hypark/git/Autoware_On_Embedded/install/autoware_config_msgs/lib/python2.7/dist-packages/autoware_config_msgs/msg/_ConfigLaneRule.pyc
[9.006s] -- Installing: /home/hypark/git/Autoware_On_Embedded/install/autoware_config_msgs/lib/python2.7/dist-packages/autoware_config_msgs/msg/_ConfigNDT.pyc
[9.006s] -- Installing: /home/hypark/git/Autoware_On_Embedded/install/autoware_config_msgs/lib/python2.7/dist-packages/autoware_config_msgs/msg/_ConfigLaneSelect.py
[9.006s] -- Installing: /home/hypark/git/Autoware_On_Embedded/install/autoware_config_msgs/lib/python2.7/dist-packages/autoware_config_msgs/msg/_ConfigNDTMapping.py
[9.006s] -- Installing: /home/hypark/git/Autoware_On_Embedded/install/autoware_config_msgs/lib/python2.7/dist-packages/autoware_config_msgs/__init__.py
[9.006s] -- Installing: /home/hypark/git/Autoware_On_Embedded/install/autoware_config_msgs/lib/python2.7/dist-packages/autoware_config_msgs/__init__.pyc
[9.006s] -- Installing: /home/hypark/git/Autoware_On_Embedded/install/autoware_config_msgs/lib/pkgconfig/autoware_config_msgs.pc
[9.006s] -- Installing: /home/hypark/git/Autoware_On_Embedded/install/autoware_config_msgs/share/autoware_config_msgs/cmake/autoware_config_msgs-msg-extras.cmake
[9.006s] -- Installing: /home/hypark/git/Autoware_On_Embedded/install/autoware_config_msgs/share/autoware_config_msgs/cmake/autoware_config_msgsConfig.cmake
[9.006s] -- Installing: /home/hypark/git/Autoware_On_Embedded/install/autoware_config_msgs/share/autoware_config_msgs/cmake/autoware_config_msgsConfig-version.cmake
[9.006s] -- Installing: /home/hypark/git/Autoware_On_Embedded/install/autoware_config_msgs/share/autoware_config_msgs/package.xml
[9.008s] Invoked command in '/home/hypark/git/Autoware_On_Embedded/build/autoware_config_msgs' returned '0': /usr/bin/cmake --build /home/hypark/git/Autoware_On_Embedded/build/autoware_config_msgs --target install -- -j12 -l12
