-- CUDA compilation status: 1.
-- Using CATKIN_DEVEL_PREFIX: /home/hypark/git/Autoware_On_Embedded/build/vision_darknet_detect/devel
-- Using CMAKE_PREFIX_PATH: /home/hypark/rubis_ws/devel;/home/hypark/autoware.ai/install/ymc;/home/hypark/autoware.ai/install/xsens_driver;/home/hypark/autoware.ai/install/wf_simulator;/home/hypark/autoware.ai/install/lattice_planner;/home/hypark/autoware.ai/install/waypoint_planner;/home/hypark/autoware.ai/install/waypoint_maker;/home/hypark/autoware.ai/install/way_planner;/home/hypark/autoware.ai/install/vlg22c_cam;/home/hypark/autoware.ai/install/vision_ssd_detect;/home/hypark/autoware.ai/install/vision_segment_enet_detect;/home/hypark/autoware.ai/install/vision_lane_detect;/home/hypark/autoware.ai/install/vision_darknet_detect;/home/hypark/autoware.ai/install/vision_beyond_track;/home/hypark/autoware.ai/install/vel_pose_diff_checker;/home/hypark/autoware.ai/install/vehicle_socket;/home/hypark/autoware.ai/install/vehicle_sim_model;/home/hypark/autoware.ai/install/vehicle_model;/home/hypark/autoware.ai/install/vehicle_gazebo_simulation_launcher;/home/hypark/autoware.ai/install/vehicle_gazebo_simulation_interface;/home/hypark/autoware.ai/install/vehicle_engage_panel;/home/hypark/autoware.ai/install/vehicle_description;/home/hypark/autoware.ai/install/trafficlight_recognizer;/home/hypark/autoware.ai/install/op_utilities;/home/hypark/autoware.ai/install/op_simulation_package;/home/hypark/autoware.ai/install/op_local_planner;/home/hypark/autoware.ai/install/op_global_planner;/home/hypark/autoware.ai/install/lidar_kf_contour_track;/home/hypark/autoware.ai/install/op_ros_helpers;/home/hypark/autoware.ai/install/ff_waypoint_follower;/home/hypark/autoware.ai/install/dp_planner;/home/hypark/autoware.ai/install/op_simu;/home/hypark/autoware.ai/install/op_planner;/home/hypark/autoware.ai/install/op_utility;/home/hypark/autoware.ai/install/lidar_euclidean_cluster_detect;/home/hypark/autoware.ai/install/vector_map_server;/home/hypark/autoware.ai/install/road_occupancy_processor;/home/hypark/autoware.ai/install/costmap_generator;/home/hypark/autoware.ai/install/object_map;/home/hypark/autoware.ai/install/naive_motion_predict;/home/hypark/autoware.ai/install/lanelet_aisan_converter;/home/hypark/autoware.ai/install/map_file;/home/hypark/autoware.ai/install/libvectormap;/home/hypark/autoware.ai/install/lane_planner;/home/hypark/autoware.ai/install/imm_ukf_pda_track;/home/hypark/autoware.ai/install/decision_maker;/home/hypark/autoware.ai/install/vector_map;/home/hypark/autoware.ai/install/vector_map_msgs;/home/hypark/autoware.ai/install/vectacam;/home/hypark/autoware.ai/install/udon_socket;/home/hypark/autoware.ai/install/twist_generator;/home/hypark/autoware.ai/install/twist_gate;/home/hypark/autoware.ai/install/twist_filter;/home/hypark/autoware.ai/install/twist2odom;/home/hypark/autoware.ai/install/tablet_socket;/home/hypark/autoware.ai/install/runtime_manager;/home/hypark/autoware.ai/install/mqtt_socket;/home/hypark/autoware.ai/install/tablet_socket_msgs;/home/hypark/autoware.ai/install/state_machine_lib;/home/hypark/autoware.ai/install/sound_player;/home/hypark/autoware.ai/install/sick_lms5xx;/home/hypark/autoware.ai/install/sick_ldmrs_tools;/home/hypark/autoware.ai/install/sick_ldmrs_driver;/home/hypark/autoware.ai/install/sick_ldmrs_msgs;/home/hypark/autoware.ai/install/sick_ldmrs_description;/home/hypark/autoware.ai/install/points2image;/home/hypark/autoware.ai/install/rosinterface;/home/hypark/autoware.ai/install/rosbag_controller;/home/hypark/autoware.ai/install/pure_pursuit;/home/hypark/autoware.ai/install/points_preprocessor;/home/hypark/autoware.ai/install/mpc_follower;/home/hypark/autoware.ai/install/lidar_localizer;/home/hypark/autoware.ai/install/emergency_handler;/home/hypark/autoware.ai/install/autoware_health_checker;/home/hypark/autoware.ai/install/as;/home/hypark/autoware.ai/install/ros_observer;/home/hypark/autoware.ai/install/roi_object_filter;/home/hypark/autoware.ai/install/range_vision_fusion;/home/hypark/autoware.ai/install/pos_db;/home/hypark/autoware.ai/install/points_downsampler;/home/hypark/autoware.ai/install/pixel_cloud_fusion;/home/hypark/autoware.ai/install/pcl_omp_registration;/home/hypark/autoware.ai/install/pc2_downsampler;/home/hypark/autoware.ai/install/oculus_socket;/home/hypark/autoware.ai/install/obj_db;/home/hypark/autoware.ai/install/nmea_navsat;/home/hypark/autoware.ai/install/ndt_tku;/home/hypark/autoware.ai/install/ndt_gpu;/home/hypark/autoware.ai/install/ndt_cpu;/home/hypark/autoware.ai/install/multi_vlp_driver;/home/hypark/autoware.ai/install/multi_vlp_converter;/home/hypark/autoware.ai/install/multi_vlp_combiner;/home/hypark/autoware.ai/install/multi_lidar_calibrator;/home/hypark/autoware.ai/install/mrt_cmake_modules;/home/hypark/autoware.ai/install/microstrain_driver;/home/hypark/autoware.ai/install/memsic_imu;/home/hypark/autoware.ai/install/marker_downsampler;/home/hypark/autoware.ai/install/map_tools;/home/hypark/autoware.ai/install/map_tf_generator;/home/hypark/autoware.ai/install/log_tools;/home/hypark/autoware.ai/install/lidar_shape_estimation;/home/hypark/autoware.ai/install/lidar_point_pillars;/home/hypark/autoware.ai/install/lidar_naive_l_shape_detect;/home/hypark/autoware.ai/install/lidar_fake_perception;/home/hypark/autoware.ai/install/lidar_apollo_cnn_seg_detect;/home/hypark/autoware.ai/install/libwaypoint_follower;/home/hypark/autoware.ai/install/lgsvl_simulator_bridge;/home/hypark/autoware.ai/install/lanelet2_extension;/home/hypark/autoware.ai/install/lanelet2_validation;/home/hypark/autoware.ai/install/lanelet2_examples;/home/hypark/autoware.ai/install/lanelet2_python;/home/hypark/autoware.ai/install/lanelet2_routing;/home/hypark/autoware.ai/install/lanelet2_traffic_rules;/home/hypark/autoware.ai/install/lanelet2_projection;/home/hypark/autoware.ai/install/lanelet2_maps;/home/hypark/autoware.ai/install/lanelet2_io;/home/hypark/autoware.ai/install/lanelet2_core;/home/hypark/autoware.ai/install/kvaser;/home/hypark/autoware.ai/install/kitti_launch;/home/hypark/autoware.ai/install/kitti_player;/home/hypark/autoware.ai/install/kitti_box_publisher;/home/hypark/autoware.ai/install/javad_navsat_driver;/home/hypark/autoware.ai/install/integrated_viewer;/home/hypark/autoware.ai/install/image_processor;/home/hypark/autoware.ai/install/hokuyo;/home/hypark/autoware.ai/install/graph_tools;/home/hypark/autoware.ai/install/gnss_localizer;/home/hypark/autoware.ai/install/gnss;/home/hypark/autoware.ai/install/glviewer;/home/hypark/autoware.ai/install/gazebo_world_description;/home/hypark/autoware.ai/install/gazebo_imu_description;/home/hypark/autoware.ai/install/gazebo_camera_description;/home/hypark/autoware.ai/install/garmin;/home/hypark/autoware.ai/install/freespace_planner;/home/hypark/autoware.ai/install/fastvirtualscan;/home/hypark/autoware.ai/install/ekf_localizer;/home/hypark/autoware.ai/install/ds4_msgs;/home/hypark/autoware.ai/install/ds4_driver;/home/hypark/autoware.ai/install/detected_objects_visualizer;/home/hypark/autoware.ai/install/decision_maker_panel;/home/hypark/autoware.ai/install/data_preprocessor;/home/hypark/autoware.ai/install/custom_msgs;/home/hypark/autoware.ai/install/carla_autoware_bridge;/home/hypark/autoware.ai/install/calibration_publisher;/home/hypark/autoware.ai/install/autoware_system_msgs;/home/hypark/autoware.ai/install/autoware_rviz_plugins;/home/hypark/autoware.ai/install/autoware_quickstart_examples;/home/hypark/autoware.ai/install/autoware_pointgrey_drivers;/home/hypark/autoware.ai/install/autoware_driveworks_interface;/home/hypark/autoware.ai/install/autoware_connector;/home/hypark/autoware.ai/install/autoware_camera_lidar_calibrator;/home/hypark/autoware.ai/install/astar_search;/home/hypark/autoware.ai/install/amathutils_lib;/home/hypark/autoware.ai/install/autoware_msgs;/home/hypark/autoware.ai/install/autoware_map_msgs;/home/hypark/autoware.ai/install/autoware_launcher_rviz;/home/hypark/autoware.ai/install/autoware_launcher;/home/hypark/autoware.ai/install/autoware_lanelet2_msgs;/home/hypark/autoware.ai/install/autoware_external_msgs;/home/hypark/autoware.ai/install/autoware_driveworks_gmsl_interface;/home/hypark/autoware.ai/install/autoware_config_msgs;/home/hypark/autoware.ai/install/autoware_can_msgs;/home/hypark/autoware.ai/install/autoware_build_flags;/home/hypark/autoware.ai/install/autoware_bag_tools;/home/hypark/autoware.ai/install/adi_driver;/opt/ros/melodic
-- This workspace overlays: /home/hypark/rubis_ws/devel;/home/hypark/autoware.ai/install/ymc;/home/hypark/autoware.ai/install/xsens_driver;/home/hypark/autoware.ai/install/wf_simulator;/home/hypark/autoware.ai/install/lattice_planner;/home/hypark/autoware.ai/install/waypoint_planner;/home/hypark/autoware.ai/install/waypoint_maker;/home/hypark/autoware.ai/install/way_planner;/home/hypark/autoware.ai/install/vlg22c_cam;/home/hypark/autoware.ai/install/vision_ssd_detect;/home/hypark/autoware.ai/install/vision_segment_enet_detect;/home/hypark/autoware.ai/install/vision_lane_detect;/home/hypark/autoware.ai/install/vision_darknet_detect;/home/hypark/autoware.ai/install/vision_beyond_track;/home/hypark/autoware.ai/install/vel_pose_diff_checker;/home/hypark/autoware.ai/install/vehicle_socket;/home/hypark/autoware.ai/install/vehicle_sim_model;/home/hypark/autoware.ai/install/vehicle_model;/home/hypark/autoware.ai/install/vehicle_gazebo_simulation_launcher;/home/hypark/autoware.ai/install/vehicle_gazebo_simulation_interface;/home/hypark/autoware.ai/install/vehicle_engage_panel;/home/hypark/autoware.ai/install/vehicle_description;/home/hypark/autoware.ai/install/trafficlight_recognizer;/home/hypark/autoware.ai/install/op_utilities;/home/hypark/autoware.ai/install/op_simulation_package;/home/hypark/autoware.ai/install/op_local_planner;/home/hypark/autoware.ai/install/op_global_planner;/home/hypark/autoware.ai/install/lidar_kf_contour_track;/home/hypark/autoware.ai/install/op_ros_helpers;/home/hypark/autoware.ai/install/ff_waypoint_follower;/home/hypark/autoware.ai/install/dp_planner;/home/hypark/autoware.ai/install/op_simu;/home/hypark/autoware.ai/install/op_planner;/home/hypark/autoware.ai/install/op_utility;/home/hypark/autoware.ai/install/lidar_euclidean_cluster_detect;/home/hypark/autoware.ai/install/vector_map_server;/home/hypark/autoware.ai/install/road_occupancy_processor;/home/hypark/autoware.ai/install/costmap_generator;/home/hypark/autoware.ai/install/object_map;/home/hypark/autoware.ai/install/naive_motion_predict;/home/hypark/autoware.ai/install/lanelet_aisan_converter;/home/hypark/autoware.ai/install/map_file;/home/hypark/autoware.ai/install/libvectormap;/home/hypark/autoware.ai/install/lane_planner;/home/hypark/autoware.ai/install/imm_ukf_pda_track;/home/hypark/autoware.ai/install/decision_maker;/home/hypark/autoware.ai/install/vector_map;/home/hypark/autoware.ai/install/vector_map_msgs;/home/hypark/autoware.ai/install/vectacam;/home/hypark/autoware.ai/install/udon_socket;/home/hypark/autoware.ai/install/twist_generator;/home/hypark/autoware.ai/install/twist_gate;/home/hypark/autoware.ai/install/twist_filter;/home/hypark/autoware.ai/install/twist2odom;/home/hypark/autoware.ai/install/tablet_socket;/home/hypark/autoware.ai/install/runtime_manager;/home/hypark/autoware.ai/install/mqtt_socket;/home/hypark/autoware.ai/install/tablet_socket_msgs;/home/hypark/autoware.ai/install/state_machine_lib;/home/hypark/autoware.ai/install/sound_player;/home/hypark/autoware.ai/install/sick_lms5xx;/home/hypark/autoware.ai/install/sick_ldmrs_tools;/home/hypark/autoware.ai/install/sick_ldmrs_driver;/home/hypark/autoware.ai/install/sick_ldmrs_msgs;/home/hypark/autoware.ai/install/sick_ldmrs_description;/home/hypark/autoware.ai/install/points2image;/home/hypark/autoware.ai/install/rosinterface;/home/hypark/autoware.ai/install/rosbag_controller;/home/hypark/autoware.ai/install/pure_pursuit;/home/hypark/autoware.ai/install/points_preprocessor;/home/hypark/autoware.ai/install/mpc_follower;/home/hypark/autoware.ai/install/lidar_localizer;/home/hypark/autoware.ai/install/emergency_handler;/home/hypark/autoware.ai/install/autoware_health_checker;/home/hypark/autoware.ai/install/as;/home/hypark/autoware.ai/install/ros_observer;/home/hypark/autoware.ai/install/roi_object_filter;/home/hypark/autoware.ai/install/range_vision_fusion;/home/hypark/autoware.ai/install/pos_db;/home/hypark/autoware.ai/install/points_downsampler;/home/hypark/autoware.ai/install/pixel_cloud_fusion;/home/hypark/autoware.ai/install/pcl_omp_registration;/home/hypark/autoware.ai/install/pc2_downsampler;/home/hypark/autoware.ai/install/oculus_socket;/home/hypark/autoware.ai/install/obj_db;/home/hypark/autoware.ai/install/nmea_navsat;/home/hypark/autoware.ai/install/ndt_tku;/home/hypark/autoware.ai/install/ndt_gpu;/home/hypark/autoware.ai/install/ndt_cpu;/home/hypark/autoware.ai/install/multi_vlp_driver;/home/hypark/autoware.ai/install/multi_vlp_converter;/home/hypark/autoware.ai/install/multi_vlp_combiner;/home/hypark/autoware.ai/install/multi_lidar_calibrator;/home/hypark/autoware.ai/install/mrt_cmake_modules;/home/hypark/autoware.ai/install/microstrain_driver;/home/hypark/autoware.ai/install/memsic_imu;/home/hypark/autoware.ai/install/marker_downsampler;/home/hypark/autoware.ai/install/map_tools;/home/hypark/autoware.ai/install/map_tf_generator;/home/hypark/autoware.ai/install/log_tools;/home/hypark/autoware.ai/install/lidar_shape_estimation;/home/hypark/autoware.ai/install/lidar_point_pillars;/home/hypark/autoware.ai/install/lidar_naive_l_shape_detect;/home/hypark/autoware.ai/install/lidar_fake_perception;/home/hypark/autoware.ai/install/lidar_apollo_cnn_seg_detect;/home/hypark/autoware.ai/install/libwaypoint_follower;/home/hypark/autoware.ai/install/lgsvl_simulator_bridge;/home/hypark/autoware.ai/install/lanelet2_extension;/home/hypark/autoware.ai/install/lanelet2_validation;/home/hypark/autoware.ai/install/lanelet2_examples;/home/hypark/autoware.ai/install/lanelet2_python;/home/hypark/autoware.ai/install/lanelet2_routing;/home/hypark/autoware.ai/install/lanelet2_traffic_rules;/home/hypark/autoware.ai/install/lanelet2_projection;/home/hypark/autoware.ai/install/lanelet2_maps;/home/hypark/autoware.ai/install/lanelet2_io;/home/hypark/autoware.ai/install/lanelet2_core;/home/hypark/autoware.ai/install/kvaser;/home/hypark/autoware.ai/install/kitti_launch;/home/hypark/autoware.ai/install/kitti_player;/home/hypark/autoware.ai/install/kitti_box_publisher;/home/hypark/autoware.ai/install/javad_navsat_driver;/home/hypark/autoware.ai/install/integrated_viewer;/home/hypark/autoware.ai/install/image_processor;/home/hypark/autoware.ai/install/hokuyo;/home/hypark/autoware.ai/install/graph_tools;/home/hypark/autoware.ai/install/gnss_localizer;/home/hypark/autoware.ai/install/gnss;/home/hypark/autoware.ai/install/glviewer;/home/hypark/autoware.ai/install/gazebo_world_description;/home/hypark/autoware.ai/install/gazebo_imu_description;/home/hypark/autoware.ai/install/gazebo_camera_description;/home/hypark/autoware.ai/install/garmin;/home/hypark/autoware.ai/install/freespace_planner;/home/hypark/autoware.ai/install/fastvirtualscan;/home/hypark/autoware.ai/install/ekf_localizer;/home/hypark/autoware.ai/install/ds4_msgs;/home/hypark/autoware.ai/install/ds4_driver;/home/hypark/autoware.ai/install/detected_objects_visualizer;/home/hypark/autoware.ai/install/decision_maker_panel;/home/hypark/autoware.ai/install/data_preprocessor;/home/hypark/autoware.ai/install/custom_msgs;/home/hypark/autoware.ai/install/carla_autoware_bridge;/home/hypark/autoware.ai/install/calibration_publisher;/home/hypark/autoware.ai/install/autoware_system_msgs;/home/hypark/autoware.ai/install/autoware_rviz_plugins;/home/hypark/autoware.ai/install/autoware_quickstart_examples;/home/hypark/autoware.ai/install/autoware_pointgrey_drivers;/home/hypark/autoware.ai/install/autoware_driveworks_interface;/home/hypark/autoware.ai/install/autoware_connector;/home/hypark/autoware.ai/install/autoware_camera_lidar_calibrator;/home/hypark/autoware.ai/install/astar_search;/home/hypark/autoware.ai/install/amathutils_lib;/home/hypark/autoware.ai/install/autoware_msgs;/home/hypark/autoware.ai/install/autoware_map_msgs;/home/hypark/autoware.ai/install/autoware_launcher_rviz;/home/hypark/autoware.ai/install/autoware_launcher;/home/hypark/autoware.ai/install/autoware_lanelet2_msgs;/home/hypark/autoware.ai/install/autoware_external_msgs;/home/hypark/autoware.ai/install/autoware_driveworks_gmsl_interface;/home/hypark/autoware.ai/install/autoware_config_msgs;/home/hypark/autoware.ai/install/autoware_can_msgs;/home/hypark/autoware.ai/install/autoware_build_flags;/home/hypark/autoware.ai/install/autoware_bag_tools;/home/hypark/autoware.ai/install/adi_driver;/opt/ros/melodic
-- Found PythonInterp: /usr/bin/python2 (found suitable version "2.7.17", minimum required is "2") 
-- Using PYTHON_EXECUTABLE: /usr/bin/python2
-- Using Debian Python package layout
-- Using empy: /usr/bin/empy
-- Using CATKIN_ENABLE_TESTING: ON
-- Call enable_testing()
-- Using CATKIN_TEST_RESULTS_DIR: /home/hypark/git/Autoware_On_Embedded/build/vision_darknet_detect/test_results
-- Found gtest sources under '/usr/src/googletest': gtests will be built
-- Found gmock sources under '/usr/src/googletest': gmock will be built
-- Found PythonInterp: /usr/bin/python2 (found version "2.7.17") 
-- Using Python nosetests: /usr/bin/nosetests-2.7
-- catkin 0.7.29
-- BUILD_SHARED_LIBS is on
-- Using these message generators: gencpp;geneus;genlisp;gennodejs;genpy
-- Found OpenMP_C: -fopenmp  
-- Found OpenMP_CXX: -fopenmp  
-- Found OpenMP: TRUE   
-- Configuring done
-- Generating done
-- Build files have been written to: /home/hypark/git/Autoware_On_Embedded/build/vision_darknet_detect
[  0%] Built target roscpp_generate_messages_lisp
[  0%] Built target jsk_footstep_msgs_generate_messages_nodejs
[  0%] Built target rosgraph_msgs_generate_messages_lisp
[  0%] Built target roscpp_generate_messages_py
[  0%] Built target sensor_msgs_generate_messages_nodejs
[  0%] Built target pcl_msgs_generate_messages_nodejs
[  0%] Built target actionlib_msgs_generate_messages_cpp
[  0%] Built target actionlib_msgs_generate_messages_lisp
[  0%] Built target jsk_footstep_msgs_generate_messages_eus
[  0%] Built target actionlib_msgs_generate_messages_py
[  0%] Built target pcl_msgs_generate_messages_py
[  0%] Built target rosgraph_msgs_generate_messages_nodejs
[  0%] Built target std_msgs_generate_messages_nodejs
[  0%] Built target rosgraph_msgs_generate_messages_cpp
[  0%] Built target pcl_msgs_generate_messages_eus
[  0%] Built target pcl_msgs_generate_messages_lisp
[  0%] Built target std_msgs_generate_messages_lisp
[  0%] Built target autoware_msgs_generate_messages_cpp
[  0%] Built target sensor_msgs_generate_messages_cpp
[  0%] Built target sensor_msgs_generate_messages_eus
[  0%] Built target autoware_config_msgs_generate_messages_lisp
[  0%] Built target autoware_config_msgs_generate_messages_eus
[  0%] Built target jsk_footstep_msgs_generate_messages_lisp
[  0%] Built target std_msgs_generate_messages_eus
[  0%] Built target autoware_msgs_generate_messages_nodejs
[  0%] Built target autoware_config_msgs_generate_messages_py
[  0%] Built target actionlib_msgs_generate_messages_nodejs
[  0%] Built target rosgraph_msgs_generate_messages_py
[  0%] Built target std_msgs_generate_messages_py
[  0%] Built target jsk_footstep_msgs_generate_messages_py
[  0%] Built target std_msgs_generate_messages_cpp
[  0%] Built target autoware_msgs_generate_messages_py
[  0%] Built target sensor_msgs_generate_messages_py
[  0%] Built target jsk_recognition_msgs_generate_messages_py
[  0%] Built target autoware_msgs_generate_messages_eus
[  0%] Built target jsk_recognition_msgs_generate_messages_cpp
[  0%] Built target sensor_msgs_generate_messages_lisp
[  0%] Built target actionlib_msgs_generate_messages_eus
[  0%] Built target roscpp_generate_messages_nodejs
[  0%] Built target autoware_config_msgs_generate_messages_nodejs
[  0%] Built target pcl_msgs_generate_messages_cpp
[  0%] Built target roscpp_generate_messages_eus
[  0%] Built target autoware_msgs_generate_messages_lisp
[  0%] Built target geometry_msgs_generate_messages_nodejs
[  0%] Built target geometry_msgs_generate_messages_eus
[  0%] Built target geometry_msgs_generate_messages_lisp
[  0%] Built target jsk_footstep_msgs_generate_messages_cpp
[  0%] Built target geometry_msgs_generate_messages_cpp
[  0%] Built target geometry_msgs_generate_messages_py
[  0%] Built target roscpp_generate_messages_cpp
[  0%] Built target autoware_config_msgs_generate_messages_cpp
[  0%] Built target jsk_recognition_msgs_generate_messages_eus
[  0%] Built target jsk_recognition_msgs_generate_messages_lisp
[  0%] Built target jsk_recognition_msgs_generate_messages_nodejs
[  0%] Built target rosgraph_msgs_generate_messages_eus
[  1%] [34m[1mBuilding NVCC (Device) object CMakeFiles/vision_darknet_detect_lib.dir/darknet/src/vision_darknet_detect_lib_generated_blas_kernels.cu.o[0m
[35m[1mScanning dependencies of target vision_darknet_detect_lib[0m
[  5%] [32mBuilding C object CMakeFiles/vision_darknet_detect_lib.dir/darknet/src/cuda.c.o[0m
[  5%] [32mBuilding C object CMakeFiles/vision_darknet_detect_lib.dir/darknet/src/utils.c.o[0m
[  6%] [32mBuilding C object CMakeFiles/vision_darknet_detect_lib.dir/darknet/src/activations.c.o[0m
[  8%] [32mBuilding C object CMakeFiles/vision_darknet_detect_lib.dir/darknet/src/im2col.c.o[0m
[ 10%] [32mBuilding C object CMakeFiles/vision_darknet_detect_lib.dir/darknet/src/deconvolutional_layer.c.o[0m
[ 12%] [32mBuilding C object CMakeFiles/vision_darknet_detect_lib.dir/darknet/src/image.c.o[0m
[ 13%] [32mBuilding C object CMakeFiles/vision_darknet_detect_lib.dir/darknet/src/gemm.c.o[0m
[ 15%] [32mBuilding C object CMakeFiles/vision_darknet_detect_lib.dir/darknet/src/blas.c.o[0m
[ 17%] [32mBuilding C object CMakeFiles/vision_darknet_detect_lib.dir/darknet/src/col2im.c.o[0m
[ 18%] [32mBuilding C object CMakeFiles/vision_darknet_detect_lib.dir/darknet/src/list.c.o[0m
[ 20%] [32mBuilding C object CMakeFiles/vision_darknet_detect_lib.dir/darknet/src/crop_layer.c.o[0m
[ 22%] [32mBuilding C object CMakeFiles/vision_darknet_detect_lib.dir/darknet/src/convolutional_layer.c.o[0m
[ 24%] [32mBuilding C object CMakeFiles/vision_darknet_detect_lib.dir/darknet/src/dropout_layer.c.o[0m
[ 25%] [32mBuilding C object CMakeFiles/vision_darknet_detect_lib.dir/darknet/src/maxpool_layer.c.o[0m
[ 27%] [32mBuilding C object CMakeFiles/vision_darknet_detect_lib.dir/darknet/src/data.c.o[0m
[ 29%] [32mBuilding C object CMakeFiles/vision_darknet_detect_lib.dir/darknet/src/softmax_layer.c.o[0m
[ 31%] [32mBuilding C object CMakeFiles/vision_darknet_detect_lib.dir/darknet/src/network.c.o[0m
[ 32%] [32mBuilding C object CMakeFiles/vision_darknet_detect_lib.dir/darknet/src/matrix.c.o[0m
[ 34%] [32mBuilding C object CMakeFiles/vision_darknet_detect_lib.dir/darknet/src/cost_layer.c.o[0m
[ 36%] [32mBuilding C object CMakeFiles/vision_darknet_detect_lib.dir/darknet/src/connected_layer.c.o[0m
[ 37%] [32mBuilding C object CMakeFiles/vision_darknet_detect_lib.dir/darknet/src/option_list.c.o[0m
[ 39%] [32mBuilding C object CMakeFiles/vision_darknet_detect_lib.dir/darknet/src/parser.c.o[0m
[ 41%] [32mBuilding C object CMakeFiles/vision_darknet_detect_lib.dir/darknet/src/detection_layer.c.o[0m
[ 43%] [32mBuilding C object CMakeFiles/vision_darknet_detect_lib.dir/darknet/src/route_layer.c.o[0m
[ 44%] [32mBuilding C object CMakeFiles/vision_darknet_detect_lib.dir/darknet/src/upsample_layer.c.o[0m
[ 46%] [32mBuilding C object CMakeFiles/vision_darknet_detect_lib.dir/darknet/src/box.c.o[0m
[ 48%] [32mBuilding C object CMakeFiles/vision_darknet_detect_lib.dir/darknet/src/normalization_layer.c.o[0m
[ 50%] [32mBuilding C object CMakeFiles/vision_darknet_detect_lib.dir/darknet/src/avgpool_layer.c.o[0m
[ 51%] [32mBuilding C object CMakeFiles/vision_darknet_detect_lib.dir/darknet/src/layer.c.o[0m
[ 53%] [32mBuilding C object CMakeFiles/vision_darknet_detect_lib.dir/darknet/src/local_layer.c.o[0m
[ 55%] [32mBuilding C object CMakeFiles/vision_darknet_detect_lib.dir/darknet/src/activation_layer.c.o[0m
[ 56%] [32mBuilding C object CMakeFiles/vision_darknet_detect_lib.dir/darknet/src/logistic_layer.c.o[0m
[ 58%] [32mBuilding C object CMakeFiles/vision_darknet_detect_lib.dir/darknet/src/shortcut_layer.c.o[0m
[ 60%] [32mBuilding C object CMakeFiles/vision_darknet_detect_lib.dir/darknet/src/rnn_layer.c.o[0m
[ 62%] [32mBuilding C object CMakeFiles/vision_darknet_detect_lib.dir/darknet/src/gru_layer.c.o[0m
[ 63%] [32mBuilding C object CMakeFiles/vision_darknet_detect_lib.dir/darknet/src/crnn_layer.c.o[0m
[ 65%] [32mBuilding C object CMakeFiles/vision_darknet_detect_lib.dir/darknet/src/batchnorm_layer.c.o[0m
[ 67%] [32mBuilding C object CMakeFiles/vision_darknet_detect_lib.dir/darknet/src/region_layer.c.o[0m
[ 68%] [32mBuilding C object CMakeFiles/vision_darknet_detect_lib.dir/darknet/src/reorg_layer.c.o[0m
[ 70%] [32mBuilding C object CMakeFiles/vision_darknet_detect_lib.dir/darknet/src/lstm_layer.c.o[0m
[ 72%] [32mBuilding C object CMakeFiles/vision_darknet_detect_lib.dir/darknet/src/tree.c.o[0m
[ 74%] [32mBuilding C object CMakeFiles/vision_darknet_detect_lib.dir/darknet/src/l2norm_layer.c.o[0m
[ 75%] [32mBuilding C object CMakeFiles/vision_darknet_detect_lib.dir/darknet/src/yolo_layer.c.o[0m
[ 77%] [32m[1mLinking CXX shared library devel/lib/libvision_darknet_detect_lib.so[0m
[ 93%] Built target vision_darknet_detect_lib
[35m[1mScanning dependencies of target vision_darknet_detect[0m
[ 98%] [32mBuilding CXX object CMakeFiles/vision_darknet_detect.dir/src/vision_darknet_detect.cpp.o[0m
[ 96%] [32mBuilding CXX object CMakeFiles/vision_darknet_detect.dir/src/vision_darknet_detect_node.cpp.o[0m
[ 96%] [32mBuilding C object CMakeFiles/vision_darknet_detect.dir/darknet/src/cuda.c.o[0m
[100%] [32m[1mLinking CXX executable devel/lib/vision_darknet_detect/vision_darknet_detect[0m
[100%] Built target vision_darknet_detect
[35m[1mScanning dependencies of target tests[0m
Built target tests
[  0%] Built target roscpp_generate_messages_lisp
[  0%] Built target roscpp_generate_messages_py
[  0%] Built target rosgraph_msgs_generate_messages_lisp
[  0%] Built target actionlib_msgs_generate_messages_lisp
[  0%] Built target pcl_msgs_generate_messages_nodejs
[  0%] Built target jsk_footstep_msgs_generate_messages_nodejs
[  0%] Built target actionlib_msgs_generate_messages_py
[  0%] Built target rosgraph_msgs_generate_messages_nodejs
[  0%] Built target pcl_msgs_generate_messages_py
[  0%] Built target actionlib_msgs_generate_messages_cpp
[  0%] Built target jsk_footstep_msgs_generate_messages_eus
[  0%] Built target sensor_msgs_generate_messages_nodejs
[  0%] Built target pcl_msgs_generate_messages_lisp
[  0%] Built target autoware_msgs_generate_messages_cpp
[  0%] Built target rosgraph_msgs_generate_messages_cpp
[  0%] Built target std_msgs_generate_messages_nodejs
[  0%] Built target pcl_msgs_generate_messages_eus
[  0%] Built target std_msgs_generate_messages_lisp
[  0%] Built target sensor_msgs_generate_messages_cpp
[  0%] Built target sensor_msgs_generate_messages_eus
[  0%] Built target jsk_footstep_msgs_generate_messages_lisp
[  0%] Built target autoware_config_msgs_generate_messages_eus
[  0%] Built target autoware_config_msgs_generate_messages_lisp
[  0%] Built target std_msgs_generate_messages_eus
[  0%] Built target autoware_config_msgs_generate_messages_py
[  0%] Built target std_msgs_generate_messages_cpp
[  0%] Built target rosgraph_msgs_generate_messages_py
[  0%] Built target autoware_msgs_generate_messages_nodejs
[  0%] Built target jsk_footstep_msgs_generate_messages_py
[  0%] Built target std_msgs_generate_messages_py
[  0%] Built target autoware_msgs_generate_messages_py
[  0%] Built target actionlib_msgs_generate_messages_nodejs
[  0%] Built target sensor_msgs_generate_messages_py
[  0%] Built target autoware_msgs_generate_messages_eus
[  0%] Built target jsk_recognition_msgs_generate_messages_py
[  0%] Built target jsk_recognition_msgs_generate_messages_cpp
[  0%] Built target sensor_msgs_generate_messages_lisp
[  0%] Built target pcl_msgs_generate_messages_cpp
[  0%] Built target actionlib_msgs_generate_messages_eus
[  0%] Built target autoware_msgs_generate_messages_lisp
[  0%] Built target roscpp_generate_messages_nodejs
[  0%] Built target autoware_config_msgs_generate_messages_nodejs
[  0%] Built target roscpp_generate_messages_eus
[  0%] Built target geometry_msgs_generate_messages_nodejs
[  0%] Built target geometry_msgs_generate_messages_cpp
[  0%] Built target geometry_msgs_generate_messages_lisp
[  0%] Built target geometry_msgs_generate_messages_eus
[  0%] Built target jsk_footstep_msgs_generate_messages_cpp
[  0%] Built target geometry_msgs_generate_messages_py
[  0%] Built target jsk_recognition_msgs_generate_messages_lisp
[  0%] Built target jsk_recognition_msgs_generate_messages_nodejs
[  0%] Built target autoware_config_msgs_generate_messages_cpp
[  0%] Built target roscpp_generate_messages_cpp
[  0%] Built target rosgraph_msgs_generate_messages_eus
[  0%] Built target jsk_recognition_msgs_generate_messages_eus
[ 93%] Built target vision_darknet_detect_lib
[100%] Built target vision_darknet_detect
[36mInstall the project...[0m
-- Install configuration: "Release"
-- Installing: /home/hypark/git/Autoware_On_Embedded/install/vision_darknet_detect/lib/pkgconfig/vision_darknet_detect.pc
-- Installing: /home/hypark/git/Autoware_On_Embedded/install/vision_darknet_detect/share/vision_darknet_detect/cmake/vision_darknet_detectConfig.cmake
-- Installing: /home/hypark/git/Autoware_On_Embedded/install/vision_darknet_detect/share/vision_darknet_detect/cmake/vision_darknet_detectConfig-version.cmake
-- Installing: /home/hypark/git/Autoware_On_Embedded/install/vision_darknet_detect/share/vision_darknet_detect/package.xml
-- Installing: /home/hypark/git/Autoware_On_Embedded/install/vision_darknet_detect/lib/libvision_darknet_detect_lib.so
-- Set runtime path of "/home/hypark/git/Autoware_On_Embedded/install/vision_darknet_detect/lib/libvision_darknet_detect_lib.so" to ""
-- Installing: /home/hypark/git/Autoware_On_Embedded/install/vision_darknet_detect/lib/vision_darknet_detect/vision_darknet_detect
-- Set runtime path of "/home/hypark/git/Autoware_On_Embedded/install/vision_darknet_detect/lib/vision_darknet_detect/vision_darknet_detect" to ""
-- Installing: /home/hypark/git/Autoware_On_Embedded/install/vision_darknet_detect/share/vision_darknet_detect/launch
-- Installing: /home/hypark/git/Autoware_On_Embedded/install/vision_darknet_detect/share/vision_darknet_detect/launch/vision_yolo3_detect.launch
-- Installing: /home/hypark/git/Autoware_On_Embedded/install/vision_darknet_detect/share/vision_darknet_detect/launch/vision_yolo2_detect.launch
-- Installing: /home/hypark/git/Autoware_On_Embedded/install/vision_darknet_detect/share/vision_darknet_detect/darknet/cfg/
-- Installing: /home/hypark/git/Autoware_On_Embedded/install/vision_darknet_detect/share/vision_darknet_detect/darknet/cfg//yolov2-tiny.cfg
-- Installing: /home/hypark/git/Autoware_On_Embedded/install/vision_darknet_detect/share/vision_darknet_detect/darknet/cfg//yolov3-tiny.cfg
-- Installing: /home/hypark/git/Autoware_On_Embedded/install/vision_darknet_detect/share/vision_darknet_detect/darknet/cfg//yolov2.cfg
-- Installing: /home/hypark/git/Autoware_On_Embedded/install/vision_darknet_detect/share/vision_darknet_detect/darknet/cfg//voc.names
-- Installing: /home/hypark/git/Autoware_On_Embedded/install/vision_darknet_detect/share/vision_darknet_detect/darknet/cfg//yolov3-voc.cfg
-- Installing: /home/hypark/git/Autoware_On_Embedded/install/vision_darknet_detect/share/vision_darknet_detect/darknet/cfg//yolov3.cfg
-- Installing: /home/hypark/git/Autoware_On_Embedded/install/vision_darknet_detect/share/vision_darknet_detect/darknet/cfg//coco.names
