[  0%] Built target vector_map_msgs_generate_messages_cpp
[  0%] Built target vector_map_server_generate_messages_nodejs
[  0%] Built target vector_map_msgs_generate_messages_eus
[  0%] Built target rviz_generate_messages_py
[  0%] Built target rviz_generate_messages_cpp
[  0%] Built target vector_map_msgs_generate_messages_py
[  0%] Built target tf_generate_messages_eus
[  0%] Built target people_msgs_generate_messages_lisp
[  0%] Built target vector_map_msgs_generate_messages_lisp
[  0%] Built target map_msgs_generate_messages_lisp
[  0%] Built target people_msgs_generate_messages_py
[ 40%] Built target gpu_euclidean_clustering
[ 40%] Built target rviz_generate_messages_eus
[ 40%] Built target bond_generate_messages_py
[ 40%] Built target people_msgs_generate_messages_cpp
[ 40%] Built target vector_map_msgs_generate_messages_nodejs
[ 40%] Built target people_msgs_generate_messages_eus
[ 40%] Built target bond_generate_messages_nodejs
[ 40%] Built target bond_generate_messages_lisp
[ 40%] Built target bond_generate_messages_eus
[ 40%] Built target bond_generate_messages_cpp
[ 40%] Built target map_msgs_generate_messages_eus
[ 40%] Built target nodelet_generate_messages_nodejs
[ 40%] Built target nodelet_generate_messages_eus
[ 40%] Built target nodelet_generate_messages_cpp
[ 40%] Built target dynamic_reconfigure_generate_messages_py
[ 40%] Built target people_msgs_generate_messages_nodejs
[ 40%] Built target dynamic_reconfigure_generate_messages_eus
[ 40%] Built target dynamic_reconfigure_generate_messages_lisp
[ 40%] Built target dynamic_reconfigure_generate_messages_nodejs
[ 40%] Built target map_msgs_generate_messages_py
[ 40%] Built target pcl_ros_gencfg
[ 40%] Built target jsk_hark_msgs_generate_messages_py
[ 40%] Built target jsk_hark_msgs_generate_messages_nodejs
[ 40%] Built target rviz_generate_messages_nodejs
[ 40%] Built target jsk_recognition_utils_gencfg
[ 40%] Built target jsk_rviz_plugins_generate_messages_py
[ 40%] Built target jsk_rviz_plugins_generate_messages_nodejs
[ 40%] Built target jsk_hark_msgs_generate_messages_eus
[ 40%] Built target rviz_generate_messages_lisp
[ 40%] Built target visualization_msgs_generate_messages_py
[ 40%] Built target jsk_rviz_plugins_generate_messages_lisp
[ 40%] Built target jsk_rviz_plugins_gencfg
[ 40%] Built target visualization_msgs_generate_messages_nodejs
[ 40%] Built target vector_map_server_generate_messages_cpp
[ 40%] Built target tf2_msgs_generate_messages_nodejs
[ 40%] Built target tf2_msgs_generate_messages_cpp
[ 40%] Built target map_msgs_generate_messages_cpp
[ 40%] Built target actionlib_generate_messages_py
[ 40%] Built target visualization_msgs_generate_messages_eus
[ 40%] Built target tf2_msgs_generate_messages_py
[ 40%] Built target actionlib_generate_messages_cpp
[ 40%] Built target dynamic_reconfigure_generate_messages_cpp
[ 40%] Built target tf_generate_messages_nodejs
[ 40%] Built target tf_generate_messages_py
[ 40%] Built target tf_generate_messages_lisp
[ 40%] Built target geometry_msgs_generate_messages_py
[ 40%] Built target sensor_msgs_generate_messages_nodejs
[ 40%] Built target vector_map_server_generate_messages_eus
[ 40%] Built target roscpp_generate_messages_cpp
[ 40%] Built target pcl_msgs_generate_messages_eus
[ 40%] Built target jsk_recognition_msgs_generate_messages_lisp
[ 40%] Built target std_msgs_generate_messages_py
[ 40%] Built target jsk_recognition_msgs_generate_messages_eus
[ 40%] Built target jsk_hark_msgs_generate_messages_lisp
[ 40%] Built target rosgraph_msgs_generate_messages_eus
[ 40%] Built target nodelet_generate_messages_lisp
[ 40%] Built target autoware_msgs_generate_messages_py
[ 40%] Built target sensor_msgs_generate_messages_eus
[ 40%] Built target std_msgs_generate_messages_nodejs
[ 40%] Built target sensor_msgs_generate_messages_cpp
[ 40%] Built target autoware_msgs_generate_messages_cpp
[ 40%] Built target rosgraph_msgs_generate_messages_cpp
[ 40%] Built target topic_tools_generate_messages_cpp
[ 40%] Built target nodelet_generate_messages_py
[ 40%] Built target std_msgs_generate_messages_cpp
[ 40%] Built target jsk_recognition_msgs_generate_messages_py
[ 40%] Built target sensor_msgs_generate_messages_py
[ 40%] Built target jsk_footstep_msgs_generate_messages_py
[ 40%] Built target nav_msgs_generate_messages_nodejs
[ 40%] Built target geometry_msgs_generate_messages_eus
[ 40%] Built target jsk_rviz_plugins_generate_messages_cpp
[ 40%] Built target roscpp_generate_messages_nodejs
[ 40%] Built target std_msgs_generate_messages_lisp
[ 40%] Built target actionlib_generate_messages_eus
[ 40%] Built target jsk_rviz_plugins_generate_messages_eus
[ 40%] Built target geometry_msgs_generate_messages_nodejs
[ 40%] Built target pcl_msgs_generate_messages_py
[ 40%] Built target geometry_msgs_generate_messages_lisp
[ 40%] Built target actionlib_generate_messages_lisp
[ 40%] Built target geometry_msgs_generate_messages_cpp
[ 40%] Built target pcl_msgs_generate_messages_cpp
[ 40%] Built target autoware_msgs_generate_messages_eus
[ 40%] Built target autoware_msgs_generate_messages_lisp
[ 40%] Built target topic_tools_generate_messages_eus
[ 40%] Built target visualization_msgs_generate_messages_lisp
[ 40%] Built target std_msgs_generate_messages_eus
[ 40%] Built target autoware_msgs_generate_messages_nodejs
[ 40%] Built target jsk_footstep_msgs_generate_messages_eus
[ 40%] Built target visualization_msgs_generate_messages_cpp
[ 40%] Built target tf2_msgs_generate_messages_eus
[ 40%] Built target actionlib_msgs_generate_messages_py
[ 40%] Built target vector_map_server_generate_messages_lisp
[ 40%] Built target jsk_footstep_msgs_generate_messages_lisp
[ 40%] Built target nav_msgs_generate_messages_eus
[ 40%] Built target jsk_footstep_msgs_generate_messages_nodejs
[ 40%] Built target grid_map_msgs_generate_messages_nodejs
[ 40%] Built target std_srvs_generate_messages_cpp
[ 40%] Built target jsk_recognition_msgs_generate_messages_nodejs
[ 40%] Built target actionlib_msgs_generate_messages_lisp
[ 40%] Built target grid_map_msgs_generate_messages_lisp
[ 40%] Built target std_srvs_generate_messages_eus
[ 40%] Built target roscpp_generate_messages_lisp
[ 40%] Built target rosgraph_msgs_generate_messages_lisp
[ 40%] Built target grid_map_msgs_generate_messages_eus
[ 40%] Built target rosgraph_msgs_generate_messages_nodejs
[ 40%] Built target vector_map_server_generate_messages_py
[ 40%] Built target actionlib_msgs_generate_messages_eus
[ 40%] Built target roscpp_generate_messages_eus
[ 40%] Built target grid_map_msgs_generate_messages_cpp
[ 40%] Built target rosgraph_msgs_generate_messages_py
[ 40%] Built target roscpp_generate_messages_py
[ 40%] Built target jsk_hark_msgs_generate_messages_cpp
[ 40%] Built target grid_map_msgs_generate_messages_py
[ 40%] Built target pcl_msgs_generate_messages_nodejs
[ 40%] Built target sensor_msgs_generate_messages_lisp
[ 40%] Built target nav_msgs_generate_messages_cpp
[ 40%] Built target nav_msgs_generate_messages_lisp
[ 40%] Built target dynamic_reconfigure_gencfg
[ 40%] Built target tf2_msgs_generate_messages_lisp
[ 40%] Built target _catkin_empty_exported_target
[ 40%] Built target nav_msgs_generate_messages_py
[ 40%] Built target std_srvs_generate_messages_lisp
[ 40%] Built target jsk_recognition_msgs_generate_messages_cpp
[ 40%] Built target topic_tools_generate_messages_lisp
[ 40%] Built target std_srvs_generate_messages_nodejs
[ 40%] Built target std_srvs_generate_messages_py
[ 40%] Built target actionlib_msgs_generate_messages_nodejs
[ 40%] Built target map_msgs_generate_messages_nodejs
[ 40%] Built target topic_tools_generate_messages_nodejs
[ 40%] Built target topic_tools_generate_messages_py
[ 40%] Built target actionlib_generate_messages_nodejs
[ 40%] Built target pcl_msgs_generate_messages_lisp
[ 40%] Built target nodelet_topic_tools_gencfg
[ 40%] Built target tf_generate_messages_cpp
[ 40%] Built target jsk_footstep_msgs_generate_messages_cpp
[ 40%] Built target actionlib_msgs_generate_messages_cpp
[35m[1mScanning dependencies of target lidar_euclidean_cluster_detect[0m
[ 60%] [32mBuilding CXX object CMakeFiles/lidar_euclidean_cluster_detect.dir/nodes/lidar_euclidean_cluster_detect/lidar_euclidean_cluster_detect.cpp.o[0m
[01m[K/home/hypark/git/Autoware_On_Embedded/autoware.ai/src/autoware/core_perception/lidar_euclidean_cluster_detect/nodes/lidar_euclidean_cluster_detect/lidar_euclidean_cluster_detect.cpp:71:0:[m[K [01;35m[Kwarning: [m[K"GPU_CLUSTERING" redefined
 #define GPU_CLUSTERING
 
[01m[K<command-line>:0:0:[m[K [01;36m[Knote: [m[Kthis is the location of the previous definition
[01m[K/home/hypark/git/Autoware_On_Embedded/autoware.ai/src/autoware/core_perception/lidar_euclidean_cluster_detect/nodes/lidar_euclidean_cluster_detect/lidar_euclidean_cluster_detect.cpp:[m[K In function ‘[01m[Kvoid segmentByDistance(pcl::PointCloud<pcl::PointXYZ>::Ptr, pcl::PointCloud<pcl::PointXYZRGB>::Ptr, autoware_msgs::Centroids&, autoware_msgs::CloudClusterArray&)[m[K’:
[01m[K/home/hypark/git/Autoware_On_Embedded/autoware.ai/src/autoware/core_perception/lidar_euclidean_cluster_detect/nodes/lidar_euclidean_cluster_detect/lidar_euclidean_cluster_detect.cpp:663:3:[m[K [01;35m[Kwarning: [m[Kthis ‘[01m[Kelse[m[K’ clause does not guard... [[01;35m[K-Wmisleading-indentation[m[K]
   [01;35m[Kelse[m[K
   [01;35m[K^~~~[m[K
[01m[K/home/hypark/git/Autoware_On_Embedded/autoware.ai/src/autoware/core_perception/lidar_euclidean_cluster_detect/nodes/lidar_euclidean_cluster_detect/lidar_euclidean_cluster_detect.cpp:667:5:[m[K [01;36m[Knote: [m[K...this statement, but the latter is misleadingly indented as if it were guarded by the ‘[01m[Kelse[m[K’
     [01;36m[Kfor[m[K (unsigned int i = 0; i < final_clusters.size(); i++)
     [01;36m[K^~~[m[K
[01m[K/home/hypark/git/Autoware_On_Embedded/autoware.ai/src/autoware/core_perception/lidar_euclidean_cluster_detect/nodes/lidar_euclidean_cluster_detect/lidar_euclidean_cluster_detect.cpp:[m[K In function ‘[01m[Kint main(int, char**)[m[K’:
[01m[K/home/hypark/git/Autoware_On_Embedded/autoware.ai/src/autoware/core_perception/lidar_euclidean_cluster_detect/nodes/lidar_euclidean_cluster_detect/lidar_euclidean_cluster_detect.cpp:938:58:[m[K [01;35m[Kwarning: [m[KISO C++ forbids converting a string constant to ‘[01m[Kchar*[m[K’ [[01;35m[K-Wwrite-strings[m[K]
   init_scheduling("/tmp/euclidean_cluster_detect", key_id[01;35m[K)[m[K;
                                                          [01;35m[K^[m[K
In file included from [01m[K/home/hypark/git/Autoware_On_Embedded/autoware.ai/src/autoware/core_perception/lidar_euclidean_cluster_detect/nodes/lidar_euclidean_cluster_detect/lidar_euclidean_cluster_detect.cpp:31:0[m[K:
[01m[K/usr/include/pcl-1.8/pcl/sample_consensus/model_types.h:[m[K In function ‘[01m[Kvoid __static_initialization_and_destruction_0(int, int)[m[K’:
[01m[K/usr/include/pcl-1.8/pcl/sample_consensus/model_types.h:99:3:[m[K [01;35m[Kwarning: [m[K‘[01m[Kpcl::SAC_SAMPLE_SIZE[m[K’ is deprecated: This map is deprecated and is kept only to prevent breaking existing user code. Starting from PCL 1.8.0 model sample size is a protected member of the SampleConsensusModel class [[01;35m[K-Wdeprecated-declarations[m[K]
   [01;35m[KSAC_SAMPLE_SIZE[m[K (sample_size_pairs, sample_size_pairs + sizeof (sample_size_pairs) / sizeof (SampleSizeModel));
   [01;35m[K^~~~~~~~~~~~~~~[m[K
[01m[K/usr/include/pcl-1.8/pcl/sample_consensus/model_types.h:99:3:[m[K [01;36m[Knote: [m[Kdeclared here
In file included from [01m[K/home/hypark/git/Autoware_On_Embedded/autoware.ai/src/autoware/core_perception/lidar_euclidean_cluster_detect/nodes/lidar_euclidean_cluster_detect/lidar_euclidean_cluster_detect.cpp:75:0[m[K:
[01m[K/home/hypark/git/Autoware_On_Embedded/autoware.ai/src/autoware/core_perception/lidar_euclidean_cluster_detect/include/gpu_euclidean_clustering.h:[m[K At global scope:
[01m[K/home/hypark/git/Autoware_On_Embedded/autoware.ai/src/autoware/core_perception/lidar_euclidean_cluster_detect/include/gpu_euclidean_clustering.h:44:22:[m[K [01;35m[Kwarning: [m[K‘[01m[Kdeadline_list_[m[K’ defined but not used [[01;35m[K-Wunused-variable[m[K]
 static long long int [01;35m[Kdeadline_list_[m[K[35];
                      [01;35m[K^~~~~~~~~~~~~~[m[K
[01m[K/home/hypark/git/Autoware_On_Embedded/autoware.ai/src/autoware/core_perception/lidar_euclidean_cluster_detect/include/gpu_euclidean_clustering.h:43:12:[m[K [01;35m[Kwarning: [m[K‘[01m[Ksig_[m[K’ defined but not used [[01;35m[K-Wunused-variable[m[K]
 static int [01;35m[Ksig_[m[K;
            [01;35m[K^~~~[m[K
[01m[K/home/hypark/git/Autoware_On_Embedded/autoware.ai/src/autoware/core_perception/lidar_euclidean_cluster_detect/include/gpu_euclidean_clustering.h:42:17:[m[K [01;35m[Kwarning: [m[K‘[01m[Ksigset_[m[K’ defined but not used [[01;35m[K-Wunused-variable[m[K]
 static sigset_t [01;35m[Ksigset_[m[K;
                 [01;35m[K^~~~~~~[m[K
[01m[K/home/hypark/git/Autoware_On_Embedded/autoware.ai/src/autoware/core_perception/lidar_euclidean_cluster_detect/include/gpu_euclidean_clustering.h:41:12:[m[K [01;35m[Kwarning: [m[K‘[01m[Kshmid_[m[K’ defined but not used [[01;35m[K-Wunused-variable[m[K]
 static int [01;35m[Kshmid_[m[K;
            [01;35m[K^~~~~~[m[K
[01m[K/home/hypark/git/Autoware_On_Embedded/autoware.ai/src/autoware/core_perception/lidar_euclidean_cluster_detect/include/gpu_euclidean_clustering.h:40:14:[m[K [01;35m[Kwarning: [m[K‘[01m[Kkey_[m[K’ defined but not used [[01;35m[K-Wunused-variable[m[K]
 static key_t [01;35m[Kkey_[m[K;
              [01;35m[K^~~~[m[K
[01m[K/home/hypark/git/Autoware_On_Embedded/autoware.ai/src/autoware/core_perception/lidar_euclidean_cluster_detect/include/gpu_euclidean_clustering.h:39:19:[m[K [01;35m[Kwarning: [m[K‘[01m[Ksched_info_[m[K’ defined but not used [[01;35m[K-Wunused-variable[m[K]
 static SchedInfo* [01;35m[Ksched_info_[m[K;
                   [01;35m[K^~~~~~~~~~~[m[K
[01m[K/home/hypark/git/Autoware_On_Embedded/autoware.ai/src/autoware/core_perception/lidar_euclidean_cluster_detect/include/gpu_euclidean_clustering.h:38:12:[m[K [01;35m[Kwarning: [m[K‘[01m[Kkey_id_[m[K’ defined but not used [[01;35m[K-Wunused-variable[m[K]
 static int [01;35m[Kkey_id_[m[K;
            [01;35m[K^~~~~~~[m[K
[01m[K/home/hypark/git/Autoware_On_Embedded/autoware.ai/src/autoware/core_perception/lidar_euclidean_cluster_detect/include/gpu_euclidean_clustering.h:37:12:[m[K [01;35m[Kwarning: [m[K‘[01m[Kscheduler_pid_[m[K’ defined but not used [[01;35m[K-Wunused-variable[m[K]
 static int [01;35m[Kscheduler_pid_[m[K;
            [01;35m[K^~~~~~~~~~~~~~[m[K
[01m[K/home/hypark/git/Autoware_On_Embedded/autoware.ai/src/autoware/core_perception/lidar_euclidean_cluster_detect/include/gpu_euclidean_clustering.h:36:13:[m[K [01;35m[Kwarning: [m[K‘[01m[Ktask_filename_[m[K’ defined but not used [[01;35m[K-Wunused-variable[m[K]
 static char [01;35m[Ktask_filename_[m[K[BUFFER_SIZE];
             [01;35m[K^~~~~~~~~~~~~~[m[K
[ 80%] [32m[1mLinking CXX executable devel/lib/lidar_euclidean_cluster_detect/lidar_euclidean_cluster_detect[0m
[100%] Built target lidar_euclidean_cluster_detect
Built target tests
[  0%] Built target tf_generate_messages_eus
[  0%] Built target vector_map_msgs_generate_messages_eus
[  0%] Built target rviz_generate_messages_cpp
[  0%] Built target vector_map_msgs_generate_messages_lisp
[  0%] Built target vector_map_msgs_generate_messages_py
[  0%] Built target vector_map_server_generate_messages_nodejs
[  0%] Built target map_msgs_generate_messages_lisp
[  0%] Built target people_msgs_generate_messages_py
[  0%] Built target rviz_generate_messages_py
[  0%] Built target vector_map_msgs_generate_messages_cpp
[  0%] Built target people_msgs_generate_messages_lisp
[ 40%] Built target gpu_euclidean_clustering
[ 40%] Built target rviz_generate_messages_eus
[ 40%] Built target people_msgs_generate_messages_cpp
[ 40%] Built target people_msgs_generate_messages_eus
[ 40%] Built target bond_generate_messages_eus
[ 40%] Built target vector_map_msgs_generate_messages_nodejs
[ 40%] Built target bond_generate_messages_cpp
[ 40%] Built target bond_generate_messages_py
[ 40%] Built target bond_generate_messages_nodejs
[ 40%] Built target bond_generate_messages_lisp
[ 40%] Built target nodelet_generate_messages_nodejs
[ 40%] Built target nodelet_generate_messages_eus
[ 40%] Built target map_msgs_generate_messages_eus
[ 40%] Built target dynamic_reconfigure_generate_messages_py
[ 40%] Built target nodelet_generate_messages_cpp
[ 40%] Built target dynamic_reconfigure_generate_messages_lisp
[ 40%] Built target people_msgs_generate_messages_nodejs
[ 40%] Built target dynamic_reconfigure_generate_messages_nodejs
[ 40%] Built target map_msgs_generate_messages_py
[ 40%] Built target jsk_hark_msgs_generate_messages_py
[ 40%] Built target jsk_hark_msgs_generate_messages_eus
[ 40%] Built target pcl_ros_gencfg
[ 40%] Built target jsk_hark_msgs_generate_messages_nodejs
[ 40%] Built target dynamic_reconfigure_generate_messages_eus
[ 40%] Built target rviz_generate_messages_nodejs
[ 40%] Built target jsk_rviz_plugins_generate_messages_py
[ 40%] Built target jsk_recognition_utils_gencfg
[ 40%] Built target jsk_rviz_plugins_generate_messages_nodejs
[ 40%] Built target jsk_rviz_plugins_generate_messages_lisp
[ 40%] Built target visualization_msgs_generate_messages_py
[ 40%] Built target rviz_generate_messages_lisp
[ 40%] Built target visualization_msgs_generate_messages_eus
[ 40%] Built target tf2_msgs_generate_messages_nodejs
[ 40%] Built target vector_map_server_generate_messages_cpp
[ 40%] Built target jsk_rviz_plugins_gencfg
[ 40%] Built target visualization_msgs_generate_messages_nodejs
[ 40%] Built target tf2_msgs_generate_messages_cpp
[ 40%] Built target tf2_msgs_generate_messages_py
[ 40%] Built target actionlib_generate_messages_cpp
[ 40%] Built target map_msgs_generate_messages_cpp
[ 40%] Built target actionlib_generate_messages_py
[ 40%] Built target dynamic_reconfigure_generate_messages_cpp
[ 40%] Built target tf_generate_messages_py
[ 40%] Built target tf_generate_messages_nodejs
[ 40%] Built target sensor_msgs_generate_messages_nodejs
[ 40%] Built target tf_generate_messages_lisp
[ 40%] Built target vector_map_server_generate_messages_eus
[ 40%] Built target geometry_msgs_generate_messages_py
[ 40%] Built target roscpp_generate_messages_cpp
[ 40%] Built target pcl_msgs_generate_messages_eus
[ 40%] Built target jsk_recognition_msgs_generate_messages_lisp
[ 40%] Built target rosgraph_msgs_generate_messages_eus
[ 40%] Built target jsk_recognition_msgs_generate_messages_eus
[ 40%] Built target nodelet_generate_messages_lisp
[ 40%] Built target jsk_hark_msgs_generate_messages_lisp
[ 40%] Built target std_msgs_generate_messages_py
[ 40%] Built target autoware_msgs_generate_messages_py
[ 40%] Built target sensor_msgs_generate_messages_cpp
[ 40%] Built target std_msgs_generate_messages_nodejs
[ 40%] Built target autoware_msgs_generate_messages_cpp
[ 40%] Built target sensor_msgs_generate_messages_eus
[ 40%] Built target rosgraph_msgs_generate_messages_cpp
[ 40%] Built target topic_tools_generate_messages_cpp
[ 40%] Built target jsk_recognition_msgs_generate_messages_py
[ 40%] Built target nodelet_generate_messages_py
[ 40%] Built target std_msgs_generate_messages_cpp
[ 40%] Built target jsk_footstep_msgs_generate_messages_py
[ 40%] Built target sensor_msgs_generate_messages_py
[ 40%] Built target geometry_msgs_generate_messages_eus
[ 40%] Built target nav_msgs_generate_messages_nodejs
[ 40%] Built target jsk_rviz_plugins_generate_messages_cpp
[ 40%] Built target roscpp_generate_messages_nodejs
[ 40%] Built target std_msgs_generate_messages_lisp
[ 40%] Built target geometry_msgs_generate_messages_nodejs
[ 40%] Built target actionlib_generate_messages_eus
[ 40%] Built target pcl_msgs_generate_messages_py
[ 40%] Built target jsk_rviz_plugins_generate_messages_eus
[ 40%] Built target actionlib_generate_messages_lisp
[ 40%] Built target geometry_msgs_generate_messages_cpp
[ 40%] Built target geometry_msgs_generate_messages_lisp
[ 40%] Built target autoware_msgs_generate_messages_eus
[ 40%] Built target pcl_msgs_generate_messages_cpp
[ 40%] Built target autoware_msgs_generate_messages_lisp
[ 40%] Built target topic_tools_generate_messages_eus
[ 40%] Built target visualization_msgs_generate_messages_lisp
[ 40%] Built target std_msgs_generate_messages_eus
[ 40%] Built target autoware_msgs_generate_messages_nodejs
[ 40%] Built target actionlib_msgs_generate_messages_py
[ 40%] Built target visualization_msgs_generate_messages_cpp
[ 40%] Built target jsk_footstep_msgs_generate_messages_eus
[ 40%] Built target nav_msgs_generate_messages_eus
[ 40%] Built target tf2_msgs_generate_messages_eus
[ 40%] Built target jsk_footstep_msgs_generate_messages_lisp
[ 40%] Built target vector_map_server_generate_messages_lisp
[ 40%] Built target grid_map_msgs_generate_messages_nodejs
[ 40%] Built target jsk_footstep_msgs_generate_messages_nodejs
[ 40%] Built target std_srvs_generate_messages_cpp
[ 40%] Built target actionlib_msgs_generate_messages_lisp
[ 40%] Built target jsk_recognition_msgs_generate_messages_nodejs
[ 40%] Built target grid_map_msgs_generate_messages_lisp
[ 40%] Built target std_srvs_generate_messages_eus
[ 40%] Built target grid_map_msgs_generate_messages_eus
[ 40%] Built target rosgraph_msgs_generate_messages_nodejs
[ 40%] Built target roscpp_generate_messages_lisp
[ 40%] Built target rosgraph_msgs_generate_messages_lisp
[ 40%] Built target roscpp_generate_messages_eus
[ 40%] Built target vector_map_server_generate_messages_py
[ 40%] Built target actionlib_msgs_generate_messages_eus
[ 40%] Built target rosgraph_msgs_generate_messages_py
[ 40%] Built target grid_map_msgs_generate_messages_cpp
[ 40%] Built target roscpp_generate_messages_py
[ 40%] Built target grid_map_msgs_generate_messages_py
[ 40%] Built target jsk_hark_msgs_generate_messages_cpp
[ 40%] Built target nav_msgs_generate_messages_lisp
[ 40%] Built target sensor_msgs_generate_messages_lisp
[ 40%] Built target pcl_msgs_generate_messages_nodejs
[ 40%] Built target nav_msgs_generate_messages_py
[ 40%] Built target tf2_msgs_generate_messages_lisp
[ 40%] Built target nav_msgs_generate_messages_cpp
[ 40%] Built target dynamic_reconfigure_gencfg
[ 40%] Built target _catkin_empty_exported_target
[ 40%] Built target std_srvs_generate_messages_lisp
[ 40%] Built target jsk_recognition_msgs_generate_messages_cpp
[ 40%] Built target topic_tools_generate_messages_lisp
[ 40%] Built target std_srvs_generate_messages_nodejs
[ 40%] Built target topic_tools_generate_messages_nodejs
[ 40%] Built target std_srvs_generate_messages_py
[ 40%] Built target topic_tools_generate_messages_py
[ 40%] Built target actionlib_generate_messages_nodejs
[ 40%] Built target actionlib_msgs_generate_messages_nodejs
[ 40%] Built target map_msgs_generate_messages_nodejs
[ 40%] Built target nodelet_topic_tools_gencfg
[ 40%] Built target pcl_msgs_generate_messages_lisp
[ 40%] Built target tf_generate_messages_cpp
[ 40%] Built target jsk_footstep_msgs_generate_messages_cpp
[ 40%] Built target actionlib_msgs_generate_messages_cpp
[100%] Built target lidar_euclidean_cluster_detect
[36mInstall the project...[0m
-- Install configuration: "Release"
-- Up-to-date: /home/hypark/git/Autoware_On_Embedded/install/lidar_euclidean_cluster_detect/lib/pkgconfig/lidar_euclidean_cluster_detect.pc
-- Up-to-date: /home/hypark/git/Autoware_On_Embedded/install/lidar_euclidean_cluster_detect/share/lidar_euclidean_cluster_detect/cmake/lidar_euclidean_cluster_detectConfig.cmake
-- Up-to-date: /home/hypark/git/Autoware_On_Embedded/install/lidar_euclidean_cluster_detect/share/lidar_euclidean_cluster_detect/cmake/lidar_euclidean_cluster_detectConfig-version.cmake
-- Up-to-date: /home/hypark/git/Autoware_On_Embedded/install/lidar_euclidean_cluster_detect/share/lidar_euclidean_cluster_detect/package.xml
-- Up-to-date: /home/hypark/git/Autoware_On_Embedded/install/lidar_euclidean_cluster_detect/lib/libgpu_euclidean_clustering.so
-- Up-to-date: /home/hypark/git/Autoware_On_Embedded/install/lidar_euclidean_cluster_detect/include/lidar_euclidean_cluster_detect
-- Up-to-date: /home/hypark/git/Autoware_On_Embedded/install/lidar_euclidean_cluster_detect/include/lidar_euclidean_cluster_detect/cluster.h
-- Up-to-date: /home/hypark/git/Autoware_On_Embedded/install/lidar_euclidean_cluster_detect/include/lidar_euclidean_cluster_detect/gpu_euclidean_clustering.h
-- Up-to-date: /home/hypark/git/Autoware_On_Embedded/install/lidar_euclidean_cluster_detect/include/lidar_euclidean_cluster_detect/gencolors.cpp
-- Installing: /home/hypark/git/Autoware_On_Embedded/install/lidar_euclidean_cluster_detect/lib/lidar_euclidean_cluster_detect/lidar_euclidean_cluster_detect
-- Set runtime path of "/home/hypark/git/Autoware_On_Embedded/install/lidar_euclidean_cluster_detect/lib/lidar_euclidean_cluster_detect/lidar_euclidean_cluster_detect" to ""
-- Up-to-date: /home/hypark/git/Autoware_On_Embedded/install/lidar_euclidean_cluster_detect/share/lidar_euclidean_cluster_detect/launch
-- Up-to-date: /home/hypark/git/Autoware_On_Embedded/install/lidar_euclidean_cluster_detect/share/lidar_euclidean_cluster_detect/launch/euclidean_clustering_Exp.launch
-- Up-to-date: /home/hypark/git/Autoware_On_Embedded/install/lidar_euclidean_cluster_detect/share/lidar_euclidean_cluster_detect/launch/lidar_euclidean_cluster_detect_param.launch
-- Up-to-date: /home/hypark/git/Autoware_On_Embedded/install/lidar_euclidean_cluster_detect/share/lidar_euclidean_cluster_detect/launch/lidar_euclidean_cluster_detect.launch
-- Up-to-date: /home/hypark/git/Autoware_On_Embedded/install/lidar_euclidean_cluster_detect/share/lidar_euclidean_cluster_detect/config
-- Up-to-date: /home/hypark/git/Autoware_On_Embedded/install/lidar_euclidean_cluster_detect/share/lidar_euclidean_cluster_detect/config/params.yaml
