[  0%] Built target vector_map_msgs_generate_messages_cpp
[  0%] Built target vector_map_server_generate_messages_nodejs
[  0%] Built target vector_map_msgs_generate_messages_eus
[  0%] Built target rviz_generate_messages_py
[  0%] Built target rviz_generate_messages_cpp
[  0%] Built target vector_map_msgs_generate_messages_py
[  0%] Built target tf_generate_messages_eus
[  0%] Built target people_msgs_generate_messages_lisp
[  0%] Built target vector_map_msgs_generate_messages_lisp
[  0%] Built target map_msgs_generate_messages_lisp
[  0%] Built target people_msgs_generate_messages_py
[ 40%] Built target gpu_euclidean_clustering
[ 40%] Built target rviz_generate_messages_eus
[ 40%] Built target bond_generate_messages_py
[ 40%] Built target people_msgs_generate_messages_cpp
[ 40%] Built target vector_map_msgs_generate_messages_nodejs
[ 40%] Built target people_msgs_generate_messages_eus
[ 40%] Built target bond_generate_messages_nodejs
[ 40%] Built target bond_generate_messages_lisp
[ 40%] Built target bond_generate_messages_eus
[ 40%] Built target bond_generate_messages_cpp
[ 40%] Built target map_msgs_generate_messages_eus
[ 40%] Built target nodelet_generate_messages_nodejs
[ 40%] Built target nodelet_generate_messages_eus
[ 40%] Built target nodelet_generate_messages_cpp
[ 40%] Built target dynamic_reconfigure_generate_messages_py
[ 40%] Built target people_msgs_generate_messages_nodejs
[ 40%] Built target dynamic_reconfigure_generate_messages_eus
[ 40%] Built target dynamic_reconfigure_generate_messages_lisp
[ 40%] Built target dynamic_reconfigure_generate_messages_nodejs
[ 40%] Built target map_msgs_generate_messages_py
[ 40%] Built target pcl_ros_gencfg
[ 40%] Built target jsk_hark_msgs_generate_messages_py
[ 40%] Built target jsk_hark_msgs_generate_messages_nodejs
[ 40%] Built target rviz_generate_messages_nodejs
[ 40%] Built target jsk_recognition_utils_gencfg
[ 40%] Built target jsk_rviz_plugins_generate_messages_py
[ 40%] Built target jsk_rviz_plugins_generate_messages_nodejs
[ 40%] Built target jsk_hark_msgs_generate_messages_eus
[ 40%] Built target rviz_generate_messages_lisp
[ 40%] Built target visualization_msgs_generate_messages_py
[ 40%] Built target jsk_rviz_plugins_generate_messages_lisp
[ 40%] Built target jsk_rviz_plugins_gencfg
[ 40%] Built target visualization_msgs_generate_messages_nodejs
[ 40%] Built target vector_map_server_generate_messages_cpp
[ 40%] Built target tf2_msgs_generate_messages_nodejs
[ 40%] Built target tf2_msgs_generate_messages_cpp
[ 40%] Built target map_msgs_generate_messages_cpp
[ 40%] Built target actionlib_generate_messages_py
[ 40%] Built target visualization_msgs_generate_messages_eus
[ 40%] Built target tf2_msgs_generate_messages_py
[ 40%] Built target actionlib_generate_messages_cpp
[ 40%] Built target dynamic_reconfigure_generate_messages_cpp
[ 40%] Built target tf_generate_messages_nodejs
[ 40%] Built target tf_generate_messages_py
[ 40%] Built target tf_generate_messages_lisp
[ 40%] Built target geometry_msgs_generate_messages_py
[ 40%] Built target sensor_msgs_generate_messages_nodejs
[ 40%] Built target vector_map_server_generate_messages_eus
[ 40%] Built target roscpp_generate_messages_cpp
[ 40%] Built target pcl_msgs_generate_messages_eus
[ 40%] Built target jsk_recognition_msgs_generate_messages_lisp
[ 40%] Built target std_msgs_generate_messages_py
[ 40%] Built target jsk_recognition_msgs_generate_messages_eus
[ 40%] Built target jsk_hark_msgs_generate_messages_lisp
[ 40%] Built target rosgraph_msgs_generate_messages_eus
[ 40%] Built target nodelet_generate_messages_lisp
[ 40%] Built target autoware_msgs_generate_messages_py
[ 40%] Built target sensor_msgs_generate_messages_eus
[ 40%] Built target std_msgs_generate_messages_nodejs
[ 40%] Built target sensor_msgs_generate_messages_cpp
[ 40%] Built target autoware_msgs_generate_messages_cpp
[ 40%] Built target rosgraph_msgs_generate_messages_cpp
[ 40%] Built target topic_tools_generate_messages_cpp
[ 40%] Built target nodelet_generate_messages_py
[ 40%] Built target std_msgs_generate_messages_cpp
[ 40%] Built target jsk_recognition_msgs_generate_messages_py
[ 40%] Built target sensor_msgs_generate_messages_py
[ 40%] Built target jsk_footstep_msgs_generate_messages_py
[ 40%] Built target nav_msgs_generate_messages_nodejs
[ 40%] Built target geometry_msgs_generate_messages_eus
[ 40%] Built target jsk_rviz_plugins_generate_messages_cpp
[ 40%] Built target roscpp_generate_messages_nodejs
[ 40%] Built target std_msgs_generate_messages_lisp
[ 40%] Built target actionlib_generate_messages_eus
[ 40%] Built target jsk_rviz_plugins_generate_messages_eus
[ 40%] Built target geometry_msgs_generate_messages_nodejs
[ 40%] Built target pcl_msgs_generate_messages_py
[ 40%] Built target geometry_msgs_generate_messages_lisp
[ 40%] Built target actionlib_generate_messages_lisp
[ 40%] Built target geometry_msgs_generate_messages_cpp
[ 40%] Built target pcl_msgs_generate_messages_cpp
[ 40%] Built target autoware_msgs_generate_messages_eus
[ 40%] Built target autoware_msgs_generate_messages_lisp
[ 40%] Built target topic_tools_generate_messages_eus
[ 40%] Built target visualization_msgs_generate_messages_lisp
[ 40%] Built target std_msgs_generate_messages_eus
[ 40%] Built target autoware_msgs_generate_messages_nodejs
[ 40%] Built target jsk_footstep_msgs_generate_messages_eus
[ 40%] Built target visualization_msgs_generate_messages_cpp
[ 40%] Built target tf2_msgs_generate_messages_eus
[ 40%] Built target actionlib_msgs_generate_messages_py
[ 40%] Built target vector_map_server_generate_messages_lisp
[ 40%] Built target jsk_footstep_msgs_generate_messages_lisp
[ 40%] Built target nav_msgs_generate_messages_eus
[ 40%] Built target jsk_footstep_msgs_generate_messages_nodejs
[ 40%] Built target grid_map_msgs_generate_messages_nodejs
[ 40%] Built target std_srvs_generate_messages_cpp
[ 40%] Built target jsk_recognition_msgs_generate_messages_nodejs
[ 40%] Built target actionlib_msgs_generate_messages_lisp
[ 40%] Built target grid_map_msgs_generate_messages_lisp
[ 40%] Built target std_srvs_generate_messages_eus
[ 40%] Built target roscpp_generate_messages_lisp
[ 40%] Built target rosgraph_msgs_generate_messages_lisp
[ 40%] Built target grid_map_msgs_generate_messages_eus
[ 40%] Built target rosgraph_msgs_generate_messages_nodejs
[ 40%] Built target vector_map_server_generate_messages_py
[ 40%] Built target actionlib_msgs_generate_messages_eus
[ 40%] Built target roscpp_generate_messages_eus
[ 40%] Built target grid_map_msgs_generate_messages_cpp
[ 40%] Built target rosgraph_msgs_generate_messages_py
[ 40%] Built target roscpp_generate_messages_py
[ 40%] Built target jsk_hark_msgs_generate_messages_cpp
[ 40%] Built target grid_map_msgs_generate_messages_py
[ 40%] Built target pcl_msgs_generate_messages_nodejs
[ 40%] Built target sensor_msgs_generate_messages_lisp
[ 40%] Built target nav_msgs_generate_messages_cpp
[ 40%] Built target nav_msgs_generate_messages_lisp
[ 40%] Built target dynamic_reconfigure_gencfg
[ 40%] Built target tf2_msgs_generate_messages_lisp
[ 40%] Built target _catkin_empty_exported_target
[ 40%] Built target nav_msgs_generate_messages_py
[ 40%] Built target std_srvs_generate_messages_lisp
[ 40%] Built target jsk_recognition_msgs_generate_messages_cpp
[ 40%] Built target topic_tools_generate_messages_lisp
[ 40%] Built target std_srvs_generate_messages_nodejs
[ 40%] Built target std_srvs_generate_messages_py
[ 40%] Built target actionlib_msgs_generate_messages_nodejs
[ 40%] Built target map_msgs_generate_messages_nodejs
[ 40%] Built target topic_tools_generate_messages_nodejs
[ 40%] Built target topic_tools_generate_messages_py
[ 40%] Built target actionlib_generate_messages_nodejs
[ 40%] Built target pcl_msgs_generate_messages_lisp
[ 40%] Built target nodelet_topic_tools_gencfg
[ 40%] Built target tf_generate_messages_cpp
[ 40%] Built target jsk_footstep_msgs_generate_messages_cpp
[ 40%] Built target actionlib_msgs_generate_messages_cpp
[35m[1mScanning dependencies of target lidar_euclidean_cluster_detect[0m
[ 60%] [32mBuilding CXX object CMakeFiles/lidar_euclidean_cluster_detect.dir/nodes/lidar_euclidean_cluster_detect/lidar_euclidean_cluster_detect.cpp.o[0m
[ 80%] [32m[1mLinking CXX executable devel/lib/lidar_euclidean_cluster_detect/lidar_euclidean_cluster_detect[0m
[100%] Built target lidar_euclidean_cluster_detect
Built target tests
[  0%] Built target tf_generate_messages_eus
[  0%] Built target vector_map_msgs_generate_messages_eus
[  0%] Built target rviz_generate_messages_cpp
[  0%] Built target vector_map_msgs_generate_messages_lisp
[  0%] Built target vector_map_msgs_generate_messages_py
[  0%] Built target vector_map_server_generate_messages_nodejs
[  0%] Built target map_msgs_generate_messages_lisp
[  0%] Built target people_msgs_generate_messages_py
[  0%] Built target rviz_generate_messages_py
[  0%] Built target vector_map_msgs_generate_messages_cpp
[  0%] Built target people_msgs_generate_messages_lisp
[ 40%] Built target gpu_euclidean_clustering
[ 40%] Built target rviz_generate_messages_eus
[ 40%] Built target people_msgs_generate_messages_cpp
[ 40%] Built target people_msgs_generate_messages_eus
[ 40%] Built target bond_generate_messages_eus
[ 40%] Built target vector_map_msgs_generate_messages_nodejs
[ 40%] Built target bond_generate_messages_cpp
[ 40%] Built target bond_generate_messages_py
[ 40%] Built target bond_generate_messages_nodejs
[ 40%] Built target bond_generate_messages_lisp
[ 40%] Built target nodelet_generate_messages_nodejs
[ 40%] Built target nodelet_generate_messages_eus
[ 40%] Built target map_msgs_generate_messages_eus
[ 40%] Built target dynamic_reconfigure_generate_messages_py
[ 40%] Built target nodelet_generate_messages_cpp
[ 40%] Built target dynamic_reconfigure_generate_messages_lisp
[ 40%] Built target people_msgs_generate_messages_nodejs
[ 40%] Built target dynamic_reconfigure_generate_messages_nodejs
[ 40%] Built target map_msgs_generate_messages_py
[ 40%] Built target jsk_hark_msgs_generate_messages_py
[ 40%] Built target jsk_hark_msgs_generate_messages_eus
[ 40%] Built target pcl_ros_gencfg
[ 40%] Built target jsk_hark_msgs_generate_messages_nodejs
[ 40%] Built target dynamic_reconfigure_generate_messages_eus
[ 40%] Built target rviz_generate_messages_nodejs
[ 40%] Built target jsk_rviz_plugins_generate_messages_py
[ 40%] Built target jsk_recognition_utils_gencfg
[ 40%] Built target jsk_rviz_plugins_generate_messages_nodejs
[ 40%] Built target jsk_rviz_plugins_generate_messages_lisp
[ 40%] Built target visualization_msgs_generate_messages_py
[ 40%] Built target rviz_generate_messages_lisp
[ 40%] Built target visualization_msgs_generate_messages_eus
[ 40%] Built target tf2_msgs_generate_messages_nodejs
[ 40%] Built target vector_map_server_generate_messages_cpp
[ 40%] Built target jsk_rviz_plugins_gencfg
[ 40%] Built target visualization_msgs_generate_messages_nodejs
[ 40%] Built target tf2_msgs_generate_messages_cpp
[ 40%] Built target tf2_msgs_generate_messages_py
[ 40%] Built target actionlib_generate_messages_cpp
[ 40%] Built target map_msgs_generate_messages_cpp
[ 40%] Built target actionlib_generate_messages_py
[ 40%] Built target dynamic_reconfigure_generate_messages_cpp
[ 40%] Built target tf_generate_messages_py
[ 40%] Built target tf_generate_messages_nodejs
[ 40%] Built target sensor_msgs_generate_messages_nodejs
[ 40%] Built target tf_generate_messages_lisp
[ 40%] Built target vector_map_server_generate_messages_eus
[ 40%] Built target geometry_msgs_generate_messages_py
[ 40%] Built target roscpp_generate_messages_cpp
[ 40%] Built target pcl_msgs_generate_messages_eus
[ 40%] Built target jsk_recognition_msgs_generate_messages_lisp
[ 40%] Built target rosgraph_msgs_generate_messages_eus
[ 40%] Built target jsk_recognition_msgs_generate_messages_eus
[ 40%] Built target nodelet_generate_messages_lisp
[ 40%] Built target jsk_hark_msgs_generate_messages_lisp
[ 40%] Built target std_msgs_generate_messages_py
[ 40%] Built target autoware_msgs_generate_messages_py
[ 40%] Built target sensor_msgs_generate_messages_cpp
[ 40%] Built target std_msgs_generate_messages_nodejs
[ 40%] Built target autoware_msgs_generate_messages_cpp
[ 40%] Built target sensor_msgs_generate_messages_eus
[ 40%] Built target rosgraph_msgs_generate_messages_cpp
[ 40%] Built target topic_tools_generate_messages_cpp
[ 40%] Built target jsk_recognition_msgs_generate_messages_py
[ 40%] Built target nodelet_generate_messages_py
[ 40%] Built target std_msgs_generate_messages_cpp
[ 40%] Built target jsk_footstep_msgs_generate_messages_py
[ 40%] Built target sensor_msgs_generate_messages_py
[ 40%] Built target geometry_msgs_generate_messages_eus
[ 40%] Built target nav_msgs_generate_messages_nodejs
[ 40%] Built target jsk_rviz_plugins_generate_messages_cpp
[ 40%] Built target roscpp_generate_messages_nodejs
[ 40%] Built target std_msgs_generate_messages_lisp
[ 40%] Built target geometry_msgs_generate_messages_nodejs
[ 40%] Built target actionlib_generate_messages_eus
[ 40%] Built target pcl_msgs_generate_messages_py
[ 40%] Built target jsk_rviz_plugins_generate_messages_eus
[ 40%] Built target actionlib_generate_messages_lisp
[ 40%] Built target geometry_msgs_generate_messages_cpp
[ 40%] Built target geometry_msgs_generate_messages_lisp
[ 40%] Built target autoware_msgs_generate_messages_eus
[ 40%] Built target pcl_msgs_generate_messages_cpp
[ 40%] Built target autoware_msgs_generate_messages_lisp
[ 40%] Built target topic_tools_generate_messages_eus
[ 40%] Built target visualization_msgs_generate_messages_lisp
[ 40%] Built target std_msgs_generate_messages_eus
[ 40%] Built target autoware_msgs_generate_messages_nodejs
[ 40%] Built target actionlib_msgs_generate_messages_py
[ 40%] Built target visualization_msgs_generate_messages_cpp
[ 40%] Built target jsk_footstep_msgs_generate_messages_eus
[ 40%] Built target nav_msgs_generate_messages_eus
[ 40%] Built target tf2_msgs_generate_messages_eus
[ 40%] Built target jsk_footstep_msgs_generate_messages_lisp
[ 40%] Built target vector_map_server_generate_messages_lisp
[ 40%] Built target grid_map_msgs_generate_messages_nodejs
[ 40%] Built target jsk_footstep_msgs_generate_messages_nodejs
[ 40%] Built target std_srvs_generate_messages_cpp
[ 40%] Built target actionlib_msgs_generate_messages_lisp
[ 40%] Built target jsk_recognition_msgs_generate_messages_nodejs
[ 40%] Built target grid_map_msgs_generate_messages_lisp
[ 40%] Built target std_srvs_generate_messages_eus
[ 40%] Built target grid_map_msgs_generate_messages_eus
[ 40%] Built target rosgraph_msgs_generate_messages_nodejs
[ 40%] Built target roscpp_generate_messages_lisp
[ 40%] Built target rosgraph_msgs_generate_messages_lisp
[ 40%] Built target roscpp_generate_messages_eus
[ 40%] Built target vector_map_server_generate_messages_py
[ 40%] Built target actionlib_msgs_generate_messages_eus
[ 40%] Built target rosgraph_msgs_generate_messages_py
[ 40%] Built target grid_map_msgs_generate_messages_cpp
[ 40%] Built target roscpp_generate_messages_py
[ 40%] Built target grid_map_msgs_generate_messages_py
[ 40%] Built target jsk_hark_msgs_generate_messages_cpp
[ 40%] Built target nav_msgs_generate_messages_lisp
[ 40%] Built target sensor_msgs_generate_messages_lisp
[ 40%] Built target pcl_msgs_generate_messages_nodejs
[ 40%] Built target nav_msgs_generate_messages_py
[ 40%] Built target tf2_msgs_generate_messages_lisp
[ 40%] Built target nav_msgs_generate_messages_cpp
[ 40%] Built target dynamic_reconfigure_gencfg
[ 40%] Built target _catkin_empty_exported_target
[ 40%] Built target std_srvs_generate_messages_lisp
[ 40%] Built target jsk_recognition_msgs_generate_messages_cpp
[ 40%] Built target topic_tools_generate_messages_lisp
[ 40%] Built target std_srvs_generate_messages_nodejs
[ 40%] Built target topic_tools_generate_messages_nodejs
[ 40%] Built target std_srvs_generate_messages_py
[ 40%] Built target topic_tools_generate_messages_py
[ 40%] Built target actionlib_generate_messages_nodejs
[ 40%] Built target actionlib_msgs_generate_messages_nodejs
[ 40%] Built target map_msgs_generate_messages_nodejs
[ 40%] Built target nodelet_topic_tools_gencfg
[ 40%] Built target pcl_msgs_generate_messages_lisp
[ 40%] Built target tf_generate_messages_cpp
[ 40%] Built target jsk_footstep_msgs_generate_messages_cpp
[ 40%] Built target actionlib_msgs_generate_messages_cpp
[100%] Built target lidar_euclidean_cluster_detect
[36mInstall the project...[0m
-- Install configuration: "Release"
-- Up-to-date: /home/hypark/git/Autoware_On_Embedded/install/lidar_euclidean_cluster_detect/lib/pkgconfig/lidar_euclidean_cluster_detect.pc
-- Up-to-date: /home/hypark/git/Autoware_On_Embedded/install/lidar_euclidean_cluster_detect/share/lidar_euclidean_cluster_detect/cmake/lidar_euclidean_cluster_detectConfig.cmake
-- Up-to-date: /home/hypark/git/Autoware_On_Embedded/install/lidar_euclidean_cluster_detect/share/lidar_euclidean_cluster_detect/cmake/lidar_euclidean_cluster_detectConfig-version.cmake
-- Up-to-date: /home/hypark/git/Autoware_On_Embedded/install/lidar_euclidean_cluster_detect/share/lidar_euclidean_cluster_detect/package.xml
-- Up-to-date: /home/hypark/git/Autoware_On_Embedded/install/lidar_euclidean_cluster_detect/lib/libgpu_euclidean_clustering.so
-- Up-to-date: /home/hypark/git/Autoware_On_Embedded/install/lidar_euclidean_cluster_detect/include/lidar_euclidean_cluster_detect
-- Up-to-date: /home/hypark/git/Autoware_On_Embedded/install/lidar_euclidean_cluster_detect/include/lidar_euclidean_cluster_detect/cluster.h
-- Up-to-date: /home/hypark/git/Autoware_On_Embedded/install/lidar_euclidean_cluster_detect/include/lidar_euclidean_cluster_detect/gpu_euclidean_clustering.h
-- Up-to-date: /home/hypark/git/Autoware_On_Embedded/install/lidar_euclidean_cluster_detect/include/lidar_euclidean_cluster_detect/gencolors.cpp
-- Installing: /home/hypark/git/Autoware_On_Embedded/install/lidar_euclidean_cluster_detect/lib/lidar_euclidean_cluster_detect/lidar_euclidean_cluster_detect
-- Set runtime path of "/home/hypark/git/Autoware_On_Embedded/install/lidar_euclidean_cluster_detect/lib/lidar_euclidean_cluster_detect/lidar_euclidean_cluster_detect" to ""
-- Up-to-date: /home/hypark/git/Autoware_On_Embedded/install/lidar_euclidean_cluster_detect/share/lidar_euclidean_cluster_detect/launch
-- Up-to-date: /home/hypark/git/Autoware_On_Embedded/install/lidar_euclidean_cluster_detect/share/lidar_euclidean_cluster_detect/launch/euclidean_clustering_Exp.launch
-- Up-to-date: /home/hypark/git/Autoware_On_Embedded/install/lidar_euclidean_cluster_detect/share/lidar_euclidean_cluster_detect/launch/lidar_euclidean_cluster_detect_param.launch
-- Up-to-date: /home/hypark/git/Autoware_On_Embedded/install/lidar_euclidean_cluster_detect/share/lidar_euclidean_cluster_detect/launch/lidar_euclidean_cluster_detect.launch
-- Up-to-date: /home/hypark/git/Autoware_On_Embedded/install/lidar_euclidean_cluster_detect/share/lidar_euclidean_cluster_detect/config
-- Up-to-date: /home/hypark/git/Autoware_On_Embedded/install/lidar_euclidean_cluster_detect/share/lidar_euclidean_cluster_detect/config/params.yaml
