[0.021s] Invoking command in '/home/hypark/git/Autoware_On_Embedded/build/lidar_euclidean_cluster_detect': /usr/bin/cmake --build /home/hypark/git/Autoware_On_Embedded/build/lidar_euclidean_cluster_detect -- -j12 -l12
[0.198s] [  0%] Built target vector_map_msgs_generate_messages_cpp
[0.202s] [  0%] Built target vector_map_server_generate_messages_nodejs
[0.202s] [  0%] Built target vector_map_msgs_generate_messages_eus
[0.203s] [  0%] Built target rviz_generate_messages_py
[0.206s] [  0%] Built target rviz_generate_messages_cpp
[0.209s] [  0%] Built target vector_map_msgs_generate_messages_py
[0.209s] [  0%] Built target tf_generate_messages_eus
[0.226s] [  0%] Built target people_msgs_generate_messages_lisp
[0.227s] [  0%] Built target vector_map_msgs_generate_messages_lisp
[0.237s] [  0%] Built target map_msgs_generate_messages_lisp
[0.243s] [  0%] Built target people_msgs_generate_messages_py
[0.260s] [ 40%] Built target gpu_euclidean_clustering
[0.299s] [ 40%] Built target rviz_generate_messages_eus
[0.303s] [ 40%] Built target bond_generate_messages_py
[0.308s] [ 40%] Built target people_msgs_generate_messages_cpp
[0.312s] [ 40%] Built target vector_map_msgs_generate_messages_nodejs
[0.312s] [ 40%] Built target people_msgs_generate_messages_eus
[0.329s] [ 40%] Built target bond_generate_messages_nodejs
[0.336s] [ 40%] Built target bond_generate_messages_lisp
[0.345s] [ 40%] Built target bond_generate_messages_eus
[0.353s] [ 40%] Built target bond_generate_messages_cpp
[0.358s] [ 40%] Built target map_msgs_generate_messages_eus
[0.362s] [ 40%] Built target nodelet_generate_messages_nodejs
[0.387s] [ 40%] Built target nodelet_generate_messages_eus
[0.395s] [ 40%] Built target nodelet_generate_messages_cpp
[0.402s] [ 40%] Built target dynamic_reconfigure_generate_messages_py
[0.410s] [ 40%] Built target people_msgs_generate_messages_nodejs
[0.426s] [ 40%] Built target dynamic_reconfigure_generate_messages_eus
[0.426s] [ 40%] Built target dynamic_reconfigure_generate_messages_lisp
[0.430s] [ 40%] Built target dynamic_reconfigure_generate_messages_nodejs
[0.441s] [ 40%] Built target map_msgs_generate_messages_py
[0.457s] [ 40%] Built target pcl_ros_gencfg
[0.469s] [ 40%] Built target jsk_hark_msgs_generate_messages_py
[0.494s] [ 40%] Built target jsk_hark_msgs_generate_messages_nodejs
[0.494s] [ 40%] Built target rviz_generate_messages_nodejs
[0.530s] [ 40%] Built target jsk_recognition_utils_gencfg
[0.533s] [ 40%] Built target jsk_rviz_plugins_generate_messages_py
[0.543s] [ 40%] Built target jsk_rviz_plugins_generate_messages_nodejs
[0.545s] [ 40%] Built target jsk_hark_msgs_generate_messages_eus
[0.547s] [ 40%] Built target rviz_generate_messages_lisp
[0.560s] [ 40%] Built target visualization_msgs_generate_messages_py
[0.562s] [ 40%] Built target jsk_rviz_plugins_generate_messages_lisp
[0.562s] [ 40%] Built target jsk_rviz_plugins_gencfg
[0.586s] [ 40%] Built target visualization_msgs_generate_messages_nodejs
[0.594s] [ 40%] Built target vector_map_server_generate_messages_cpp
[0.594s] [ 40%] Built target tf2_msgs_generate_messages_nodejs
[0.640s] [ 40%] Built target tf2_msgs_generate_messages_cpp
[0.658s] [ 40%] Built target map_msgs_generate_messages_cpp
[0.659s] [ 40%] Built target actionlib_generate_messages_py
[0.668s] [ 40%] Built target visualization_msgs_generate_messages_eus
[0.677s] [ 40%] Built target tf2_msgs_generate_messages_py
[0.692s] [ 40%] Built target actionlib_generate_messages_cpp
[0.692s] [ 40%] Built target dynamic_reconfigure_generate_messages_cpp
[0.694s] [ 40%] Built target tf_generate_messages_nodejs
[0.696s] [ 40%] Built target tf_generate_messages_py
[0.717s] [ 40%] Built target tf_generate_messages_lisp
[0.724s] [ 40%] Built target geometry_msgs_generate_messages_py
[0.729s] [ 40%] Built target sensor_msgs_generate_messages_nodejs
[0.773s] [ 40%] Built target vector_map_server_generate_messages_eus
[0.791s] [ 40%] Built target roscpp_generate_messages_cpp
[0.798s] [ 40%] Built target pcl_msgs_generate_messages_eus
[0.809s] [ 40%] Built target jsk_recognition_msgs_generate_messages_lisp
[0.818s] [ 40%] Built target std_msgs_generate_messages_py
[0.823s] [ 40%] Built target jsk_recognition_msgs_generate_messages_eus
[0.835s] [ 40%] Built target jsk_hark_msgs_generate_messages_lisp
[0.836s] [ 40%] Built target rosgraph_msgs_generate_messages_eus
[0.841s] [ 40%] Built target nodelet_generate_messages_lisp
[0.844s] [ 40%] Built target autoware_msgs_generate_messages_py
[0.845s] [ 40%] Built target sensor_msgs_generate_messages_eus
[0.868s] [ 40%] Built target std_msgs_generate_messages_nodejs
[0.901s] [ 40%] Built target sensor_msgs_generate_messages_cpp
[0.908s] [ 40%] Built target autoware_msgs_generate_messages_cpp
[0.937s] [ 40%] Built target rosgraph_msgs_generate_messages_cpp
[0.949s] [ 40%] Built target topic_tools_generate_messages_cpp
[0.950s] [ 40%] Built target nodelet_generate_messages_py
[0.965s] [ 40%] Built target std_msgs_generate_messages_cpp
[0.965s] [ 40%] Built target jsk_recognition_msgs_generate_messages_py
[0.966s] [ 40%] Built target sensor_msgs_generate_messages_py
[0.967s] [ 40%] Built target jsk_footstep_msgs_generate_messages_py
[0.975s] [ 40%] Built target nav_msgs_generate_messages_nodejs
[1.005s] [ 40%] Built target geometry_msgs_generate_messages_eus
[1.007s] [ 40%] Built target jsk_rviz_plugins_generate_messages_cpp
[1.043s] [ 40%] Built target roscpp_generate_messages_nodejs
[1.044s] [ 40%] Built target std_msgs_generate_messages_lisp
[1.070s] [ 40%] Built target actionlib_generate_messages_eus
[1.075s] [ 40%] Built target jsk_rviz_plugins_generate_messages_eus
[1.075s] [ 40%] Built target geometry_msgs_generate_messages_nodejs
[1.093s] [ 40%] Built target pcl_msgs_generate_messages_py
[1.099s] [ 40%] Built target geometry_msgs_generate_messages_lisp
[1.110s] [ 40%] Built target actionlib_generate_messages_lisp
[1.121s] [ 40%] Built target geometry_msgs_generate_messages_cpp
[1.125s] [ 40%] Built target pcl_msgs_generate_messages_cpp
[1.132s] [ 40%] Built target autoware_msgs_generate_messages_eus
[1.155s] [ 40%] Built target autoware_msgs_generate_messages_lisp
[1.157s] [ 40%] Built target topic_tools_generate_messages_eus
[1.194s] [ 40%] Built target visualization_msgs_generate_messages_lisp
[1.195s] [ 40%] Built target std_msgs_generate_messages_eus
[1.195s] [ 40%] Built target autoware_msgs_generate_messages_nodejs
[1.200s] [ 40%] Built target jsk_footstep_msgs_generate_messages_eus
[1.230s] [ 40%] Built target visualization_msgs_generate_messages_cpp
[1.232s] [ 40%] Built target tf2_msgs_generate_messages_eus
[1.234s] [ 40%] Built target actionlib_msgs_generate_messages_py
[1.261s] [ 40%] Built target vector_map_server_generate_messages_lisp
[1.267s] [ 40%] Built target jsk_footstep_msgs_generate_messages_lisp
[1.273s] [ 40%] Built target nav_msgs_generate_messages_eus
[1.279s] [ 40%] Built target jsk_footstep_msgs_generate_messages_nodejs
[1.285s] [ 40%] Built target grid_map_msgs_generate_messages_nodejs
[1.313s] [ 40%] Built target std_srvs_generate_messages_cpp
[1.319s] [ 40%] Built target jsk_recognition_msgs_generate_messages_nodejs
[1.324s] [ 40%] Built target actionlib_msgs_generate_messages_lisp
[1.326s] [ 40%] Built target grid_map_msgs_generate_messages_lisp
[1.367s] [ 40%] Built target std_srvs_generate_messages_eus
[1.388s] [ 40%] Built target roscpp_generate_messages_lisp
[1.389s] [ 40%] Built target rosgraph_msgs_generate_messages_lisp
[1.389s] [ 40%] Built target grid_map_msgs_generate_messages_eus
[1.399s] [ 40%] Built target rosgraph_msgs_generate_messages_nodejs
[1.404s] [ 40%] Built target vector_map_server_generate_messages_py
[1.409s] [ 40%] Built target actionlib_msgs_generate_messages_eus
[1.410s] [ 40%] Built target roscpp_generate_messages_eus
[1.444s] [ 40%] Built target grid_map_msgs_generate_messages_cpp
[1.445s] [ 40%] Built target rosgraph_msgs_generate_messages_py
[1.450s] [ 40%] Built target roscpp_generate_messages_py
[1.457s] [ 40%] Built target jsk_hark_msgs_generate_messages_cpp
[1.508s] [ 40%] Built target grid_map_msgs_generate_messages_py
[1.513s] [ 40%] Built target pcl_msgs_generate_messages_nodejs
[1.525s] [ 40%] Built target sensor_msgs_generate_messages_lisp
[1.530s] [ 40%] Built target nav_msgs_generate_messages_cpp
[1.540s] [ 40%] Built target nav_msgs_generate_messages_lisp
[1.549s] [ 40%] Built target dynamic_reconfigure_gencfg
[1.551s] [ 40%] Built target tf2_msgs_generate_messages_lisp
[1.559s] [ 40%] Built target _catkin_empty_exported_target
[1.568s] [ 40%] Built target nav_msgs_generate_messages_py
[1.576s] [ 40%] Built target std_srvs_generate_messages_lisp
[1.577s] [ 40%] Built target jsk_recognition_msgs_generate_messages_cpp
[1.623s] [ 40%] Built target topic_tools_generate_messages_lisp
[1.655s] [ 40%] Built target std_srvs_generate_messages_nodejs
[1.657s] [ 40%] Built target std_srvs_generate_messages_py
[1.668s] [ 40%] Built target actionlib_msgs_generate_messages_nodejs
[1.669s] [ 40%] Built target map_msgs_generate_messages_nodejs
[1.669s] [ 40%] Built target topic_tools_generate_messages_nodejs
[1.686s] [ 40%] Built target topic_tools_generate_messages_py
[1.693s] [ 40%] Built target actionlib_generate_messages_nodejs
[1.695s] [ 40%] Built target pcl_msgs_generate_messages_lisp
[1.698s] [ 40%] Built target nodelet_topic_tools_gencfg
[1.706s] [ 40%] Built target tf_generate_messages_cpp
[1.709s] [ 40%] Built target jsk_footstep_msgs_generate_messages_cpp
[1.728s] [ 40%] Built target actionlib_msgs_generate_messages_cpp
[1.765s] [35m[1mScanning dependencies of target lidar_euclidean_cluster_detect[0m
[1.846s] [ 60%] [32mBuilding CXX object CMakeFiles/lidar_euclidean_cluster_detect.dir/nodes/lidar_euclidean_cluster_detect/lidar_euclidean_cluster_detect.cpp.o[0m
[3.429s] [01m[K/home/hypark/git/Autoware_On_Embedded/autoware.ai/src/autoware/core_perception/lidar_euclidean_cluster_detect/nodes/lidar_euclidean_cluster_detect/lidar_euclidean_cluster_detect.cpp:71:0:[m[K [01;35m[Kwarning: [m[K"GPU_CLUSTERING" redefined
[3.429s]  #define GPU_CLUSTERING
[3.429s]  
[3.429s] [01m[K<command-line>:0:0:[m[K [01;36m[Knote: [m[Kthis is the location of the previous definition
[6.977s] [01m[K/home/hypark/git/Autoware_On_Embedded/autoware.ai/src/autoware/core_perception/lidar_euclidean_cluster_detect/nodes/lidar_euclidean_cluster_detect/lidar_euclidean_cluster_detect.cpp:[m[K In function ‘[01m[Kvoid segmentByDistance(pcl::PointCloud<pcl::PointXYZ>::Ptr, pcl::PointCloud<pcl::PointXYZRGB>::Ptr, autoware_msgs::Centroids&, autoware_msgs::CloudClusterArray&)[m[K’:
[6.977s] [01m[K/home/hypark/git/Autoware_On_Embedded/autoware.ai/src/autoware/core_perception/lidar_euclidean_cluster_detect/nodes/lidar_euclidean_cluster_detect/lidar_euclidean_cluster_detect.cpp:663:3:[m[K [01;35m[Kwarning: [m[Kthis ‘[01m[Kelse[m[K’ clause does not guard... [[01;35m[K-Wmisleading-indentation[m[K]
[6.977s]    [01;35m[Kelse[m[K
[6.977s]    [01;35m[K^~~~[m[K
[6.977s] [01m[K/home/hypark/git/Autoware_On_Embedded/autoware.ai/src/autoware/core_perception/lidar_euclidean_cluster_detect/nodes/lidar_euclidean_cluster_detect/lidar_euclidean_cluster_detect.cpp:667:5:[m[K [01;36m[Knote: [m[K...this statement, but the latter is misleadingly indented as if it were guarded by the ‘[01m[Kelse[m[K’
[6.977s]      [01;36m[Kfor[m[K (unsigned int i = 0; i < final_clusters.size(); i++)
[6.977s]      [01;36m[K^~~[m[K
[6.999s] [01m[K/home/hypark/git/Autoware_On_Embedded/autoware.ai/src/autoware/core_perception/lidar_euclidean_cluster_detect/nodes/lidar_euclidean_cluster_detect/lidar_euclidean_cluster_detect.cpp:[m[K In function ‘[01m[Kint main(int, char**)[m[K’:
[6.999s] [01m[K/home/hypark/git/Autoware_On_Embedded/autoware.ai/src/autoware/core_perception/lidar_euclidean_cluster_detect/nodes/lidar_euclidean_cluster_detect/lidar_euclidean_cluster_detect.cpp:938:58:[m[K [01;35m[Kwarning: [m[KISO C++ forbids converting a string constant to ‘[01m[Kchar*[m[K’ [[01;35m[K-Wwrite-strings[m[K]
[6.999s]    init_scheduling("/tmp/euclidean_cluster_detect", key_id[01;35m[K)[m[K;
[6.999s]                                                           [01;35m[K^[m[K
[11.471s] In file included from [01m[K/home/hypark/git/Autoware_On_Embedded/autoware.ai/src/autoware/core_perception/lidar_euclidean_cluster_detect/nodes/lidar_euclidean_cluster_detect/lidar_euclidean_cluster_detect.cpp:31:0[m[K:
[11.471s] [01m[K/usr/include/pcl-1.8/pcl/sample_consensus/model_types.h:[m[K In function ‘[01m[Kvoid __static_initialization_and_destruction_0(int, int)[m[K’:
[11.471s] [01m[K/usr/include/pcl-1.8/pcl/sample_consensus/model_types.h:99:3:[m[K [01;35m[Kwarning: [m[K‘[01m[Kpcl::SAC_SAMPLE_SIZE[m[K’ is deprecated: This map is deprecated and is kept only to prevent breaking existing user code. Starting from PCL 1.8.0 model sample size is a protected member of the SampleConsensusModel class [[01;35m[K-Wdeprecated-declarations[m[K]
[11.471s]    [01;35m[KSAC_SAMPLE_SIZE[m[K (sample_size_pairs, sample_size_pairs + sizeof (sample_size_pairs) / sizeof (SampleSizeModel));
[11.471s]    [01;35m[K^~~~~~~~~~~~~~~[m[K
[11.471s] [01m[K/usr/include/pcl-1.8/pcl/sample_consensus/model_types.h:99:3:[m[K [01;36m[Knote: [m[Kdeclared here
[11.931s] In file included from [01m[K/home/hypark/git/Autoware_On_Embedded/autoware.ai/src/autoware/core_perception/lidar_euclidean_cluster_detect/nodes/lidar_euclidean_cluster_detect/lidar_euclidean_cluster_detect.cpp:75:0[m[K:
[11.931s] [01m[K/home/hypark/git/Autoware_On_Embedded/autoware.ai/src/autoware/core_perception/lidar_euclidean_cluster_detect/include/gpu_euclidean_clustering.h:[m[K At global scope:
[11.931s] [01m[K/home/hypark/git/Autoware_On_Embedded/autoware.ai/src/autoware/core_perception/lidar_euclidean_cluster_detect/include/gpu_euclidean_clustering.h:44:22:[m[K [01;35m[Kwarning: [m[K‘[01m[Kdeadline_list_[m[K’ defined but not used [[01;35m[K-Wunused-variable[m[K]
[11.931s]  static long long int [01;35m[Kdeadline_list_[m[K[35];
[11.931s]                       [01;35m[K^~~~~~~~~~~~~~[m[K
[11.931s] [01m[K/home/hypark/git/Autoware_On_Embedded/autoware.ai/src/autoware/core_perception/lidar_euclidean_cluster_detect/include/gpu_euclidean_clustering.h:43:12:[m[K [01;35m[Kwarning: [m[K‘[01m[Ksig_[m[K’ defined but not used [[01;35m[K-Wunused-variable[m[K]
[11.931s]  static int [01;35m[Ksig_[m[K;
[11.931s]             [01;35m[K^~~~[m[K
[11.932s] [01m[K/home/hypark/git/Autoware_On_Embedded/autoware.ai/src/autoware/core_perception/lidar_euclidean_cluster_detect/include/gpu_euclidean_clustering.h:42:17:[m[K [01;35m[Kwarning: [m[K‘[01m[Ksigset_[m[K’ defined but not used [[01;35m[K-Wunused-variable[m[K]
[11.932s]  static sigset_t [01;35m[Ksigset_[m[K;
[11.932s]                  [01;35m[K^~~~~~~[m[K
[11.932s] [01m[K/home/hypark/git/Autoware_On_Embedded/autoware.ai/src/autoware/core_perception/lidar_euclidean_cluster_detect/include/gpu_euclidean_clustering.h:41:12:[m[K [01;35m[Kwarning: [m[K‘[01m[Kshmid_[m[K’ defined but not used [[01;35m[K-Wunused-variable[m[K]
[11.932s]  static int [01;35m[Kshmid_[m[K;
[11.932s]             [01;35m[K^~~~~~[m[K
[11.932s] [01m[K/home/hypark/git/Autoware_On_Embedded/autoware.ai/src/autoware/core_perception/lidar_euclidean_cluster_detect/include/gpu_euclidean_clustering.h:40:14:[m[K [01;35m[Kwarning: [m[K‘[01m[Kkey_[m[K’ defined but not used [[01;35m[K-Wunused-variable[m[K]
[11.932s]  static key_t [01;35m[Kkey_[m[K;
[11.932s]               [01;35m[K^~~~[m[K
[11.932s] [01m[K/home/hypark/git/Autoware_On_Embedded/autoware.ai/src/autoware/core_perception/lidar_euclidean_cluster_detect/include/gpu_euclidean_clustering.h:39:19:[m[K [01;35m[Kwarning: [m[K‘[01m[Ksched_info_[m[K’ defined but not used [[01;35m[K-Wunused-variable[m[K]
[11.932s]  static SchedInfo* [01;35m[Ksched_info_[m[K;
[11.932s]                    [01;35m[K^~~~~~~~~~~[m[K
[11.932s] [01m[K/home/hypark/git/Autoware_On_Embedded/autoware.ai/src/autoware/core_perception/lidar_euclidean_cluster_detect/include/gpu_euclidean_clustering.h:38:12:[m[K [01;35m[Kwarning: [m[K‘[01m[Kkey_id_[m[K’ defined but not used [[01;35m[K-Wunused-variable[m[K]
[11.932s]  static int [01;35m[Kkey_id_[m[K;
[11.932s]             [01;35m[K^~~~~~~[m[K
[11.932s] [01m[K/home/hypark/git/Autoware_On_Embedded/autoware.ai/src/autoware/core_perception/lidar_euclidean_cluster_detect/include/gpu_euclidean_clustering.h:37:12:[m[K [01;35m[Kwarning: [m[K‘[01m[Kscheduler_pid_[m[K’ defined but not used [[01;35m[K-Wunused-variable[m[K]
[11.932s]  static int [01;35m[Kscheduler_pid_[m[K;
[11.932s]             [01;35m[K^~~~~~~~~~~~~~[m[K
[11.932s] [01m[K/home/hypark/git/Autoware_On_Embedded/autoware.ai/src/autoware/core_perception/lidar_euclidean_cluster_detect/include/gpu_euclidean_clustering.h:36:13:[m[K [01;35m[Kwarning: [m[K‘[01m[Ktask_filename_[m[K’ defined but not used [[01;35m[K-Wunused-variable[m[K]
[11.932s]  static char [01;35m[Ktask_filename_[m[K[BUFFER_SIZE];
[11.933s]              [01;35m[K^~~~~~~~~~~~~~[m[K
[15.766s] [ 80%] [32m[1mLinking CXX executable devel/lib/lidar_euclidean_cluster_detect/lidar_euclidean_cluster_detect[0m
[20.302s] [100%] Built target lidar_euclidean_cluster_detect
[20.330s] Invoked command in '/home/hypark/git/Autoware_On_Embedded/build/lidar_euclidean_cluster_detect' returned '0': /usr/bin/cmake --build /home/hypark/git/Autoware_On_Embedded/build/lidar_euclidean_cluster_detect -- -j12 -l12
[20.895s] Invoking command in '/home/hypark/git/Autoware_On_Embedded/build/lidar_euclidean_cluster_detect': /usr/bin/cmake --build /home/hypark/git/Autoware_On_Embedded/build/lidar_euclidean_cluster_detect --target tests -- -j12 -l12
[21.061s] Built target tests
[21.085s] Invoked command in '/home/hypark/git/Autoware_On_Embedded/build/lidar_euclidean_cluster_detect' returned '0': /usr/bin/cmake --build /home/hypark/git/Autoware_On_Embedded/build/lidar_euclidean_cluster_detect --target tests -- -j12 -l12
[21.689s] Invoking command in '/home/hypark/git/Autoware_On_Embedded/build/lidar_euclidean_cluster_detect': /usr/bin/cmake --build /home/hypark/git/Autoware_On_Embedded/build/lidar_euclidean_cluster_detect --target install -- -j12 -l12
[21.855s] [  0%] Built target tf_generate_messages_eus
[21.856s] [  0%] Built target vector_map_msgs_generate_messages_eus
[21.857s] [  0%] Built target rviz_generate_messages_cpp
[21.861s] [  0%] Built target vector_map_msgs_generate_messages_lisp
[21.865s] [  0%] Built target vector_map_msgs_generate_messages_py
[21.865s] [  0%] Built target vector_map_server_generate_messages_nodejs
[21.865s] [  0%] Built target map_msgs_generate_messages_lisp
[21.869s] [  0%] Built target people_msgs_generate_messages_py
[21.876s] [  0%] Built target rviz_generate_messages_py
[21.881s] [  0%] Built target vector_map_msgs_generate_messages_cpp
[21.909s] [  0%] Built target people_msgs_generate_messages_lisp
[21.920s] [ 40%] Built target gpu_euclidean_clustering
[21.965s] [ 40%] Built target rviz_generate_messages_eus
[21.973s] [ 40%] Built target people_msgs_generate_messages_cpp
[21.981s] [ 40%] Built target people_msgs_generate_messages_eus
[21.982s] [ 40%] Built target bond_generate_messages_eus
[21.986s] [ 40%] Built target vector_map_msgs_generate_messages_nodejs
[21.998s] [ 40%] Built target bond_generate_messages_cpp
[21.999s] [ 40%] Built target bond_generate_messages_py
[22.008s] [ 40%] Built target bond_generate_messages_nodejs
[22.008s] [ 40%] Built target bond_generate_messages_lisp
[22.029s] [ 40%] Built target nodelet_generate_messages_nodejs
[22.045s] [ 40%] Built target nodelet_generate_messages_eus
[22.048s] [ 40%] Built target map_msgs_generate_messages_eus
[22.105s] [ 40%] Built target dynamic_reconfigure_generate_messages_py
[22.114s] [ 40%] Built target nodelet_generate_messages_cpp
[22.118s] [ 40%] Built target dynamic_reconfigure_generate_messages_lisp
[22.121s] [ 40%] Built target people_msgs_generate_messages_nodejs
[22.136s] [ 40%] Built target dynamic_reconfigure_generate_messages_nodejs
[22.139s] [ 40%] Built target map_msgs_generate_messages_py
[22.154s] [ 40%] Built target jsk_hark_msgs_generate_messages_py
[22.157s] [ 40%] Built target jsk_hark_msgs_generate_messages_eus
[22.159s] [ 40%] Built target pcl_ros_gencfg
[22.161s] [ 40%] Built target jsk_hark_msgs_generate_messages_nodejs
[22.164s] [ 40%] Built target dynamic_reconfigure_generate_messages_eus
[22.198s] [ 40%] Built target rviz_generate_messages_nodejs
[22.225s] [ 40%] Built target jsk_rviz_plugins_generate_messages_py
[22.260s] [ 40%] Built target jsk_recognition_utils_gencfg
[22.262s] [ 40%] Built target jsk_rviz_plugins_generate_messages_nodejs
[22.263s] [ 40%] Built target jsk_rviz_plugins_generate_messages_lisp
[22.277s] [ 40%] Built target visualization_msgs_generate_messages_py
[22.277s] [ 40%] Built target rviz_generate_messages_lisp
[22.288s] [ 40%] Built target visualization_msgs_generate_messages_eus
[22.303s] [ 40%] Built target tf2_msgs_generate_messages_nodejs
[22.306s] [ 40%] Built target vector_map_server_generate_messages_cpp
[22.312s] [ 40%] Built target jsk_rviz_plugins_gencfg
[22.315s] [ 40%] Built target visualization_msgs_generate_messages_nodejs
[22.337s] [ 40%] Built target tf2_msgs_generate_messages_cpp
[22.382s] [ 40%] Built target tf2_msgs_generate_messages_py
[22.382s] [ 40%] Built target actionlib_generate_messages_cpp
[22.382s] [ 40%] Built target map_msgs_generate_messages_cpp
[22.415s] [ 40%] Built target actionlib_generate_messages_py
[22.423s] [ 40%] Built target dynamic_reconfigure_generate_messages_cpp
[22.429s] [ 40%] Built target tf_generate_messages_py
[22.434s] [ 40%] Built target tf_generate_messages_nodejs
[22.462s] [ 40%] Built target sensor_msgs_generate_messages_nodejs
[22.468s] [ 40%] Built target tf_generate_messages_lisp
[22.470s] [ 40%] Built target vector_map_server_generate_messages_eus
[22.473s] [ 40%] Built target geometry_msgs_generate_messages_py
[22.491s] [ 40%] Built target roscpp_generate_messages_cpp
[22.521s] [ 40%] Built target pcl_msgs_generate_messages_eus
[22.534s] [ 40%] Built target jsk_recognition_msgs_generate_messages_lisp
[22.539s] [ 40%] Built target rosgraph_msgs_generate_messages_eus
[22.542s] [ 40%] Built target jsk_recognition_msgs_generate_messages_eus
[22.581s] [ 40%] Built target nodelet_generate_messages_lisp
[22.584s] [ 40%] Built target jsk_hark_msgs_generate_messages_lisp
[22.587s] [ 40%] Built target std_msgs_generate_messages_py
[22.598s] [ 40%] Built target autoware_msgs_generate_messages_py
[22.604s] [ 40%] Built target sensor_msgs_generate_messages_cpp
[22.616s] [ 40%] Built target std_msgs_generate_messages_nodejs
[22.638s] [ 40%] Built target autoware_msgs_generate_messages_cpp
[22.641s] [ 40%] Built target sensor_msgs_generate_messages_eus
[22.681s] [ 40%] Built target rosgraph_msgs_generate_messages_cpp
[22.705s] [ 40%] Built target topic_tools_generate_messages_cpp
[22.712s] [ 40%] Built target jsk_recognition_msgs_generate_messages_py
[22.715s] [ 40%] Built target nodelet_generate_messages_py
[22.727s] [ 40%] Built target std_msgs_generate_messages_cpp
[22.735s] [ 40%] Built target jsk_footstep_msgs_generate_messages_py
[22.737s] [ 40%] Built target sensor_msgs_generate_messages_py
[22.743s] [ 40%] Built target geometry_msgs_generate_messages_eus
[22.743s] [ 40%] Built target nav_msgs_generate_messages_nodejs
[22.773s] [ 40%] Built target jsk_rviz_plugins_generate_messages_cpp
[22.791s] [ 40%] Built target roscpp_generate_messages_nodejs
[22.805s] [ 40%] Built target std_msgs_generate_messages_lisp
[22.838s] [ 40%] Built target geometry_msgs_generate_messages_nodejs
[22.839s] [ 40%] Built target actionlib_generate_messages_eus
[22.845s] [ 40%] Built target pcl_msgs_generate_messages_py
[22.859s] [ 40%] Built target jsk_rviz_plugins_generate_messages_eus
[22.873s] [ 40%] Built target actionlib_generate_messages_lisp
[22.888s] [ 40%] Built target geometry_msgs_generate_messages_cpp
[22.888s] [ 40%] Built target geometry_msgs_generate_messages_lisp
[22.898s] [ 40%] Built target autoware_msgs_generate_messages_eus
[22.903s] [ 40%] Built target pcl_msgs_generate_messages_cpp
[22.910s] [ 40%] Built target autoware_msgs_generate_messages_lisp
[22.936s] [ 40%] Built target topic_tools_generate_messages_eus
[22.957s] [ 40%] Built target visualization_msgs_generate_messages_lisp
[22.966s] [ 40%] Built target std_msgs_generate_messages_eus
[22.992s] [ 40%] Built target autoware_msgs_generate_messages_nodejs
[22.992s] [ 40%] Built target actionlib_msgs_generate_messages_py
[23.002s] [ 40%] Built target visualization_msgs_generate_messages_cpp
[23.009s] [ 40%] Built target jsk_footstep_msgs_generate_messages_eus
[23.026s] [ 40%] Built target nav_msgs_generate_messages_eus
[23.032s] [ 40%] Built target tf2_msgs_generate_messages_eus
[23.043s] [ 40%] Built target jsk_footstep_msgs_generate_messages_lisp
[23.045s] [ 40%] Built target vector_map_server_generate_messages_lisp
[23.045s] [ 40%] Built target grid_map_msgs_generate_messages_nodejs
[23.051s] [ 40%] Built target jsk_footstep_msgs_generate_messages_nodejs
[23.087s] [ 40%] Built target std_srvs_generate_messages_cpp
[23.099s] [ 40%] Built target actionlib_msgs_generate_messages_lisp
[23.108s] [ 40%] Built target jsk_recognition_msgs_generate_messages_nodejs
[23.132s] [ 40%] Built target grid_map_msgs_generate_messages_lisp
[23.139s] [ 40%] Built target std_srvs_generate_messages_eus
[23.154s] [ 40%] Built target grid_map_msgs_generate_messages_eus
[23.154s] [ 40%] Built target rosgraph_msgs_generate_messages_nodejs
[23.156s] [ 40%] Built target roscpp_generate_messages_lisp
[23.167s] [ 40%] Built target rosgraph_msgs_generate_messages_lisp
[23.170s] [ 40%] Built target roscpp_generate_messages_eus
[23.174s] [ 40%] Built target vector_map_server_generate_messages_py
[23.182s] [ 40%] Built target actionlib_msgs_generate_messages_eus
[23.214s] [ 40%] Built target rosgraph_msgs_generate_messages_py
[23.238s] [ 40%] Built target grid_map_msgs_generate_messages_cpp
[23.247s] [ 40%] Built target roscpp_generate_messages_py
[23.272s] [ 40%] Built target grid_map_msgs_generate_messages_py
[23.272s] [ 40%] Built target jsk_hark_msgs_generate_messages_cpp
[23.279s] [ 40%] Built target nav_msgs_generate_messages_lisp
[23.280s] [ 40%] Built target sensor_msgs_generate_messages_lisp
[23.292s] [ 40%] Built target pcl_msgs_generate_messages_nodejs
[23.303s] [ 40%] Built target nav_msgs_generate_messages_py
[23.308s] [ 40%] Built target tf2_msgs_generate_messages_lisp
[23.314s] [ 40%] Built target nav_msgs_generate_messages_cpp
[23.315s] [ 40%] Built target dynamic_reconfigure_gencfg
[23.361s] [ 40%] Built target _catkin_empty_exported_target
[23.367s] [ 40%] Built target std_srvs_generate_messages_lisp
[23.386s] [ 40%] Built target jsk_recognition_msgs_generate_messages_cpp
[23.410s] [ 40%] Built target topic_tools_generate_messages_lisp
[23.411s] [ 40%] Built target std_srvs_generate_messages_nodejs
[23.411s] [ 40%] Built target topic_tools_generate_messages_nodejs
[23.426s] [ 40%] Built target std_srvs_generate_messages_py
[23.431s] [ 40%] Built target topic_tools_generate_messages_py
[23.431s] [ 40%] Built target actionlib_generate_messages_nodejs
[23.432s] [ 40%] Built target actionlib_msgs_generate_messages_nodejs
[23.443s] [ 40%] Built target map_msgs_generate_messages_nodejs
[23.454s] [ 40%] Built target nodelet_topic_tools_gencfg
[23.475s] [ 40%] Built target pcl_msgs_generate_messages_lisp
[23.475s] [ 40%] Built target tf_generate_messages_cpp
[23.482s] [ 40%] Built target jsk_footstep_msgs_generate_messages_cpp
[23.493s] [ 40%] Built target actionlib_msgs_generate_messages_cpp
[23.578s] [100%] Built target lidar_euclidean_cluster_detect
[23.633s] [36mInstall the project...[0m
[23.656s] -- Install configuration: "Release"
[23.657s] -- Up-to-date: /home/hypark/git/Autoware_On_Embedded/install/lidar_euclidean_cluster_detect/lib/pkgconfig/lidar_euclidean_cluster_detect.pc
[23.657s] -- Up-to-date: /home/hypark/git/Autoware_On_Embedded/install/lidar_euclidean_cluster_detect/share/lidar_euclidean_cluster_detect/cmake/lidar_euclidean_cluster_detectConfig.cmake
[23.657s] -- Up-to-date: /home/hypark/git/Autoware_On_Embedded/install/lidar_euclidean_cluster_detect/share/lidar_euclidean_cluster_detect/cmake/lidar_euclidean_cluster_detectConfig-version.cmake
[23.657s] -- Up-to-date: /home/hypark/git/Autoware_On_Embedded/install/lidar_euclidean_cluster_detect/share/lidar_euclidean_cluster_detect/package.xml
[23.657s] -- Up-to-date: /home/hypark/git/Autoware_On_Embedded/install/lidar_euclidean_cluster_detect/lib/libgpu_euclidean_clustering.so
[23.657s] -- Up-to-date: /home/hypark/git/Autoware_On_Embedded/install/lidar_euclidean_cluster_detect/include/lidar_euclidean_cluster_detect
[23.657s] -- Up-to-date: /home/hypark/git/Autoware_On_Embedded/install/lidar_euclidean_cluster_detect/include/lidar_euclidean_cluster_detect/cluster.h
[23.657s] -- Up-to-date: /home/hypark/git/Autoware_On_Embedded/install/lidar_euclidean_cluster_detect/include/lidar_euclidean_cluster_detect/gpu_euclidean_clustering.h
[23.658s] -- Up-to-date: /home/hypark/git/Autoware_On_Embedded/install/lidar_euclidean_cluster_detect/include/lidar_euclidean_cluster_detect/gencolors.cpp
[23.658s] -- Installing: /home/hypark/git/Autoware_On_Embedded/install/lidar_euclidean_cluster_detect/lib/lidar_euclidean_cluster_detect/lidar_euclidean_cluster_detect
[23.658s] -- Set runtime path of "/home/hypark/git/Autoware_On_Embedded/install/lidar_euclidean_cluster_detect/lib/lidar_euclidean_cluster_detect/lidar_euclidean_cluster_detect" to ""
[23.658s] -- Up-to-date: /home/hypark/git/Autoware_On_Embedded/install/lidar_euclidean_cluster_detect/share/lidar_euclidean_cluster_detect/launch
[23.658s] -- Up-to-date: /home/hypark/git/Autoware_On_Embedded/install/lidar_euclidean_cluster_detect/share/lidar_euclidean_cluster_detect/launch/euclidean_clustering_Exp.launch
[23.658s] -- Up-to-date: /home/hypark/git/Autoware_On_Embedded/install/lidar_euclidean_cluster_detect/share/lidar_euclidean_cluster_detect/launch/lidar_euclidean_cluster_detect_param.launch
[23.658s] -- Up-to-date: /home/hypark/git/Autoware_On_Embedded/install/lidar_euclidean_cluster_detect/share/lidar_euclidean_cluster_detect/launch/lidar_euclidean_cluster_detect.launch
[23.658s] -- Up-to-date: /home/hypark/git/Autoware_On_Embedded/install/lidar_euclidean_cluster_detect/share/lidar_euclidean_cluster_detect/config
[23.658s] -- Up-to-date: /home/hypark/git/Autoware_On_Embedded/install/lidar_euclidean_cluster_detect/share/lidar_euclidean_cluster_detect/config/params.yaml
[23.661s] Invoked command in '/home/hypark/git/Autoware_On_Embedded/build/lidar_euclidean_cluster_detect' returned '0': /usr/bin/cmake --build /home/hypark/git/Autoware_On_Embedded/build/lidar_euclidean_cluster_detect --target install -- -j12 -l12
