[ 20%] [34m[1mBuilding NVCC (Device) object CMakeFiles/gpu_euclidean_clustering.dir/nodes/lidar_euclidean_cluster_detect/gpu_euclidean_clustering_generated_gpu_euclidean_clustering.cu.o[0m
[ 20%] Built target vector_map_server_generate_messages_nodejs
[ 20%] Built target vector_map_msgs_generate_messages_py
[ 20%] Built target rviz_generate_messages_py
[ 20%] Built target tf_generate_messages_eus
[ 20%] Built target vector_map_msgs_generate_messages_cpp
[ 20%] Built target vector_map_msgs_generate_messages_lisp
[ 20%] Built target vector_map_msgs_generate_messages_eus
[ 20%] Built target people_msgs_generate_messages_lisp
[ 20%] Built target rviz_generate_messages_cpp
[ 20%] Built target people_msgs_generate_messages_py
[ 20%] Built target map_msgs_generate_messages_lisp
[ 20%] Built target vector_map_msgs_generate_messages_nodejs
[ 20%] Built target bond_generate_messages_nodejs
[ 20%] Built target rviz_generate_messages_eus
[ 20%] Built target people_msgs_generate_messages_eus
[ 20%] Built target people_msgs_generate_messages_cpp
[ 20%] Built target bond_generate_messages_lisp
[ 20%] Built target bond_generate_messages_eus
[ 20%] Built target bond_generate_messages_py
[ 20%] Built target bond_generate_messages_cpp
[ 20%] Built target map_msgs_generate_messages_eus
[ 20%] Built target nodelet_generate_messages_nodejs
[ 20%] Built target nodelet_generate_messages_eus
[ 20%] Built target dynamic_reconfigure_generate_messages_nodejs
[ 20%] Built target dynamic_reconfigure_generate_messages_py
[ 20%] Built target nodelet_generate_messages_cpp
[ 20%] Built target dynamic_reconfigure_generate_messages_lisp
[ 20%] Built target map_msgs_generate_messages_py
[ 20%] Built target people_msgs_generate_messages_nodejs
[ 20%] Built target dynamic_reconfigure_generate_messages_eus
[ 20%] Built target jsk_hark_msgs_generate_messages_py
[ 20%] Built target rviz_generate_messages_nodejs
[ 20%] Built target pcl_ros_gencfg
[ 20%] Built target jsk_hark_msgs_generate_messages_eus
[ 20%] Built target jsk_hark_msgs_generate_messages_nodejs
[ 20%] Built target jsk_rviz_plugins_generate_messages_nodejs
[ 20%] Built target jsk_rviz_plugins_generate_messages_py
[ 20%] Built target jsk_rviz_plugins_gencfg
[ 20%] Built target jsk_rviz_plugins_generate_messages_lisp
[ 20%] Built target visualization_msgs_generate_messages_nodejs
[ 20%] Built target visualization_msgs_generate_messages_py
[ 20%] Built target vector_map_server_generate_messages_cpp
[ 20%] Built target rviz_generate_messages_lisp
[ 20%] Built target jsk_recognition_utils_gencfg
[ 20%] Built target visualization_msgs_generate_messages_eus
[ 20%] Built target tf2_msgs_generate_messages_cpp
[ 20%] Built target tf2_msgs_generate_messages_nodejs
[ 20%] Built target actionlib_generate_messages_py
[ 20%] Built target tf_generate_messages_lisp
[ 20%] Built target map_msgs_generate_messages_cpp
[ 20%] Built target tf2_msgs_generate_messages_py
[ 20%] Built target tf_generate_messages_py
[ 20%] Built target dynamic_reconfigure_generate_messages_cpp
[ 20%] Built target actionlib_generate_messages_cpp
[ 20%] Built target tf_generate_messages_nodejs
[ 20%] Built target geometry_msgs_generate_messages_py
[ 20%] Built target roscpp_generate_messages_cpp
[ 20%] Built target vector_map_server_generate_messages_eus
[ 20%] Built target sensor_msgs_generate_messages_nodejs
[ 20%] Built target rosgraph_msgs_generate_messages_eus
[ 20%] Built target pcl_msgs_generate_messages_eus
[ 20%] Built target jsk_recognition_msgs_generate_messages_lisp
[ 20%] Built target jsk_recognition_msgs_generate_messages_eus
[ 20%] Built target std_msgs_generate_messages_py
[ 20%] Built target autoware_msgs_generate_messages_py
[ 20%] Built target nodelet_generate_messages_lisp
[ 20%] Built target jsk_hark_msgs_generate_messages_lisp
[ 20%] Built target sensor_msgs_generate_messages_eus
[ 20%] Built target rosgraph_msgs_generate_messages_cpp
[ 20%] Built target sensor_msgs_generate_messages_cpp
[ 20%] Built target topic_tools_generate_messages_cpp
[ 20%] Built target std_msgs_generate_messages_nodejs
[ 20%] Built target autoware_msgs_generate_messages_cpp
[ 20%] Built target jsk_recognition_msgs_generate_messages_py
[ 20%] Built target sensor_msgs_generate_messages_py
[ 20%] Built target nodelet_generate_messages_py
[ 20%] Built target std_msgs_generate_messages_cpp
[ 20%] Built target jsk_footstep_msgs_generate_messages_py
[ 20%] Built target nav_msgs_generate_messages_nodejs
[ 20%] Built target geometry_msgs_generate_messages_nodejs
[ 20%] Built target geometry_msgs_generate_messages_eus
[ 20%] Built target roscpp_generate_messages_nodejs
[ 20%] Built target std_msgs_generate_messages_lisp
[ 20%] Built target jsk_rviz_plugins_generate_messages_cpp
[ 20%] Built target jsk_rviz_plugins_generate_messages_eus
[ 20%] Built target geometry_msgs_generate_messages_lisp
[ 20%] Built target pcl_msgs_generate_messages_py
[ 20%] Built target actionlib_generate_messages_eus
[ 20%] Built target actionlib_generate_messages_lisp
[ 20%] Built target topic_tools_generate_messages_eus
[ 20%] Built target autoware_msgs_generate_messages_lisp
[ 20%] Built target geometry_msgs_generate_messages_cpp
[ 20%] Built target autoware_msgs_generate_messages_eus
[ 20%] Built target pcl_msgs_generate_messages_cpp
[ 20%] Built target std_msgs_generate_messages_eus
[ 20%] Built target visualization_msgs_generate_messages_lisp
[ 20%] Built target jsk_footstep_msgs_generate_messages_eus
[ 20%] Built target autoware_msgs_generate_messages_nodejs
[ 20%] Built target actionlib_msgs_generate_messages_py
[ 20%] Built target visualization_msgs_generate_messages_cpp
[ 20%] Built target vector_map_server_generate_messages_lisp
[ 20%] Built target jsk_footstep_msgs_generate_messages_lisp
[ 20%] Built target jsk_footstep_msgs_generate_messages_nodejs
[ 20%] Built target tf2_msgs_generate_messages_eus
[ 20%] Built target nav_msgs_generate_messages_eus
[ 20%] Built target grid_map_msgs_generate_messages_nodejs
[ 20%] Built target std_srvs_generate_messages_cpp
[ 20%] Built target std_srvs_generate_messages_eus
[ 20%] Built target actionlib_msgs_generate_messages_lisp
[ 20%] Built target grid_map_msgs_generate_messages_lisp
[ 20%] Built target jsk_recognition_msgs_generate_messages_nodejs
[ 20%] Built target roscpp_generate_messages_lisp
[ 20%] Built target rosgraph_msgs_generate_messages_nodejs
[ 20%] Built target grid_map_msgs_generate_messages_eus
[ 20%] Built target rosgraph_msgs_generate_messages_lisp
[ 20%] Built target vector_map_server_generate_messages_py
[ 20%] Built target roscpp_generate_messages_eus
[ 20%] Built target actionlib_msgs_generate_messages_eus
[ 20%] Built target rosgraph_msgs_generate_messages_py
[ 20%] Built target roscpp_generate_messages_py
[ 20%] Built target jsk_hark_msgs_generate_messages_cpp
[ 20%] Built target grid_map_msgs_generate_messages_cpp
[ 20%] Built target nav_msgs_generate_messages_cpp
[ 20%] Built target grid_map_msgs_generate_messages_py
[ 20%] Built target sensor_msgs_generate_messages_lisp
[ 20%] Built target nav_msgs_generate_messages_lisp
[ 20%] Built target pcl_msgs_generate_messages_nodejs
[ 20%] Built target dynamic_reconfigure_gencfg
[ 20%] Built target nav_msgs_generate_messages_py
[ 20%] Built target tf2_msgs_generate_messages_lisp
[ 20%] Built target jsk_recognition_msgs_generate_messages_cpp
[ 20%] Built target _catkin_empty_exported_target
[ 20%] Built target std_srvs_generate_messages_nodejs
[ 20%] Built target std_srvs_generate_messages_lisp
[ 20%] Built target std_srvs_generate_messages_py
[ 20%] Built target topic_tools_generate_messages_lisp
[ 20%] Built target topic_tools_generate_messages_nodejs
[ 20%] Built target nodelet_topic_tools_gencfg
[ 20%] Built target map_msgs_generate_messages_nodejs
[ 20%] Built target actionlib_msgs_generate_messages_nodejs
[ 20%] Built target topic_tools_generate_messages_py
[ 20%] Built target pcl_msgs_generate_messages_lisp
[ 20%] Built target tf_generate_messages_cpp
[ 20%] Built target actionlib_generate_messages_nodejs
[ 20%] Built target jsk_footstep_msgs_generate_messages_cpp
[ 20%] Built target actionlib_msgs_generate_messages_cpp
[35m[1mScanning dependencies of target gpu_euclidean_clustering[0m
[ 40%] [32m[1mLinking CXX shared library devel/lib/libgpu_euclidean_clustering.so[0m
[ 40%] Built target gpu_euclidean_clustering
[35m[1mScanning dependencies of target lidar_euclidean_cluster_detect[0m
[ 60%] [32mBuilding CXX object CMakeFiles/lidar_euclidean_cluster_detect.dir/nodes/lidar_euclidean_cluster_detect/lidar_euclidean_cluster_detect.cpp.o[0m
[ 80%] [32mBuilding CXX object CMakeFiles/lidar_euclidean_cluster_detect.dir/nodes/lidar_euclidean_cluster_detect/cluster.cpp.o[0m
[100%] [32m[1mLinking CXX executable devel/lib/lidar_euclidean_cluster_detect/lidar_euclidean_cluster_detect[0m
[100%] Built target lidar_euclidean_cluster_detect
[35m[1mScanning dependencies of target tests[0m
Built target tests
[  0%] Built target people_msgs_generate_messages_py
[  0%] Built target rviz_generate_messages_cpp
[  0%] Built target vector_map_msgs_generate_messages_py
[  0%] Built target rviz_generate_messages_py
[  0%] Built target vector_map_server_generate_messages_nodejs
[  0%] Built target tf_generate_messages_eus
[  0%] Built target map_msgs_generate_messages_lisp
[  0%] Built target vector_map_msgs_generate_messages_lisp
[  0%] Built target vector_map_msgs_generate_messages_eus
[  0%] Built target vector_map_msgs_generate_messages_cpp
[  0%] Built target people_msgs_generate_messages_lisp
[ 40%] Built target gpu_euclidean_clustering
[ 40%] Built target rviz_generate_messages_eus
[ 40%] Built target bond_generate_messages_py
[ 40%] Built target bond_generate_messages_nodejs
[ 40%] Built target vector_map_msgs_generate_messages_nodejs
[ 40%] Built target people_msgs_generate_messages_cpp
[ 40%] Built target bond_generate_messages_lisp
[ 40%] Built target people_msgs_generate_messages_eus
[ 40%] Built target bond_generate_messages_eus
[ 40%] Built target nodelet_generate_messages_nodejs
[ 40%] Built target bond_generate_messages_cpp
[ 40%] Built target map_msgs_generate_messages_eus
[ 40%] Built target dynamic_reconfigure_generate_messages_py
[ 40%] Built target nodelet_generate_messages_eus
[ 40%] Built target people_msgs_generate_messages_nodejs
[ 40%] Built target dynamic_reconfigure_generate_messages_lisp
[ 40%] Built target nodelet_generate_messages_cpp
[ 40%] Built target dynamic_reconfigure_generate_messages_nodejs
[ 40%] Built target dynamic_reconfigure_generate_messages_eus
[ 40%] Built target map_msgs_generate_messages_py
[ 40%] Built target pcl_ros_gencfg
[ 40%] Built target rviz_generate_messages_nodejs
[ 40%] Built target jsk_hark_msgs_generate_messages_nodejs
[ 40%] Built target jsk_hark_msgs_generate_messages_py
[ 40%] Built target jsk_rviz_plugins_generate_messages_lisp
[ 40%] Built target jsk_hark_msgs_generate_messages_eus
[ 40%] Built target jsk_rviz_plugins_generate_messages_py
[ 40%] Built target jsk_recognition_utils_gencfg
[ 40%] Built target jsk_rviz_plugins_generate_messages_nodejs
[ 40%] Built target rviz_generate_messages_lisp
[ 40%] Built target vector_map_server_generate_messages_cpp
[ 40%] Built target visualization_msgs_generate_messages_nodejs
[ 40%] Built target jsk_rviz_plugins_gencfg
[ 40%] Built target visualization_msgs_generate_messages_py
[ 40%] Built target tf2_msgs_generate_messages_nodejs
[ 40%] Built target visualization_msgs_generate_messages_eus
[ 40%] Built target tf2_msgs_generate_messages_cpp
[ 40%] Built target map_msgs_generate_messages_cpp
[ 40%] Built target tf2_msgs_generate_messages_py
[ 40%] Built target actionlib_generate_messages_py
[ 40%] Built target tf_generate_messages_py
[ 40%] Built target dynamic_reconfigure_generate_messages_cpp
[ 40%] Built target tf_generate_messages_lisp
[ 40%] Built target tf_generate_messages_nodejs
[ 40%] Built target geometry_msgs_generate_messages_py
[ 40%] Built target actionlib_generate_messages_cpp
[ 40%] Built target vector_map_server_generate_messages_eus
[ 40%] Built target sensor_msgs_generate_messages_nodejs
[ 40%] Built target pcl_msgs_generate_messages_eus
[ 40%] Built target roscpp_generate_messages_cpp
[ 40%] Built target jsk_recognition_msgs_generate_messages_lisp
[ 40%] Built target std_msgs_generate_messages_py
[ 40%] Built target nodelet_generate_messages_lisp
[ 40%] Built target jsk_recognition_msgs_generate_messages_eus
[ 40%] Built target rosgraph_msgs_generate_messages_eus
[ 40%] Built target jsk_hark_msgs_generate_messages_lisp
[ 40%] Built target std_msgs_generate_messages_nodejs
[ 40%] Built target autoware_msgs_generate_messages_py
[ 40%] Built target sensor_msgs_generate_messages_cpp
[ 40%] Built target sensor_msgs_generate_messages_eus
[ 40%] Built target rosgraph_msgs_generate_messages_cpp
[ 40%] Built target topic_tools_generate_messages_cpp
[ 40%] Built target autoware_msgs_generate_messages_cpp
[ 40%] Built target jsk_recognition_msgs_generate_messages_py
[ 40%] Built target nodelet_generate_messages_py
[ 40%] Built target sensor_msgs_generate_messages_py
[ 40%] Built target std_msgs_generate_messages_cpp
[ 40%] Built target geometry_msgs_generate_messages_eus
[ 40%] Built target jsk_footstep_msgs_generate_messages_py
[ 40%] Built target nav_msgs_generate_messages_nodejs
[ 40%] Built target std_msgs_generate_messages_lisp
[ 40%] Built target jsk_rviz_plugins_generate_messages_cpp
[ 40%] Built target roscpp_generate_messages_nodejs
[ 40%] Built target geometry_msgs_generate_messages_nodejs
[ 40%] Built target pcl_msgs_generate_messages_py
[ 40%] Built target jsk_rviz_plugins_generate_messages_eus
[ 40%] Built target geometry_msgs_generate_messages_lisp
[ 40%] Built target actionlib_generate_messages_eus
[ 40%] Built target actionlib_generate_messages_lisp
[ 40%] Built target geometry_msgs_generate_messages_cpp
[ 40%] Built target autoware_msgs_generate_messages_eus
[ 40%] Built target pcl_msgs_generate_messages_cpp
[ 40%] Built target topic_tools_generate_messages_eus
[ 40%] Built target visualization_msgs_generate_messages_lisp
[ 40%] Built target autoware_msgs_generate_messages_lisp
[ 40%] Built target std_msgs_generate_messages_eus
[ 40%] Built target jsk_footstep_msgs_generate_messages_eus
[ 40%] Built target autoware_msgs_generate_messages_nodejs
[ 40%] Built target tf2_msgs_generate_messages_eus
[ 40%] Built target vector_map_server_generate_messages_lisp
[ 40%] Built target visualization_msgs_generate_messages_cpp
[ 40%] Built target actionlib_msgs_generate_messages_py
[ 40%] Built target jsk_footstep_msgs_generate_messages_lisp
[ 40%] Built target grid_map_msgs_generate_messages_nodejs
[ 40%] Built target jsk_footstep_msgs_generate_messages_nodejs
[ 40%] Built target nav_msgs_generate_messages_eus
[ 40%] Built target std_srvs_generate_messages_cpp
[ 40%] Built target actionlib_msgs_generate_messages_lisp
[ 40%] Built target grid_map_msgs_generate_messages_lisp
[ 40%] Built target jsk_recognition_msgs_generate_messages_nodejs
[ 40%] Built target std_srvs_generate_messages_eus
[ 40%] Built target roscpp_generate_messages_lisp
[ 40%] Built target grid_map_msgs_generate_messages_eus
[ 40%] Built target rosgraph_msgs_generate_messages_nodejs
[ 40%] Built target rosgraph_msgs_generate_messages_lisp
[ 40%] Built target roscpp_generate_messages_eus
[ 40%] Built target rosgraph_msgs_generate_messages_py
[ 40%] Built target actionlib_msgs_generate_messages_eus
[ 40%] Built target vector_map_server_generate_messages_py
[ 40%] Built target roscpp_generate_messages_py
[ 40%] Built target jsk_hark_msgs_generate_messages_cpp
[ 40%] Built target grid_map_msgs_generate_messages_cpp
[ 40%] Built target sensor_msgs_generate_messages_lisp
[ 40%] Built target grid_map_msgs_generate_messages_py
[ 40%] Built target pcl_msgs_generate_messages_nodejs
[ 40%] Built target nav_msgs_generate_messages_lisp
[ 40%] Built target nav_msgs_generate_messages_cpp
[ 40%] Built target dynamic_reconfigure_gencfg
[ 40%] Built target _catkin_empty_exported_target
[ 40%] Built target nav_msgs_generate_messages_py
[ 40%] Built target tf2_msgs_generate_messages_lisp
[ 40%] Built target std_srvs_generate_messages_lisp
[ 40%] Built target jsk_recognition_msgs_generate_messages_cpp
[ 40%] Built target topic_tools_generate_messages_nodejs
[ 40%] Built target topic_tools_generate_messages_lisp
[ 40%] Built target map_msgs_generate_messages_nodejs
[ 40%] Built target std_srvs_generate_messages_py
[ 40%] Built target std_srvs_generate_messages_nodejs
[ 40%] Built target actionlib_msgs_generate_messages_nodejs
[ 40%] Built target nodelet_topic_tools_gencfg
[ 40%] Built target actionlib_generate_messages_nodejs
[ 40%] Built target topic_tools_generate_messages_py
[ 40%] Built target pcl_msgs_generate_messages_lisp
[ 40%] Built target tf_generate_messages_cpp
[ 40%] Built target jsk_footstep_msgs_generate_messages_cpp
[ 40%] Built target actionlib_msgs_generate_messages_cpp
[100%] Built target lidar_euclidean_cluster_detect
[36mInstall the project...[0m
-- Install configuration: "Release"
-- Installing: /home/hypark/git/Autoware_On_Embedded/install/lidar_euclidean_cluster_detect/lib/pkgconfig/lidar_euclidean_cluster_detect.pc
-- Installing: /home/hypark/git/Autoware_On_Embedded/install/lidar_euclidean_cluster_detect/share/lidar_euclidean_cluster_detect/cmake/lidar_euclidean_cluster_detectConfig.cmake
-- Installing: /home/hypark/git/Autoware_On_Embedded/install/lidar_euclidean_cluster_detect/share/lidar_euclidean_cluster_detect/cmake/lidar_euclidean_cluster_detectConfig-version.cmake
-- Installing: /home/hypark/git/Autoware_On_Embedded/install/lidar_euclidean_cluster_detect/share/lidar_euclidean_cluster_detect/package.xml
-- Installing: /home/hypark/git/Autoware_On_Embedded/install/lidar_euclidean_cluster_detect/lib/libgpu_euclidean_clustering.so
-- Installing: /home/hypark/git/Autoware_On_Embedded/install/lidar_euclidean_cluster_detect/include/lidar_euclidean_cluster_detect
-- Installing: /home/hypark/git/Autoware_On_Embedded/install/lidar_euclidean_cluster_detect/include/lidar_euclidean_cluster_detect/cluster.h
-- Installing: /home/hypark/git/Autoware_On_Embedded/install/lidar_euclidean_cluster_detect/include/lidar_euclidean_cluster_detect/gpu_euclidean_clustering.h
-- Installing: /home/hypark/git/Autoware_On_Embedded/install/lidar_euclidean_cluster_detect/include/lidar_euclidean_cluster_detect/gencolors.cpp
-- Installing: /home/hypark/git/Autoware_On_Embedded/install/lidar_euclidean_cluster_detect/lib/lidar_euclidean_cluster_detect/lidar_euclidean_cluster_detect
-- Set runtime path of "/home/hypark/git/Autoware_On_Embedded/install/lidar_euclidean_cluster_detect/lib/lidar_euclidean_cluster_detect/lidar_euclidean_cluster_detect" to ""
-- Installing: /home/hypark/git/Autoware_On_Embedded/install/lidar_euclidean_cluster_detect/share/lidar_euclidean_cluster_detect/launch
-- Installing: /home/hypark/git/Autoware_On_Embedded/install/lidar_euclidean_cluster_detect/share/lidar_euclidean_cluster_detect/launch/euclidean_clustering_Exp.launch
-- Installing: /home/hypark/git/Autoware_On_Embedded/install/lidar_euclidean_cluster_detect/share/lidar_euclidean_cluster_detect/launch/lidar_euclidean_cluster_detect_param.launch
-- Installing: /home/hypark/git/Autoware_On_Embedded/install/lidar_euclidean_cluster_detect/share/lidar_euclidean_cluster_detect/launch/lidar_euclidean_cluster_detect.launch
-- Installing: /home/hypark/git/Autoware_On_Embedded/install/lidar_euclidean_cluster_detect/share/lidar_euclidean_cluster_detect/config
-- Installing: /home/hypark/git/Autoware_On_Embedded/install/lidar_euclidean_cluster_detect/share/lidar_euclidean_cluster_detect/config/params.yaml
