/home/hypark/git/Autoware_On_Embedded/autoware.ai/src/autoware/core_perception/vision_darknet_detect/darknet/src/im2col_kernels.cu(69): warning: conversion from a string literal to "char *" is deprecated

/home/hypark/git/Autoware_On_Embedded/autoware.ai/src/autoware/core_perception/vision_darknet_detect/darknet/src/dropout_layer_kernels.cu(38): warning: conversion from a string literal to "char *" is deprecated

/home/hypark/git/Autoware_On_Embedded/autoware.ai/src/autoware/core_perception/vision_darknet_detect/darknet/src/dropout_layer_kernels.cu(54): warning: conversion from a string literal to "char *" is deprecated

/home/hypark/git/Autoware_On_Embedded/autoware.ai/src/autoware/core_perception/vision_darknet_detect/darknet/src/blas_kernels.cu(36): error: argument of type "int" is incompatible with parameter of type "char *"

/home/hypark/git/Autoware_On_Embedded/autoware.ai/src/autoware/core_perception/vision_darknet_detect/darknet/src/blas_kernels.cu(36): error: too few arguments in function call

/home/hypark/git/Autoware_On_Embedded/autoware.ai/src/autoware/core_perception/vision_darknet_detect/darknet/src/blas_kernels.cu(88): error: argument of type "int" is incompatible with parameter of type "char *"

/home/hypark/git/Autoware_On_Embedded/autoware.ai/src/autoware/core_perception/vision_darknet_detect/darknet/src/blas_kernels.cu(88): error: too few arguments in function call

/home/hypark/git/Autoware_On_Embedded/autoware.ai/src/autoware/core_perception/vision_darknet_detect/darknet/src/blas_kernels.cu(490): error: argument of type "int" is incompatible with parameter of type "char *"

/home/hypark/git/Autoware_On_Embedded/autoware.ai/src/autoware/core_perception/vision_darknet_detect/darknet/src/blas_kernels.cu(490): error: too few arguments in function call

/home/hypark/git/Autoware_On_Embedded/autoware.ai/src/autoware/core_perception/vision_darknet_detect/darknet/src/blas_kernels.cu(644): error: argument of type "int" is incompatible with parameter of type "char *"

/home/hypark/git/Autoware_On_Embedded/autoware.ai/src/autoware/core_perception/vision_darknet_detect/darknet/src/blas_kernels.cu(644): error: too few arguments in function call

/home/hypark/git/Autoware_On_Embedded/autoware.ai/src/autoware/core_perception/vision_darknet_detect/darknet/src/blas_kernels.cu(1072): error: argument of type "int" is incompatible with parameter of type "char *"

/home/hypark/git/Autoware_On_Embedded/autoware.ai/src/autoware/core_perception/vision_darknet_detect/darknet/src/blas_kernels.cu(1072): error: too few arguments in function call

10 errors detected in the compilation of "/tmp/tmpxft_00003f58_00000000-6_blas_kernels.cpp1.ii".
/home/hypark/git/Autoware_On_Embedded/autoware.ai/src/autoware/core_perception/vision_darknet_detect/darknet/src/activation_kernels.cu(201): warning: conversion from a string literal to "char *" is deprecated

CMake Error at vision_darknet_detect_lib_generated_blas_kernels.cu.o.Release.cmake:275 (message):
  Error generating file
  /home/hypark/git/Autoware_On_Embedded/build/vision_darknet_detect/CMakeFiles/vision_darknet_detect_lib.dir/darknet/src/./vision_darknet_detect_lib_generated_blas_kernels.cu.o


make[2]: *** [CMakeFiles/vision_darknet_detect_lib.dir/darknet/src/vision_darknet_detect_lib_generated_blas_kernels.cu.o] Error 1
make[2]: *** Waiting for unfinished jobs....
/home/hypark/git/Autoware_On_Embedded/autoware.ai/src/autoware/core_perception/vision_darknet_detect/darknet/src/dropout_layer_kernels.cu(38): warning: conversion from a string literal to "char *" is deprecated

/home/hypark/git/Autoware_On_Embedded/autoware.ai/src/autoware/core_perception/vision_darknet_detect/darknet/src/dropout_layer_kernels.cu(54): warning: conversion from a string literal to "char *" is deprecated

/home/hypark/git/Autoware_On_Embedded/autoware.ai/src/autoware/core_perception/vision_darknet_detect/darknet/src/im2col_kernels.cu(69): warning: conversion from a string literal to "char *" is deprecated

/home/hypark/git/Autoware_On_Embedded/autoware.ai/src/autoware/core_perception/vision_darknet_detect/darknet/src/activation_kernels.cu(201): warning: conversion from a string literal to "char *" is deprecated

make[1]: *** [CMakeFiles/vision_darknet_detect_lib.dir/all] Error 2
make: *** [all] Error 2
