[0.024s] Invoking command in '/home/hypark/git/Autoware_On_Embedded/build/vision_darknet_detect': /usr/bin/cmake /home/hypark/git/Autoware_On_Embedded/autoware.ai/src/autoware/core_perception/vision_darknet_detect -DCMAKE_BUILD_TYPE=Release -DCATKIN_INSTALL_INTO_PREFIX_ROOT=0 -DCMAKE_INSTALL_PREFIX=/home/hypark/git/Autoware_On_Embedded/install/vision_darknet_detect
[0.130s] -- The C compiler identification is GNU 7.5.0
[0.233s] -- The CXX compiler identification is GNU 7.5.0
[0.242s] -- Check for working C compiler: /usr/bin/cc
[0.371s] -- Check for working C compiler: /usr/bin/cc -- works
[0.372s] -- Detecting C compiler ABI info
[0.499s] -- Detecting C compiler ABI info - done
[0.506s] -- Detecting C compile features
[0.877s] -- Detecting C compile features - done
[0.881s] -- Check for working CXX compiler: /usr/bin/c++
[1.012s] -- Check for working CXX compiler: /usr/bin/c++ -- works
[1.012s] -- Detecting CXX compiler ABI info
[1.149s] -- Detecting CXX compiler ABI info - done
[1.155s] -- Detecting CXX compile features
[1.734s] -- Detecting CXX compile features - done
[1.747s] -- CUDA compilation status: 1.
[1.758s] -- Using CATKIN_DEVEL_PREFIX: /home/hypark/git/Autoware_On_Embedded/build/vision_darknet_detect/devel
[1.759s] -- Using CMAKE_PREFIX_PATH: /home/hypark/rubis_ws/devel;/home/hypark/autoware.ai/install/ymc;/home/hypark/autoware.ai/install/xsens_driver;/home/hypark/autoware.ai/install/wf_simulator;/home/hypark/autoware.ai/install/lattice_planner;/home/hypark/autoware.ai/install/waypoint_planner;/home/hypark/autoware.ai/install/waypoint_maker;/home/hypark/autoware.ai/install/way_planner;/home/hypark/autoware.ai/install/vlg22c_cam;/home/hypark/autoware.ai/install/vision_ssd_detect;/home/hypark/autoware.ai/install/vision_segment_enet_detect;/home/hypark/autoware.ai/install/vision_lane_detect;/home/hypark/autoware.ai/install/vision_darknet_detect;/home/hypark/autoware.ai/install/vision_beyond_track;/home/hypark/autoware.ai/install/vel_pose_diff_checker;/home/hypark/autoware.ai/install/vehicle_socket;/home/hypark/autoware.ai/install/vehicle_sim_model;/home/hypark/autoware.ai/install/vehicle_model;/home/hypark/autoware.ai/install/vehicle_gazebo_simulation_launcher;/home/hypark/autoware.ai/install/vehicle_gazebo_simulation_interface;/home/hypark/autoware.ai/install/vehicle_engage_panel;/home/hypark/autoware.ai/install/vehicle_description;/home/hypark/autoware.ai/install/trafficlight_recognizer;/home/hypark/autoware.ai/install/op_utilities;/home/hypark/autoware.ai/install/op_simulation_package;/home/hypark/autoware.ai/install/op_local_planner;/home/hypark/autoware.ai/install/op_global_planner;/home/hypark/autoware.ai/install/lidar_kf_contour_track;/home/hypark/autoware.ai/install/op_ros_helpers;/home/hypark/autoware.ai/install/ff_waypoint_follower;/home/hypark/autoware.ai/install/dp_planner;/home/hypark/autoware.ai/install/op_simu;/home/hypark/autoware.ai/install/op_planner;/home/hypark/autoware.ai/install/op_utility;/home/hypark/autoware.ai/install/lidar_euclidean_cluster_detect;/home/hypark/autoware.ai/install/vector_map_server;/home/hypark/autoware.ai/install/road_occupancy_processor;/home/hypark/autoware.ai/install/costmap_generator;/home/hypark/autoware.ai/install/object_map;/home/hypark/autoware.ai/install/naive_motion_predict;/home/hypark/autoware.ai/install/lanelet_aisan_converter;/home/hypark/autoware.ai/install/map_file;/home/hypark/autoware.ai/install/libvectormap;/home/hypark/autoware.ai/install/lane_planner;/home/hypark/autoware.ai/install/imm_ukf_pda_track;/home/hypark/autoware.ai/install/decision_maker;/home/hypark/autoware.ai/install/vector_map;/home/hypark/autoware.ai/install/vector_map_msgs;/home/hypark/autoware.ai/install/vectacam;/home/hypark/autoware.ai/install/udon_socket;/home/hypark/autoware.ai/install/twist_generator;/home/hypark/autoware.ai/install/twist_gate;/home/hypark/autoware.ai/install/twist_filter;/home/hypark/autoware.ai/install/twist2odom;/home/hypark/autoware.ai/install/tablet_socket;/home/hypark/autoware.ai/install/runtime_manager;/home/hypark/autoware.ai/install/mqtt_socket;/home/hypark/autoware.ai/install/tablet_socket_msgs;/home/hypark/autoware.ai/install/state_machine_lib;/home/hypark/autoware.ai/install/sound_player;/home/hypark/autoware.ai/install/sick_lms5xx;/home/hypark/autoware.ai/install/sick_ldmrs_tools;/home/hypark/autoware.ai/install/sick_ldmrs_driver;/home/hypark/autoware.ai/install/sick_ldmrs_msgs;/home/hypark/autoware.ai/install/sick_ldmrs_description;/home/hypark/autoware.ai/install/points2image;/home/hypark/autoware.ai/install/rosinterface;/home/hypark/autoware.ai/install/rosbag_controller;/home/hypark/autoware.ai/install/pure_pursuit;/home/hypark/autoware.ai/install/points_preprocessor;/home/hypark/autoware.ai/install/mpc_follower;/home/hypark/autoware.ai/install/lidar_localizer;/home/hypark/autoware.ai/install/emergency_handler;/home/hypark/autoware.ai/install/autoware_health_checker;/home/hypark/autoware.ai/install/as;/home/hypark/autoware.ai/install/ros_observer;/home/hypark/autoware.ai/install/roi_object_filter;/home/hypark/autoware.ai/install/range_vision_fusion;/home/hypark/autoware.ai/install/pos_db;/home/hypark/autoware.ai/install/points_downsampler;/home/hypark/autoware.ai/install/pixel_cloud_fusion;/home/hypark/autoware.ai/install/pcl_omp_registration;/home/hypark/autoware.ai/install/pc2_downsampler;/home/hypark/autoware.ai/install/oculus_socket;/home/hypark/autoware.ai/install/obj_db;/home/hypark/autoware.ai/install/nmea_navsat;/home/hypark/autoware.ai/install/ndt_tku;/home/hypark/autoware.ai/install/ndt_gpu;/home/hypark/autoware.ai/install/ndt_cpu;/home/hypark/autoware.ai/install/multi_vlp_driver;/home/hypark/autoware.ai/install/multi_vlp_converter;/home/hypark/autoware.ai/install/multi_vlp_combiner;/home/hypark/autoware.ai/install/multi_lidar_calibrator;/home/hypark/autoware.ai/install/mrt_cmake_modules;/home/hypark/autoware.ai/install/microstrain_driver;/home/hypark/autoware.ai/install/memsic_imu;/home/hypark/autoware.ai/install/marker_downsampler;/home/hypark/autoware.ai/install/map_tools;/home/hypark/autoware.ai/install/map_tf_generator;/home/hypark/autoware.ai/install/log_tools;/home/hypark/autoware.ai/install/lidar_shape_estimation;/home/hypark/autoware.ai/install/lidar_point_pillars;/home/hypark/autoware.ai/install/lidar_naive_l_shape_detect;/home/hypark/autoware.ai/install/lidar_fake_perception;/home/hypark/autoware.ai/install/lidar_apollo_cnn_seg_detect;/home/hypark/autoware.ai/install/libwaypoint_follower;/home/hypark/autoware.ai/install/lgsvl_simulator_bridge;/home/hypark/autoware.ai/install/lanelet2_extension;/home/hypark/autoware.ai/install/lanelet2_validation;/home/hypark/autoware.ai/install/lanelet2_examples;/home/hypark/autoware.ai/install/lanelet2_python;/home/hypark/autoware.ai/install/lanelet2_routing;/home/hypark/autoware.ai/install/lanelet2_traffic_rules;/home/hypark/autoware.ai/install/lanelet2_projection;/home/hypark/autoware.ai/install/lanelet2_maps;/home/hypark/autoware.ai/install/lanelet2_io;/home/hypark/autoware.ai/install/lanelet2_core;/home/hypark/autoware.ai/install/kvaser;/home/hypark/autoware.ai/install/kitti_launch;/home/hypark/autoware.ai/install/kitti_player;/home/hypark/autoware.ai/install/kitti_box_publisher;/home/hypark/autoware.ai/install/javad_navsat_driver;/home/hypark/autoware.ai/install/integrated_viewer;/home/hypark/autoware.ai/install/image_processor;/home/hypark/autoware.ai/install/hokuyo;/home/hypark/autoware.ai/install/graph_tools;/home/hypark/autoware.ai/install/gnss_localizer;/home/hypark/autoware.ai/install/gnss;/home/hypark/autoware.ai/install/glviewer;/home/hypark/autoware.ai/install/gazebo_world_description;/home/hypark/autoware.ai/install/gazebo_imu_description;/home/hypark/autoware.ai/install/gazebo_camera_description;/home/hypark/autoware.ai/install/garmin;/home/hypark/autoware.ai/install/freespace_planner;/home/hypark/autoware.ai/install/fastvirtualscan;/home/hypark/autoware.ai/install/ekf_localizer;/home/hypark/autoware.ai/install/ds4_msgs;/home/hypark/autoware.ai/install/ds4_driver;/home/hypark/autoware.ai/install/detected_objects_visualizer;/home/hypark/autoware.ai/install/decision_maker_panel;/home/hypark/autoware.ai/install/data_preprocessor;/home/hypark/autoware.ai/install/custom_msgs;/home/hypark/autoware.ai/install/carla_autoware_bridge;/home/hypark/autoware.ai/install/calibration_publisher;/home/hypark/autoware.ai/install/autoware_system_msgs;/home/hypark/autoware.ai/install/autoware_rviz_plugins;/home/hypark/autoware.ai/install/autoware_quickstart_examples;/home/hypark/autoware.ai/install/autoware_pointgrey_drivers;/home/hypark/autoware.ai/install/autoware_driveworks_interface;/home/hypark/autoware.ai/install/autoware_connector;/home/hypark/autoware.ai/install/autoware_camera_lidar_calibrator;/home/hypark/autoware.ai/install/astar_search;/home/hypark/autoware.ai/install/amathutils_lib;/home/hypark/autoware.ai/install/autoware_msgs;/home/hypark/autoware.ai/install/autoware_map_msgs;/home/hypark/autoware.ai/install/autoware_launcher_rviz;/home/hypark/autoware.ai/install/autoware_launcher;/home/hypark/autoware.ai/install/autoware_lanelet2_msgs;/home/hypark/autoware.ai/install/autoware_external_msgs;/home/hypark/autoware.ai/install/autoware_driveworks_gmsl_interface;/home/hypark/autoware.ai/install/autoware_config_msgs;/home/hypark/autoware.ai/install/autoware_can_msgs;/home/hypark/autoware.ai/install/autoware_build_flags;/home/hypark/autoware.ai/install/autoware_bag_tools;/home/hypark/autoware.ai/install/adi_driver;/opt/ros/melodic
[1.767s] -- This workspace overlays: /home/hypark/rubis_ws/devel;/home/hypark/autoware.ai/install/ymc;/home/hypark/autoware.ai/install/xsens_driver;/home/hypark/autoware.ai/install/wf_simulator;/home/hypark/autoware.ai/install/lattice_planner;/home/hypark/autoware.ai/install/waypoint_planner;/home/hypark/autoware.ai/install/waypoint_maker;/home/hypark/autoware.ai/install/way_planner;/home/hypark/autoware.ai/install/vlg22c_cam;/home/hypark/autoware.ai/install/vision_ssd_detect;/home/hypark/autoware.ai/install/vision_segment_enet_detect;/home/hypark/autoware.ai/install/vision_lane_detect;/home/hypark/autoware.ai/install/vision_darknet_detect;/home/hypark/autoware.ai/install/vision_beyond_track;/home/hypark/autoware.ai/install/vel_pose_diff_checker;/home/hypark/autoware.ai/install/vehicle_socket;/home/hypark/autoware.ai/install/vehicle_sim_model;/home/hypark/autoware.ai/install/vehicle_model;/home/hypark/autoware.ai/install/vehicle_gazebo_simulation_launcher;/home/hypark/autoware.ai/install/vehicle_gazebo_simulation_interface;/home/hypark/autoware.ai/install/vehicle_engage_panel;/home/hypark/autoware.ai/install/vehicle_description;/home/hypark/autoware.ai/install/trafficlight_recognizer;/home/hypark/autoware.ai/install/op_utilities;/home/hypark/autoware.ai/install/op_simulation_package;/home/hypark/autoware.ai/install/op_local_planner;/home/hypark/autoware.ai/install/op_global_planner;/home/hypark/autoware.ai/install/lidar_kf_contour_track;/home/hypark/autoware.ai/install/op_ros_helpers;/home/hypark/autoware.ai/install/ff_waypoint_follower;/home/hypark/autoware.ai/install/dp_planner;/home/hypark/autoware.ai/install/op_simu;/home/hypark/autoware.ai/install/op_planner;/home/hypark/autoware.ai/install/op_utility;/home/hypark/autoware.ai/install/lidar_euclidean_cluster_detect;/home/hypark/autoware.ai/install/vector_map_server;/home/hypark/autoware.ai/install/road_occupancy_processor;/home/hypark/autoware.ai/install/costmap_generator;/home/hypark/autoware.ai/install/object_map;/home/hypark/autoware.ai/install/naive_motion_predict;/home/hypark/autoware.ai/install/lanelet_aisan_converter;/home/hypark/autoware.ai/install/map_file;/home/hypark/autoware.ai/install/libvectormap;/home/hypark/autoware.ai/install/lane_planner;/home/hypark/autoware.ai/install/imm_ukf_pda_track;/home/hypark/autoware.ai/install/decision_maker;/home/hypark/autoware.ai/install/vector_map;/home/hypark/autoware.ai/install/vector_map_msgs;/home/hypark/autoware.ai/install/vectacam;/home/hypark/autoware.ai/install/udon_socket;/home/hypark/autoware.ai/install/twist_generator;/home/hypark/autoware.ai/install/twist_gate;/home/hypark/autoware.ai/install/twist_filter;/home/hypark/autoware.ai/install/twist2odom;/home/hypark/autoware.ai/install/tablet_socket;/home/hypark/autoware.ai/install/runtime_manager;/home/hypark/autoware.ai/install/mqtt_socket;/home/hypark/autoware.ai/install/tablet_socket_msgs;/home/hypark/autoware.ai/install/state_machine_lib;/home/hypark/autoware.ai/install/sound_player;/home/hypark/autoware.ai/install/sick_lms5xx;/home/hypark/autoware.ai/install/sick_ldmrs_tools;/home/hypark/autoware.ai/install/sick_ldmrs_driver;/home/hypark/autoware.ai/install/sick_ldmrs_msgs;/home/hypark/autoware.ai/install/sick_ldmrs_description;/home/hypark/autoware.ai/install/points2image;/home/hypark/autoware.ai/install/rosinterface;/home/hypark/autoware.ai/install/rosbag_controller;/home/hypark/autoware.ai/install/pure_pursuit;/home/hypark/autoware.ai/install/points_preprocessor;/home/hypark/autoware.ai/install/mpc_follower;/home/hypark/autoware.ai/install/lidar_localizer;/home/hypark/autoware.ai/install/emergency_handler;/home/hypark/autoware.ai/install/autoware_health_checker;/home/hypark/autoware.ai/install/as;/home/hypark/autoware.ai/install/ros_observer;/home/hypark/autoware.ai/install/roi_object_filter;/home/hypark/autoware.ai/install/range_vision_fusion;/home/hypark/autoware.ai/install/pos_db;/home/hypark/autoware.ai/install/points_downsampler;/home/hypark/autoware.ai/install/pixel_cloud_fusion;/home/hypark/autoware.ai/install/pcl_omp_registration;/home/hypark/autoware.ai/install/pc2_downsampler;/home/hypark/autoware.ai/install/oculus_socket;/home/hypark/autoware.ai/install/obj_db;/home/hypark/autoware.ai/install/nmea_navsat;/home/hypark/autoware.ai/install/ndt_tku;/home/hypark/autoware.ai/install/ndt_gpu;/home/hypark/autoware.ai/install/ndt_cpu;/home/hypark/autoware.ai/install/multi_vlp_driver;/home/hypark/autoware.ai/install/multi_vlp_converter;/home/hypark/autoware.ai/install/multi_vlp_combiner;/home/hypark/autoware.ai/install/multi_lidar_calibrator;/home/hypark/autoware.ai/install/mrt_cmake_modules;/home/hypark/autoware.ai/install/microstrain_driver;/home/hypark/autoware.ai/install/memsic_imu;/home/hypark/autoware.ai/install/marker_downsampler;/home/hypark/autoware.ai/install/map_tools;/home/hypark/autoware.ai/install/map_tf_generator;/home/hypark/autoware.ai/install/log_tools;/home/hypark/autoware.ai/install/lidar_shape_estimation;/home/hypark/autoware.ai/install/lidar_point_pillars;/home/hypark/autoware.ai/install/lidar_naive_l_shape_detect;/home/hypark/autoware.ai/install/lidar_fake_perception;/home/hypark/autoware.ai/install/lidar_apollo_cnn_seg_detect;/home/hypark/autoware.ai/install/libwaypoint_follower;/home/hypark/autoware.ai/install/lgsvl_simulator_bridge;/home/hypark/autoware.ai/install/lanelet2_extension;/home/hypark/autoware.ai/install/lanelet2_validation;/home/hypark/autoware.ai/install/lanelet2_examples;/home/hypark/autoware.ai/install/lanelet2_python;/home/hypark/autoware.ai/install/lanelet2_routing;/home/hypark/autoware.ai/install/lanelet2_traffic_rules;/home/hypark/autoware.ai/install/lanelet2_projection;/home/hypark/autoware.ai/install/lanelet2_maps;/home/hypark/autoware.ai/install/lanelet2_io;/home/hypark/autoware.ai/install/lanelet2_core;/home/hypark/autoware.ai/install/kvaser;/home/hypark/autoware.ai/install/kitti_launch;/home/hypark/autoware.ai/install/kitti_player;/home/hypark/autoware.ai/install/kitti_box_publisher;/home/hypark/autoware.ai/install/javad_navsat_driver;/home/hypark/autoware.ai/install/integrated_viewer;/home/hypark/autoware.ai/install/image_processor;/home/hypark/autoware.ai/install/hokuyo;/home/hypark/autoware.ai/install/graph_tools;/home/hypark/autoware.ai/install/gnss_localizer;/home/hypark/autoware.ai/install/gnss;/home/hypark/autoware.ai/install/glviewer;/home/hypark/autoware.ai/install/gazebo_world_description;/home/hypark/autoware.ai/install/gazebo_imu_description;/home/hypark/autoware.ai/install/gazebo_camera_description;/home/hypark/autoware.ai/install/garmin;/home/hypark/autoware.ai/install/freespace_planner;/home/hypark/autoware.ai/install/fastvirtualscan;/home/hypark/autoware.ai/install/ekf_localizer;/home/hypark/autoware.ai/install/ds4_msgs;/home/hypark/autoware.ai/install/ds4_driver;/home/hypark/autoware.ai/install/detected_objects_visualizer;/home/hypark/autoware.ai/install/decision_maker_panel;/home/hypark/autoware.ai/install/data_preprocessor;/home/hypark/autoware.ai/install/custom_msgs;/home/hypark/autoware.ai/install/carla_autoware_bridge;/home/hypark/autoware.ai/install/calibration_publisher;/home/hypark/autoware.ai/install/autoware_system_msgs;/home/hypark/autoware.ai/install/autoware_rviz_plugins;/home/hypark/autoware.ai/install/autoware_quickstart_examples;/home/hypark/autoware.ai/install/autoware_pointgrey_drivers;/home/hypark/autoware.ai/install/autoware_driveworks_interface;/home/hypark/autoware.ai/install/autoware_connector;/home/hypark/autoware.ai/install/autoware_camera_lidar_calibrator;/home/hypark/autoware.ai/install/astar_search;/home/hypark/autoware.ai/install/amathutils_lib;/home/hypark/autoware.ai/install/autoware_msgs;/home/hypark/autoware.ai/install/autoware_map_msgs;/home/hypark/autoware.ai/install/autoware_launcher_rviz;/home/hypark/autoware.ai/install/autoware_launcher;/home/hypark/autoware.ai/install/autoware_lanelet2_msgs;/home/hypark/autoware.ai/install/autoware_external_msgs;/home/hypark/autoware.ai/install/autoware_driveworks_gmsl_interface;/home/hypark/autoware.ai/install/autoware_config_msgs;/home/hypark/autoware.ai/install/autoware_can_msgs;/home/hypark/autoware.ai/install/autoware_build_flags;/home/hypark/autoware.ai/install/autoware_bag_tools;/home/hypark/autoware.ai/install/adi_driver;/opt/ros/melodic
[1.792s] -- Found PythonInterp: /usr/bin/python2 (found suitable version "2.7.17", minimum required is "2") 
[1.792s] -- Using PYTHON_EXECUTABLE: /usr/bin/python2
[1.792s] -- Using Debian Python package layout
[1.794s] -- Using empy: /usr/bin/empy
[1.928s] -- Using CATKIN_ENABLE_TESTING: ON
[1.929s] -- Call enable_testing()
[1.933s] -- Using CATKIN_TEST_RESULTS_DIR: /home/hypark/git/Autoware_On_Embedded/build/vision_darknet_detect/test_results
[1.973s] -- Found gtest sources under '/usr/src/googletest': gtests will be built
[1.973s] -- Found gmock sources under '/usr/src/googletest': gmock will be built
[1.995s] -- Found PythonInterp: /usr/bin/python2 (found version "2.7.17") 
[1.996s] -- Looking for pthread.h
[2.122s] -- Looking for pthread.h - found
[2.122s] -- Looking for pthread_create
[2.251s] -- Looking for pthread_create - not found
[2.251s] -- Looking for pthread_create in pthreads
[2.366s] -- Looking for pthread_create in pthreads - not found
[2.366s] -- Looking for pthread_create in pthread
[2.492s] -- Looking for pthread_create in pthread - found
[2.493s] -- Found Threads: TRUE  
[2.499s] -- Using Python nosetests: /usr/bin/nosetests-2.7
[2.546s] -- catkin 0.7.29
[2.546s] -- BUILD_SHARED_LIBS is on
[2.948s] -- Using these message generators: gencpp;geneus;genlisp;gennodejs;genpy
[3.307s] -- Found CUDA: /usr/local/cuda-10.0 (found version "10.0") 
[3.330s] -- Found OpenCV: /usr (found version "3.2.0") 
[3.765s] -- Found OpenMP_C: -fopenmp (found version "4.5") 
[3.909s] -- Found OpenMP_CXX: -fopenmp (found version "4.5") 
[3.909s] -- Found OpenMP: TRUE (found version "4.5")  
[4.109s] -- Configuring done
[4.197s] -- Generating done
[4.203s] -- Build files have been written to: /home/hypark/git/Autoware_On_Embedded/build/vision_darknet_detect
[4.207s] Invoked command in '/home/hypark/git/Autoware_On_Embedded/build/vision_darknet_detect' returned '0': /usr/bin/cmake /home/hypark/git/Autoware_On_Embedded/autoware.ai/src/autoware/core_perception/vision_darknet_detect -DCMAKE_BUILD_TYPE=Release -DCATKIN_INSTALL_INTO_PREFIX_ROOT=0 -DCMAKE_INSTALL_PREFIX=/home/hypark/git/Autoware_On_Embedded/install/vision_darknet_detect
[4.209s] Invoking command in '/home/hypark/git/Autoware_On_Embedded/build/vision_darknet_detect': /usr/bin/cmake --build /home/hypark/git/Autoware_On_Embedded/build/vision_darknet_detect -- -j12 -l12
[4.334s] [35m[1mScanning dependencies of target jsk_footstep_msgs_generate_messages_nodejs[0m
[4.334s] [35m[1mScanning dependencies of target actionlib_msgs_generate_messages_py[0m
[4.335s] [35m[1mScanning dependencies of target rosgraph_msgs_generate_messages_lisp[0m
[4.335s] [35m[1mScanning dependencies of target roscpp_generate_messages_py[0m
[4.336s] [35m[1mScanning dependencies of target actionlib_msgs_generate_messages_lisp[0m
[4.342s] [35m[1mScanning dependencies of target rosgraph_msgs_generate_messages_nodejs[0m
[4.342s] [35m[1mScanning dependencies of target roscpp_generate_messages_lisp[0m
[4.342s] [35m[1mScanning dependencies of target sensor_msgs_generate_messages_nodejs[0m
[4.342s] [35m[1mScanning dependencies of target pcl_msgs_generate_messages_py[0m
[4.350s] [35m[1mScanning dependencies of target actionlib_msgs_generate_messages_cpp[0m
[4.351s] [35m[1mScanning dependencies of target jsk_footstep_msgs_generate_messages_eus[0m
[4.354s] [35m[1mScanning dependencies of target pcl_msgs_generate_messages_nodejs[0m
[4.374s] [  0%] Built target actionlib_msgs_generate_messages_py
[4.376s] [  0%] Built target jsk_footstep_msgs_generate_messages_nodejs
[4.377s] [  0%] Built target actionlib_msgs_generate_messages_lisp
[4.384s] [  0%] Built target roscpp_generate_messages_py
[4.390s] [  0%] Built target rosgraph_msgs_generate_messages_nodejs
[4.391s] [  0%] Built target sensor_msgs_generate_messages_nodejs
[4.393s] [  0%] Built target pcl_msgs_generate_messages_py
[4.396s] [  0%] Built target roscpp_generate_messages_lisp
[4.397s] [  0%] Built target rosgraph_msgs_generate_messages_lisp
[4.402s] [  0%] Built target actionlib_msgs_generate_messages_cpp
[4.405s] [  0%] Built target jsk_footstep_msgs_generate_messages_eus
[4.410s] [  0%] Built target pcl_msgs_generate_messages_nodejs
[4.431s] [35m[1mScanning dependencies of target rosgraph_msgs_generate_messages_cpp[0m
[4.434s] [35m[1mScanning dependencies of target pcl_msgs_generate_messages_eus[0m
[4.439s] [35m[1mScanning dependencies of target std_msgs_generate_messages_nodejs[0m
[4.440s] [35m[1mScanning dependencies of target std_msgs_generate_messages_lisp[0m
[4.445s] [35m[1mScanning dependencies of target autoware_msgs_generate_messages_cpp[0m
[4.445s] [35m[1mScanning dependencies of target pcl_msgs_generate_messages_lisp[0m
[4.448s] [35m[1mScanning dependencies of target sensor_msgs_generate_messages_cpp[0m
[4.452s] [35m[1mScanning dependencies of target sensor_msgs_generate_messages_eus[0m
[4.458s] [35m[1mScanning dependencies of target jsk_footstep_msgs_generate_messages_lisp[0m
[4.463s] [35m[1mScanning dependencies of target autoware_config_msgs_generate_messages_lisp[0m
[4.463s] [35m[1mScanning dependencies of target std_msgs_generate_messages_eus[0m
[4.463s] [35m[1mScanning dependencies of target autoware_config_msgs_generate_messages_eus[0m
[4.487s] [  0%] Built target rosgraph_msgs_generate_messages_cpp
[4.490s] [  0%] Built target std_msgs_generate_messages_nodejs
[4.492s] [  0%] Built target autoware_msgs_generate_messages_cpp
[4.493s] [  0%] Built target std_msgs_generate_messages_lisp
[4.495s] [  0%] Built target sensor_msgs_generate_messages_cpp
[4.497s] [  0%] Built target pcl_msgs_generate_messages_lisp
[4.503s] [  0%] Built target sensor_msgs_generate_messages_eus
[4.512s] [  0%] Built target pcl_msgs_generate_messages_eus
[4.512s] [  0%] Built target autoware_config_msgs_generate_messages_lisp
[4.521s] [  0%] Built target autoware_config_msgs_generate_messages_eus
[4.530s] [  0%] Built target jsk_footstep_msgs_generate_messages_lisp
[4.537s] [  0%] Built target std_msgs_generate_messages_eus
[4.543s] [35m[1mScanning dependencies of target rosgraph_msgs_generate_messages_py[0m
[4.544s] [35m[1mScanning dependencies of target autoware_msgs_generate_messages_nodejs[0m
[4.553s] [35m[1mScanning dependencies of target autoware_config_msgs_generate_messages_py[0m
[4.558s] [35m[1mScanning dependencies of target std_msgs_generate_messages_cpp[0m
[4.558s] [35m[1mScanning dependencies of target actionlib_msgs_generate_messages_nodejs[0m
[4.561s] [35m[1mScanning dependencies of target jsk_recognition_msgs_generate_messages_py[0m
[4.562s] [35m[1mScanning dependencies of target autoware_msgs_generate_messages_py[0m
[4.564s] [35m[1mScanning dependencies of target std_msgs_generate_messages_py[0m
[4.568s] [35m[1mScanning dependencies of target jsk_footstep_msgs_generate_messages_py[0m
[4.588s] [35m[1mScanning dependencies of target autoware_msgs_generate_messages_eus[0m
[4.588s] [35m[1mScanning dependencies of target sensor_msgs_generate_messages_py[0m
[4.592s] [  0%] Built target autoware_msgs_generate_messages_nodejs
[4.595s] [  0%] Built target rosgraph_msgs_generate_messages_py
[4.601s] [35m[1mScanning dependencies of target jsk_recognition_msgs_generate_messages_cpp[0m
[4.605s] [  0%] Built target autoware_config_msgs_generate_messages_py
[4.606s] [  0%] Built target std_msgs_generate_messages_cpp
[4.611s] [  0%] Built target autoware_msgs_generate_messages_py
[4.619s] [  0%] Built target actionlib_msgs_generate_messages_nodejs
[4.622s] [  0%] Built target jsk_recognition_msgs_generate_messages_py
[4.625s] [  0%] Built target std_msgs_generate_messages_py
[4.628s] [  0%] Built target jsk_footstep_msgs_generate_messages_py
[4.641s] [35m[1mScanning dependencies of target sensor_msgs_generate_messages_lisp[0m
[4.647s] [  0%] Built target autoware_msgs_generate_messages_eus
[4.650s] [  0%] Built target sensor_msgs_generate_messages_py
[4.652s] [35m[1mScanning dependencies of target pcl_msgs_generate_messages_cpp[0m
[4.654s] [  0%] Built target jsk_recognition_msgs_generate_messages_cpp
[4.659s] [35m[1mScanning dependencies of target roscpp_generate_messages_nodejs[0m
[4.664s] [35m[1mScanning dependencies of target actionlib_msgs_generate_messages_eus[0m
[4.665s] [35m[1mScanning dependencies of target roscpp_generate_messages_eus[0m
[4.670s] [35m[1mScanning dependencies of target autoware_msgs_generate_messages_lisp[0m
[4.676s] [35m[1mScanning dependencies of target geometry_msgs_generate_messages_eus[0m
[4.677s] [35m[1mScanning dependencies of target autoware_config_msgs_generate_messages_nodejs[0m
[4.687s] [35m[1mScanning dependencies of target geometry_msgs_generate_messages_cpp[0m
[4.698s] [35m[1mScanning dependencies of target geometry_msgs_generate_messages_lisp[0m
[4.702s] [35m[1mScanning dependencies of target geometry_msgs_generate_messages_nodejs[0m
[4.704s] [35m[1mScanning dependencies of target jsk_footstep_msgs_generate_messages_cpp[0m
[4.705s] [  0%] Built target sensor_msgs_generate_messages_lisp
[4.710s] [  0%] Built target pcl_msgs_generate_messages_cpp
[4.710s] [  0%] Built target actionlib_msgs_generate_messages_eus
[4.717s] [  0%] Built target roscpp_generate_messages_nodejs
[4.721s] [  0%] Built target roscpp_generate_messages_eus
[4.738s] [  0%] Built target geometry_msgs_generate_messages_eus
[4.738s] [  0%] Built target autoware_msgs_generate_messages_lisp
[4.738s] [  0%] Built target geometry_msgs_generate_messages_cpp
[4.749s] [  0%] Built target autoware_config_msgs_generate_messages_nodejs
[4.750s] [  0%] Built target geometry_msgs_generate_messages_lisp
[4.751s] [  0%] Built target geometry_msgs_generate_messages_nodejs
[4.755s] [35m[1mScanning dependencies of target autoware_config_msgs_generate_messages_cpp[0m
[4.759s] [35m[1mScanning dependencies of target geometry_msgs_generate_messages_py[0m
[4.761s] [  0%] Built target jsk_footstep_msgs_generate_messages_cpp
[4.765s] [35m[1mScanning dependencies of target rosgraph_msgs_generate_messages_eus[0m
[4.769s] [35m[1mScanning dependencies of target jsk_recognition_msgs_generate_messages_eus[0m
[4.769s] [35m[1mScanning dependencies of target jsk_recognition_msgs_generate_messages_lisp[0m
[4.775s] [35m[1mScanning dependencies of target jsk_recognition_msgs_generate_messages_nodejs[0m
[4.782s] [35m[1mScanning dependencies of target roscpp_generate_messages_cpp[0m
[4.793s] [  0%] Built target geometry_msgs_generate_messages_py
[4.795s] [  0%] Built target autoware_config_msgs_generate_messages_cpp
[4.806s] [  0%] Built target jsk_recognition_msgs_generate_messages_lisp
[4.813s] [  0%] Built target rosgraph_msgs_generate_messages_eus
[4.815s] [  0%] Built target jsk_recognition_msgs_generate_messages_eus
[4.818s] [  0%] Built target jsk_recognition_msgs_generate_messages_nodejs
[4.819s] [  0%] Built target roscpp_generate_messages_cpp
[4.856s] [  1%] [34m[1mBuilding NVCC (Device) object CMakeFiles/vision_darknet_detect_lib.dir/darknet/src/vision_darknet_detect_lib_generated_maxpool_layer_kernels.cu.o[0m
[4.857s] [  3%] [34m[1mBuilding NVCC (Device) object CMakeFiles/vision_darknet_detect_lib.dir/darknet/src/vision_darknet_detect_lib_generated_activation_kernels.cu.o[0m
[4.862s] [  5%] [34m[1mBuilding NVCC (Device) object CMakeFiles/vision_darknet_detect_lib.dir/darknet/src/vision_darknet_detect_lib_generated_deconvolutional_kernels.cu.o[0m
[4.863s] [  6%] [34m[1mBuilding NVCC (Device) object CMakeFiles/vision_darknet_detect_lib.dir/darknet/src/vision_darknet_detect_lib_generated_avgpool_layer_kernels.cu.o[0m
[4.863s] [  8%] [34m[1mBuilding NVCC (Device) object CMakeFiles/vision_darknet_detect_lib.dir/darknet/src/vision_darknet_detect_lib_generated_crop_layer_kernels.cu.o[0m
[4.863s] [ 10%] [34m[1mBuilding NVCC (Device) object CMakeFiles/vision_darknet_detect_lib.dir/darknet/src/vision_darknet_detect_lib_generated_convolutional_kernels.cu.o[0m
[4.864s] [ 12%] [34m[1mBuilding NVCC (Device) object CMakeFiles/vision_darknet_detect_lib.dir/darknet/src/vision_darknet_detect_lib_generated_dropout_layer_kernels.cu.o[0m
[4.865s] [ 13%] [34m[1mBuilding NVCC (Device) object CMakeFiles/vision_darknet_detect_lib.dir/darknet/src/vision_darknet_detect_lib_generated_col2im_kernels.cu.o[0m
[4.865s] [ 15%] [34m[1mBuilding NVCC (Device) object CMakeFiles/vision_darknet_detect_lib.dir/darknet/src/vision_darknet_detect_lib_generated_im2col_kernels.cu.o[0m
[4.865s] [ 17%] [34m[1mBuilding NVCC (Device) object CMakeFiles/vision_darknet_detect_lib.dir/darknet/src/vision_darknet_detect_lib_generated_blas_kernels.cu.o[0m
[5.619s] /home/hypark/git/Autoware_On_Embedded/autoware.ai/src/autoware/core_perception/vision_darknet_detect/darknet/src/im2col_kernels.cu(69): warning: conversion from a string literal to "char *" is deprecated
[5.619s] 
[5.651s] /home/hypark/git/Autoware_On_Embedded/autoware.ai/src/autoware/core_perception/vision_darknet_detect/darknet/src/dropout_layer_kernels.cu(38): warning: conversion from a string literal to "char *" is deprecated
[5.651s] 
[5.652s] /home/hypark/git/Autoware_On_Embedded/autoware.ai/src/autoware/core_perception/vision_darknet_detect/darknet/src/dropout_layer_kernels.cu(54): warning: conversion from a string literal to "char *" is deprecated
[5.652s] 
[5.663s] /home/hypark/git/Autoware_On_Embedded/autoware.ai/src/autoware/core_perception/vision_darknet_detect/darknet/src/blas_kernels.cu(36): error: argument of type "int" is incompatible with parameter of type "char *"
[5.664s] 
[5.664s] /home/hypark/git/Autoware_On_Embedded/autoware.ai/src/autoware/core_perception/vision_darknet_detect/darknet/src/blas_kernels.cu(36): error: too few arguments in function call
[5.664s] 
[5.664s] /home/hypark/git/Autoware_On_Embedded/autoware.ai/src/autoware/core_perception/vision_darknet_detect/darknet/src/blas_kernels.cu(88): error: argument of type "int" is incompatible with parameter of type "char *"
[5.664s] 
[5.664s] /home/hypark/git/Autoware_On_Embedded/autoware.ai/src/autoware/core_perception/vision_darknet_detect/darknet/src/blas_kernels.cu(88): error: too few arguments in function call
[5.664s] 
[5.664s] /home/hypark/git/Autoware_On_Embedded/autoware.ai/src/autoware/core_perception/vision_darknet_detect/darknet/src/blas_kernels.cu(490): error: argument of type "int" is incompatible with parameter of type "char *"
[5.664s] 
[5.664s] /home/hypark/git/Autoware_On_Embedded/autoware.ai/src/autoware/core_perception/vision_darknet_detect/darknet/src/blas_kernels.cu(490): error: too few arguments in function call
[5.664s] 
[5.665s] /home/hypark/git/Autoware_On_Embedded/autoware.ai/src/autoware/core_perception/vision_darknet_detect/darknet/src/blas_kernels.cu(644): error: argument of type "int" is incompatible with parameter of type "char *"
[5.665s] 
[5.665s] /home/hypark/git/Autoware_On_Embedded/autoware.ai/src/autoware/core_perception/vision_darknet_detect/darknet/src/blas_kernels.cu(644): error: too few arguments in function call
[5.665s] 
[5.671s] /home/hypark/git/Autoware_On_Embedded/autoware.ai/src/autoware/core_perception/vision_darknet_detect/darknet/src/blas_kernels.cu(1072): error: argument of type "int" is incompatible with parameter of type "char *"
[5.671s] 
[5.671s] /home/hypark/git/Autoware_On_Embedded/autoware.ai/src/autoware/core_perception/vision_darknet_detect/darknet/src/blas_kernels.cu(1072): error: too few arguments in function call
[5.671s] 
[5.676s] 10 errors detected in the compilation of "/tmp/tmpxft_00003f58_00000000-6_blas_kernels.cpp1.ii".
[5.698s] /home/hypark/git/Autoware_On_Embedded/autoware.ai/src/autoware/core_perception/vision_darknet_detect/darknet/src/activation_kernels.cu(201): warning: conversion from a string literal to "char *" is deprecated
[5.698s] 
[5.716s] CMake Error at vision_darknet_detect_lib_generated_blas_kernels.cu.o.Release.cmake:275 (message):
[5.716s]   Error generating file
[5.716s]   /home/hypark/git/Autoware_On_Embedded/build/vision_darknet_detect/CMakeFiles/vision_darknet_detect_lib.dir/darknet/src/./vision_darknet_detect_lib_generated_blas_kernels.cu.o
[5.716s] 
[5.716s] 
[5.716s] CMakeFiles/vision_darknet_detect_lib.dir/build.make:98: recipe for target 'CMakeFiles/vision_darknet_detect_lib.dir/darknet/src/vision_darknet_detect_lib_generated_blas_kernels.cu.o' failed
[5.720s] make[2]: *** [CMakeFiles/vision_darknet_detect_lib.dir/darknet/src/vision_darknet_detect_lib_generated_blas_kernels.cu.o] Error 1
[5.720s] make[2]: *** Waiting for unfinished jobs....
[6.069s] /home/hypark/git/Autoware_On_Embedded/autoware.ai/src/autoware/core_perception/vision_darknet_detect/darknet/src/dropout_layer_kernels.cu(38): warning: conversion from a string literal to "char *" is deprecated
[6.070s] 
[6.070s] /home/hypark/git/Autoware_On_Embedded/autoware.ai/src/autoware/core_perception/vision_darknet_detect/darknet/src/dropout_layer_kernels.cu(54): warning: conversion from a string literal to "char *" is deprecated
[6.070s] 
[6.080s] /home/hypark/git/Autoware_On_Embedded/autoware.ai/src/autoware/core_perception/vision_darknet_detect/darknet/src/im2col_kernels.cu(69): warning: conversion from a string literal to "char *" is deprecated
[6.080s] 
[6.135s] /home/hypark/git/Autoware_On_Embedded/autoware.ai/src/autoware/core_perception/vision_darknet_detect/darknet/src/activation_kernels.cu(201): warning: conversion from a string literal to "char *" is deprecated
[6.135s] 
[6.373s] make[1]: *** [CMakeFiles/vision_darknet_detect_lib.dir/all] Error 2
[6.373s] CMakeFiles/Makefile2:1525: recipe for target 'CMakeFiles/vision_darknet_detect_lib.dir/all' failed
[6.373s] Makefile:140: recipe for target 'all' failed
[6.373s] make: *** [all] Error 2
[6.376s] Invoked command in '/home/hypark/git/Autoware_On_Embedded/build/vision_darknet_detect' returned '2': /usr/bin/cmake --build /home/hypark/git/Autoware_On_Embedded/build/vision_darknet_detect -- -j12 -l12
