[0.045s] Invoking command in '/home/hypark/git/Autoware_On_Embedded/build/lidar_euclidean_cluster_detect': /usr/bin/cmake /home/hypark/git/Autoware_On_Embedded/autoware.ai/src/autoware/core_perception/lidar_euclidean_cluster_detect -DCMAKE_BUILD_TYPE=Release -DCATKIN_INSTALL_INTO_PREFIX_ROOT=0 -DCMAKE_INSTALL_PREFIX=/home/hypark/git/Autoware_On_Embedded/install/lidar_euclidean_cluster_detect
[0.216s] -- The C compiler identification is GNU 7.5.0
[0.346s] -- The CXX compiler identification is GNU 7.5.0
[0.357s] -- Check for working C compiler: /usr/bin/cc
[0.580s] -- Check for working C compiler: /usr/bin/cc -- works
[0.581s] -- Detecting C compiler ABI info
[0.800s] -- Detecting C compiler ABI info - done
[0.815s] -- Detecting C compile features
[1.448s] -- Detecting C compile features - done
[1.451s] -- Check for working CXX compiler: /usr/bin/c++
[1.690s] -- Check for working CXX compiler: /usr/bin/c++ -- works
[1.691s] -- Detecting CXX compiler ABI info
[1.920s] -- Detecting CXX compiler ABI info - done
[1.930s] -- Detecting CXX compile features
[2.946s] -- Detecting CXX compile features - done
[2.963s] -- CUDA compilation status: 1.
[2.978s] -- Using CATKIN_DEVEL_PREFIX: /home/hypark/git/Autoware_On_Embedded/build/lidar_euclidean_cluster_detect/devel
[2.978s] -- Using CMAKE_PREFIX_PATH: /home/hypark/rubis_ws/devel;/home/hypark/autoware.ai/install/ymc;/home/hypark/autoware.ai/install/xsens_driver;/home/hypark/autoware.ai/install/wf_simulator;/home/hypark/autoware.ai/install/lattice_planner;/home/hypark/autoware.ai/install/waypoint_planner;/home/hypark/autoware.ai/install/waypoint_maker;/home/hypark/autoware.ai/install/way_planner;/home/hypark/autoware.ai/install/vlg22c_cam;/home/hypark/autoware.ai/install/vision_ssd_detect;/home/hypark/autoware.ai/install/vision_segment_enet_detect;/home/hypark/autoware.ai/install/vision_lane_detect;/home/hypark/autoware.ai/install/vision_darknet_detect;/home/hypark/autoware.ai/install/vision_beyond_track;/home/hypark/autoware.ai/install/vel_pose_diff_checker;/home/hypark/autoware.ai/install/vehicle_socket;/home/hypark/autoware.ai/install/vehicle_sim_model;/home/hypark/autoware.ai/install/vehicle_model;/home/hypark/autoware.ai/install/vehicle_gazebo_simulation_launcher;/home/hypark/autoware.ai/install/vehicle_gazebo_simulation_interface;/home/hypark/autoware.ai/install/vehicle_engage_panel;/home/hypark/autoware.ai/install/vehicle_description;/home/hypark/autoware.ai/install/trafficlight_recognizer;/home/hypark/autoware.ai/install/op_utilities;/home/hypark/autoware.ai/install/op_simulation_package;/home/hypark/autoware.ai/install/op_local_planner;/home/hypark/autoware.ai/install/op_global_planner;/home/hypark/autoware.ai/install/lidar_kf_contour_track;/home/hypark/autoware.ai/install/op_ros_helpers;/home/hypark/autoware.ai/install/ff_waypoint_follower;/home/hypark/autoware.ai/install/dp_planner;/home/hypark/autoware.ai/install/op_simu;/home/hypark/autoware.ai/install/op_planner;/home/hypark/autoware.ai/install/op_utility;/home/hypark/autoware.ai/install/lidar_euclidean_cluster_detect;/home/hypark/autoware.ai/install/vector_map_server;/home/hypark/autoware.ai/install/road_occupancy_processor;/home/hypark/autoware.ai/install/costmap_generator;/home/hypark/autoware.ai/install/object_map;/home/hypark/autoware.ai/install/naive_motion_predict;/home/hypark/autoware.ai/install/lanelet_aisan_converter;/home/hypark/autoware.ai/install/map_file;/home/hypark/autoware.ai/install/libvectormap;/home/hypark/autoware.ai/install/lane_planner;/home/hypark/autoware.ai/install/imm_ukf_pda_track;/home/hypark/autoware.ai/install/decision_maker;/home/hypark/autoware.ai/install/vector_map;/home/hypark/autoware.ai/install/vector_map_msgs;/home/hypark/autoware.ai/install/vectacam;/home/hypark/autoware.ai/install/udon_socket;/home/hypark/autoware.ai/install/twist_generator;/home/hypark/autoware.ai/install/twist_gate;/home/hypark/autoware.ai/install/twist_filter;/home/hypark/autoware.ai/install/twist2odom;/home/hypark/autoware.ai/install/tablet_socket;/home/hypark/autoware.ai/install/runtime_manager;/home/hypark/autoware.ai/install/mqtt_socket;/home/hypark/autoware.ai/install/tablet_socket_msgs;/home/hypark/autoware.ai/install/state_machine_lib;/home/hypark/autoware.ai/install/sound_player;/home/hypark/autoware.ai/install/sick_lms5xx;/home/hypark/autoware.ai/install/sick_ldmrs_tools;/home/hypark/autoware.ai/install/sick_ldmrs_driver;/home/hypark/autoware.ai/install/sick_ldmrs_msgs;/home/hypark/autoware.ai/install/sick_ldmrs_description;/home/hypark/autoware.ai/install/points2image;/home/hypark/autoware.ai/install/rosinterface;/home/hypark/autoware.ai/install/rosbag_controller;/home/hypark/autoware.ai/install/pure_pursuit;/home/hypark/autoware.ai/install/points_preprocessor;/home/hypark/autoware.ai/install/mpc_follower;/home/hypark/autoware.ai/install/lidar_localizer;/home/hypark/autoware.ai/install/emergency_handler;/home/hypark/autoware.ai/install/autoware_health_checker;/home/hypark/autoware.ai/install/as;/home/hypark/autoware.ai/install/ros_observer;/home/hypark/autoware.ai/install/roi_object_filter;/home/hypark/autoware.ai/install/range_vision_fusion;/home/hypark/autoware.ai/install/pos_db;/home/hypark/autoware.ai/install/points_downsampler;/home/hypark/autoware.ai/install/pixel_cloud_fusion;/home/hypark/autoware.ai/install/pcl_omp_registration;/home/hypark/autoware.ai/install/pc2_downsampler;/home/hypark/autoware.ai/install/oculus_socket;/home/hypark/autoware.ai/install/obj_db;/home/hypark/autoware.ai/install/nmea_navsat;/home/hypark/autoware.ai/install/ndt_tku;/home/hypark/autoware.ai/install/ndt_gpu;/home/hypark/autoware.ai/install/ndt_cpu;/home/hypark/autoware.ai/install/multi_vlp_driver;/home/hypark/autoware.ai/install/multi_vlp_converter;/home/hypark/autoware.ai/install/multi_vlp_combiner;/home/hypark/autoware.ai/install/multi_lidar_calibrator;/home/hypark/autoware.ai/install/mrt_cmake_modules;/home/hypark/autoware.ai/install/microstrain_driver;/home/hypark/autoware.ai/install/memsic_imu;/home/hypark/autoware.ai/install/marker_downsampler;/home/hypark/autoware.ai/install/map_tools;/home/hypark/autoware.ai/install/map_tf_generator;/home/hypark/autoware.ai/install/log_tools;/home/hypark/autoware.ai/install/lidar_shape_estimation;/home/hypark/autoware.ai/install/lidar_point_pillars;/home/hypark/autoware.ai/install/lidar_naive_l_shape_detect;/home/hypark/autoware.ai/install/lidar_fake_perception;/home/hypark/autoware.ai/install/lidar_apollo_cnn_seg_detect;/home/hypark/autoware.ai/install/libwaypoint_follower;/home/hypark/autoware.ai/install/lgsvl_simulator_bridge;/home/hypark/autoware.ai/install/lanelet2_extension;/home/hypark/autoware.ai/install/lanelet2_validation;/home/hypark/autoware.ai/install/lanelet2_examples;/home/hypark/autoware.ai/install/lanelet2_python;/home/hypark/autoware.ai/install/lanelet2_routing;/home/hypark/autoware.ai/install/lanelet2_traffic_rules;/home/hypark/autoware.ai/install/lanelet2_projection;/home/hypark/autoware.ai/install/lanelet2_maps;/home/hypark/autoware.ai/install/lanelet2_io;/home/hypark/autoware.ai/install/lanelet2_core;/home/hypark/autoware.ai/install/kvaser;/home/hypark/autoware.ai/install/kitti_launch;/home/hypark/autoware.ai/install/kitti_player;/home/hypark/autoware.ai/install/kitti_box_publisher;/home/hypark/autoware.ai/install/javad_navsat_driver;/home/hypark/autoware.ai/install/integrated_viewer;/home/hypark/autoware.ai/install/image_processor;/home/hypark/autoware.ai/install/hokuyo;/home/hypark/autoware.ai/install/graph_tools;/home/hypark/autoware.ai/install/gnss_localizer;/home/hypark/autoware.ai/install/gnss;/home/hypark/autoware.ai/install/glviewer;/home/hypark/autoware.ai/install/gazebo_world_description;/home/hypark/autoware.ai/install/gazebo_imu_description;/home/hypark/autoware.ai/install/gazebo_camera_description;/home/hypark/autoware.ai/install/garmin;/home/hypark/autoware.ai/install/freespace_planner;/home/hypark/autoware.ai/install/fastvirtualscan;/home/hypark/autoware.ai/install/ekf_localizer;/home/hypark/autoware.ai/install/ds4_msgs;/home/hypark/autoware.ai/install/ds4_driver;/home/hypark/autoware.ai/install/detected_objects_visualizer;/home/hypark/autoware.ai/install/decision_maker_panel;/home/hypark/autoware.ai/install/data_preprocessor;/home/hypark/autoware.ai/install/custom_msgs;/home/hypark/autoware.ai/install/carla_autoware_bridge;/home/hypark/autoware.ai/install/calibration_publisher;/home/hypark/autoware.ai/install/autoware_system_msgs;/home/hypark/autoware.ai/install/autoware_rviz_plugins;/home/hypark/autoware.ai/install/autoware_quickstart_examples;/home/hypark/autoware.ai/install/autoware_pointgrey_drivers;/home/hypark/autoware.ai/install/autoware_driveworks_interface;/home/hypark/autoware.ai/install/autoware_connector;/home/hypark/autoware.ai/install/autoware_camera_lidar_calibrator;/home/hypark/autoware.ai/install/astar_search;/home/hypark/autoware.ai/install/amathutils_lib;/home/hypark/autoware.ai/install/autoware_msgs;/home/hypark/autoware.ai/install/autoware_map_msgs;/home/hypark/autoware.ai/install/autoware_launcher_rviz;/home/hypark/autoware.ai/install/autoware_launcher;/home/hypark/autoware.ai/install/autoware_lanelet2_msgs;/home/hypark/autoware.ai/install/autoware_external_msgs;/home/hypark/autoware.ai/install/autoware_driveworks_gmsl_interface;/home/hypark/autoware.ai/install/autoware_config_msgs;/home/hypark/autoware.ai/install/autoware_can_msgs;/home/hypark/autoware.ai/install/autoware_build_flags;/home/hypark/autoware.ai/install/autoware_bag_tools;/home/hypark/autoware.ai/install/adi_driver;/opt/ros/melodic
[2.987s] -- This workspace overlays: /home/hypark/rubis_ws/devel;/home/hypark/autoware.ai/install/ymc;/home/hypark/autoware.ai/install/xsens_driver;/home/hypark/autoware.ai/install/wf_simulator;/home/hypark/autoware.ai/install/lattice_planner;/home/hypark/autoware.ai/install/waypoint_planner;/home/hypark/autoware.ai/install/waypoint_maker;/home/hypark/autoware.ai/install/way_planner;/home/hypark/autoware.ai/install/vlg22c_cam;/home/hypark/autoware.ai/install/vision_ssd_detect;/home/hypark/autoware.ai/install/vision_segment_enet_detect;/home/hypark/autoware.ai/install/vision_lane_detect;/home/hypark/autoware.ai/install/vision_darknet_detect;/home/hypark/autoware.ai/install/vision_beyond_track;/home/hypark/autoware.ai/install/vel_pose_diff_checker;/home/hypark/autoware.ai/install/vehicle_socket;/home/hypark/autoware.ai/install/vehicle_sim_model;/home/hypark/autoware.ai/install/vehicle_model;/home/hypark/autoware.ai/install/vehicle_gazebo_simulation_launcher;/home/hypark/autoware.ai/install/vehicle_gazebo_simulation_interface;/home/hypark/autoware.ai/install/vehicle_engage_panel;/home/hypark/autoware.ai/install/vehicle_description;/home/hypark/autoware.ai/install/trafficlight_recognizer;/home/hypark/autoware.ai/install/op_utilities;/home/hypark/autoware.ai/install/op_simulation_package;/home/hypark/autoware.ai/install/op_local_planner;/home/hypark/autoware.ai/install/op_global_planner;/home/hypark/autoware.ai/install/lidar_kf_contour_track;/home/hypark/autoware.ai/install/op_ros_helpers;/home/hypark/autoware.ai/install/ff_waypoint_follower;/home/hypark/autoware.ai/install/dp_planner;/home/hypark/autoware.ai/install/op_simu;/home/hypark/autoware.ai/install/op_planner;/home/hypark/autoware.ai/install/op_utility;/home/hypark/autoware.ai/install/lidar_euclidean_cluster_detect;/home/hypark/autoware.ai/install/vector_map_server;/home/hypark/autoware.ai/install/road_occupancy_processor;/home/hypark/autoware.ai/install/costmap_generator;/home/hypark/autoware.ai/install/object_map;/home/hypark/autoware.ai/install/naive_motion_predict;/home/hypark/autoware.ai/install/lanelet_aisan_converter;/home/hypark/autoware.ai/install/map_file;/home/hypark/autoware.ai/install/libvectormap;/home/hypark/autoware.ai/install/lane_planner;/home/hypark/autoware.ai/install/imm_ukf_pda_track;/home/hypark/autoware.ai/install/decision_maker;/home/hypark/autoware.ai/install/vector_map;/home/hypark/autoware.ai/install/vector_map_msgs;/home/hypark/autoware.ai/install/vectacam;/home/hypark/autoware.ai/install/udon_socket;/home/hypark/autoware.ai/install/twist_generator;/home/hypark/autoware.ai/install/twist_gate;/home/hypark/autoware.ai/install/twist_filter;/home/hypark/autoware.ai/install/twist2odom;/home/hypark/autoware.ai/install/tablet_socket;/home/hypark/autoware.ai/install/runtime_manager;/home/hypark/autoware.ai/install/mqtt_socket;/home/hypark/autoware.ai/install/tablet_socket_msgs;/home/hypark/autoware.ai/install/state_machine_lib;/home/hypark/autoware.ai/install/sound_player;/home/hypark/autoware.ai/install/sick_lms5xx;/home/hypark/autoware.ai/install/sick_ldmrs_tools;/home/hypark/autoware.ai/install/sick_ldmrs_driver;/home/hypark/autoware.ai/install/sick_ldmrs_msgs;/home/hypark/autoware.ai/install/sick_ldmrs_description;/home/hypark/autoware.ai/install/points2image;/home/hypark/autoware.ai/install/rosinterface;/home/hypark/autoware.ai/install/rosbag_controller;/home/hypark/autoware.ai/install/pure_pursuit;/home/hypark/autoware.ai/install/points_preprocessor;/home/hypark/autoware.ai/install/mpc_follower;/home/hypark/autoware.ai/install/lidar_localizer;/home/hypark/autoware.ai/install/emergency_handler;/home/hypark/autoware.ai/install/autoware_health_checker;/home/hypark/autoware.ai/install/as;/home/hypark/autoware.ai/install/ros_observer;/home/hypark/autoware.ai/install/roi_object_filter;/home/hypark/autoware.ai/install/range_vision_fusion;/home/hypark/autoware.ai/install/pos_db;/home/hypark/autoware.ai/install/points_downsampler;/home/hypark/autoware.ai/install/pixel_cloud_fusion;/home/hypark/autoware.ai/install/pcl_omp_registration;/home/hypark/autoware.ai/install/pc2_downsampler;/home/hypark/autoware.ai/install/oculus_socket;/home/hypark/autoware.ai/install/obj_db;/home/hypark/autoware.ai/install/nmea_navsat;/home/hypark/autoware.ai/install/ndt_tku;/home/hypark/autoware.ai/install/ndt_gpu;/home/hypark/autoware.ai/install/ndt_cpu;/home/hypark/autoware.ai/install/multi_vlp_driver;/home/hypark/autoware.ai/install/multi_vlp_converter;/home/hypark/autoware.ai/install/multi_vlp_combiner;/home/hypark/autoware.ai/install/multi_lidar_calibrator;/home/hypark/autoware.ai/install/mrt_cmake_modules;/home/hypark/autoware.ai/install/microstrain_driver;/home/hypark/autoware.ai/install/memsic_imu;/home/hypark/autoware.ai/install/marker_downsampler;/home/hypark/autoware.ai/install/map_tools;/home/hypark/autoware.ai/install/map_tf_generator;/home/hypark/autoware.ai/install/log_tools;/home/hypark/autoware.ai/install/lidar_shape_estimation;/home/hypark/autoware.ai/install/lidar_point_pillars;/home/hypark/autoware.ai/install/lidar_naive_l_shape_detect;/home/hypark/autoware.ai/install/lidar_fake_perception;/home/hypark/autoware.ai/install/lidar_apollo_cnn_seg_detect;/home/hypark/autoware.ai/install/libwaypoint_follower;/home/hypark/autoware.ai/install/lgsvl_simulator_bridge;/home/hypark/autoware.ai/install/lanelet2_extension;/home/hypark/autoware.ai/install/lanelet2_validation;/home/hypark/autoware.ai/install/lanelet2_examples;/home/hypark/autoware.ai/install/lanelet2_python;/home/hypark/autoware.ai/install/lanelet2_routing;/home/hypark/autoware.ai/install/lanelet2_traffic_rules;/home/hypark/autoware.ai/install/lanelet2_projection;/home/hypark/autoware.ai/install/lanelet2_maps;/home/hypark/autoware.ai/install/lanelet2_io;/home/hypark/autoware.ai/install/lanelet2_core;/home/hypark/autoware.ai/install/kvaser;/home/hypark/autoware.ai/install/kitti_launch;/home/hypark/autoware.ai/install/kitti_player;/home/hypark/autoware.ai/install/kitti_box_publisher;/home/hypark/autoware.ai/install/javad_navsat_driver;/home/hypark/autoware.ai/install/integrated_viewer;/home/hypark/autoware.ai/install/image_processor;/home/hypark/autoware.ai/install/hokuyo;/home/hypark/autoware.ai/install/graph_tools;/home/hypark/autoware.ai/install/gnss_localizer;/home/hypark/autoware.ai/install/gnss;/home/hypark/autoware.ai/install/glviewer;/home/hypark/autoware.ai/install/gazebo_world_description;/home/hypark/autoware.ai/install/gazebo_imu_description;/home/hypark/autoware.ai/install/gazebo_camera_description;/home/hypark/autoware.ai/install/garmin;/home/hypark/autoware.ai/install/freespace_planner;/home/hypark/autoware.ai/install/fastvirtualscan;/home/hypark/autoware.ai/install/ekf_localizer;/home/hypark/autoware.ai/install/ds4_msgs;/home/hypark/autoware.ai/install/ds4_driver;/home/hypark/autoware.ai/install/detected_objects_visualizer;/home/hypark/autoware.ai/install/decision_maker_panel;/home/hypark/autoware.ai/install/data_preprocessor;/home/hypark/autoware.ai/install/custom_msgs;/home/hypark/autoware.ai/install/carla_autoware_bridge;/home/hypark/autoware.ai/install/calibration_publisher;/home/hypark/autoware.ai/install/autoware_system_msgs;/home/hypark/autoware.ai/install/autoware_rviz_plugins;/home/hypark/autoware.ai/install/autoware_quickstart_examples;/home/hypark/autoware.ai/install/autoware_pointgrey_drivers;/home/hypark/autoware.ai/install/autoware_driveworks_interface;/home/hypark/autoware.ai/install/autoware_connector;/home/hypark/autoware.ai/install/autoware_camera_lidar_calibrator;/home/hypark/autoware.ai/install/astar_search;/home/hypark/autoware.ai/install/amathutils_lib;/home/hypark/autoware.ai/install/autoware_msgs;/home/hypark/autoware.ai/install/autoware_map_msgs;/home/hypark/autoware.ai/install/autoware_launcher_rviz;/home/hypark/autoware.ai/install/autoware_launcher;/home/hypark/autoware.ai/install/autoware_lanelet2_msgs;/home/hypark/autoware.ai/install/autoware_external_msgs;/home/hypark/autoware.ai/install/autoware_driveworks_gmsl_interface;/home/hypark/autoware.ai/install/autoware_config_msgs;/home/hypark/autoware.ai/install/autoware_can_msgs;/home/hypark/autoware.ai/install/autoware_build_flags;/home/hypark/autoware.ai/install/autoware_bag_tools;/home/hypark/autoware.ai/install/adi_driver;/opt/ros/melodic
[3.029s] -- Found PythonInterp: /usr/bin/python2 (found suitable version "2.7.17", minimum required is "2") 
[3.029s] -- Using PYTHON_EXECUTABLE: /usr/bin/python2
[3.030s] -- Using Debian Python package layout
[3.033s] -- Using empy: /usr/bin/empy
[3.329s] -- Using CATKIN_ENABLE_TESTING: ON
[3.330s] -- Call enable_testing()
[3.346s] -- Using CATKIN_TEST_RESULTS_DIR: /home/hypark/git/Autoware_On_Embedded/build/lidar_euclidean_cluster_detect/test_results
[3.427s] -- Found gtest sources under '/usr/src/googletest': gtests will be built
[3.427s] -- Found gmock sources under '/usr/src/googletest': gmock will be built
[3.465s] -- Found PythonInterp: /usr/bin/python2 (found version "2.7.17") 
[3.467s] -- Looking for pthread.h
[3.687s] -- Looking for pthread.h - found
[3.688s] -- Looking for pthread_create
[3.879s] -- Looking for pthread_create - not found
[3.879s] -- Looking for pthread_create in pthreads
[4.065s] -- Looking for pthread_create in pthreads - not found
[4.065s] -- Looking for pthread_create in pthread
[4.305s] -- Looking for pthread_create in pthread - found
[4.305s] -- Found Threads: TRUE  
[4.315s] -- Using Python nosetests: /usr/bin/nosetests-2.7
[4.417s] -- catkin 0.7.29
[4.417s] -- BUILD_SHARED_LIBS is on
[5.065s] -- Using these message generators: gencpp;geneus;genlisp;gennodejs;genpy
[9.020s] -- Found OpenMP_C: -fopenmp (found version "4.5") 
[9.233s] -- Found OpenMP_CXX: -fopenmp (found version "4.5") 
[9.234s] -- Found OpenMP: TRUE (found version "4.5")  
[9.265s] -- Found OpenCV: /usr (found version "3.2.0") 
[9.496s] -- Found PkgConfig: /usr/bin/pkg-config (found version "0.29.1") 
[9.497s] -- Checking for module 'yaml-cpp'
[9.546s] --   Found yaml-cpp, version 0.5.2
[9.769s] -- Found CUDA: /usr/local/cuda-10.0 (found version "10.0") 
[9.814s] -- USING ACCELERATED CLUSTERING --
[9.814s] Version: 10.0
[9.814s] Library: /usr/lib/x86_64-linux-gnu/libcuda.so
[9.814s] Runtime: /usr/local/cuda-10.0/lib64/libcudart.so
[9.830s] -- Configuring done
[9.995s] -- Generating done
[10.012s] -- Build files have been written to: /home/hypark/git/Autoware_On_Embedded/build/lidar_euclidean_cluster_detect
[10.019s] Invoked command in '/home/hypark/git/Autoware_On_Embedded/build/lidar_euclidean_cluster_detect' returned '0': /usr/bin/cmake /home/hypark/git/Autoware_On_Embedded/autoware.ai/src/autoware/core_perception/lidar_euclidean_cluster_detect -DCMAKE_BUILD_TYPE=Release -DCATKIN_INSTALL_INTO_PREFIX_ROOT=0 -DCMAKE_INSTALL_PREFIX=/home/hypark/git/Autoware_On_Embedded/install/lidar_euclidean_cluster_detect
[10.024s] Invoking command in '/home/hypark/git/Autoware_On_Embedded/build/lidar_euclidean_cluster_detect': /usr/bin/cmake --build /home/hypark/git/Autoware_On_Embedded/build/lidar_euclidean_cluster_detect -- -j12 -l12
[10.170s] [ 20%] [34m[1mBuilding NVCC (Device) object CMakeFiles/gpu_euclidean_clustering.dir/nodes/lidar_euclidean_cluster_detect/gpu_euclidean_clustering_generated_gpu_euclidean_clustering.cu.o[0m
[10.188s] [35m[1mScanning dependencies of target vector_map_msgs_generate_messages_cpp[0m
[10.188s] [35m[1mScanning dependencies of target rviz_generate_messages_py[0m
[10.188s] [35m[1mScanning dependencies of target vector_map_msgs_generate_messages_lisp[0m
[10.201s] [35m[1mScanning dependencies of target vector_map_msgs_generate_messages_py[0m
[10.208s] [35m[1mScanning dependencies of target map_msgs_generate_messages_lisp[0m
[10.235s] [35m[1mScanning dependencies of target tf_generate_messages_eus[0m
[10.236s] [35m[1mScanning dependencies of target people_msgs_generate_messages_lisp[0m
[10.238s] [35m[1mScanning dependencies of target vector_map_server_generate_messages_nodejs[0m
[10.239s] [35m[1mScanning dependencies of target vector_map_msgs_generate_messages_eus[0m
[10.252s] [35m[1mScanning dependencies of target rviz_generate_messages_cpp[0m
[10.252s] [ 20%] Built target vector_map_msgs_generate_messages_cpp
[10.258s] [35m[1mScanning dependencies of target people_msgs_generate_messages_py[0m
[10.262s] [ 20%] Built target rviz_generate_messages_py
[10.267s] [ 20%] Built target vector_map_msgs_generate_messages_lisp
[10.291s] [ 20%] Built target map_msgs_generate_messages_lisp
[10.308s] [ 20%] Built target people_msgs_generate_messages_lisp
[10.320s] [ 20%] Built target vector_map_server_generate_messages_nodejs
[10.326s] [35m[1mScanning dependencies of target rviz_generate_messages_eus[0m
[10.327s] [ 20%] Built target tf_generate_messages_eus
[10.333s] [ 20%] Built target vector_map_msgs_generate_messages_py
[10.343s] [35m[1mScanning dependencies of target people_msgs_generate_messages_cpp[0m
[10.360s] [ 20%] Built target rviz_generate_messages_cpp
[10.362s] [ 20%] Built target people_msgs_generate_messages_py
[10.380s] [35m[1mScanning dependencies of target bond_generate_messages_py[0m
[10.385s] [35m[1mScanning dependencies of target vector_map_msgs_generate_messages_nodejs[0m
[10.396s] [35m[1mScanning dependencies of target people_msgs_generate_messages_eus[0m
[10.401s] [ 20%] Built target vector_map_msgs_generate_messages_eus
[10.410s] [35m[1mScanning dependencies of target bond_generate_messages_nodejs[0m
[10.413s] [35m[1mScanning dependencies of target bond_generate_messages_lisp[0m
[10.438s] [ 20%] Built target rviz_generate_messages_eus
[10.438s] [35m[1mScanning dependencies of target bond_generate_messages_eus[0m
[10.449s] [ 20%] Built target people_msgs_generate_messages_cpp
[10.463s] [35m[1mScanning dependencies of target nodelet_generate_messages_nodejs[0m
[10.464s] [ 20%] Built target people_msgs_generate_messages_eus
[10.467s] [35m[1mScanning dependencies of target bond_generate_messages_cpp[0m
[10.468s] [35m[1mScanning dependencies of target map_msgs_generate_messages_eus[0m
[10.469s] [ 20%] Built target bond_generate_messages_py
[10.481s] [ 20%] Built target bond_generate_messages_nodejs
[10.497s] [ 20%] Built target vector_map_msgs_generate_messages_nodejs
[10.531s] [ 20%] Built target bond_generate_messages_lisp
[10.541s] [ 20%] Built target bond_generate_messages_eus
[10.544s] [35m[1mScanning dependencies of target nodelet_generate_messages_eus[0m
[10.545s] [35m[1mScanning dependencies of target dynamic_reconfigure_generate_messages_py[0m
[10.551s] [35m[1mScanning dependencies of target dynamic_reconfigure_generate_messages_nodejs[0m
[10.566s] [ 20%] Built target map_msgs_generate_messages_eus
[10.566s] [35m[1mScanning dependencies of target nodelet_generate_messages_cpp[0m
[10.592s] [ 20%] Built target nodelet_generate_messages_nodejs
[10.600s] [35m[1mScanning dependencies of target dynamic_reconfigure_generate_messages_eus[0m
[10.604s] [35m[1mScanning dependencies of target people_msgs_generate_messages_nodejs[0m
[10.611s] [35m[1mScanning dependencies of target dynamic_reconfigure_generate_messages_lisp[0m
[10.630s] [ 20%] Built target bond_generate_messages_cpp
[10.630s] [ 20%] Built target nodelet_generate_messages_eus
[10.646s] [ 20%] Built target dynamic_reconfigure_generate_messages_nodejs
[10.647s] [35m[1mScanning dependencies of target map_msgs_generate_messages_py[0m
[10.649s] [ 20%] Built target dynamic_reconfigure_generate_messages_py
[10.668s] [ 20%] Built target dynamic_reconfigure_generate_messages_eus
[10.678s] [35m[1mScanning dependencies of target pcl_ros_gencfg[0m
[10.681s] [ 20%] Built target nodelet_generate_messages_cpp
[10.691s] [35m[1mScanning dependencies of target jsk_hark_msgs_generate_messages_py[0m
[10.693s] [ 20%] Built target people_msgs_generate_messages_nodejs
[10.701s] [35m[1mScanning dependencies of target rviz_generate_messages_nodejs[0m
[10.724s] [ 20%] Built target map_msgs_generate_messages_py
[10.754s] [35m[1mScanning dependencies of target jsk_hark_msgs_generate_messages_eus[0m
[10.767s] [ 20%] Built target dynamic_reconfigure_generate_messages_lisp
[10.768s] [35m[1mScanning dependencies of target jsk_hark_msgs_generate_messages_nodejs[0m
[10.775s] [35m[1mScanning dependencies of target jsk_rviz_plugins_generate_messages_py[0m
[10.775s] [35m[1mScanning dependencies of target jsk_recognition_utils_gencfg[0m
[10.778s] [35m[1mScanning dependencies of target jsk_rviz_plugins_generate_messages_nodejs[0m
[10.788s] [ 20%] Built target pcl_ros_gencfg
[10.828s] [ 20%] Built target jsk_hark_msgs_generate_messages_py
[10.831s] [ 20%] Built target rviz_generate_messages_nodejs
[10.840s] [ 20%] Built target jsk_hark_msgs_generate_messages_eus
[10.840s] [35m[1mScanning dependencies of target jsk_rviz_plugins_generate_messages_lisp[0m
[10.841s] [35m[1mScanning dependencies of target rviz_generate_messages_lisp[0m
[10.842s] [ 20%] Built target jsk_hark_msgs_generate_messages_nodejs
[10.858s] [ 20%] Built target jsk_recognition_utils_gencfg
[10.863s] [ 20%] Built target jsk_rviz_plugins_generate_messages_py
[10.867s] [35m[1mScanning dependencies of target jsk_rviz_plugins_gencfg[0m
[10.884s] [ 20%] Built target jsk_rviz_plugins_generate_messages_nodejs
[10.903s] [35m[1mScanning dependencies of target visualization_msgs_generate_messages_eus[0m
[10.903s] [35m[1mScanning dependencies of target visualization_msgs_generate_messages_py[0m
[10.903s] [35m[1mScanning dependencies of target visualization_msgs_generate_messages_nodejs[0m
[10.915s] [35m[1mScanning dependencies of target tf2_msgs_generate_messages_nodejs[0m
[10.930s] [35m[1mScanning dependencies of target vector_map_server_generate_messages_cpp[0m
[10.955s] [ 20%] Built target rviz_generate_messages_lisp
[10.957s] [35m[1mScanning dependencies of target tf2_msgs_generate_messages_cpp[0m
[10.960s] [ 20%] Built target jsk_rviz_plugins_gencfg
[10.983s] [ 20%] Built target jsk_rviz_plugins_generate_messages_lisp
[10.985s] [ 20%] Built target visualization_msgs_generate_messages_nodejs
[10.996s] [ 20%] Built target visualization_msgs_generate_messages_py
[10.996s] [35m[1mScanning dependencies of target tf2_msgs_generate_messages_py[0m
[11.005s] [35m[1mScanning dependencies of target map_msgs_generate_messages_cpp[0m
[11.011s] [ 20%] Built target vector_map_server_generate_messages_cpp
[11.021s] [ 20%] Built target tf2_msgs_generate_messages_nodejs
[11.032s] [ 20%] Built target visualization_msgs_generate_messages_eus
[11.042s] [35m[1mScanning dependencies of target actionlib_generate_messages_cpp[0m
[11.045s] [35m[1mScanning dependencies of target actionlib_generate_messages_py[0m
[11.061s] [35m[1mScanning dependencies of target tf_generate_messages_py[0m
[11.070s] [ 20%] Built target tf2_msgs_generate_messages_cpp
[11.073s] [35m[1mScanning dependencies of target dynamic_reconfigure_generate_messages_cpp[0m
[11.097s] [35m[1mScanning dependencies of target tf_generate_messages_nodejs[0m
[11.098s] [ 20%] Built target map_msgs_generate_messages_cpp
[11.120s] [ 20%] Built target tf2_msgs_generate_messages_py
[11.128s] [35m[1mScanning dependencies of target geometry_msgs_generate_messages_py[0m
[11.141s] [35m[1mScanning dependencies of target tf_generate_messages_lisp[0m
[11.147s] [35m[1mScanning dependencies of target sensor_msgs_generate_messages_nodejs[0m
[11.158s] [35m[1mScanning dependencies of target vector_map_server_generate_messages_eus[0m
[11.159s] [35m[1mScanning dependencies of target roscpp_generate_messages_cpp[0m
[11.167s] [ 20%] Built target tf_generate_messages_py
[11.179s] [ 20%] Built target actionlib_generate_messages_cpp
[11.204s] [ 20%] Built target actionlib_generate_messages_py
[11.204s] [ 20%] Built target dynamic_reconfigure_generate_messages_cpp
[11.209s] [ 20%] Built target tf_generate_messages_nodejs
[11.228s] [ 20%] Built target geometry_msgs_generate_messages_py
[11.242s] [ 20%] Built target tf_generate_messages_lisp
[11.242s] [35m[1mScanning dependencies of target pcl_msgs_generate_messages_eus[0m
[11.243s] [ 20%] Built target sensor_msgs_generate_messages_nodejs
[11.249s] [35m[1mScanning dependencies of target rosgraph_msgs_generate_messages_eus[0m
[11.268s] [ 20%] Built target vector_map_server_generate_messages_eus
[11.295s] [ 20%] Built target roscpp_generate_messages_cpp
[11.297s] [35m[1mScanning dependencies of target std_msgs_generate_messages_py[0m
[11.321s] [35m[1mScanning dependencies of target nodelet_generate_messages_lisp[0m
[11.336s] [35m[1mScanning dependencies of target jsk_recognition_msgs_generate_messages_lisp[0m
[11.344s] [35m[1mScanning dependencies of target jsk_recognition_msgs_generate_messages_eus[0m
[11.364s] [ 20%] Built target rosgraph_msgs_generate_messages_eus
[11.368s] [35m[1mScanning dependencies of target autoware_msgs_generate_messages_py[0m
[11.381s] [35m[1mScanning dependencies of target jsk_hark_msgs_generate_messages_lisp[0m
[11.381s] [35m[1mScanning dependencies of target sensor_msgs_generate_messages_cpp[0m
[11.387s] [ 20%] Built target pcl_msgs_generate_messages_eus
[11.390s] [35m[1mScanning dependencies of target std_msgs_generate_messages_nodejs[0m
[11.398s] [ 20%] Built target std_msgs_generate_messages_py
[11.405s] [ 20%] Built target nodelet_generate_messages_lisp
[11.406s] [35m[1mScanning dependencies of target sensor_msgs_generate_messages_eus[0m
[11.448s] [ 20%] Built target jsk_recognition_msgs_generate_messages_eus
[11.462s] [ 20%] Built target jsk_recognition_msgs_generate_messages_lisp
[11.484s] [ 20%] Built target sensor_msgs_generate_messages_cpp
[11.490s] [ 20%] Built target autoware_msgs_generate_messages_py
[11.503s] [35m[1mScanning dependencies of target topic_tools_generate_messages_cpp[0m
[11.504s] [35m[1mScanning dependencies of target jsk_recognition_msgs_generate_messages_py[0m
[11.508s] [ 20%] Built target std_msgs_generate_messages_nodejs
[11.515s] [35m[1mScanning dependencies of target autoware_msgs_generate_messages_cpp[0m
[11.522s] [ 20%] Built target sensor_msgs_generate_messages_eus
[11.530s] [ 20%] Built target jsk_hark_msgs_generate_messages_lisp
[11.531s] [35m[1mScanning dependencies of target rosgraph_msgs_generate_messages_cpp[0m
[11.573s] [35m[1mScanning dependencies of target jsk_footstep_msgs_generate_messages_py[0m
[11.580s] [ 20%] Built target topic_tools_generate_messages_cpp
[11.583s] [35m[1mScanning dependencies of target nodelet_generate_messages_py[0m
[11.595s] [35m[1mScanning dependencies of target nav_msgs_generate_messages_nodejs[0m
[11.606s] [35m[1mScanning dependencies of target std_msgs_generate_messages_cpp[0m
[11.620s] [ 20%] Built target autoware_msgs_generate_messages_cpp
[11.638s] [35m[1mScanning dependencies of target geometry_msgs_generate_messages_eus[0m
[11.639s] [35m[1mScanning dependencies of target jsk_rviz_plugins_generate_messages_cpp[0m
[11.652s] [35m[1mScanning dependencies of target std_msgs_generate_messages_lisp[0m
[11.655s] [35m[1mScanning dependencies of target sensor_msgs_generate_messages_py[0m
[11.681s] [ 20%] Built target jsk_recognition_msgs_generate_messages_py
[11.681s] [ 20%] Built target nav_msgs_generate_messages_nodejs
[11.686s] [ 20%] Built target std_msgs_generate_messages_cpp
[11.705s] [ 20%] Built target rosgraph_msgs_generate_messages_cpp
[11.708s] [ 20%] Built target nodelet_generate_messages_py
[11.709s] [ 20%] Built target geometry_msgs_generate_messages_eus
[11.749s] [ 20%] Built target jsk_footstep_msgs_generate_messages_py
[11.751s] [ 20%] Built target std_msgs_generate_messages_lisp
[11.752s] [35m[1mScanning dependencies of target roscpp_generate_messages_nodejs[0m
[11.759s] [ 20%] Built target sensor_msgs_generate_messages_py
[11.782s] [35m[1mScanning dependencies of target geometry_msgs_generate_messages_nodejs[0m
[11.783s] [35m[1mScanning dependencies of target jsk_rviz_plugins_generate_messages_eus[0m
[11.786s] [35m[1mScanning dependencies of target geometry_msgs_generate_messages_lisp[0m
[11.803s] [35m[1mScanning dependencies of target actionlib_generate_messages_eus[0m
[11.804s] [ 20%] Built target jsk_rviz_plugins_generate_messages_cpp
[11.806s] [35m[1mScanning dependencies of target pcl_msgs_generate_messages_py[0m
[11.836s] [ 20%] Built target roscpp_generate_messages_nodejs
[11.839s] [35m[1mScanning dependencies of target actionlib_generate_messages_lisp[0m
[11.844s] [35m[1mScanning dependencies of target geometry_msgs_generate_messages_cpp[0m
[11.857s] [35m[1mScanning dependencies of target pcl_msgs_generate_messages_cpp[0m
[11.871s] [ 20%] Built target geometry_msgs_generate_messages_lisp
[11.873s] [35m[1mScanning dependencies of target autoware_msgs_generate_messages_eus[0m
[11.879s] [ 20%] Built target jsk_rviz_plugins_generate_messages_eus
[11.897s] [ 20%] Built target pcl_msgs_generate_messages_py
[11.898s] [35m[1mScanning dependencies of target autoware_msgs_generate_messages_lisp[0m
[11.900s] [ 20%] Built target geometry_msgs_generate_messages_nodejs
[11.908s] [ 20%] Built target actionlib_generate_messages_eus
[11.931s] [ 20%] Built target actionlib_generate_messages_lisp
[11.943s] [35m[1mScanning dependencies of target visualization_msgs_generate_messages_lisp[0m
[11.953s] [ 20%] Built target autoware_msgs_generate_messages_eus
[11.961s] [ 20%] Built target pcl_msgs_generate_messages_cpp
[11.984s] [35m[1mScanning dependencies of target std_msgs_generate_messages_eus[0m
[11.985s] [35m[1mScanning dependencies of target topic_tools_generate_messages_eus[0m
[11.993s] [ 20%] Built target geometry_msgs_generate_messages_cpp
[11.993s] [35m[1mScanning dependencies of target autoware_msgs_generate_messages_nodejs[0m
[12.019s] [ 20%] Built target autoware_msgs_generate_messages_lisp
[12.048s] [35m[1mScanning dependencies of target jsk_footstep_msgs_generate_messages_eus[0m
[12.054s] [35m[1mScanning dependencies of target nav_msgs_generate_messages_eus[0m
[12.054s] [35m[1mScanning dependencies of target actionlib_msgs_generate_messages_py[0m
[12.058s] [ 20%] Built target visualization_msgs_generate_messages_lisp
[12.063s] [35m[1mScanning dependencies of target visualization_msgs_generate_messages_cpp[0m
[12.072s] [ 20%] Built target autoware_msgs_generate_messages_nodejs
[12.079s] [ 20%] Built target std_msgs_generate_messages_eus
[12.093s] [35m[1mScanning dependencies of target tf2_msgs_generate_messages_eus[0m
[12.129s] [ 20%] Built target topic_tools_generate_messages_eus
[12.143s] [ 20%] Built target nav_msgs_generate_messages_eus
[12.149s] [35m[1mScanning dependencies of target std_srvs_generate_messages_cpp[0m
[12.160s] [35m[1mScanning dependencies of target jsk_footstep_msgs_generate_messages_lisp[0m
[12.162s] [35m[1mScanning dependencies of target vector_map_server_generate_messages_lisp[0m
[12.165s] [ 20%] Built target actionlib_msgs_generate_messages_py
[12.229s] [35m[1mScanning dependencies of target grid_map_msgs_generate_messages_nodejs[0m
[12.230s] [ 20%] Built target visualization_msgs_generate_messages_cpp
[12.231s] [ 20%] Built target jsk_footstep_msgs_generate_messages_eus
[12.231s] [35m[1mScanning dependencies of target jsk_footstep_msgs_generate_messages_nodejs[0m
[12.250s] [ 20%] Built target vector_map_server_generate_messages_lisp
[12.254s] [35m[1mScanning dependencies of target grid_map_msgs_generate_messages_lisp[0m
[12.264s] [ 20%] Built target tf2_msgs_generate_messages_eus
[12.274s] [35m[1mScanning dependencies of target actionlib_msgs_generate_messages_lisp[0m
[12.295s] [ 20%] Built target std_srvs_generate_messages_cpp
[12.311s] [35m[1mScanning dependencies of target jsk_recognition_msgs_generate_messages_nodejs[0m
[12.318s] [ 20%] Built target jsk_footstep_msgs_generate_messages_lisp
[12.336s] [ 20%] Built target grid_map_msgs_generate_messages_nodejs
[12.339s] [ 20%] Built target jsk_footstep_msgs_generate_messages_nodejs
[12.339s] [35m[1mScanning dependencies of target roscpp_generate_messages_lisp[0m
[12.343s] [35m[1mScanning dependencies of target grid_map_msgs_generate_messages_eus[0m
[12.348s] [35m[1mScanning dependencies of target std_srvs_generate_messages_eus[0m
[12.406s] [ 20%] Built target grid_map_msgs_generate_messages_lisp
[12.408s] [ 20%] Built target jsk_recognition_msgs_generate_messages_nodejs
[12.416s] [35m[1mScanning dependencies of target rosgraph_msgs_generate_messages_nodejs[0m
[12.430s] [35m[1mScanning dependencies of target rosgraph_msgs_generate_messages_lisp[0m
[12.447s] [ 20%] Built target actionlib_msgs_generate_messages_lisp
[12.454s] [35m[1mScanning dependencies of target actionlib_msgs_generate_messages_eus[0m
[12.455s] [ 20%] Built target grid_map_msgs_generate_messages_eus
[12.472s] [ 20%] Built target std_srvs_generate_messages_eus
[12.473s] [ 20%] Built target roscpp_generate_messages_lisp
[12.473s] [35m[1mScanning dependencies of target vector_map_server_generate_messages_py[0m
[12.474s] [35m[1mScanning dependencies of target roscpp_generate_messages_eus[0m
[12.496s] [35m[1mScanning dependencies of target rosgraph_msgs_generate_messages_py[0m
[12.516s] [35m[1mScanning dependencies of target jsk_hark_msgs_generate_messages_cpp[0m
[12.525s] [35m[1mScanning dependencies of target roscpp_generate_messages_py[0m
[12.554s] [ 20%] Built target rosgraph_msgs_generate_messages_nodejs
[12.560s] [ 20%] Built target vector_map_server_generate_messages_py
[12.589s] [35m[1mScanning dependencies of target grid_map_msgs_generate_messages_py[0m
[12.594s] [ 20%] Built target rosgraph_msgs_generate_messages_lisp
[12.611s] [35m[1mScanning dependencies of target grid_map_msgs_generate_messages_cpp[0m
[12.613s] [ 20%] Built target actionlib_msgs_generate_messages_eus
[12.617s] [ 20%] Built target roscpp_generate_messages_eus
[12.628s] [ 20%] Built target roscpp_generate_messages_py
[12.629s] [ 20%] Built target rosgraph_msgs_generate_messages_py
[12.643s] [35m[1mScanning dependencies of target sensor_msgs_generate_messages_lisp[0m
[12.656s] [35m[1mScanning dependencies of target pcl_msgs_generate_messages_nodejs[0m
[12.656s] [ 20%] Built target jsk_hark_msgs_generate_messages_cpp
[12.659s] [35m[1mScanning dependencies of target nav_msgs_generate_messages_cpp[0m
[12.689s] [ 20%] Built target grid_map_msgs_generate_messages_py
[12.705s] [35m[1mScanning dependencies of target nav_msgs_generate_messages_lisp[0m
[12.708s] [35m[1mScanning dependencies of target _catkin_empty_exported_target[0m
[12.717s] [35m[1mScanning dependencies of target nav_msgs_generate_messages_py[0m
[12.736s] [ 20%] Built target grid_map_msgs_generate_messages_cpp
[12.737s] [ 20%] Built target sensor_msgs_generate_messages_lisp
[12.748s] [35m[1mScanning dependencies of target tf2_msgs_generate_messages_lisp[0m
[12.751s] [35m[1mScanning dependencies of target dynamic_reconfigure_gencfg[0m
[12.764s] [35m[1mScanning dependencies of target std_srvs_generate_messages_lisp[0m
[12.780s] [ 20%] Built target pcl_msgs_generate_messages_nodejs
[12.780s] [ 20%] Built target nav_msgs_generate_messages_cpp
[12.782s] [ 20%] Built target nav_msgs_generate_messages_lisp
[12.786s] [ 20%] Built target _catkin_empty_exported_target
[12.818s] [ 20%] Built target nav_msgs_generate_messages_py
[12.828s] [35m[1mScanning dependencies of target topic_tools_generate_messages_lisp[0m
[12.841s] [35m[1mScanning dependencies of target std_srvs_generate_messages_nodejs[0m
[12.852s] [35m[1mScanning dependencies of target jsk_recognition_msgs_generate_messages_cpp[0m
[12.862s] [35m[1mScanning dependencies of target topic_tools_generate_messages_nodejs[0m
[12.864s] [ 20%] Built target tf2_msgs_generate_messages_lisp
[12.875s] [ 20%] Built target std_srvs_generate_messages_lisp
[12.893s] [35m[1mScanning dependencies of target std_srvs_generate_messages_py[0m
[12.894s] [ 20%] Built target dynamic_reconfigure_gencfg
[12.899s] [35m[1mScanning dependencies of target map_msgs_generate_messages_nodejs[0m
[12.902s] [35m[1mScanning dependencies of target nodelet_topic_tools_gencfg[0m
[12.914s] [ 20%] Built target topic_tools_generate_messages_lisp
[12.916s] [35m[1mScanning dependencies of target actionlib_msgs_generate_messages_nodejs[0m
[12.964s] [ 20%] Built target std_srvs_generate_messages_nodejs
[13.009s] [ 20%] Built target std_srvs_generate_messages_py
[13.012s] [35m[1mScanning dependencies of target actionlib_generate_messages_nodejs[0m
[13.013s] [35m[1mScanning dependencies of target pcl_msgs_generate_messages_lisp[0m
[13.014s] [35m[1mScanning dependencies of target topic_tools_generate_messages_py[0m
[13.018s] [ 20%] Built target nodelet_topic_tools_gencfg
[13.021s] [ 20%] Built target jsk_recognition_msgs_generate_messages_cpp
[13.024s] [ 20%] Built target map_msgs_generate_messages_nodejs
[13.025s] [ 20%] Built target topic_tools_generate_messages_nodejs
[13.029s] [ 20%] Built target actionlib_msgs_generate_messages_nodejs
[13.068s] [35m[1mScanning dependencies of target tf_generate_messages_cpp[0m
[13.083s] [ 20%] Built target topic_tools_generate_messages_py
[13.084s] [ 20%] Built target pcl_msgs_generate_messages_lisp
[13.087s] [35m[1mScanning dependencies of target jsk_footstep_msgs_generate_messages_cpp[0m
[13.100s] [ 20%] Built target actionlib_generate_messages_nodejs
[13.100s] [35m[1mScanning dependencies of target actionlib_msgs_generate_messages_cpp[0m
[13.129s] [ 20%] Built target tf_generate_messages_cpp
[13.131s] [ 20%] Built target jsk_footstep_msgs_generate_messages_cpp
[13.165s] [ 20%] Built target actionlib_msgs_generate_messages_cpp
[13.390s] /home/hypark/git/Autoware_On_Embedded/autoware.ai/src/autoware/core_perception/lidar_euclidean_cluster_detect/nodes/lidar_euclidean_cluster_detect/gpu_euclidean_clustering.cu(726): error: too many arguments in function call
[13.390s] 
[13.399s] /home/hypark/git/Autoware_On_Embedded/autoware.ai/src/autoware/core_perception/lidar_euclidean_cluster_detect/nodes/lidar_euclidean_cluster_detect/gpu_euclidean_clustering.cu(1064): warning: result of call is not used
[13.399s] 
[13.400s] /home/hypark/git/Autoware_On_Embedded/autoware.ai/src/autoware/core_perception/lidar_euclidean_cluster_detect/nodes/lidar_euclidean_cluster_detect/gpu_euclidean_clustering.cu(1088): warning: conversion from a string literal to "char *" is deprecated
[13.400s] 
[13.400s] /home/hypark/git/Autoware_On_Embedded/autoware.ai/src/autoware/core_perception/lidar_euclidean_cluster_detect/nodes/lidar_euclidean_cluster_detect/gpu_euclidean_clustering.cu(1135): error: identifier "BUFER_SIZE" is undefined
[13.400s] 
[13.400s] /home/hypark/git/Autoware_On_Embedded/autoware.ai/src/autoware/core_perception/lidar_euclidean_cluster_detect/nodes/lidar_euclidean_cluster_detect/gpu_euclidean_clustering.cu(1138): warning: result of call is not used
[13.400s] 
[13.678s] 2 errors detected in the compilation of "/tmp/tmpxft_00006c35_00000000-6_gpu_euclidean_clustering.cpp1.ii".
[13.720s] CMake Error at gpu_euclidean_clustering_generated_gpu_euclidean_clustering.cu.o.Release.cmake:279 (message):
[13.720s]   Error generating file
[13.720s]   /home/hypark/git/Autoware_On_Embedded/build/lidar_euclidean_cluster_detect/CMakeFiles/gpu_euclidean_clustering.dir/nodes/lidar_euclidean_cluster_detect/./gpu_euclidean_clustering_generated_gpu_euclidean_clustering.cu.o
[13.720s] 
[13.721s] 
[13.722s] CMakeFiles/gpu_euclidean_clustering.dir/build.make:63: recipe for target 'CMakeFiles/gpu_euclidean_clustering.dir/nodes/lidar_euclidean_cluster_detect/gpu_euclidean_clustering_generated_gpu_euclidean_clustering.cu.o' failed
[13.722s] make[2]: *** [CMakeFiles/gpu_euclidean_clustering.dir/nodes/lidar_euclidean_cluster_detect/gpu_euclidean_clustering_generated_gpu_euclidean_clustering.cu.o] Error 1
[13.722s] CMakeFiles/Makefile2:291: recipe for target 'CMakeFiles/gpu_euclidean_clustering.dir/all' failed
[13.722s] make[1]: *** [CMakeFiles/gpu_euclidean_clustering.dir/all] Error 2
[13.723s] make: *** [all] Error 2
[13.723s] Makefile:140: recipe for target 'all' failed
[13.726s] Invoked command in '/home/hypark/git/Autoware_On_Embedded/build/lidar_euclidean_cluster_detect' returned '2': /usr/bin/cmake --build /home/hypark/git/Autoware_On_Embedded/build/lidar_euclidean_cluster_detect -- -j12 -l12
