[  0%] Built target roscpp_generate_messages_lisp
[  0%] Built target rosgraph_msgs_generate_messages_lisp
[  0%] Built target actionlib_msgs_generate_messages_py
[  0%] Built target rosgraph_msgs_generate_messages_nodejs
[  0%] Built target actionlib_msgs_generate_messages_cpp
[  0%] Built target roscpp_generate_messages_py
[  0%] Built target pcl_msgs_generate_messages_py
[  0%] Built target actionlib_msgs_generate_messages_lisp
[  0%] Built target jsk_footstep_msgs_generate_messages_eus
[  0%] Built target sensor_msgs_generate_messages_nodejs
[  0%] Built target jsk_footstep_msgs_generate_messages_nodejs
[  0%] Built target pcl_msgs_generate_messages_nodejs
[  0%] Built target autoware_msgs_generate_messages_cpp
[  0%] Built target sensor_msgs_generate_messages_cpp
[  0%] Built target pcl_msgs_generate_messages_lisp
[  0%] Built target rosgraph_msgs_generate_messages_cpp
[  0%] Built target pcl_msgs_generate_messages_eus
[  0%] Built target std_msgs_generate_messages_nodejs
[  0%] Built target std_msgs_generate_messages_lisp
[  0%] Built target sensor_msgs_generate_messages_eus
[  0%] Built target std_msgs_generate_messages_eus
[  0%] Built target autoware_config_msgs_generate_messages_lisp
[  0%] Built target jsk_footstep_msgs_generate_messages_lisp
[  0%] Built target autoware_config_msgs_generate_messages_eus
[  0%] Built target autoware_msgs_generate_messages_nodejs
[  0%] Built target autoware_config_msgs_generate_messages_py
[  0%] Built target jsk_footstep_msgs_generate_messages_py
[  0%] Built target rosgraph_msgs_generate_messages_py
[  0%] Built target std_msgs_generate_messages_py
[  0%] Built target actionlib_msgs_generate_messages_nodejs
[  0%] Built target std_msgs_generate_messages_cpp
[  0%] Built target autoware_msgs_generate_messages_py
[  0%] Built target jsk_recognition_msgs_generate_messages_py
[  0%] Built target autoware_msgs_generate_messages_eus
[  0%] Built target sensor_msgs_generate_messages_py
[  0%] Built target jsk_recognition_msgs_generate_messages_cpp
[  0%] Built target sensor_msgs_generate_messages_lisp
[  0%] Built target pcl_msgs_generate_messages_cpp
[  0%] Built target geometry_msgs_generate_messages_eus
[  0%] Built target actionlib_msgs_generate_messages_eus
[  0%] Built target autoware_msgs_generate_messages_lisp
[  0%] Built target roscpp_generate_messages_nodejs
[  0%] Built target autoware_config_msgs_generate_messages_nodejs
[  0%] Built target geometry_msgs_generate_messages_cpp
[  0%] Built target roscpp_generate_messages_eus
[  0%] Built target geometry_msgs_generate_messages_nodejs
[  0%] Built target geometry_msgs_generate_messages_lisp
[  0%] Built target jsk_footstep_msgs_generate_messages_cpp
[  0%] Built target geometry_msgs_generate_messages_py
[  0%] Built target autoware_config_msgs_generate_messages_cpp
[  0%] Built target jsk_recognition_msgs_generate_messages_eus
[  0%] Built target jsk_recognition_msgs_generate_messages_lisp
[  0%] Built target rosgraph_msgs_generate_messages_eus
[  0%] Built target roscpp_generate_messages_cpp
[  0%] Built target jsk_recognition_msgs_generate_messages_nodejs
[ 93%] Built target vision_darknet_detect_lib
[100%] Built target vision_darknet_detect
Built target tests
[  0%] Built target roscpp_generate_messages_lisp
[  0%] Built target rosgraph_msgs_generate_messages_nodejs
[  0%] Built target roscpp_generate_messages_py
[  0%] Built target sensor_msgs_generate_messages_nodejs
[  0%] Built target actionlib_msgs_generate_messages_py
[  0%] Built target jsk_footstep_msgs_generate_messages_nodejs
[  0%] Built target rosgraph_msgs_generate_messages_lisp
[  0%] Built target actionlib_msgs_generate_messages_lisp
[  0%] Built target pcl_msgs_generate_messages_py
[  0%] Built target actionlib_msgs_generate_messages_cpp
[  0%] Built target jsk_footstep_msgs_generate_messages_eus
[  0%] Built target pcl_msgs_generate_messages_nodejs
[  0%] Built target pcl_msgs_generate_messages_lisp
[  0%] Built target autoware_msgs_generate_messages_cpp
[  0%] Built target rosgraph_msgs_generate_messages_cpp
[  0%] Built target pcl_msgs_generate_messages_eus
[  0%] Built target std_msgs_generate_messages_lisp
[  0%] Built target autoware_config_msgs_generate_messages_lisp
[  0%] Built target sensor_msgs_generate_messages_cpp
[  0%] Built target sensor_msgs_generate_messages_eus
[  0%] Built target std_msgs_generate_messages_nodejs
[  0%] Built target std_msgs_generate_messages_eus
[  0%] Built target autoware_config_msgs_generate_messages_eus
[  0%] Built target jsk_footstep_msgs_generate_messages_lisp
[  0%] Built target autoware_msgs_generate_messages_nodejs
[  0%] Built target autoware_config_msgs_generate_messages_py
[  0%] Built target jsk_footstep_msgs_generate_messages_py
[  0%] Built target rosgraph_msgs_generate_messages_py
[  0%] Built target actionlib_msgs_generate_messages_nodejs
[  0%] Built target std_msgs_generate_messages_cpp
[  0%] Built target std_msgs_generate_messages_py
[  0%] Built target autoware_msgs_generate_messages_py
[  0%] Built target jsk_recognition_msgs_generate_messages_py
[  0%] Built target sensor_msgs_generate_messages_py
[  0%] Built target autoware_msgs_generate_messages_eus
[  0%] Built target jsk_recognition_msgs_generate_messages_cpp
[  0%] Built target sensor_msgs_generate_messages_lisp
[  0%] Built target autoware_msgs_generate_messages_lisp
[  0%] Built target actionlib_msgs_generate_messages_eus
[  0%] Built target pcl_msgs_generate_messages_cpp
[  0%] Built target autoware_config_msgs_generate_messages_nodejs
[  0%] Built target roscpp_generate_messages_nodejs
[  0%] Built target roscpp_generate_messages_eus
[  0%] Built target geometry_msgs_generate_messages_cpp
[  0%] Built target geometry_msgs_generate_messages_lisp
[  0%] Built target geometry_msgs_generate_messages_eus
[  0%] Built target geometry_msgs_generate_messages_nodejs
[  0%] Built target jsk_footstep_msgs_generate_messages_cpp
[  0%] Built target geometry_msgs_generate_messages_py
[  0%] Built target autoware_config_msgs_generate_messages_cpp
[  0%] Built target jsk_recognition_msgs_generate_messages_eus
[  0%] Built target jsk_recognition_msgs_generate_messages_lisp
[  0%] Built target roscpp_generate_messages_cpp
[  0%] Built target rosgraph_msgs_generate_messages_eus
[  0%] Built target jsk_recognition_msgs_generate_messages_nodejs
[ 93%] Built target vision_darknet_detect_lib
[100%] Built target vision_darknet_detect
[36mInstall the project...[0m
-- Install configuration: "Release"
-- Up-to-date: /home/hypark/git/Autoware_On_Embedded/install/vision_darknet_detect/lib/pkgconfig/vision_darknet_detect.pc
-- Up-to-date: /home/hypark/git/Autoware_On_Embedded/install/vision_darknet_detect/share/vision_darknet_detect/cmake/vision_darknet_detectConfig.cmake
-- Up-to-date: /home/hypark/git/Autoware_On_Embedded/install/vision_darknet_detect/share/vision_darknet_detect/cmake/vision_darknet_detectConfig-version.cmake
-- Up-to-date: /home/hypark/git/Autoware_On_Embedded/install/vision_darknet_detect/share/vision_darknet_detect/package.xml
-- Up-to-date: /home/hypark/git/Autoware_On_Embedded/install/vision_darknet_detect/lib/libvision_darknet_detect_lib.so
-- Up-to-date: /home/hypark/git/Autoware_On_Embedded/install/vision_darknet_detect/lib/vision_darknet_detect/vision_darknet_detect
-- Up-to-date: /home/hypark/git/Autoware_On_Embedded/install/vision_darknet_detect/share/vision_darknet_detect/launch
-- Up-to-date: /home/hypark/git/Autoware_On_Embedded/install/vision_darknet_detect/share/vision_darknet_detect/launch/vision_yolo3_detect.launch
-- Up-to-date: /home/hypark/git/Autoware_On_Embedded/install/vision_darknet_detect/share/vision_darknet_detect/launch/vision_yolo2_detect.launch
-- Up-to-date: /home/hypark/git/Autoware_On_Embedded/install/vision_darknet_detect/share/vision_darknet_detect/darknet/cfg/
-- Up-to-date: /home/hypark/git/Autoware_On_Embedded/install/vision_darknet_detect/share/vision_darknet_detect/darknet/cfg//yolov2-tiny.cfg
-- Up-to-date: /home/hypark/git/Autoware_On_Embedded/install/vision_darknet_detect/share/vision_darknet_detect/darknet/cfg//yolov3-tiny.cfg
-- Up-to-date: /home/hypark/git/Autoware_On_Embedded/install/vision_darknet_detect/share/vision_darknet_detect/darknet/cfg//yolov2.cfg
-- Up-to-date: /home/hypark/git/Autoware_On_Embedded/install/vision_darknet_detect/share/vision_darknet_detect/darknet/cfg//voc.names
-- Up-to-date: /home/hypark/git/Autoware_On_Embedded/install/vision_darknet_detect/share/vision_darknet_detect/darknet/cfg//yolov3-voc.cfg
-- Up-to-date: /home/hypark/git/Autoware_On_Embedded/install/vision_darknet_detect/share/vision_darknet_detect/darknet/cfg//yolov3.cfg
-- Up-to-date: /home/hypark/git/Autoware_On_Embedded/install/vision_darknet_detect/share/vision_darknet_detect/darknet/cfg//coco.names
