[  0%] Built target tf_generate_messages_eus
[ 20%] [34m[1mBuilding NVCC (Device) object CMakeFiles/gpu_euclidean_clustering.dir/nodes/lidar_euclidean_cluster_detect/gpu_euclidean_clustering_generated_gpu_euclidean_clustering.cu.o[0m
[ 20%] Built target rviz_generate_messages_py
[ 20%] Built target vector_map_msgs_generate_messages_py
[ 20%] Built target vector_map_msgs_generate_messages_cpp
[ 20%] Built target vector_map_server_generate_messages_nodejs
[ 20%] Built target map_msgs_generate_messages_lisp
[ 20%] Built target vector_map_msgs_generate_messages_lisp
[ 20%] Built target people_msgs_generate_messages_py
[ 20%] Built target rviz_generate_messages_cpp
[ 20%] Built target vector_map_msgs_generate_messages_eus
[ 20%] Built target people_msgs_generate_messages_lisp
[ 20%] Built target bond_generate_messages_nodejs
[ 20%] Built target vector_map_msgs_generate_messages_nodejs
[ 20%] Built target rviz_generate_messages_eus
[ 20%] Built target people_msgs_generate_messages_eus
[ 20%] Built target people_msgs_generate_messages_cpp
[ 20%] Built target bond_generate_messages_lisp
[ 20%] Built target nodelet_generate_messages_nodejs
[ 20%] Built target bond_generate_messages_py
[ 20%] Built target bond_generate_messages_eus
[ 20%] Built target map_msgs_generate_messages_eus
[ 20%] Built target bond_generate_messages_cpp
[ 20%] Built target nodelet_generate_messages_eus
[ 20%] Built target nodelet_generate_messages_cpp
[ 20%] Built target dynamic_reconfigure_generate_messages_eus
[ 20%] Built target dynamic_reconfigure_generate_messages_py
[ 20%] Built target people_msgs_generate_messages_nodejs
[ 20%] Built target dynamic_reconfigure_generate_messages_nodejs
[ 20%] Built target dynamic_reconfigure_generate_messages_lisp
[ 20%] Built target map_msgs_generate_messages_py
[ 20%] Built target rviz_generate_messages_nodejs
[ 20%] Built target pcl_ros_gencfg
[ 20%] Built target jsk_hark_msgs_generate_messages_py
[ 20%] Built target jsk_hark_msgs_generate_messages_nodejs
[ 20%] Built target jsk_rviz_plugins_generate_messages_py
[ 20%] Built target jsk_rviz_plugins_generate_messages_nodejs
[ 20%] Built target jsk_rviz_plugins_generate_messages_lisp
[ 20%] Built target jsk_rviz_plugins_gencfg
[ 20%] Built target rviz_generate_messages_lisp
[ 20%] Built target jsk_recognition_utils_gencfg
[ 20%] Built target jsk_hark_msgs_generate_messages_eus
[ 20%] Built target visualization_msgs_generate_messages_py
[ 20%] Built target visualization_msgs_generate_messages_nodejs
[ 20%] Built target visualization_msgs_generate_messages_eus
[ 20%] Built target vector_map_server_generate_messages_cpp
[ 20%] Built target tf2_msgs_generate_messages_nodejs
[ 20%] Built target tf2_msgs_generate_messages_cpp
[ 20%] Built target map_msgs_generate_messages_cpp
[ 20%] Built target dynamic_reconfigure_generate_messages_cpp
[ 20%] Built target tf2_msgs_generate_messages_py
[ 20%] Built target actionlib_generate_messages_py
[ 20%] Built target tf_generate_messages_py
[ 20%] Built target actionlib_generate_messages_cpp
[ 20%] Built target tf_generate_messages_nodejs
[ 20%] Built target tf_generate_messages_lisp
[ 20%] Built target geometry_msgs_generate_messages_py
[ 20%] Built target vector_map_server_generate_messages_eus
[ 20%] Built target pcl_msgs_generate_messages_eus
[ 20%] Built target jsk_recognition_msgs_generate_messages_lisp
[ 20%] Built target sensor_msgs_generate_messages_nodejs
[ 20%] Built target roscpp_generate_messages_cpp
[ 20%] Built target rosgraph_msgs_generate_messages_eus
[ 20%] Built target jsk_recognition_msgs_generate_messages_eus
[ 20%] Built target std_msgs_generate_messages_py
[ 20%] Built target nodelet_generate_messages_lisp
[ 20%] Built target jsk_hark_msgs_generate_messages_lisp
[ 20%] Built target std_msgs_generate_messages_nodejs
[ 20%] Built target autoware_msgs_generate_messages_py
[ 20%] Built target sensor_msgs_generate_messages_cpp
[ 20%] Built target autoware_msgs_generate_messages_cpp
[ 20%] Built target rosgraph_msgs_generate_messages_cpp
[ 20%] Built target topic_tools_generate_messages_cpp
[ 20%] Built target sensor_msgs_generate_messages_py
[ 20%] Built target sensor_msgs_generate_messages_eus
[ 20%] Built target jsk_recognition_msgs_generate_messages_py
[ 20%] Built target nodelet_generate_messages_py
[ 20%] Built target std_msgs_generate_messages_cpp
[ 20%] Built target jsk_footstep_msgs_generate_messages_py
[ 20%] Built target geometry_msgs_generate_messages_eus
[ 20%] Built target geometry_msgs_generate_messages_nodejs
[ 20%] Built target nav_msgs_generate_messages_nodejs
[ 20%] Built target jsk_rviz_plugins_generate_messages_eus
[ 20%] Built target std_msgs_generate_messages_lisp
[ 20%] Built target jsk_rviz_plugins_generate_messages_cpp
[ 20%] Built target roscpp_generate_messages_nodejs
[ 20%] Built target actionlib_generate_messages_eus
[ 20%] Built target pcl_msgs_generate_messages_py
[ 20%] Built target geometry_msgs_generate_messages_cpp
[ 20%] Built target geometry_msgs_generate_messages_lisp
[ 20%] Built target actionlib_generate_messages_lisp
[ 20%] Built target pcl_msgs_generate_messages_cpp
[ 20%] Built target autoware_msgs_generate_messages_eus
[ 20%] Built target visualization_msgs_generate_messages_lisp
[ 20%] Built target autoware_msgs_generate_messages_lisp
[ 20%] Built target topic_tools_generate_messages_eus
[ 20%] Built target std_msgs_generate_messages_eus
[ 20%] Built target autoware_msgs_generate_messages_nodejs
[ 20%] Built target jsk_footstep_msgs_generate_messages_eus
[ 20%] Built target tf2_msgs_generate_messages_eus
[ 20%] Built target visualization_msgs_generate_messages_cpp
[ 20%] Built target nav_msgs_generate_messages_eus
[ 20%] Built target actionlib_msgs_generate_messages_py
[ 20%] Built target vector_map_server_generate_messages_lisp
[ 20%] Built target jsk_footstep_msgs_generate_messages_lisp
[ 20%] Built target grid_map_msgs_generate_messages_nodejs
[ 20%] Built target std_srvs_generate_messages_cpp
[ 20%] Built target jsk_footstep_msgs_generate_messages_nodejs
[ 20%] Built target actionlib_msgs_generate_messages_lisp
[ 20%] Built target grid_map_msgs_generate_messages_lisp
[ 20%] Built target jsk_recognition_msgs_generate_messages_nodejs
[ 20%] Built target roscpp_generate_messages_lisp
[ 20%] Built target std_srvs_generate_messages_eus
[ 20%] Built target rosgraph_msgs_generate_messages_nodejs
[ 20%] Built target vector_map_server_generate_messages_py
[ 20%] Built target grid_map_msgs_generate_messages_eus
[ 20%] Built target rosgraph_msgs_generate_messages_lisp
[ 20%] Built target roscpp_generate_messages_eus
[ 20%] Built target rosgraph_msgs_generate_messages_py
[ 20%] Built target actionlib_msgs_generate_messages_eus
[ 20%] Built target roscpp_generate_messages_py
[ 20%] Built target grid_map_msgs_generate_messages_cpp
[ 20%] Built target pcl_msgs_generate_messages_nodejs
[ 20%] Built target jsk_hark_msgs_generate_messages_cpp
[ 20%] Built target sensor_msgs_generate_messages_lisp
[ 20%] Built target tf2_msgs_generate_messages_lisp
[ 20%] Built target nav_msgs_generate_messages_cpp
[ 20%] Built target nav_msgs_generate_messages_lisp
[ 20%] Built target grid_map_msgs_generate_messages_py
[ 20%] Built target dynamic_reconfigure_gencfg
[ 20%] Built target std_srvs_generate_messages_lisp
[ 20%] Built target _catkin_empty_exported_target
[ 20%] Built target nav_msgs_generate_messages_py
[ 20%] Built target topic_tools_generate_messages_lisp
[ 20%] Built target jsk_recognition_msgs_generate_messages_cpp
[ 20%] Built target map_msgs_generate_messages_nodejs
[ 20%] Built target std_srvs_generate_messages_nodejs
[ 20%] Built target std_srvs_generate_messages_py
[ 20%] Built target nodelet_topic_tools_gencfg
[ 20%] Built target topic_tools_generate_messages_nodejs
[ 20%] Built target actionlib_msgs_generate_messages_nodejs
[ 20%] Built target topic_tools_generate_messages_py
[ 20%] Built target actionlib_generate_messages_nodejs
[ 20%] Built target pcl_msgs_generate_messages_lisp
[ 20%] Built target tf_generate_messages_cpp
[ 20%] Built target actionlib_msgs_generate_messages_cpp
[ 20%] Built target jsk_footstep_msgs_generate_messages_cpp
CMakeFiles/gpu_euclidean_clustering.dir/build.make:906: recipe for target 'CMakeFiles/gpu_euclidean_clustering.dir/nodes/lidar_euclidean_cluster_detect/gpu_euclidean_clustering_generated_gpu_euclidean_clustering.cu.o' failed
CMakeFiles/Makefile2:291: recipe for target 'CMakeFiles/gpu_euclidean_clustering.dir/all' failed
Makefile:140: recipe for target 'all' failed
