[0.022s] Invoking command in '/home/hypark/git/Autoware_On_Embedded/build/lidar_euclidean_cluster_detect': /usr/bin/cmake --build /home/hypark/git/Autoware_On_Embedded/build/lidar_euclidean_cluster_detect -- -j12 -l12
[0.193s] [  0%] Built target tf_generate_messages_eus
[0.194s] [ 20%] [34m[1mBuilding NVCC (Device) object CMakeFiles/gpu_euclidean_clustering.dir/nodes/lidar_euclidean_cluster_detect/gpu_euclidean_clustering_generated_gpu_euclidean_clustering.cu.o[0m
[0.198s] [ 20%] Built target rviz_generate_messages_py
[0.206s] [ 20%] Built target vector_map_msgs_generate_messages_py
[0.208s] [ 20%] Built target vector_map_msgs_generate_messages_cpp
[0.211s] [ 20%] Built target vector_map_server_generate_messages_nodejs
[0.212s] [ 20%] Built target map_msgs_generate_messages_lisp
[0.216s] [ 20%] Built target vector_map_msgs_generate_messages_lisp
[0.226s] [ 20%] Built target people_msgs_generate_messages_py
[0.234s] [ 20%] Built target rviz_generate_messages_cpp
[0.239s] [ 20%] Built target vector_map_msgs_generate_messages_eus
[0.256s] [ 20%] Built target people_msgs_generate_messages_lisp
[0.304s] [ 20%] Built target bond_generate_messages_nodejs
[0.313s] [ 20%] Built target vector_map_msgs_generate_messages_nodejs
[0.323s] [ 20%] Built target rviz_generate_messages_eus
[0.323s] [ 20%] Built target people_msgs_generate_messages_eus
[0.324s] [ 20%] Built target people_msgs_generate_messages_cpp
[0.326s] [ 20%] Built target bond_generate_messages_lisp
[0.344s] [ 20%] Built target nodelet_generate_messages_nodejs
[0.346s] [ 20%] Built target bond_generate_messages_py
[0.355s] [ 20%] Built target bond_generate_messages_eus
[0.356s] [ 20%] Built target map_msgs_generate_messages_eus
[0.359s] [ 20%] Built target bond_generate_messages_cpp
[0.422s] [ 20%] Built target nodelet_generate_messages_eus
[0.444s] [ 20%] Built target nodelet_generate_messages_cpp
[0.453s] [ 20%] Built target dynamic_reconfigure_generate_messages_eus
[0.455s] [ 20%] Built target dynamic_reconfigure_generate_messages_py
[0.470s] [ 20%] Built target people_msgs_generate_messages_nodejs
[0.470s] [ 20%] Built target dynamic_reconfigure_generate_messages_nodejs
[0.472s] [ 20%] Built target dynamic_reconfigure_generate_messages_lisp
[0.485s] [ 20%] Built target map_msgs_generate_messages_py
[0.491s] [ 20%] Built target rviz_generate_messages_nodejs
[0.524s] [ 20%] Built target pcl_ros_gencfg
[0.539s] [ 20%] Built target jsk_hark_msgs_generate_messages_py
[0.565s] [ 20%] Built target jsk_hark_msgs_generate_messages_nodejs
[0.572s] [ 20%] Built target jsk_rviz_plugins_generate_messages_py
[0.593s] [ 20%] Built target jsk_rviz_plugins_generate_messages_nodejs
[0.598s] [ 20%] Built target jsk_rviz_plugins_generate_messages_lisp
[0.607s] [ 20%] Built target jsk_rviz_plugins_gencfg
[0.624s] [ 20%] Built target rviz_generate_messages_lisp
[0.625s] [ 20%] Built target jsk_recognition_utils_gencfg
[0.626s] [ 20%] Built target jsk_hark_msgs_generate_messages_eus
[0.626s] [ 20%] Built target visualization_msgs_generate_messages_py
[0.673s] [ 20%] Built target visualization_msgs_generate_messages_nodejs
[0.704s] [ 20%] Built target visualization_msgs_generate_messages_eus
[0.704s] [ 20%] Built target vector_map_server_generate_messages_cpp
[0.710s] [ 20%] Built target tf2_msgs_generate_messages_nodejs
[0.727s] [ 20%] Built target tf2_msgs_generate_messages_cpp
[0.735s] [ 20%] Built target map_msgs_generate_messages_cpp
[0.748s] [ 20%] Built target dynamic_reconfigure_generate_messages_cpp
[0.752s] [ 20%] Built target tf2_msgs_generate_messages_py
[0.756s] [ 20%] Built target actionlib_generate_messages_py
[0.780s] [ 20%] Built target tf_generate_messages_py
[0.781s] [ 20%] Built target actionlib_generate_messages_cpp
[0.811s] [ 20%] Built target tf_generate_messages_nodejs
[0.822s] [ 20%] Built target tf_generate_messages_lisp
[0.844s] [ 20%] Built target geometry_msgs_generate_messages_py
[0.851s] [ 20%] Built target vector_map_server_generate_messages_eus
[0.874s] [ 20%] Built target pcl_msgs_generate_messages_eus
[0.875s] [ 20%] Built target jsk_recognition_msgs_generate_messages_lisp
[0.876s] [ 20%] Built target sensor_msgs_generate_messages_nodejs
[0.887s] [ 20%] Built target roscpp_generate_messages_cpp
[0.888s] [ 20%] Built target rosgraph_msgs_generate_messages_eus
[0.906s] [ 20%] Built target jsk_recognition_msgs_generate_messages_eus
[0.921s] [ 20%] Built target std_msgs_generate_messages_py
[0.932s] [ 20%] Built target nodelet_generate_messages_lisp
[0.984s] [ 20%] Built target jsk_hark_msgs_generate_messages_lisp
[0.986s] [ 20%] Built target std_msgs_generate_messages_nodejs
[1.018s] [ 20%] Built target autoware_msgs_generate_messages_py
[1.023s] [ 20%] Built target sensor_msgs_generate_messages_cpp
[1.032s] [ 20%] Built target autoware_msgs_generate_messages_cpp
[1.036s] [ 20%] Built target rosgraph_msgs_generate_messages_cpp
[1.043s] [ 20%] Built target topic_tools_generate_messages_cpp
[1.050s] [ 20%] Built target sensor_msgs_generate_messages_py
[1.051s] [ 20%] Built target sensor_msgs_generate_messages_eus
[1.078s] [ 20%] Built target jsk_recognition_msgs_generate_messages_py
[1.082s] [ 20%] Built target nodelet_generate_messages_py
[1.138s] [ 20%] Built target std_msgs_generate_messages_cpp
[1.151s] [ 20%] Built target jsk_footstep_msgs_generate_messages_py
[1.160s] [ 20%] Built target geometry_msgs_generate_messages_eus
[1.162s] [ 20%] Built target geometry_msgs_generate_messages_nodejs
[1.167s] [ 20%] Built target nav_msgs_generate_messages_nodejs
[1.176s] [ 20%] Built target jsk_rviz_plugins_generate_messages_eus
[1.177s] [ 20%] Built target std_msgs_generate_messages_lisp
[1.192s] [ 20%] Built target jsk_rviz_plugins_generate_messages_cpp
[1.196s] [ 20%] Built target roscpp_generate_messages_nodejs
[1.218s] [ 20%] Built target actionlib_generate_messages_eus
[1.252s] [ 20%] Built target pcl_msgs_generate_messages_py
[1.276s] [ 20%] Built target geometry_msgs_generate_messages_cpp
[1.282s] [ 20%] Built target geometry_msgs_generate_messages_lisp
[1.283s] [ 20%] Built target actionlib_generate_messages_lisp
[1.292s] [ 20%] Built target pcl_msgs_generate_messages_cpp
[1.307s] [ 20%] Built target autoware_msgs_generate_messages_eus
[1.317s] [ 20%] Built target visualization_msgs_generate_messages_lisp
[1.317s] [ 20%] Built target autoware_msgs_generate_messages_lisp
[1.332s] [ 20%] Built target topic_tools_generate_messages_eus
[1.336s] [ 20%] Built target std_msgs_generate_messages_eus
[1.339s] [ 20%] Built target autoware_msgs_generate_messages_nodejs
[1.383s] [ 20%] Built target jsk_footstep_msgs_generate_messages_eus
[1.399s] [ 20%] Built target tf2_msgs_generate_messages_eus
[1.405s] [ 20%] Built target visualization_msgs_generate_messages_cpp
[1.407s] [ 20%] Built target nav_msgs_generate_messages_eus
[1.425s] [ 20%] Built target actionlib_msgs_generate_messages_py
[1.429s] [ 20%] Built target vector_map_server_generate_messages_lisp
[1.434s] [ 20%] Built target jsk_footstep_msgs_generate_messages_lisp
[1.452s] [ 20%] Built target grid_map_msgs_generate_messages_nodejs
[1.461s] [ 20%] Built target std_srvs_generate_messages_cpp
[1.465s] [ 20%] Built target jsk_footstep_msgs_generate_messages_nodejs
[1.468s] [ 20%] Built target actionlib_msgs_generate_messages_lisp
[1.506s] [ 20%] Built target grid_map_msgs_generate_messages_lisp
[1.522s] [ 20%] Built target jsk_recognition_msgs_generate_messages_nodejs
[1.549s] [ 20%] Built target roscpp_generate_messages_lisp
[1.563s] [ 20%] Built target std_srvs_generate_messages_eus
[1.565s] [ 20%] Built target rosgraph_msgs_generate_messages_nodejs
[1.571s] [ 20%] Built target vector_map_server_generate_messages_py
[1.573s] [ 20%] Built target grid_map_msgs_generate_messages_eus
[1.591s] [ 20%] Built target rosgraph_msgs_generate_messages_lisp
[1.596s] [ 20%] Built target roscpp_generate_messages_eus
[1.602s] [ 20%] Built target rosgraph_msgs_generate_messages_py
[1.625s] [ 20%] Built target actionlib_msgs_generate_messages_eus
[1.639s] [ 20%] Built target roscpp_generate_messages_py
[1.647s] [ 20%] Built target grid_map_msgs_generate_messages_cpp
[1.707s] [ 20%] Built target pcl_msgs_generate_messages_nodejs
[1.710s] [ 20%] Built target jsk_hark_msgs_generate_messages_cpp
[1.723s] [ 20%] Built target sensor_msgs_generate_messages_lisp
[1.729s] [ 20%] Built target tf2_msgs_generate_messages_lisp
[1.729s] [ 20%] Built target nav_msgs_generate_messages_cpp
[1.734s] [ 20%] Built target nav_msgs_generate_messages_lisp
[1.741s] [ 20%] Built target grid_map_msgs_generate_messages_py
[1.757s] [ 20%] Built target dynamic_reconfigure_gencfg
[1.794s] [ 20%] Built target std_srvs_generate_messages_lisp
[1.807s] [ 20%] Built target _catkin_empty_exported_target
[1.815s] [ 20%] Built target nav_msgs_generate_messages_py
[1.839s] [ 20%] Built target topic_tools_generate_messages_lisp
[1.842s] [ 20%] Built target jsk_recognition_msgs_generate_messages_cpp
[1.855s] [ 20%] Built target map_msgs_generate_messages_nodejs
[1.856s] [ 20%] Built target std_srvs_generate_messages_nodejs
[1.881s] [ 20%] Built target std_srvs_generate_messages_py
[1.886s] [ 20%] Built target nodelet_topic_tools_gencfg
[1.896s] [ 20%] Built target topic_tools_generate_messages_nodejs
[1.912s] [ 20%] Built target actionlib_msgs_generate_messages_nodejs
[1.928s] [ 20%] Built target topic_tools_generate_messages_py
[1.938s] [ 20%] Built target actionlib_generate_messages_nodejs
[1.939s] [ 20%] Built target pcl_msgs_generate_messages_lisp
[1.942s] [ 20%] Built target tf_generate_messages_cpp
[1.965s] [ 20%] Built target actionlib_msgs_generate_messages_cpp
[1.971s] [ 20%] Built target jsk_footstep_msgs_generate_messages_cpp
[2.353s] /home/hypark/git/Autoware_On_Embedded/autoware.ai/src/autoware/core_perception/lidar_euclidean_cluster_detect/nodes/lidar_euclidean_cluster_detect/gpu_euclidean_clustering.cu(1064): warning: result of call is not used
[2.353s] 
[2.353s] /home/hypark/git/Autoware_On_Embedded/autoware.ai/src/autoware/core_perception/lidar_euclidean_cluster_detect/nodes/lidar_euclidean_cluster_detect/gpu_euclidean_clustering.cu(1088): warning: conversion from a string literal to "char *" is deprecated
[2.353s] 
[2.353s] /home/hypark/git/Autoware_On_Embedded/autoware.ai/src/autoware/core_perception/lidar_euclidean_cluster_detect/nodes/lidar_euclidean_cluster_detect/gpu_euclidean_clustering.cu(1135): error: identifier "BUFER_SIZE" is undefined
[2.353s] 
[2.353s] /home/hypark/git/Autoware_On_Embedded/autoware.ai/src/autoware/core_perception/lidar_euclidean_cluster_detect/nodes/lidar_euclidean_cluster_detect/gpu_euclidean_clustering.cu(1138): warning: result of call is not used
[2.353s] 
[2.500s] 1 error detected in the compilation of "/tmp/tmpxft_000045b1_00000000-6_gpu_euclidean_clustering.cpp1.ii".
[2.531s] CMake Error at gpu_euclidean_clustering_generated_gpu_euclidean_clustering.cu.o.Release.cmake:279 (message):
[2.531s]   Error generating file
[2.532s]   /home/hypark/git/Autoware_On_Embedded/build/lidar_euclidean_cluster_detect/CMakeFiles/gpu_euclidean_clustering.dir/nodes/lidar_euclidean_cluster_detect/./gpu_euclidean_clustering_generated_gpu_euclidean_clustering.cu.o
[2.532s] 
[2.532s] 
[2.532s] CMakeFiles/gpu_euclidean_clustering.dir/build.make:906: recipe for target 'CMakeFiles/gpu_euclidean_clustering.dir/nodes/lidar_euclidean_cluster_detect/gpu_euclidean_clustering_generated_gpu_euclidean_clustering.cu.o' failed
[2.532s] make[2]: *** [CMakeFiles/gpu_euclidean_clustering.dir/nodes/lidar_euclidean_cluster_detect/gpu_euclidean_clustering_generated_gpu_euclidean_clustering.cu.o] Error 1
[2.532s] CMakeFiles/Makefile2:291: recipe for target 'CMakeFiles/gpu_euclidean_clustering.dir/all' failed
[2.533s] make[1]: *** [CMakeFiles/gpu_euclidean_clustering.dir/all] Error 2
[2.533s] Makefile:140: recipe for target 'all' failed
[2.533s] make: *** [all] Error 2
[2.534s] Invoked command in '/home/hypark/git/Autoware_On_Embedded/build/lidar_euclidean_cluster_detect' returned '2': /usr/bin/cmake --build /home/hypark/git/Autoware_On_Embedded/build/lidar_euclidean_cluster_detect -- -j12 -l12
