[01m[K/home/hypark/git/Autoware_On_Embedded/autoware.ai/src/autoware/core_perception/vision_darknet_detect/darknet/src/cuda.c:[m[K In function ‘[01m[Kget_deadline_list[m[K’:
[01m[K/home/hypark/git/Autoware_On_Embedded/autoware.ai/src/autoware/core_perception/vision_darknet_detect/darknet/src/cuda.c:440:17:[m[K [01;35m[Kwarning: [m[Kuse of assignment suppression and length modifier together in gnu_scanf format [[01;35m[K-Wformat=[m[K]
     sscanf(buf, [01;35m[K"%*llu, %llu"[m[K, &deadline);
                 [01;35m[K^~~~~~~~~~~~~[m[K
[01m[K/home/hypark/git/Autoware_On_Embedded/autoware.ai/src/autoware/core_perception/vision_darknet_detect/darknet/src/cuda.c:[m[K In function ‘[01m[Kget_scheduler_pid[m[K’:
[01m[K/home/hypark/git/Autoware_On_Embedded/autoware.ai/src/autoware/core_perception/vision_darknet_detect/darknet/src/cuda.c:356:3:[m[K [01;35m[Kwarning: [m[Kignoring return value of ‘[01m[Kfscanf[m[K’, declared with attribute warn_unused_result [[01;35m[K-Wunused-result[m[K]
   [01;35m[Kfscanf(scheduler_fp, "%d", &scheduler_pid_)[m[K;
   [01;35m[K^~~~~~~~~~~~~~~~~~~~~~~~~~~~~~~~~~~~~~~~~~~[m[K
[01m[K/home/hypark/git/Autoware_On_Embedded/autoware.ai/src/autoware/core_perception/vision_darknet_detect/darknet/src/cuda.c:[m[K In function ‘[01m[Kget_deadline_list[m[K’:
[01m[K/home/hypark/git/Autoware_On_Embedded/autoware.ai/src/autoware/core_perception/vision_darknet_detect/darknet/src/cuda.c:438:5:[m[K [01;35m[Kwarning: [m[Kignoring return value of ‘[01m[Kfgets[m[K’, declared with attribute warn_unused_result [[01;35m[K-Wunused-result[m[K]
     [01;35m[Kfgets(buf, 1024, fp)[m[K;
     [01;35m[K^~~~~~~~~~~~~~~~~~~~[m[K
[01m[K/home/hypark/git/Autoware_On_Embedded/autoware.ai/src/autoware/core_perception/vision_darknet_detect/darknet/src/cuda.c:[m[K In function ‘[01m[Kget_deadline_list[m[K’:
[01m[K/home/hypark/git/Autoware_On_Embedded/autoware.ai/src/autoware/core_perception/vision_darknet_detect/darknet/src/cuda.c:440:17:[m[K [01;35m[Kwarning: [m[Kuse of assignment suppression and length modifier together in gnu_scanf format [[01;35m[K-Wformat=[m[K]
     sscanf(buf, [01;35m[K"%*llu, %llu"[m[K, &deadline);
                 [01;35m[K^~~~~~~~~~~~~[m[K
[01m[K/home/hypark/git/Autoware_On_Embedded/autoware.ai/src/autoware/core_perception/vision_darknet_detect/darknet/src/cuda.c:[m[K In function ‘[01m[Kget_scheduler_pid[m[K’:
[01m[K/home/hypark/git/Autoware_On_Embedded/autoware.ai/src/autoware/core_perception/vision_darknet_detect/darknet/src/cuda.c:356:3:[m[K [01;35m[Kwarning: [m[Kignoring return value of ‘[01m[Kfscanf[m[K’, declared with attribute warn_unused_result [[01;35m[K-Wunused-result[m[K]
   [01;35m[Kfscanf(scheduler_fp, "%d", &scheduler_pid_)[m[K;
   [01;35m[K^~~~~~~~~~~~~~~~~~~~~~~~~~~~~~~~~~~~~~~~~~~[m[K
[01m[K/home/hypark/git/Autoware_On_Embedded/autoware.ai/src/autoware/core_perception/vision_darknet_detect/darknet/src/cuda.c:[m[K In function ‘[01m[Kget_deadline_list[m[K’:
[01m[K/home/hypark/git/Autoware_On_Embedded/autoware.ai/src/autoware/core_perception/vision_darknet_detect/darknet/src/cuda.c:438:5:[m[K [01;35m[Kwarning: [m[Kignoring return value of ‘[01m[Kfgets[m[K’, declared with attribute warn_unused_result [[01;35m[K-Wunused-result[m[K]
     [01;35m[Kfgets(buf, 1024, fp)[m[K;
     [01;35m[K^~~~~~~~~~~~~~~~~~~~[m[K
