[0.022s] Invoking command in '/home/hypark/git/Autoware_On_Embedded/build/vision_darknet_detect': /usr/bin/cmake --build /home/hypark/git/Autoware_On_Embedded/build/vision_darknet_detect -- -j12 -l12
[0.185s] [  0%] Built target rosgraph_msgs_generate_messages_lisp
[0.192s] [  0%] Built target sensor_msgs_generate_messages_nodejs
[0.194s] [  0%] Built target rosgraph_msgs_generate_messages_nodejs
[0.198s] [  0%] Built target jsk_footstep_msgs_generate_messages_nodejs
[0.198s] [  0%] Built target pcl_msgs_generate_messages_nodejs
[0.199s] [  0%] Built target pcl_msgs_generate_messages_py
[0.204s] [  0%] Built target roscpp_generate_messages_lisp
[0.214s] [  0%] Built target actionlib_msgs_generate_messages_cpp
[0.214s] [  0%] Built target actionlib_msgs_generate_messages_py
[0.215s] [  0%] Built target roscpp_generate_messages_py
[0.225s] [  0%] Built target jsk_footstep_msgs_generate_messages_eus
[0.230s] [  0%] Built target actionlib_msgs_generate_messages_lisp
[0.292s] [  0%] Built target rosgraph_msgs_generate_messages_cpp
[0.296s] [  0%] Built target pcl_msgs_generate_messages_lisp
[0.297s] [  0%] Built target pcl_msgs_generate_messages_eus
[0.305s] [  0%] Built target sensor_msgs_generate_messages_cpp
[0.314s] [  0%] Built target autoware_msgs_generate_messages_cpp
[0.317s] [  0%] Built target std_msgs_generate_messages_lisp
[0.319s] [  0%] Built target std_msgs_generate_messages_nodejs
[0.320s] [  0%] Built target autoware_config_msgs_generate_messages_lisp
[0.326s] [  0%] Built target sensor_msgs_generate_messages_eus
[0.339s] [  0%] Built target jsk_footstep_msgs_generate_messages_lisp
[0.352s] [  0%] Built target autoware_config_msgs_generate_messages_eus
[0.359s] [  0%] Built target std_msgs_generate_messages_eus
[0.401s] [  0%] Built target rosgraph_msgs_generate_messages_py
[0.402s] [  0%] Built target autoware_msgs_generate_messages_nodejs
[0.410s] [  0%] Built target std_msgs_generate_messages_py
[0.411s] [  0%] Built target autoware_msgs_generate_messages_py
[0.418s] [  0%] Built target jsk_footstep_msgs_generate_messages_py
[0.429s] [  0%] Built target std_msgs_generate_messages_cpp
[0.434s] [  0%] Built target sensor_msgs_generate_messages_py
[0.437s] [  0%] Built target actionlib_msgs_generate_messages_nodejs
[0.442s] [  0%] Built target autoware_config_msgs_generate_messages_py
[0.444s] [  0%] Built target jsk_recognition_msgs_generate_messages_py
[0.456s] [  0%] Built target jsk_recognition_msgs_generate_messages_cpp
[0.464s] [  0%] Built target autoware_msgs_generate_messages_eus
[0.512s] [  0%] Built target sensor_msgs_generate_messages_lisp
[0.513s] [  0%] Built target pcl_msgs_generate_messages_cpp
[0.518s] [  0%] Built target autoware_msgs_generate_messages_lisp
[0.532s] [  0%] Built target actionlib_msgs_generate_messages_eus
[0.539s] [  0%] Built target roscpp_generate_messages_nodejs
[0.540s] [  0%] Built target roscpp_generate_messages_eus
[0.542s] [  0%] Built target geometry_msgs_generate_messages_lisp
[0.551s] [  0%] Built target geometry_msgs_generate_messages_nodejs
[0.554s] [  0%] Built target autoware_config_msgs_generate_messages_nodejs
[0.559s] [  0%] Built target geometry_msgs_generate_messages_cpp
[0.571s] [  0%] Built target jsk_footstep_msgs_generate_messages_cpp
[0.572s] [  0%] Built target geometry_msgs_generate_messages_eus
[0.599s] [  0%] Built target autoware_config_msgs_generate_messages_cpp
[0.614s] [  0%] Built target jsk_recognition_msgs_generate_messages_eus
[0.614s] [  0%] Built target geometry_msgs_generate_messages_py
[0.617s] [  0%] Built target rosgraph_msgs_generate_messages_eus
[0.622s] [  0%] Built target jsk_recognition_msgs_generate_messages_nodejs
[0.626s] [  0%] Built target jsk_recognition_msgs_generate_messages_lisp
[0.628s] [  0%] Built target roscpp_generate_messages_cpp
[0.686s] [35m[1mScanning dependencies of target vision_darknet_detect_lib[0m
[0.771s] [  1%] [32mBuilding C object CMakeFiles/vision_darknet_detect_lib.dir/darknet/src/cuda.c.o[0m
[0.813s] [01m[K/home/hypark/git/Autoware_On_Embedded/autoware.ai/src/autoware/core_perception/vision_darknet_detect/darknet/src/cuda.c:[m[K In function ‘[01m[Kget_deadline_list[m[K’:
[0.813s] [01m[K/home/hypark/git/Autoware_On_Embedded/autoware.ai/src/autoware/core_perception/vision_darknet_detect/darknet/src/cuda.c:440:17:[m[K [01;35m[Kwarning: [m[Kuse of assignment suppression and length modifier together in gnu_scanf format [[01;35m[K-Wformat=[m[K]
[0.813s]      sscanf(buf, [01;35m[K"%*llu, %llu"[m[K, &deadline);
[0.813s]                  [01;35m[K^~~~~~~~~~~~~[m[K
[0.814s] [01m[K/home/hypark/git/Autoware_On_Embedded/autoware.ai/src/autoware/core_perception/vision_darknet_detect/darknet/src/cuda.c:[m[K In function ‘[01m[Kget_scheduler_pid[m[K’:
[0.814s] [01m[K/home/hypark/git/Autoware_On_Embedded/autoware.ai/src/autoware/core_perception/vision_darknet_detect/darknet/src/cuda.c:356:3:[m[K [01;35m[Kwarning: [m[Kignoring return value of ‘[01m[Kfscanf[m[K’, declared with attribute warn_unused_result [[01;35m[K-Wunused-result[m[K]
[0.814s]    [01;35m[Kfscanf(scheduler_fp, "%d", &scheduler_pid_)[m[K;
[0.814s]    [01;35m[K^~~~~~~~~~~~~~~~~~~~~~~~~~~~~~~~~~~~~~~~~~~[m[K
[0.814s] [01m[K/home/hypark/git/Autoware_On_Embedded/autoware.ai/src/autoware/core_perception/vision_darknet_detect/darknet/src/cuda.c:[m[K In function ‘[01m[Kget_deadline_list[m[K’:
[0.814s] [01m[K/home/hypark/git/Autoware_On_Embedded/autoware.ai/src/autoware/core_perception/vision_darknet_detect/darknet/src/cuda.c:438:5:[m[K [01;35m[Kwarning: [m[Kignoring return value of ‘[01m[Kfgets[m[K’, declared with attribute warn_unused_result [[01;35m[K-Wunused-result[m[K]
[0.814s]      [01;35m[Kfgets(buf, 1024, fp)[m[K;
[0.814s]      [01;35m[K^~~~~~~~~~~~~~~~~~~~[m[K
[0.906s] [  3%] [32m[1mLinking CXX shared library devel/lib/libvision_darknet_detect_lib.so[0m
[1.087s] [ 93%] Built target vision_darknet_detect_lib
[1.116s] [35m[1mScanning dependencies of target vision_darknet_detect[0m
[1.155s] [ 94%] [32mBuilding C object CMakeFiles/vision_darknet_detect.dir/darknet/src/cuda.c.o[0m
[1.198s] [01m[K/home/hypark/git/Autoware_On_Embedded/autoware.ai/src/autoware/core_perception/vision_darknet_detect/darknet/src/cuda.c:[m[K In function ‘[01m[Kget_deadline_list[m[K’:
[1.198s] [01m[K/home/hypark/git/Autoware_On_Embedded/autoware.ai/src/autoware/core_perception/vision_darknet_detect/darknet/src/cuda.c:440:17:[m[K [01;35m[Kwarning: [m[Kuse of assignment suppression and length modifier together in gnu_scanf format [[01;35m[K-Wformat=[m[K]
[1.198s]      sscanf(buf, [01;35m[K"%*llu, %llu"[m[K, &deadline);
[1.198s]                  [01;35m[K^~~~~~~~~~~~~[m[K
[1.199s] [01m[K/home/hypark/git/Autoware_On_Embedded/autoware.ai/src/autoware/core_perception/vision_darknet_detect/darknet/src/cuda.c:[m[K In function ‘[01m[Kget_scheduler_pid[m[K’:
[1.199s] [01m[K/home/hypark/git/Autoware_On_Embedded/autoware.ai/src/autoware/core_perception/vision_darknet_detect/darknet/src/cuda.c:356:3:[m[K [01;35m[Kwarning: [m[Kignoring return value of ‘[01m[Kfscanf[m[K’, declared with attribute warn_unused_result [[01;35m[K-Wunused-result[m[K]
[1.199s]    [01;35m[Kfscanf(scheduler_fp, "%d", &scheduler_pid_)[m[K;
[1.199s]    [01;35m[K^~~~~~~~~~~~~~~~~~~~~~~~~~~~~~~~~~~~~~~~~~~[m[K
[1.199s] [01m[K/home/hypark/git/Autoware_On_Embedded/autoware.ai/src/autoware/core_perception/vision_darknet_detect/darknet/src/cuda.c:[m[K In function ‘[01m[Kget_deadline_list[m[K’:
[1.200s] [01m[K/home/hypark/git/Autoware_On_Embedded/autoware.ai/src/autoware/core_perception/vision_darknet_detect/darknet/src/cuda.c:438:5:[m[K [01;35m[Kwarning: [m[Kignoring return value of ‘[01m[Kfgets[m[K’, declared with attribute warn_unused_result [[01;35m[K-Wunused-result[m[K]
[1.200s]      [01;35m[Kfgets(buf, 1024, fp)[m[K;
[1.200s]      [01;35m[K^~~~~~~~~~~~~~~~~~~~[m[K
[1.310s] [ 96%] [32m[1mLinking CXX executable devel/lib/vision_darknet_detect/vision_darknet_detect[0m
[1.800s] [100%] Built target vision_darknet_detect
[1.824s] Invoked command in '/home/hypark/git/Autoware_On_Embedded/build/vision_darknet_detect' returned '0': /usr/bin/cmake --build /home/hypark/git/Autoware_On_Embedded/build/vision_darknet_detect -- -j12 -l12
[2.509s] Invoking command in '/home/hypark/git/Autoware_On_Embedded/build/vision_darknet_detect': /usr/bin/cmake --build /home/hypark/git/Autoware_On_Embedded/build/vision_darknet_detect --target tests -- -j12 -l12
[2.667s] Built target tests
[2.689s] Invoked command in '/home/hypark/git/Autoware_On_Embedded/build/vision_darknet_detect' returned '0': /usr/bin/cmake --build /home/hypark/git/Autoware_On_Embedded/build/vision_darknet_detect --target tests -- -j12 -l12
[3.391s] Invoking command in '/home/hypark/git/Autoware_On_Embedded/build/vision_darknet_detect': /usr/bin/cmake --build /home/hypark/git/Autoware_On_Embedded/build/vision_darknet_detect --target install -- -j12 -l12
[3.553s] [  0%] Built target rosgraph_msgs_generate_messages_lisp
[3.555s] [  0%] Built target jsk_footstep_msgs_generate_messages_eus
[3.556s] [  0%] Built target sensor_msgs_generate_messages_nodejs
[3.556s] [  0%] Built target roscpp_generate_messages_lisp
[3.557s] [  0%] Built target roscpp_generate_messages_py
[3.562s] [  0%] Built target actionlib_msgs_generate_messages_lisp
[3.562s] [  0%] Built target actionlib_msgs_generate_messages_py
[3.566s] [  0%] Built target actionlib_msgs_generate_messages_cpp
[3.570s] [  0%] Built target rosgraph_msgs_generate_messages_nodejs
[3.572s] [  0%] Built target pcl_msgs_generate_messages_nodejs
[3.581s] [  0%] Built target pcl_msgs_generate_messages_py
[3.595s] [  0%] Built target jsk_footstep_msgs_generate_messages_nodejs
[3.649s] [  0%] Built target pcl_msgs_generate_messages_lisp
[3.649s] [  0%] Built target pcl_msgs_generate_messages_eus
[3.651s] [  0%] Built target autoware_config_msgs_generate_messages_lisp
[3.656s] [  0%] Built target std_msgs_generate_messages_lisp
[3.659s] [  0%] Built target sensor_msgs_generate_messages_cpp
[3.662s] [  0%] Built target autoware_msgs_generate_messages_cpp
[3.669s] [  0%] Built target std_msgs_generate_messages_nodejs
[3.683s] [  0%] Built target jsk_footstep_msgs_generate_messages_lisp
[3.684s] [  0%] Built target rosgraph_msgs_generate_messages_cpp
[3.692s] [  0%] Built target sensor_msgs_generate_messages_eus
[3.707s] [  0%] Built target autoware_config_msgs_generate_messages_eus
[3.713s] [  0%] Built target std_msgs_generate_messages_eus
[3.756s] [  0%] Built target autoware_msgs_generate_messages_nodejs
[3.759s] [  0%] Built target autoware_config_msgs_generate_messages_py
[3.760s] [  0%] Built target actionlib_msgs_generate_messages_nodejs
[3.760s] [  0%] Built target jsk_footstep_msgs_generate_messages_py
[3.761s] [  0%] Built target rosgraph_msgs_generate_messages_py
[3.784s] [  0%] Built target std_msgs_generate_messages_cpp
[3.795s] [  0%] Built target autoware_msgs_generate_messages_py
[3.799s] [  0%] Built target sensor_msgs_generate_messages_py
[3.800s] [  0%] Built target autoware_msgs_generate_messages_eus
[3.817s] [  0%] Built target jsk_recognition_msgs_generate_messages_py
[3.820s] [  0%] Built target std_msgs_generate_messages_py
[3.834s] [  0%] Built target jsk_recognition_msgs_generate_messages_cpp
[3.851s] [  0%] Built target sensor_msgs_generate_messages_lisp
[3.854s] [  0%] Built target pcl_msgs_generate_messages_cpp
[3.869s] [  0%] Built target actionlib_msgs_generate_messages_eus
[3.872s] [  0%] Built target autoware_msgs_generate_messages_lisp
[3.883s] [  0%] Built target roscpp_generate_messages_nodejs
[3.896s] [  0%] Built target geometry_msgs_generate_messages_cpp
[3.905s] [  0%] Built target autoware_config_msgs_generate_messages_nodejs
[3.905s] [  0%] Built target geometry_msgs_generate_messages_eus
[3.918s] [  0%] Built target roscpp_generate_messages_eus
[3.939s] [  0%] Built target geometry_msgs_generate_messages_lisp
[3.944s] [  0%] Built target geometry_msgs_generate_messages_nodejs
[3.955s] [  0%] Built target geometry_msgs_generate_messages_py
[3.965s] [  0%] Built target jsk_recognition_msgs_generate_messages_lisp
[3.966s] [  0%] Built target jsk_footstep_msgs_generate_messages_cpp
[3.966s] [  0%] Built target jsk_recognition_msgs_generate_messages_eus
[3.973s] [  0%] Built target autoware_config_msgs_generate_messages_cpp
[3.974s] [  0%] Built target rosgraph_msgs_generate_messages_eus
[3.982s] [  0%] Built target roscpp_generate_messages_cpp
[3.983s] [  0%] Built target jsk_recognition_msgs_generate_messages_nodejs
[4.084s] [ 93%] Built target vision_darknet_detect_lib
[4.148s] [100%] Built target vision_darknet_detect
[4.199s] [36mInstall the project...[0m
[4.220s] -- Install configuration: "Release"
[4.221s] -- Up-to-date: /home/hypark/git/Autoware_On_Embedded/install/vision_darknet_detect/lib/pkgconfig/vision_darknet_detect.pc
[4.221s] -- Up-to-date: /home/hypark/git/Autoware_On_Embedded/install/vision_darknet_detect/share/vision_darknet_detect/cmake/vision_darknet_detectConfig.cmake
[4.221s] -- Up-to-date: /home/hypark/git/Autoware_On_Embedded/install/vision_darknet_detect/share/vision_darknet_detect/cmake/vision_darknet_detectConfig-version.cmake
[4.221s] -- Up-to-date: /home/hypark/git/Autoware_On_Embedded/install/vision_darknet_detect/share/vision_darknet_detect/package.xml
[4.221s] -- Installing: /home/hypark/git/Autoware_On_Embedded/install/vision_darknet_detect/lib/libvision_darknet_detect_lib.so
[4.222s] -- Set runtime path of "/home/hypark/git/Autoware_On_Embedded/install/vision_darknet_detect/lib/libvision_darknet_detect_lib.so" to ""
[4.222s] -- Installing: /home/hypark/git/Autoware_On_Embedded/install/vision_darknet_detect/lib/vision_darknet_detect/vision_darknet_detect
[4.225s] -- Set runtime path of "/home/hypark/git/Autoware_On_Embedded/install/vision_darknet_detect/lib/vision_darknet_detect/vision_darknet_detect" to ""
[4.225s] -- Up-to-date: /home/hypark/git/Autoware_On_Embedded/install/vision_darknet_detect/share/vision_darknet_detect/launch
[4.225s] -- Up-to-date: /home/hypark/git/Autoware_On_Embedded/install/vision_darknet_detect/share/vision_darknet_detect/launch/vision_yolo3_detect.launch
[4.225s] -- Up-to-date: /home/hypark/git/Autoware_On_Embedded/install/vision_darknet_detect/share/vision_darknet_detect/launch/vision_yolo2_detect.launch
[4.225s] -- Up-to-date: /home/hypark/git/Autoware_On_Embedded/install/vision_darknet_detect/share/vision_darknet_detect/darknet/cfg/
[4.226s] -- Up-to-date: /home/hypark/git/Autoware_On_Embedded/install/vision_darknet_detect/share/vision_darknet_detect/darknet/cfg//yolov2-tiny.cfg
[4.226s] -- Up-to-date: /home/hypark/git/Autoware_On_Embedded/install/vision_darknet_detect/share/vision_darknet_detect/darknet/cfg//yolov3-tiny.cfg
[4.226s] -- Up-to-date: /home/hypark/git/Autoware_On_Embedded/install/vision_darknet_detect/share/vision_darknet_detect/darknet/cfg//yolov2.cfg
[4.226s] -- Up-to-date: /home/hypark/git/Autoware_On_Embedded/install/vision_darknet_detect/share/vision_darknet_detect/darknet/cfg//voc.names
[4.226s] -- Up-to-date: /home/hypark/git/Autoware_On_Embedded/install/vision_darknet_detect/share/vision_darknet_detect/darknet/cfg//yolov3-voc.cfg
[4.226s] -- Up-to-date: /home/hypark/git/Autoware_On_Embedded/install/vision_darknet_detect/share/vision_darknet_detect/darknet/cfg//yolov3.cfg
[4.226s] -- Up-to-date: /home/hypark/git/Autoware_On_Embedded/install/vision_darknet_detect/share/vision_darknet_detect/darknet/cfg//coco.names
[4.228s] Invoked command in '/home/hypark/git/Autoware_On_Embedded/build/vision_darknet_detect' returned '0': /usr/bin/cmake --build /home/hypark/git/Autoware_On_Embedded/build/vision_darknet_detect --target install -- -j12 -l12
