Determining if the pthread_create exist failed with the following output:
Change Dir: /home/hypark/git/Autoware_On_Embedded/build/autoware_build_flags/CMakeFiles/CMakeTmp

Run Build Command:"/usr/bin/make" "cmTC_09161/fast"
/usr/bin/make -f CMakeFiles/cmTC_09161.dir/build.make CMakeFiles/cmTC_09161.dir/build
make[1]: Entering directory '/home/hypark/git/Autoware_On_Embedded/build/autoware_build_flags/CMakeFiles/CMakeTmp'
Building C object CMakeFiles/cmTC_09161.dir/CheckSymbolExists.c.o
/usr/bin/cc    -o CMakeFiles/cmTC_09161.dir/CheckSymbolExists.c.o   -c /home/hypark/git/Autoware_On_Embedded/build/autoware_build_flags/CMakeFiles/CMakeTmp/CheckSymbolExists.c
Linking C executable cmTC_09161
/usr/bin/cmake -E cmake_link_script CMakeFiles/cmTC_09161.dir/link.txt --verbose=1
/usr/bin/cc      -rdynamic CMakeFiles/cmTC_09161.dir/CheckSymbolExists.c.o  -o cmTC_09161 
CMakeFiles/cmTC_09161.dir/CheckSymbolExists.c.o: In function `main':
CheckSymbolExists.c:(.text+0x1b): undefined reference to `pthread_create'
collect2: error: ld returned 1 exit status
CMakeFiles/cmTC_09161.dir/build.make:97: recipe for target 'cmTC_09161' failed
make[1]: *** [cmTC_09161] Error 1
make[1]: Leaving directory '/home/hypark/git/Autoware_On_Embedded/build/autoware_build_flags/CMakeFiles/CMakeTmp'
Makefile:126: recipe for target 'cmTC_09161/fast' failed
make: *** [cmTC_09161/fast] Error 2

File /home/hypark/git/Autoware_On_Embedded/build/autoware_build_flags/CMakeFiles/CMakeTmp/CheckSymbolExists.c:
/* */
#include <pthread.h>

int main(int argc, char** argv)
{
  (void)argv;
#ifndef pthread_create
  return ((int*)(&pthread_create))[argc];
#else
  (void)argc;
  return 0;
#endif
}

Determining if the function pthread_create exists in the pthreads failed with the following output:
Change Dir: /home/hypark/git/Autoware_On_Embedded/build/autoware_build_flags/CMakeFiles/CMakeTmp

Run Build Command:"/usr/bin/make" "cmTC_b87e5/fast"
/usr/bin/make -f CMakeFiles/cmTC_b87e5.dir/build.make CMakeFiles/cmTC_b87e5.dir/build
make[1]: Entering directory '/home/hypark/git/Autoware_On_Embedded/build/autoware_build_flags/CMakeFiles/CMakeTmp'
Building C object CMakeFiles/cmTC_b87e5.dir/CheckFunctionExists.c.o
/usr/bin/cc   -DCHECK_FUNCTION_EXISTS=pthread_create   -o CMakeFiles/cmTC_b87e5.dir/CheckFunctionExists.c.o   -c /usr/share/cmake-3.10/Modules/CheckFunctionExists.c
Linking C executable cmTC_b87e5
/usr/bin/cmake -E cmake_link_script CMakeFiles/cmTC_b87e5.dir/link.txt --verbose=1
/usr/bin/cc  -DCHECK_FUNCTION_EXISTS=pthread_create    -rdynamic CMakeFiles/cmTC_b87e5.dir/CheckFunctionExists.c.o  -o cmTC_b87e5 -lpthreads 
/usr/bin/ld: cannot find -lpthreads
collect2: error: ld returned 1 exit status
CMakeFiles/cmTC_b87e5.dir/build.make:97: recipe for target 'cmTC_b87e5' failed
make[1]: *** [cmTC_b87e5] Error 1
make[1]: Leaving directory '/home/hypark/git/Autoware_On_Embedded/build/autoware_build_flags/CMakeFiles/CMakeTmp'
Makefile:126: recipe for target 'cmTC_b87e5/fast' failed
make: *** [cmTC_b87e5/fast] Error 2


