make[2]: *** [CMakeFiles/jsk_hark_msgs_generate_messages_nodejs.dir/depend] Interrupt
make[1]: *** [CMakeFiles/nodelet_generate_messages_cpp.dir/all] Interrupt
make[1]: *** wait: No child processes.  Stop.
make[1]: *** Waiting for unfinished jobs....
make[1]: *** wait: No child processes.  Stop.
make[1]: *** [CMakeFiles/jsk_hark_msgs_generate_messages_nodejs.dir/all] Interrupt
make[1]: *** [CMakeFiles/nodelet_generate_messages_eus.dir/all] Interrupt
make[1]: *** [CMakeFiles/dynamic_reconfigure_generate_messages_nodejs.dir/all] Interrupt
make[1]: *** [CMakeFiles/dynamic_reconfigure_generate_messages_lisp.dir/all] Error 2
make[2]: *** [CMakeFiles/dynamic_reconfigure_generate_messages_eus.dir/depend] Interrupt
make[1]: *** [CMakeFiles/dynamic_reconfigure_generate_messages_py.dir/all] Interrupt
make[2]: *** [CMakeFiles/pcl_ros_gencfg.dir/depend] Interrupt
make[1]: *** [CMakeFiles/dynamic_reconfigure_generate_messages_eus.dir/all] Interrupt
make[2]: *** [CMakeFiles/map_msgs_generate_messages_py.dir/depend] Interrupt
make[2]: *** [CMakeFiles/people_msgs_generate_messages_nodejs.dir/depend] Interrupt
make[1]: *** [CMakeFiles/pcl_ros_gencfg.dir/all] Interrupt
make[2]: *** [CMakeFiles/jsk_hark_msgs_generate_messages_py.dir/depend] Interrupt
make[1]: *** [CMakeFiles/people_msgs_generate_messages_nodejs.dir/all] Interrupt
make[1]: *** [CMakeFiles/map_msgs_generate_messages_py.dir/all] Interrupt
make[2]: *** [CMakeFiles/rviz_generate_messages_nodejs.dir/depend] Interrupt
make[1]: *** [CMakeFiles/jsk_hark_msgs_generate_messages_py.dir/all] Interrupt
make[1]: *** [CMakeFiles/rviz_generate_messages_nodejs.dir/all] Interrupt
make: *** [all] Interrupt
