[  0%] Built target vector_map_msgs_generate_messages_cpp
[  0%] Built target tf_generate_messages_eus
[  0%] Built target vector_map_msgs_generate_messages_eus
[  0%] Built target people_msgs_generate_messages_py
[  0%] Built target vector_map_server_generate_messages_nodejs
[  0%] Built target rviz_generate_messages_cpp
[  0%] Built target vector_map_msgs_generate_messages_py
[  0%] Built target map_msgs_generate_messages_lisp
[  0%] Built target rviz_generate_messages_py
[  0%] Built target vector_map_msgs_generate_messages_lisp
[  0%] Built target people_msgs_generate_messages_lisp
[ 40%] Built target gpu_euclidean_clustering
[ 40%] Built target people_msgs_generate_messages_eus
[ 40%] Built target people_msgs_generate_messages_cpp
[ 40%] Built target vector_map_msgs_generate_messages_nodejs
[ 40%] Built target bond_generate_messages_py
[ 40%] Built target rviz_generate_messages_eus
[ 40%] Built target bond_generate_messages_cpp
[ 40%] Built target bond_generate_messages_nodejs
[ 40%] Built target bond_generate_messages_lisp
[ 40%] Built target nodelet_generate_messages_nodejs
[ 40%] Built target bond_generate_messages_eus
[ 40%] Built target map_msgs_generate_messages_eus
CMakeFiles/jsk_hark_msgs_generate_messages_nodejs.dir/build.make:70: recipe for target 'CMakeFiles/jsk_hark_msgs_generate_messages_nodejs.dir/depend' failed
CMakeFiles/Makefile2:808: recipe for target 'CMakeFiles/nodelet_generate_messages_cpp.dir/all' failed
CMakeFiles/Makefile2:1128: recipe for target 'CMakeFiles/jsk_hark_msgs_generate_messages_nodejs.dir/all' failed
CMakeFiles/dynamic_reconfigure_generate_messages_eus.dir/build.make:70: recipe for target 'CMakeFiles/dynamic_reconfigure_generate_messages_eus.dir/depend' failed
CMakeFiles/Makefile2:872: recipe for target 'CMakeFiles/dynamic_reconfigure_generate_messages_nodejs.dir/all' failed
CMakeFiles/Makefile2:936: recipe for target 'CMakeFiles/dynamic_reconfigure_generate_messages_lisp.dir/all' failed
CMakeFiles/Makefile2:840: recipe for target 'CMakeFiles/dynamic_reconfigure_generate_messages_py.dir/all' failed
CMakeFiles/pcl_ros_gencfg.dir/build.make:70: recipe for target 'CMakeFiles/pcl_ros_gencfg.dir/depend' failed
CMakeFiles/map_msgs_generate_messages_py.dir/build.make:70: recipe for target 'CMakeFiles/map_msgs_generate_messages_py.dir/depend' failed
CMakeFiles/people_msgs_generate_messages_nodejs.dir/build.make:70: recipe for target 'CMakeFiles/people_msgs_generate_messages_nodejs.dir/depend' failed
CMakeFiles/jsk_hark_msgs_generate_messages_py.dir/build.make:70: recipe for target 'CMakeFiles/jsk_hark_msgs_generate_messages_py.dir/depend' failed
CMakeFiles/Makefile2:968: recipe for target 'CMakeFiles/dynamic_reconfigure_generate_messages_eus.dir/all' failed
CMakeFiles/Makefile2:1032: recipe for target 'CMakeFiles/pcl_ros_gencfg.dir/all' failed
CMakeFiles/rviz_generate_messages_nodejs.dir/build.make:70: recipe for target 'CMakeFiles/rviz_generate_messages_nodejs.dir/depend' failed
CMakeFiles/Makefile2:904: recipe for target 'CMakeFiles/people_msgs_generate_messages_nodejs.dir/all' failed
CMakeFiles/Makefile2:1000: recipe for target 'CMakeFiles/map_msgs_generate_messages_py.dir/all' failed
CMakeFiles/Makefile2:1064: recipe for target 'CMakeFiles/jsk_hark_msgs_generate_messages_py.dir/all' failed
CMakeFiles/Makefile2:1096: recipe for target 'CMakeFiles/rviz_generate_messages_nodejs.dir/all' failed
Makefile:140: recipe for target 'all' failed
