[0.022s] Invoking command in '/home/hypark/git/Autoware_On_Embedded/build/lidar_euclidean_cluster_detect': /usr/bin/cmake --build /home/hypark/git/Autoware_On_Embedded/build/lidar_euclidean_cluster_detect -- -j12 -l12
[0.187s] [  0%] Built target vector_map_msgs_generate_messages_cpp
[0.192s] [  0%] Built target tf_generate_messages_eus
[0.196s] [  0%] Built target vector_map_msgs_generate_messages_eus
[0.199s] [  0%] Built target people_msgs_generate_messages_py
[0.201s] [  0%] Built target vector_map_server_generate_messages_nodejs
[0.205s] [  0%] Built target rviz_generate_messages_cpp
[0.205s] [  0%] Built target vector_map_msgs_generate_messages_py
[0.214s] [  0%] Built target map_msgs_generate_messages_lisp
[0.223s] [  0%] Built target rviz_generate_messages_py
[0.234s] [  0%] Built target vector_map_msgs_generate_messages_lisp
[0.234s] [  0%] Built target people_msgs_generate_messages_lisp
[0.279s] [ 40%] Built target gpu_euclidean_clustering
[0.295s] [ 40%] Built target people_msgs_generate_messages_eus
[0.300s] [ 40%] Built target people_msgs_generate_messages_cpp
[0.303s] [ 40%] Built target vector_map_msgs_generate_messages_nodejs
[0.306s] [ 40%] Built target bond_generate_messages_py
[0.308s] [ 40%] Built target rviz_generate_messages_eus
[0.318s] [ 40%] Built target bond_generate_messages_cpp
[0.319s] [ 40%] Built target bond_generate_messages_nodejs
[0.328s] [ 40%] Built target bond_generate_messages_lisp
[0.335s] [ 40%] Built target nodelet_generate_messages_nodejs
[0.341s] [ 40%] Built target bond_generate_messages_eus
[0.360s] [ 40%] Built target map_msgs_generate_messages_eus
[0.374s] CMakeFiles/jsk_hark_msgs_generate_messages_nodejs.dir/build.make:70: recipe for target 'CMakeFiles/jsk_hark_msgs_generate_messages_nodejs.dir/depend' failed
[0.375s] CMakeFiles/Makefile2:808: recipe for target 'CMakeFiles/nodelet_generate_messages_cpp.dir/all' failed
[0.375s] CMakeFiles/Makefile2:1128: recipe for target 'CMakeFiles/jsk_hark_msgs_generate_messages_nodejs.dir/all' failed
[0.375s] CMakeFiles/dynamic_reconfigure_generate_messages_eus.dir/build.make:70: recipe for target 'CMakeFiles/dynamic_reconfigure_generate_messages_eus.dir/depend' failed
[0.375s] CMakeFiles/Makefile2:872: recipe for target 'CMakeFiles/dynamic_reconfigure_generate_messages_nodejs.dir/all' failed
[0.375s] CMakeFiles/Makefile2:936: recipe for target 'CMakeFiles/dynamic_reconfigure_generate_messages_lisp.dir/all' failed
[0.375s] CMakeFiles/Makefile2:840: recipe for target 'CMakeFiles/dynamic_reconfigure_generate_messages_py.dir/all' failed
[0.375s] CMakeFiles/pcl_ros_gencfg.dir/build.make:70: recipe for target 'CMakeFiles/pcl_ros_gencfg.dir/depend' failed
[0.375s] CMakeFiles/map_msgs_generate_messages_py.dir/build.make:70: recipe for target 'CMakeFiles/map_msgs_generate_messages_py.dir/depend' failed
[0.376s] CMakeFiles/people_msgs_generate_messages_nodejs.dir/build.make:70: recipe for target 'CMakeFiles/people_msgs_generate_messages_nodejs.dir/depend' failed
[0.376s] CMakeFiles/jsk_hark_msgs_generate_messages_py.dir/build.make:70: recipe for target 'CMakeFiles/jsk_hark_msgs_generate_messages_py.dir/depend' failed
[0.376s] CMakeFiles/Makefile2:968: recipe for target 'CMakeFiles/dynamic_reconfigure_generate_messages_eus.dir/all' failed
[0.377s] CMakeFiles/Makefile2:1032: recipe for target 'CMakeFiles/pcl_ros_gencfg.dir/all' failed
[0.377s] CMakeFiles/rviz_generate_messages_nodejs.dir/build.make:70: recipe for target 'CMakeFiles/rviz_generate_messages_nodejs.dir/depend' failed
[0.377s] CMakeFiles/Makefile2:904: recipe for target 'CMakeFiles/people_msgs_generate_messages_nodejs.dir/all' failed
[0.378s] CMakeFiles/Makefile2:1000: recipe for target 'CMakeFiles/map_msgs_generate_messages_py.dir/all' failed
[0.379s] CMakeFiles/Makefile2:1064: recipe for target 'CMakeFiles/jsk_hark_msgs_generate_messages_py.dir/all' failed
[0.379s] CMakeFiles/Makefile2:1096: recipe for target 'CMakeFiles/rviz_generate_messages_nodejs.dir/all' failed
[0.379s] make[2]: *** [CMakeFiles/jsk_hark_msgs_generate_messages_nodejs.dir/depend] Interrupt
[0.379s] make[1]: *** [CMakeFiles/nodelet_generate_messages_cpp.dir/all] Interrupt
[0.379s] make[1]: *** wait: No child processes.  Stop.
[0.379s] make[1]: *** Waiting for unfinished jobs....
[0.379s] make[1]: *** wait: No child processes.  Stop.
[0.379s] make[1]: *** [CMakeFiles/jsk_hark_msgs_generate_messages_nodejs.dir/all] Interrupt
[0.379s] make[1]: *** [CMakeFiles/nodelet_generate_messages_eus.dir/all] Interrupt
[0.379s] make[1]: *** [CMakeFiles/dynamic_reconfigure_generate_messages_nodejs.dir/all] Interrupt
[0.379s] make[1]: *** [CMakeFiles/dynamic_reconfigure_generate_messages_lisp.dir/all] Error 2
[0.379s] make[2]: *** [CMakeFiles/dynamic_reconfigure_generate_messages_eus.dir/depend] Interrupt
[0.379s] make[1]: *** [CMakeFiles/dynamic_reconfigure_generate_messages_py.dir/all] Interrupt
[0.379s] make[2]: *** [CMakeFiles/pcl_ros_gencfg.dir/depend] Interrupt
[0.379s] make[1]: *** [CMakeFiles/dynamic_reconfigure_generate_messages_eus.dir/all] Interrupt
[0.379s] make[2]: *** [CMakeFiles/map_msgs_generate_messages_py.dir/depend] Interrupt
[0.379s] make[2]: *** [CMakeFiles/people_msgs_generate_messages_nodejs.dir/depend] Interrupt
[0.380s] make[1]: *** [CMakeFiles/pcl_ros_gencfg.dir/all] Interrupt
[0.380s] make[2]: *** [CMakeFiles/jsk_hark_msgs_generate_messages_py.dir/depend] Interrupt
[0.380s] make[1]: *** [CMakeFiles/people_msgs_generate_messages_nodejs.dir/all] Interrupt
[0.380s] make[1]: *** [CMakeFiles/map_msgs_generate_messages_py.dir/all] Interrupt
[0.380s] make[2]: *** [CMakeFiles/rviz_generate_messages_nodejs.dir/depend] Interrupt
[0.380s] make[1]: *** [CMakeFiles/jsk_hark_msgs_generate_messages_py.dir/all] Interrupt
[0.380s] make[1]: *** [CMakeFiles/rviz_generate_messages_nodejs.dir/all] Interrupt
[0.380s] Makefile:140: recipe for target 'all' failed
[0.380s] make: *** [all] Interrupt
[0.380s] Invoked command in '/home/hypark/git/Autoware_On_Embedded/build/lidar_euclidean_cluster_detect' returned '-2': /usr/bin/cmake --build /home/hypark/git/Autoware_On_Embedded/build/lidar_euclidean_cluster_detect -- -j12 -l12
