[0.021s] Invoking command in '/home/hypark/git/Autoware_On_Embedded/build/lidar_euclidean_cluster_detect': /usr/bin/cmake --build /home/hypark/git/Autoware_On_Embedded/build/lidar_euclidean_cluster_detect -- -j12 -l12
[0.089s] -- CUDA compilation status: 1.
[0.089s] -- Using CATKIN_DEVEL_PREFIX: /home/hypark/git/Autoware_On_Embedded/build/lidar_euclidean_cluster_detect/devel
[0.090s] -- Using CMAKE_PREFIX_PATH: /home/hypark/rubis_ws/devel;/home/hypark/autoware.ai/install/ymc;/home/hypark/autoware.ai/install/xsens_driver;/home/hypark/autoware.ai/install/wf_simulator;/home/hypark/autoware.ai/install/lattice_planner;/home/hypark/autoware.ai/install/waypoint_planner;/home/hypark/autoware.ai/install/waypoint_maker;/home/hypark/autoware.ai/install/way_planner;/home/hypark/autoware.ai/install/vlg22c_cam;/home/hypark/autoware.ai/install/vision_ssd_detect;/home/hypark/autoware.ai/install/vision_segment_enet_detect;/home/hypark/autoware.ai/install/vision_lane_detect;/home/hypark/autoware.ai/install/vision_darknet_detect;/home/hypark/autoware.ai/install/vision_beyond_track;/home/hypark/autoware.ai/install/vel_pose_diff_checker;/home/hypark/autoware.ai/install/vehicle_socket;/home/hypark/autoware.ai/install/vehicle_sim_model;/home/hypark/autoware.ai/install/vehicle_model;/home/hypark/autoware.ai/install/vehicle_gazebo_simulation_launcher;/home/hypark/autoware.ai/install/vehicle_gazebo_simulation_interface;/home/hypark/autoware.ai/install/vehicle_engage_panel;/home/hypark/autoware.ai/install/vehicle_description;/home/hypark/autoware.ai/install/trafficlight_recognizer;/home/hypark/autoware.ai/install/op_utilities;/home/hypark/autoware.ai/install/op_simulation_package;/home/hypark/autoware.ai/install/op_local_planner;/home/hypark/autoware.ai/install/op_global_planner;/home/hypark/autoware.ai/install/lidar_kf_contour_track;/home/hypark/autoware.ai/install/op_ros_helpers;/home/hypark/autoware.ai/install/ff_waypoint_follower;/home/hypark/autoware.ai/install/dp_planner;/home/hypark/autoware.ai/install/op_simu;/home/hypark/autoware.ai/install/op_planner;/home/hypark/autoware.ai/install/op_utility;/home/hypark/autoware.ai/install/lidar_euclidean_cluster_detect;/home/hypark/autoware.ai/install/vector_map_server;/home/hypark/autoware.ai/install/road_occupancy_processor;/home/hypark/autoware.ai/install/costmap_generator;/home/hypark/autoware.ai/install/object_map;/home/hypark/autoware.ai/install/naive_motion_predict;/home/hypark/autoware.ai/install/lanelet_aisan_converter;/home/hypark/autoware.ai/install/map_file;/home/hypark/autoware.ai/install/libvectormap;/home/hypark/autoware.ai/install/lane_planner;/home/hypark/autoware.ai/install/imm_ukf_pda_track;/home/hypark/autoware.ai/install/decision_maker;/home/hypark/autoware.ai/install/vector_map;/home/hypark/autoware.ai/install/vector_map_msgs;/home/hypark/autoware.ai/install/vectacam;/home/hypark/autoware.ai/install/udon_socket;/home/hypark/autoware.ai/install/twist_generator;/home/hypark/autoware.ai/install/twist_gate;/home/hypark/autoware.ai/install/twist_filter;/home/hypark/autoware.ai/install/twist2odom;/home/hypark/autoware.ai/install/tablet_socket;/home/hypark/autoware.ai/install/runtime_manager;/home/hypark/autoware.ai/install/mqtt_socket;/home/hypark/autoware.ai/install/tablet_socket_msgs;/home/hypark/autoware.ai/install/state_machine_lib;/home/hypark/autoware.ai/install/sound_player;/home/hypark/autoware.ai/install/sick_lms5xx;/home/hypark/autoware.ai/install/sick_ldmrs_tools;/home/hypark/autoware.ai/install/sick_ldmrs_driver;/home/hypark/autoware.ai/install/sick_ldmrs_msgs;/home/hypark/autoware.ai/install/sick_ldmrs_description;/home/hypark/autoware.ai/install/points2image;/home/hypark/autoware.ai/install/rosinterface;/home/hypark/autoware.ai/install/rosbag_controller;/home/hypark/autoware.ai/install/pure_pursuit;/home/hypark/autoware.ai/install/points_preprocessor;/home/hypark/autoware.ai/install/mpc_follower;/home/hypark/autoware.ai/install/lidar_localizer;/home/hypark/autoware.ai/install/emergency_handler;/home/hypark/autoware.ai/install/autoware_health_checker;/home/hypark/autoware.ai/install/as;/home/hypark/autoware.ai/install/ros_observer;/home/hypark/autoware.ai/install/roi_object_filter;/home/hypark/autoware.ai/install/range_vision_fusion;/home/hypark/autoware.ai/install/pos_db;/home/hypark/autoware.ai/install/points_downsampler;/home/hypark/autoware.ai/install/pixel_cloud_fusion;/home/hypark/autoware.ai/install/pcl_omp_registration;/home/hypark/autoware.ai/install/pc2_downsampler;/home/hypark/autoware.ai/install/oculus_socket;/home/hypark/autoware.ai/install/obj_db;/home/hypark/autoware.ai/install/nmea_navsat;/home/hypark/autoware.ai/install/ndt_tku;/home/hypark/autoware.ai/install/ndt_gpu;/home/hypark/autoware.ai/install/ndt_cpu;/home/hypark/autoware.ai/install/multi_vlp_driver;/home/hypark/autoware.ai/install/multi_vlp_converter;/home/hypark/autoware.ai/install/multi_vlp_combiner;/home/hypark/autoware.ai/install/multi_lidar_calibrator;/home/hypark/autoware.ai/install/mrt_cmake_modules;/home/hypark/autoware.ai/install/microstrain_driver;/home/hypark/autoware.ai/install/memsic_imu;/home/hypark/autoware.ai/install/marker_downsampler;/home/hypark/autoware.ai/install/map_tools;/home/hypark/autoware.ai/install/map_tf_generator;/home/hypark/autoware.ai/install/log_tools;/home/hypark/autoware.ai/install/lidar_shape_estimation;/home/hypark/autoware.ai/install/lidar_point_pillars;/home/hypark/autoware.ai/install/lidar_naive_l_shape_detect;/home/hypark/autoware.ai/install/lidar_fake_perception;/home/hypark/autoware.ai/install/lidar_apollo_cnn_seg_detect;/home/hypark/autoware.ai/install/libwaypoint_follower;/home/hypark/autoware.ai/install/lgsvl_simulator_bridge;/home/hypark/autoware.ai/install/lanelet2_extension;/home/hypark/autoware.ai/install/lanelet2_validation;/home/hypark/autoware.ai/install/lanelet2_examples;/home/hypark/autoware.ai/install/lanelet2_python;/home/hypark/autoware.ai/install/lanelet2_routing;/home/hypark/autoware.ai/install/lanelet2_traffic_rules;/home/hypark/autoware.ai/install/lanelet2_projection;/home/hypark/autoware.ai/install/lanelet2_maps;/home/hypark/autoware.ai/install/lanelet2_io;/home/hypark/autoware.ai/install/lanelet2_core;/home/hypark/autoware.ai/install/kvaser;/home/hypark/autoware.ai/install/kitti_launch;/home/hypark/autoware.ai/install/kitti_player;/home/hypark/autoware.ai/install/kitti_box_publisher;/home/hypark/autoware.ai/install/javad_navsat_driver;/home/hypark/autoware.ai/install/integrated_viewer;/home/hypark/autoware.ai/install/image_processor;/home/hypark/autoware.ai/install/hokuyo;/home/hypark/autoware.ai/install/graph_tools;/home/hypark/autoware.ai/install/gnss_localizer;/home/hypark/autoware.ai/install/gnss;/home/hypark/autoware.ai/install/glviewer;/home/hypark/autoware.ai/install/gazebo_world_description;/home/hypark/autoware.ai/install/gazebo_imu_description;/home/hypark/autoware.ai/install/gazebo_camera_description;/home/hypark/autoware.ai/install/garmin;/home/hypark/autoware.ai/install/freespace_planner;/home/hypark/autoware.ai/install/fastvirtualscan;/home/hypark/autoware.ai/install/ekf_localizer;/home/hypark/autoware.ai/install/ds4_msgs;/home/hypark/autoware.ai/install/ds4_driver;/home/hypark/autoware.ai/install/detected_objects_visualizer;/home/hypark/autoware.ai/install/decision_maker_panel;/home/hypark/autoware.ai/install/data_preprocessor;/home/hypark/autoware.ai/install/custom_msgs;/home/hypark/autoware.ai/install/carla_autoware_bridge;/home/hypark/autoware.ai/install/calibration_publisher;/home/hypark/autoware.ai/install/autoware_system_msgs;/home/hypark/autoware.ai/install/autoware_rviz_plugins;/home/hypark/autoware.ai/install/autoware_quickstart_examples;/home/hypark/autoware.ai/install/autoware_pointgrey_drivers;/home/hypark/autoware.ai/install/autoware_driveworks_interface;/home/hypark/autoware.ai/install/autoware_connector;/home/hypark/autoware.ai/install/autoware_camera_lidar_calibrator;/home/hypark/autoware.ai/install/astar_search;/home/hypark/autoware.ai/install/amathutils_lib;/home/hypark/autoware.ai/install/autoware_msgs;/home/hypark/autoware.ai/install/autoware_map_msgs;/home/hypark/autoware.ai/install/autoware_launcher_rviz;/home/hypark/autoware.ai/install/autoware_launcher;/home/hypark/autoware.ai/install/autoware_lanelet2_msgs;/home/hypark/autoware.ai/install/autoware_external_msgs;/home/hypark/autoware.ai/install/autoware_driveworks_gmsl_interface;/home/hypark/autoware.ai/install/autoware_config_msgs;/home/hypark/autoware.ai/install/autoware_can_msgs;/home/hypark/autoware.ai/install/autoware_build_flags;/home/hypark/autoware.ai/install/autoware_bag_tools;/home/hypark/autoware.ai/install/adi_driver;/opt/ros/melodic
[0.095s] -- This workspace overlays: /home/hypark/rubis_ws/devel;/home/hypark/autoware.ai/install/ymc;/home/hypark/autoware.ai/install/xsens_driver;/home/hypark/autoware.ai/install/wf_simulator;/home/hypark/autoware.ai/install/lattice_planner;/home/hypark/autoware.ai/install/waypoint_planner;/home/hypark/autoware.ai/install/waypoint_maker;/home/hypark/autoware.ai/install/way_planner;/home/hypark/autoware.ai/install/vlg22c_cam;/home/hypark/autoware.ai/install/vision_ssd_detect;/home/hypark/autoware.ai/install/vision_segment_enet_detect;/home/hypark/autoware.ai/install/vision_lane_detect;/home/hypark/autoware.ai/install/vision_darknet_detect;/home/hypark/autoware.ai/install/vision_beyond_track;/home/hypark/autoware.ai/install/vel_pose_diff_checker;/home/hypark/autoware.ai/install/vehicle_socket;/home/hypark/autoware.ai/install/vehicle_sim_model;/home/hypark/autoware.ai/install/vehicle_model;/home/hypark/autoware.ai/install/vehicle_gazebo_simulation_launcher;/home/hypark/autoware.ai/install/vehicle_gazebo_simulation_interface;/home/hypark/autoware.ai/install/vehicle_engage_panel;/home/hypark/autoware.ai/install/vehicle_description;/home/hypark/autoware.ai/install/trafficlight_recognizer;/home/hypark/autoware.ai/install/op_utilities;/home/hypark/autoware.ai/install/op_simulation_package;/home/hypark/autoware.ai/install/op_local_planner;/home/hypark/autoware.ai/install/op_global_planner;/home/hypark/autoware.ai/install/lidar_kf_contour_track;/home/hypark/autoware.ai/install/op_ros_helpers;/home/hypark/autoware.ai/install/ff_waypoint_follower;/home/hypark/autoware.ai/install/dp_planner;/home/hypark/autoware.ai/install/op_simu;/home/hypark/autoware.ai/install/op_planner;/home/hypark/autoware.ai/install/op_utility;/home/hypark/autoware.ai/install/lidar_euclidean_cluster_detect;/home/hypark/autoware.ai/install/vector_map_server;/home/hypark/autoware.ai/install/road_occupancy_processor;/home/hypark/autoware.ai/install/costmap_generator;/home/hypark/autoware.ai/install/object_map;/home/hypark/autoware.ai/install/naive_motion_predict;/home/hypark/autoware.ai/install/lanelet_aisan_converter;/home/hypark/autoware.ai/install/map_file;/home/hypark/autoware.ai/install/libvectormap;/home/hypark/autoware.ai/install/lane_planner;/home/hypark/autoware.ai/install/imm_ukf_pda_track;/home/hypark/autoware.ai/install/decision_maker;/home/hypark/autoware.ai/install/vector_map;/home/hypark/autoware.ai/install/vector_map_msgs;/home/hypark/autoware.ai/install/vectacam;/home/hypark/autoware.ai/install/udon_socket;/home/hypark/autoware.ai/install/twist_generator;/home/hypark/autoware.ai/install/twist_gate;/home/hypark/autoware.ai/install/twist_filter;/home/hypark/autoware.ai/install/twist2odom;/home/hypark/autoware.ai/install/tablet_socket;/home/hypark/autoware.ai/install/runtime_manager;/home/hypark/autoware.ai/install/mqtt_socket;/home/hypark/autoware.ai/install/tablet_socket_msgs;/home/hypark/autoware.ai/install/state_machine_lib;/home/hypark/autoware.ai/install/sound_player;/home/hypark/autoware.ai/install/sick_lms5xx;/home/hypark/autoware.ai/install/sick_ldmrs_tools;/home/hypark/autoware.ai/install/sick_ldmrs_driver;/home/hypark/autoware.ai/install/sick_ldmrs_msgs;/home/hypark/autoware.ai/install/sick_ldmrs_description;/home/hypark/autoware.ai/install/points2image;/home/hypark/autoware.ai/install/rosinterface;/home/hypark/autoware.ai/install/rosbag_controller;/home/hypark/autoware.ai/install/pure_pursuit;/home/hypark/autoware.ai/install/points_preprocessor;/home/hypark/autoware.ai/install/mpc_follower;/home/hypark/autoware.ai/install/lidar_localizer;/home/hypark/autoware.ai/install/emergency_handler;/home/hypark/autoware.ai/install/autoware_health_checker;/home/hypark/autoware.ai/install/as;/home/hypark/autoware.ai/install/ros_observer;/home/hypark/autoware.ai/install/roi_object_filter;/home/hypark/autoware.ai/install/range_vision_fusion;/home/hypark/autoware.ai/install/pos_db;/home/hypark/autoware.ai/install/points_downsampler;/home/hypark/autoware.ai/install/pixel_cloud_fusion;/home/hypark/autoware.ai/install/pcl_omp_registration;/home/hypark/autoware.ai/install/pc2_downsampler;/home/hypark/autoware.ai/install/oculus_socket;/home/hypark/autoware.ai/install/obj_db;/home/hypark/autoware.ai/install/nmea_navsat;/home/hypark/autoware.ai/install/ndt_tku;/home/hypark/autoware.ai/install/ndt_gpu;/home/hypark/autoware.ai/install/ndt_cpu;/home/hypark/autoware.ai/install/multi_vlp_driver;/home/hypark/autoware.ai/install/multi_vlp_converter;/home/hypark/autoware.ai/install/multi_vlp_combiner;/home/hypark/autoware.ai/install/multi_lidar_calibrator;/home/hypark/autoware.ai/install/mrt_cmake_modules;/home/hypark/autoware.ai/install/microstrain_driver;/home/hypark/autoware.ai/install/memsic_imu;/home/hypark/autoware.ai/install/marker_downsampler;/home/hypark/autoware.ai/install/map_tools;/home/hypark/autoware.ai/install/map_tf_generator;/home/hypark/autoware.ai/install/log_tools;/home/hypark/autoware.ai/install/lidar_shape_estimation;/home/hypark/autoware.ai/install/lidar_point_pillars;/home/hypark/autoware.ai/install/lidar_naive_l_shape_detect;/home/hypark/autoware.ai/install/lidar_fake_perception;/home/hypark/autoware.ai/install/lidar_apollo_cnn_seg_detect;/home/hypark/autoware.ai/install/libwaypoint_follower;/home/hypark/autoware.ai/install/lgsvl_simulator_bridge;/home/hypark/autoware.ai/install/lanelet2_extension;/home/hypark/autoware.ai/install/lanelet2_validation;/home/hypark/autoware.ai/install/lanelet2_examples;/home/hypark/autoware.ai/install/lanelet2_python;/home/hypark/autoware.ai/install/lanelet2_routing;/home/hypark/autoware.ai/install/lanelet2_traffic_rules;/home/hypark/autoware.ai/install/lanelet2_projection;/home/hypark/autoware.ai/install/lanelet2_maps;/home/hypark/autoware.ai/install/lanelet2_io;/home/hypark/autoware.ai/install/lanelet2_core;/home/hypark/autoware.ai/install/kvaser;/home/hypark/autoware.ai/install/kitti_launch;/home/hypark/autoware.ai/install/kitti_player;/home/hypark/autoware.ai/install/kitti_box_publisher;/home/hypark/autoware.ai/install/javad_navsat_driver;/home/hypark/autoware.ai/install/integrated_viewer;/home/hypark/autoware.ai/install/image_processor;/home/hypark/autoware.ai/install/hokuyo;/home/hypark/autoware.ai/install/graph_tools;/home/hypark/autoware.ai/install/gnss_localizer;/home/hypark/autoware.ai/install/gnss;/home/hypark/autoware.ai/install/glviewer;/home/hypark/autoware.ai/install/gazebo_world_description;/home/hypark/autoware.ai/install/gazebo_imu_description;/home/hypark/autoware.ai/install/gazebo_camera_description;/home/hypark/autoware.ai/install/garmin;/home/hypark/autoware.ai/install/freespace_planner;/home/hypark/autoware.ai/install/fastvirtualscan;/home/hypark/autoware.ai/install/ekf_localizer;/home/hypark/autoware.ai/install/ds4_msgs;/home/hypark/autoware.ai/install/ds4_driver;/home/hypark/autoware.ai/install/detected_objects_visualizer;/home/hypark/autoware.ai/install/decision_maker_panel;/home/hypark/autoware.ai/install/data_preprocessor;/home/hypark/autoware.ai/install/custom_msgs;/home/hypark/autoware.ai/install/carla_autoware_bridge;/home/hypark/autoware.ai/install/calibration_publisher;/home/hypark/autoware.ai/install/autoware_system_msgs;/home/hypark/autoware.ai/install/autoware_rviz_plugins;/home/hypark/autoware.ai/install/autoware_quickstart_examples;/home/hypark/autoware.ai/install/autoware_pointgrey_drivers;/home/hypark/autoware.ai/install/autoware_driveworks_interface;/home/hypark/autoware.ai/install/autoware_connector;/home/hypark/autoware.ai/install/autoware_camera_lidar_calibrator;/home/hypark/autoware.ai/install/astar_search;/home/hypark/autoware.ai/install/amathutils_lib;/home/hypark/autoware.ai/install/autoware_msgs;/home/hypark/autoware.ai/install/autoware_map_msgs;/home/hypark/autoware.ai/install/autoware_launcher_rviz;/home/hypark/autoware.ai/install/autoware_launcher;/home/hypark/autoware.ai/install/autoware_lanelet2_msgs;/home/hypark/autoware.ai/install/autoware_external_msgs;/home/hypark/autoware.ai/install/autoware_driveworks_gmsl_interface;/home/hypark/autoware.ai/install/autoware_config_msgs;/home/hypark/autoware.ai/install/autoware_can_msgs;/home/hypark/autoware.ai/install/autoware_build_flags;/home/hypark/autoware.ai/install/autoware_bag_tools;/home/hypark/autoware.ai/install/adi_driver;/opt/ros/melodic
[0.114s] -- Found PythonInterp: /usr/bin/python2 (found suitable version "2.7.17", minimum required is "2") 
[0.115s] -- Using PYTHON_EXECUTABLE: /usr/bin/python2
[0.115s] -- Using Debian Python package layout
[0.115s] -- Using empy: /usr/bin/empy
[0.251s] -- Using CATKIN_ENABLE_TESTING: ON
[0.251s] -- Call enable_testing()
[0.252s] -- Using CATKIN_TEST_RESULTS_DIR: /home/hypark/git/Autoware_On_Embedded/build/lidar_euclidean_cluster_detect/test_results
[0.288s] -- Found gtest sources under '/usr/src/googletest': gtests will be built
[0.288s] -- Found gmock sources under '/usr/src/googletest': gmock will be built
[0.307s] -- Found PythonInterp: /usr/bin/python2 (found version "2.7.17") 
[0.312s] -- Using Python nosetests: /usr/bin/nosetests-2.7
[0.362s] -- catkin 0.7.29
[0.362s] -- BUILD_SHARED_LIBS is on
[0.548s] -- Using these message generators: gencpp;geneus;genlisp;gennodejs;genpy
[2.065s] -- Found OpenMP_C: -fopenmp  
[2.066s] -- Found OpenMP_CXX: -fopenmp  
[2.067s] -- Found OpenMP: TRUE   
[2.265s] -- USING ACCELERATED CLUSTERING --
[2.265s] Version: 10.0
[2.265s] Library: /usr/lib/x86_64-linux-gnu/libcuda.so
[2.265s] Runtime: /usr/local/cuda-10.0/lib64/libcudart.so
[2.277s] -- Configuring done
[2.361s] -- Generating done
[2.376s] -- Build files have been written to: /home/hypark/git/Autoware_On_Embedded/build/lidar_euclidean_cluster_detect
[2.485s] [ 20%] [34m[1mBuilding NVCC (Device) object CMakeFiles/gpu_euclidean_clustering.dir/nodes/lidar_euclidean_cluster_detect/gpu_euclidean_clustering_generated_gpu_euclidean_clustering.cu.o[0m
[2.500s] [ 20%] Built target vector_map_msgs_generate_messages_py
[2.503s] [ 20%] Built target rviz_generate_messages_py
[2.507s] [ 20%] Built target map_msgs_generate_messages_lisp
[2.508s] [ 20%] Built target vector_map_msgs_generate_messages_cpp
[2.513s] [ 20%] Built target tf_generate_messages_eus
[2.513s] [ 20%] Built target vector_map_server_generate_messages_nodejs
[2.516s] [ 20%] Built target vector_map_msgs_generate_messages_lisp
[2.521s] [ 20%] Built target vector_map_msgs_generate_messages_eus
[2.526s] [ 20%] Built target rviz_generate_messages_cpp
[2.526s] [ 20%] Built target people_msgs_generate_messages_py
[2.551s] [ 20%] Built target people_msgs_generate_messages_lisp
[2.616s] [ 20%] Built target vector_map_msgs_generate_messages_nodejs
[2.619s] [ 20%] Built target bond_generate_messages_py
[2.619s] [ 20%] Built target people_msgs_generate_messages_cpp
[2.625s] [ 20%] Built target rviz_generate_messages_eus
[2.628s] [ 20%] Built target people_msgs_generate_messages_eus
[2.637s] [ 20%] Built target nodelet_generate_messages_nodejs
[2.638s] [ 20%] Built target bond_generate_messages_nodejs
[2.661s] [ 20%] Built target bond_generate_messages_lisp
[2.665s] [ 20%] Built target bond_generate_messages_eus
[2.675s] [ 20%] Built target map_msgs_generate_messages_eus
[2.675s] [ 20%] Built target bond_generate_messages_cpp
[2.728s] [ 20%] Built target nodelet_generate_messages_eus
[2.737s] [ 20%] Built target dynamic_reconfigure_generate_messages_py
[2.766s] [ 20%] Built target nodelet_generate_messages_cpp
[2.767s] [ 20%] Built target dynamic_reconfigure_generate_messages_nodejs
[2.768s] [ 20%] Built target dynamic_reconfigure_generate_messages_lisp
[2.780s] [ 20%] Built target people_msgs_generate_messages_nodejs
[2.790s] [ 20%] Built target dynamic_reconfigure_generate_messages_eus
[2.792s] [ 20%] Built target pcl_ros_gencfg
[2.807s] [ 20%] Built target rviz_generate_messages_nodejs
[2.807s] [ 20%] Built target jsk_hark_msgs_generate_messages_py
[2.807s] [ 20%] Built target map_msgs_generate_messages_py
[2.846s] [ 20%] Built target jsk_hark_msgs_generate_messages_nodejs
[2.894s] [ 20%] Built target jsk_rviz_plugins_generate_messages_nodejs
[2.897s] [ 20%] Built target jsk_rviz_plugins_generate_messages_py
[2.899s] [ 20%] Built target jsk_hark_msgs_generate_messages_eus
[2.904s] [ 20%] Built target rviz_generate_messages_lisp
[2.910s] [ 20%] Built target jsk_recognition_utils_gencfg
[2.923s] [ 20%] Built target jsk_rviz_plugins_generate_messages_lisp
[2.930s] [ 20%] Built target jsk_rviz_plugins_gencfg
[2.942s] [ 20%] Built target vector_map_server_generate_messages_cpp
[2.947s] [ 20%] Built target visualization_msgs_generate_messages_py
[2.952s] [ 20%] Built target visualization_msgs_generate_messages_nodejs
[2.985s] [ 20%] Built target visualization_msgs_generate_messages_eus
[3.024s] [ 20%] Built target tf2_msgs_generate_messages_cpp
[3.028s] [ 20%] Built target map_msgs_generate_messages_cpp
[3.030s] [ 20%] Built target actionlib_generate_messages_py
[3.036s] [ 20%] Built target tf2_msgs_generate_messages_nodejs
[3.055s] [ 20%] Built target tf2_msgs_generate_messages_py
[3.063s] [ 20%] Built target dynamic_reconfigure_generate_messages_cpp
[3.068s] [ 20%] Built target actionlib_generate_messages_cpp
[3.085s] [ 20%] Built target tf_generate_messages_nodejs
[3.103s] [ 20%] Built target tf_generate_messages_py
[3.113s] [ 20%] Built target tf_generate_messages_lisp
[3.117s] [ 20%] Built target geometry_msgs_generate_messages_py
[3.152s] [ 20%] Built target roscpp_generate_messages_cpp
[3.172s] [ 20%] Built target sensor_msgs_generate_messages_nodejs
[3.174s] [ 20%] Built target vector_map_server_generate_messages_eus
[3.174s] [ 20%] Built target pcl_msgs_generate_messages_eus
[3.205s] [ 20%] Built target jsk_recognition_msgs_generate_messages_lisp
[3.206s] [ 20%] Built target rosgraph_msgs_generate_messages_eus
[3.218s] [ 20%] Built target jsk_recognition_msgs_generate_messages_eus
[3.224s] [ 20%] Built target std_msgs_generate_messages_py
[3.235s] [ 20%] Built target jsk_hark_msgs_generate_messages_lisp
[3.248s] [ 20%] Built target nodelet_generate_messages_lisp
[3.276s] [ 20%] Built target autoware_msgs_generate_messages_py
[3.305s] [ 20%] Built target std_msgs_generate_messages_nodejs
[3.313s] [ 20%] Built target sensor_msgs_generate_messages_cpp
[3.320s] [ 20%] Built target autoware_msgs_generate_messages_cpp
[3.332s] [ 20%] Built target sensor_msgs_generate_messages_eus
[3.344s] [ 20%] Built target jsk_recognition_msgs_generate_messages_py
[3.355s] [ 20%] Built target rosgraph_msgs_generate_messages_cpp
[3.357s] [ 20%] Built target sensor_msgs_generate_messages_py
[3.375s] [ 20%] Built target topic_tools_generate_messages_cpp
[3.378s] [ 20%] Built target nodelet_generate_messages_py
[3.401s] [ 20%] Built target std_msgs_generate_messages_cpp
[3.423s] [ 20%] Built target jsk_footstep_msgs_generate_messages_py
[3.455s] [ 20%] Built target std_msgs_generate_messages_lisp
[3.460s] [ 20%] Built target geometry_msgs_generate_messages_eus
[3.460s] [ 20%] Built target nav_msgs_generate_messages_nodejs
[3.466s] [ 20%] Built target jsk_rviz_plugins_generate_messages_cpp
[3.487s] [ 20%] Built target geometry_msgs_generate_messages_nodejs
[3.500s] [ 20%] Built target jsk_rviz_plugins_generate_messages_eus
[3.505s] [ 20%] Built target pcl_msgs_generate_messages_py
[3.508s] [ 20%] Built target roscpp_generate_messages_nodejs
[3.549s] [ 20%] Built target actionlib_generate_messages_eus
[3.561s] [ 20%] Built target geometry_msgs_generate_messages_lisp
[3.589s] [ 20%] Built target actionlib_generate_messages_lisp
[3.594s] [ 20%] Built target autoware_msgs_generate_messages_eus
[3.625s] [ 20%] Built target topic_tools_generate_messages_eus
[3.625s] [ 20%] Built target pcl_msgs_generate_messages_cpp
[3.629s] [ 20%] Built target autoware_msgs_generate_messages_lisp
[3.640s] [ 20%] Built target visualization_msgs_generate_messages_lisp
[3.646s] [ 20%] Built target std_msgs_generate_messages_eus
[3.655s] [ 20%] Built target geometry_msgs_generate_messages_cpp
[3.675s] [ 20%] Built target jsk_footstep_msgs_generate_messages_eus
[3.691s] [ 20%] Built target autoware_msgs_generate_messages_nodejs
[3.724s] [ 20%] Built target actionlib_msgs_generate_messages_py
[3.727s] [ 20%] Built target visualization_msgs_generate_messages_cpp
[3.740s] [ 20%] Built target tf2_msgs_generate_messages_eus
[3.754s] [ 20%] Built target jsk_footstep_msgs_generate_messages_nodejs
[3.759s] [ 20%] Built target nav_msgs_generate_messages_eus
[3.761s] [ 20%] Built target jsk_footstep_msgs_generate_messages_lisp
[3.776s] [ 20%] Built target grid_map_msgs_generate_messages_nodejs
[3.779s] [ 20%] Built target vector_map_server_generate_messages_lisp
[3.800s] [ 20%] Built target std_srvs_generate_messages_cpp
[3.830s] [ 20%] Built target actionlib_msgs_generate_messages_lisp
[3.864s] [ 20%] Built target grid_map_msgs_generate_messages_lisp
[3.874s] [ 20%] Built target jsk_recognition_msgs_generate_messages_nodejs
[3.883s] [ 20%] Built target rosgraph_msgs_generate_messages_lisp
[3.885s] [ 20%] Built target std_srvs_generate_messages_eus
[3.889s] [ 20%] Built target rosgraph_msgs_generate_messages_nodejs
[3.904s] [ 20%] Built target roscpp_generate_messages_lisp
[3.914s] [ 20%] Built target grid_map_msgs_generate_messages_eus
[3.921s] [ 20%] Built target roscpp_generate_messages_eus
[3.940s] [ 20%] Built target vector_map_server_generate_messages_py
[3.955s] [ 20%] Built target actionlib_msgs_generate_messages_eus
[3.965s] [ 20%] Built target rosgraph_msgs_generate_messages_py
[4.019s] [ 20%] Built target grid_map_msgs_generate_messages_py
[4.022s] [ 20%] Built target roscpp_generate_messages_py
[4.034s] [ 20%] Built target sensor_msgs_generate_messages_lisp
[4.041s] [ 20%] Built target grid_map_msgs_generate_messages_cpp
[4.051s] [ 20%] Built target jsk_hark_msgs_generate_messages_cpp
[4.060s] [ 20%] Built target dynamic_reconfigure_gencfg
[4.062s] [ 20%] Built target pcl_msgs_generate_messages_nodejs
[4.068s] [ 20%] Built target nav_msgs_generate_messages_cpp
[4.077s] [ 20%] Built target nav_msgs_generate_messages_lisp
[4.093s] [ 20%] Built target tf2_msgs_generate_messages_lisp
[4.107s] [ 20%] Built target nav_msgs_generate_messages_py
[4.136s] [ 20%] Built target _catkin_empty_exported_target
[4.169s] [ 20%] Built target std_srvs_generate_messages_lisp
[4.174s] [ 20%] Built target topic_tools_generate_messages_lisp
[4.176s] [ 20%] Built target std_srvs_generate_messages_py
[4.185s] [ 20%] Built target jsk_recognition_msgs_generate_messages_cpp
[4.194s] [ 20%] Built target map_msgs_generate_messages_nodejs
[4.195s] [ 20%] Built target std_srvs_generate_messages_nodejs
[4.203s] [ 20%] Built target topic_tools_generate_messages_nodejs
[4.225s] [ 20%] Built target nodelet_topic_tools_gencfg
[4.234s] [ 20%] Built target actionlib_msgs_generate_messages_nodejs
[4.239s] [ 20%] Built target topic_tools_generate_messages_py
[4.263s] [ 20%] Built target actionlib_generate_messages_nodejs
[4.279s] [ 20%] Built target pcl_msgs_generate_messages_lisp
[4.281s] [ 20%] Built target tf_generate_messages_cpp
[4.286s] [ 20%] Built target jsk_footstep_msgs_generate_messages_cpp
[4.289s] [ 20%] Built target actionlib_msgs_generate_messages_cpp
[4.645s] /home/hypark/git/Autoware_On_Embedded/autoware.ai/src/autoware/core_perception/lidar_euclidean_cluster_detect/nodes/lidar_euclidean_cluster_detect/gpu_euclidean_clustering.cu(726): error: too many arguments in function call
[4.645s] 
[4.649s] /home/hypark/git/Autoware_On_Embedded/autoware.ai/src/autoware/core_perception/lidar_euclidean_cluster_detect/nodes/lidar_euclidean_cluster_detect/gpu_euclidean_clustering.cu(1064): warning: result of call is not used
[4.650s] 
[4.650s] /home/hypark/git/Autoware_On_Embedded/autoware.ai/src/autoware/core_perception/lidar_euclidean_cluster_detect/nodes/lidar_euclidean_cluster_detect/gpu_euclidean_clustering.cu(1088): warning: conversion from a string literal to "char *" is deprecated
[4.650s] 
[4.650s] /home/hypark/git/Autoware_On_Embedded/autoware.ai/src/autoware/core_perception/lidar_euclidean_cluster_detect/nodes/lidar_euclidean_cluster_detect/gpu_euclidean_clustering.cu(1135): error: identifier "BUFER_SIZE" is undefined
[4.650s] 
[4.650s] /home/hypark/git/Autoware_On_Embedded/autoware.ai/src/autoware/core_perception/lidar_euclidean_cluster_detect/nodes/lidar_euclidean_cluster_detect/gpu_euclidean_clustering.cu(1138): warning: result of call is not used
[4.650s] 
[4.810s] 2 errors detected in the compilation of "/tmp/tmpxft_00002ed0_00000000-6_gpu_euclidean_clustering.cpp1.ii".
[4.841s] CMake Error at gpu_euclidean_clustering_generated_gpu_euclidean_clustering.cu.o.Release.cmake:279 (message):
[4.841s]   Error generating file
[4.841s]   /home/hypark/git/Autoware_On_Embedded/build/lidar_euclidean_cluster_detect/CMakeFiles/gpu_euclidean_clustering.dir/nodes/lidar_euclidean_cluster_detect/./gpu_euclidean_clustering_generated_gpu_euclidean_clustering.cu.o
[4.841s] 
[4.842s] 
[4.842s] CMakeFiles/gpu_euclidean_clustering.dir/build.make:906: recipe for target 'CMakeFiles/gpu_euclidean_clustering.dir/nodes/lidar_euclidean_cluster_detect/gpu_euclidean_clustering_generated_gpu_euclidean_clustering.cu.o' failed
[4.842s] make[2]: *** [CMakeFiles/gpu_euclidean_clustering.dir/nodes/lidar_euclidean_cluster_detect/gpu_euclidean_clustering_generated_gpu_euclidean_clustering.cu.o] Error 1
[4.842s] make[1]: *** [CMakeFiles/gpu_euclidean_clustering.dir/all] Error 2
[4.843s] CMakeFiles/Makefile2:291: recipe for target 'CMakeFiles/gpu_euclidean_clustering.dir/all' failed
[4.843s] make: *** [all] Error 2
[4.843s] Makefile:140: recipe for target 'all' failed
[4.844s] Invoked command in '/home/hypark/git/Autoware_On_Embedded/build/lidar_euclidean_cluster_detect' returned '2': /usr/bin/cmake --build /home/hypark/git/Autoware_On_Embedded/build/lidar_euclidean_cluster_detect -- -j12 -l12
