Determining if the pthread_create exist failed with the following output:
Change Dir: /home/hypark/git/Autoware_On_Embedded/build/autoware_config_msgs/CMakeFiles/CMakeTmp

Run Build Command:"/usr/bin/make" "cmTC_75b3b/fast"
/usr/bin/make -f CMakeFiles/cmTC_75b3b.dir/build.make CMakeFiles/cmTC_75b3b.dir/build
make[1]: Entering directory '/home/hypark/git/Autoware_On_Embedded/build/autoware_config_msgs/CMakeFiles/CMakeTmp'
Building C object CMakeFiles/cmTC_75b3b.dir/CheckSymbolExists.c.o
/usr/bin/cc    -o CMakeFiles/cmTC_75b3b.dir/CheckSymbolExists.c.o   -c /home/hypark/git/Autoware_On_Embedded/build/autoware_config_msgs/CMakeFiles/CMakeTmp/CheckSymbolExists.c
Linking C executable cmTC_75b3b
/usr/bin/cmake -E cmake_link_script CMakeFiles/cmTC_75b3b.dir/link.txt --verbose=1
/usr/bin/cc      -rdynamic CMakeFiles/cmTC_75b3b.dir/CheckSymbolExists.c.o  -o cmTC_75b3b 
CMakeFiles/cmTC_75b3b.dir/CheckSymbolExists.c.o: In function `main':
CheckSymbolExists.c:(.text+0x1b): undefined reference to `pthread_create'
collect2: error: ld returned 1 exit status
CMakeFiles/cmTC_75b3b.dir/build.make:97: recipe for target 'cmTC_75b3b' failed
make[1]: *** [cmTC_75b3b] Error 1
make[1]: Leaving directory '/home/hypark/git/Autoware_On_Embedded/build/autoware_config_msgs/CMakeFiles/CMakeTmp'
Makefile:126: recipe for target 'cmTC_75b3b/fast' failed
make: *** [cmTC_75b3b/fast] Error 2

File /home/hypark/git/Autoware_On_Embedded/build/autoware_config_msgs/CMakeFiles/CMakeTmp/CheckSymbolExists.c:
/* */
#include <pthread.h>

int main(int argc, char** argv)
{
  (void)argv;
#ifndef pthread_create
  return ((int*)(&pthread_create))[argc];
#else
  (void)argc;
  return 0;
#endif
}

Determining if the function pthread_create exists in the pthreads failed with the following output:
Change Dir: /home/hypark/git/Autoware_On_Embedded/build/autoware_config_msgs/CMakeFiles/CMakeTmp

Run Build Command:"/usr/bin/make" "cmTC_ad10b/fast"
/usr/bin/make -f CMakeFiles/cmTC_ad10b.dir/build.make CMakeFiles/cmTC_ad10b.dir/build
make[1]: Entering directory '/home/hypark/git/Autoware_On_Embedded/build/autoware_config_msgs/CMakeFiles/CMakeTmp'
Building C object CMakeFiles/cmTC_ad10b.dir/CheckFunctionExists.c.o
/usr/bin/cc   -DCHECK_FUNCTION_EXISTS=pthread_create   -o CMakeFiles/cmTC_ad10b.dir/CheckFunctionExists.c.o   -c /usr/share/cmake-3.10/Modules/CheckFunctionExists.c
Linking C executable cmTC_ad10b
/usr/bin/cmake -E cmake_link_script CMakeFiles/cmTC_ad10b.dir/link.txt --verbose=1
/usr/bin/cc  -DCHECK_FUNCTION_EXISTS=pthread_create    -rdynamic CMakeFiles/cmTC_ad10b.dir/CheckFunctionExists.c.o  -o cmTC_ad10b -lpthreads 
/usr/bin/ld: cannot find -lpthreads
collect2: error: ld returned 1 exit status
CMakeFiles/cmTC_ad10b.dir/build.make:97: recipe for target 'cmTC_ad10b' failed
make[1]: *** [cmTC_ad10b] Error 1
make[1]: Leaving directory '/home/hypark/git/Autoware_On_Embedded/build/autoware_config_msgs/CMakeFiles/CMakeTmp'
Makefile:126: recipe for target 'cmTC_ad10b/fast' failed
make: *** [cmTC_ad10b/fast] Error 2


